[2024-01-28T13:10:55.386+0100] {processor.py:161} INFO - Started process (PID=5268) to work on /home/hadoop/.local/lib/python3.10/site-packages/airflow/example_dags/example_sensors.py
[2024-01-28T13:10:55.387+0100] {processor.py:830} INFO - Processing file /home/hadoop/.local/lib/python3.10/site-packages/airflow/example_dags/example_sensors.py for tasks to queue
[2024-01-28T13:10:55.388+0100] {logging_mixin.py:188} INFO - [2024-01-28T13:10:55.388+0100] {dagbag.py:538} INFO - Filling up the DagBag from /home/hadoop/.local/lib/python3.10/site-packages/airflow/example_dags/example_sensors.py
[2024-01-28T13:10:55.400+0100] {processor.py:840} INFO - DAG(s) 'example_sensors' retrieved from /home/hadoop/.local/lib/python3.10/site-packages/airflow/example_dags/example_sensors.py
[2024-01-28T13:10:55.552+0100] {logging_mixin.py:188} INFO - [2024-01-28T13:10:55.550+0100] {override.py:1769} INFO - Created Permission View: can edit on DAG:example_sensors
[2024-01-28T13:10:55.567+0100] {logging_mixin.py:188} INFO - [2024-01-28T13:10:55.567+0100] {override.py:1769} INFO - Created Permission View: can delete on DAG:example_sensors
[2024-01-28T13:10:55.603+0100] {logging_mixin.py:188} INFO - [2024-01-28T13:10:55.602+0100] {override.py:1769} INFO - Created Permission View: can read on DAG:example_sensors
[2024-01-28T13:10:55.604+0100] {logging_mixin.py:188} INFO - [2024-01-28T13:10:55.603+0100] {dag.py:3033} INFO - Sync 1 DAGs
[2024-01-28T13:10:55.612+0100] {logging_mixin.py:188} INFO - [2024-01-28T13:10:55.612+0100] {dag.py:3055} INFO - Creating ORM DAG for example_sensors
[2024-01-28T13:10:55.612+0100] {logging_mixin.py:188} INFO - [2024-01-28T13:10:55.612+0100] {dag.py:3820} INFO - Setting next_dagrun for example_sensors to None, run_after=None
[2024-01-28T13:10:55.663+0100] {processor.py:183} INFO - Processing /home/hadoop/.local/lib/python3.10/site-packages/airflow/example_dags/example_sensors.py took 0.282 seconds
[2024-01-28T13:11:49.474+0100] {processor.py:161} INFO - Started process (PID=5530) to work on /home/hadoop/.local/lib/python3.10/site-packages/airflow/example_dags/example_sensors.py
[2024-01-28T13:11:49.478+0100] {processor.py:830} INFO - Processing file /home/hadoop/.local/lib/python3.10/site-packages/airflow/example_dags/example_sensors.py for tasks to queue
[2024-01-28T13:11:49.479+0100] {logging_mixin.py:188} INFO - [2024-01-28T13:11:49.479+0100] {dagbag.py:538} INFO - Filling up the DagBag from /home/hadoop/.local/lib/python3.10/site-packages/airflow/example_dags/example_sensors.py
[2024-01-28T13:11:49.491+0100] {processor.py:840} INFO - DAG(s) 'example_sensors' retrieved from /home/hadoop/.local/lib/python3.10/site-packages/airflow/example_dags/example_sensors.py
[2024-01-28T13:11:49.508+0100] {logging_mixin.py:188} INFO - [2024-01-28T13:11:49.508+0100] {dag.py:3033} INFO - Sync 1 DAGs
[2024-01-28T13:11:49.516+0100] {logging_mixin.py:188} INFO - [2024-01-28T13:11:49.516+0100] {dag.py:3820} INFO - Setting next_dagrun for example_sensors to None, run_after=None
[2024-01-28T13:11:49.566+0100] {processor.py:183} INFO - Processing /home/hadoop/.local/lib/python3.10/site-packages/airflow/example_dags/example_sensors.py took 0.096 seconds
[2024-01-28T13:12:41.170+0100] {processor.py:161} INFO - Started process (PID=5644) to work on /home/hadoop/.local/lib/python3.10/site-packages/airflow/example_dags/example_sensors.py
[2024-01-28T13:12:41.172+0100] {processor.py:830} INFO - Processing file /home/hadoop/.local/lib/python3.10/site-packages/airflow/example_dags/example_sensors.py for tasks to queue
[2024-01-28T13:12:41.173+0100] {logging_mixin.py:188} INFO - [2024-01-28T13:12:41.173+0100] {dagbag.py:538} INFO - Filling up the DagBag from /home/hadoop/.local/lib/python3.10/site-packages/airflow/example_dags/example_sensors.py
[2024-01-28T13:12:41.184+0100] {processor.py:840} INFO - DAG(s) 'example_sensors' retrieved from /home/hadoop/.local/lib/python3.10/site-packages/airflow/example_dags/example_sensors.py
[2024-01-28T13:12:41.201+0100] {logging_mixin.py:188} INFO - [2024-01-28T13:12:41.201+0100] {dag.py:3033} INFO - Sync 1 DAGs
[2024-01-28T13:12:41.210+0100] {logging_mixin.py:188} INFO - [2024-01-28T13:12:41.210+0100] {dag.py:3820} INFO - Setting next_dagrun for example_sensors to None, run_after=None
[2024-01-28T13:12:41.232+0100] {processor.py:183} INFO - Processing /home/hadoop/.local/lib/python3.10/site-packages/airflow/example_dags/example_sensors.py took 0.065 seconds
[2024-01-28T13:13:26.798+0100] {processor.py:161} INFO - Started process (PID=5744) to work on /home/hadoop/.local/lib/python3.10/site-packages/airflow/example_dags/example_sensors.py
[2024-01-28T13:13:26.799+0100] {processor.py:830} INFO - Processing file /home/hadoop/.local/lib/python3.10/site-packages/airflow/example_dags/example_sensors.py for tasks to queue
[2024-01-28T13:13:26.800+0100] {logging_mixin.py:188} INFO - [2024-01-28T13:13:26.799+0100] {dagbag.py:538} INFO - Filling up the DagBag from /home/hadoop/.local/lib/python3.10/site-packages/airflow/example_dags/example_sensors.py
[2024-01-28T13:13:26.808+0100] {processor.py:840} INFO - DAG(s) 'example_sensors' retrieved from /home/hadoop/.local/lib/python3.10/site-packages/airflow/example_dags/example_sensors.py
[2024-01-28T13:13:26.822+0100] {logging_mixin.py:188} INFO - [2024-01-28T13:13:26.822+0100] {dag.py:3033} INFO - Sync 1 DAGs
[2024-01-28T13:13:26.830+0100] {logging_mixin.py:188} INFO - [2024-01-28T13:13:26.830+0100] {dag.py:3820} INFO - Setting next_dagrun for example_sensors to None, run_after=None
[2024-01-28T13:13:26.851+0100] {processor.py:183} INFO - Processing /home/hadoop/.local/lib/python3.10/site-packages/airflow/example_dags/example_sensors.py took 0.056 seconds
[2024-01-28T13:14:09.008+0100] {processor.py:161} INFO - Started process (PID=5831) to work on /home/hadoop/.local/lib/python3.10/site-packages/airflow/example_dags/example_sensors.py
[2024-01-28T13:14:09.010+0100] {processor.py:830} INFO - Processing file /home/hadoop/.local/lib/python3.10/site-packages/airflow/example_dags/example_sensors.py for tasks to queue
[2024-01-28T13:14:09.011+0100] {logging_mixin.py:188} INFO - [2024-01-28T13:14:09.011+0100] {dagbag.py:538} INFO - Filling up the DagBag from /home/hadoop/.local/lib/python3.10/site-packages/airflow/example_dags/example_sensors.py
[2024-01-28T13:14:09.025+0100] {processor.py:840} INFO - DAG(s) 'example_sensors' retrieved from /home/hadoop/.local/lib/python3.10/site-packages/airflow/example_dags/example_sensors.py
[2024-01-28T13:14:09.044+0100] {logging_mixin.py:188} INFO - [2024-01-28T13:14:09.044+0100] {dag.py:3033} INFO - Sync 1 DAGs
[2024-01-28T13:14:09.060+0100] {logging_mixin.py:188} INFO - [2024-01-28T13:14:09.060+0100] {dag.py:3820} INFO - Setting next_dagrun for example_sensors to None, run_after=None
[2024-01-28T13:14:09.106+0100] {processor.py:183} INFO - Processing /home/hadoop/.local/lib/python3.10/site-packages/airflow/example_dags/example_sensors.py took 0.101 seconds
[2024-01-28T13:15:00.889+0100] {processor.py:161} INFO - Started process (PID=5930) to work on /home/hadoop/.local/lib/python3.10/site-packages/airflow/example_dags/example_sensors.py
[2024-01-28T13:15:00.890+0100] {processor.py:830} INFO - Processing file /home/hadoop/.local/lib/python3.10/site-packages/airflow/example_dags/example_sensors.py for tasks to queue
[2024-01-28T13:15:00.891+0100] {logging_mixin.py:188} INFO - [2024-01-28T13:15:00.891+0100] {dagbag.py:538} INFO - Filling up the DagBag from /home/hadoop/.local/lib/python3.10/site-packages/airflow/example_dags/example_sensors.py
[2024-01-28T13:15:00.900+0100] {processor.py:840} INFO - DAG(s) 'example_sensors' retrieved from /home/hadoop/.local/lib/python3.10/site-packages/airflow/example_dags/example_sensors.py
[2024-01-28T13:15:00.916+0100] {logging_mixin.py:188} INFO - [2024-01-28T13:15:00.916+0100] {dag.py:3033} INFO - Sync 1 DAGs
[2024-01-28T13:15:00.926+0100] {logging_mixin.py:188} INFO - [2024-01-28T13:15:00.926+0100] {dag.py:3820} INFO - Setting next_dagrun for example_sensors to None, run_after=None
[2024-01-28T13:15:00.948+0100] {processor.py:183} INFO - Processing /home/hadoop/.local/lib/python3.10/site-packages/airflow/example_dags/example_sensors.py took 0.062 seconds
