[2024-01-28T13:11:18.831+0100] {processor.py:161} INFO - Started process (PID=5436) to work on /home/hadoop/.local/lib/python3.10/site-packages/airflow/example_dags/example_latest_only.py
[2024-01-28T13:11:18.833+0100] {processor.py:830} INFO - Processing file /home/hadoop/.local/lib/python3.10/site-packages/airflow/example_dags/example_latest_only.py for tasks to queue
[2024-01-28T13:11:18.834+0100] {logging_mixin.py:188} INFO - [2024-01-28T13:11:18.834+0100] {dagbag.py:538} INFO - Filling up the DagBag from /home/hadoop/.local/lib/python3.10/site-packages/airflow/example_dags/example_latest_only.py
[2024-01-28T13:11:18.847+0100] {processor.py:840} INFO - DAG(s) 'latest_only' retrieved from /home/hadoop/.local/lib/python3.10/site-packages/airflow/example_dags/example_latest_only.py
[2024-01-28T13:11:18.961+0100] {logging_mixin.py:188} INFO - [2024-01-28T13:11:18.959+0100] {override.py:1769} INFO - Created Permission View: can edit on DAG:latest_only
[2024-01-28T13:11:18.983+0100] {logging_mixin.py:188} INFO - [2024-01-28T13:11:18.983+0100] {override.py:1769} INFO - Created Permission View: can delete on DAG:latest_only
[2024-01-28T13:11:18.993+0100] {logging_mixin.py:188} INFO - [2024-01-28T13:11:18.993+0100] {override.py:1769} INFO - Created Permission View: can read on DAG:latest_only
[2024-01-28T13:11:18.993+0100] {logging_mixin.py:188} INFO - [2024-01-28T13:11:18.993+0100] {dag.py:3033} INFO - Sync 1 DAGs
[2024-01-28T13:11:19.006+0100] {logging_mixin.py:188} INFO - [2024-01-28T13:11:19.006+0100] {dag.py:3055} INFO - Creating ORM DAG for latest_only
[2024-01-28T13:11:19.015+0100] {logging_mixin.py:188} INFO - [2024-01-28T13:11:19.015+0100] {dag.py:3820} INFO - Setting next_dagrun for latest_only to 2024-01-28T08:00:00+00:00, run_after=2024-01-28T12:00:00+00:00
[2024-01-28T13:11:19.052+0100] {processor.py:183} INFO - Processing /home/hadoop/.local/lib/python3.10/site-packages/airflow/example_dags/example_latest_only.py took 0.227 seconds
[2024-01-28T13:12:10.871+0100] {processor.py:161} INFO - Started process (PID=5581) to work on /home/hadoop/.local/lib/python3.10/site-packages/airflow/example_dags/example_latest_only.py
[2024-01-28T13:12:10.874+0100] {processor.py:830} INFO - Processing file /home/hadoop/.local/lib/python3.10/site-packages/airflow/example_dags/example_latest_only.py for tasks to queue
[2024-01-28T13:12:10.875+0100] {logging_mixin.py:188} INFO - [2024-01-28T13:12:10.874+0100] {dagbag.py:538} INFO - Filling up the DagBag from /home/hadoop/.local/lib/python3.10/site-packages/airflow/example_dags/example_latest_only.py
[2024-01-28T13:12:10.888+0100] {processor.py:840} INFO - DAG(s) 'latest_only' retrieved from /home/hadoop/.local/lib/python3.10/site-packages/airflow/example_dags/example_latest_only.py
[2024-01-28T13:12:10.908+0100] {logging_mixin.py:188} INFO - [2024-01-28T13:12:10.907+0100] {dag.py:3033} INFO - Sync 1 DAGs
[2024-01-28T13:12:10.935+0100] {logging_mixin.py:188} INFO - [2024-01-28T13:12:10.935+0100] {dag.py:3820} INFO - Setting next_dagrun for latest_only to 2024-01-28T08:00:00+00:00, run_after=2024-01-28T12:00:00+00:00
[2024-01-28T13:12:10.999+0100] {processor.py:183} INFO - Processing /home/hadoop/.local/lib/python3.10/site-packages/airflow/example_dags/example_latest_only.py took 0.131 seconds
[2024-01-28T13:13:15.312+0100] {processor.py:161} INFO - Started process (PID=5721) to work on /home/hadoop/.local/lib/python3.10/site-packages/airflow/example_dags/example_latest_only.py
[2024-01-28T13:13:15.313+0100] {processor.py:830} INFO - Processing file /home/hadoop/.local/lib/python3.10/site-packages/airflow/example_dags/example_latest_only.py for tasks to queue
[2024-01-28T13:13:15.314+0100] {logging_mixin.py:188} INFO - [2024-01-28T13:13:15.314+0100] {dagbag.py:538} INFO - Filling up the DagBag from /home/hadoop/.local/lib/python3.10/site-packages/airflow/example_dags/example_latest_only.py
[2024-01-28T13:13:15.320+0100] {processor.py:840} INFO - DAG(s) 'latest_only' retrieved from /home/hadoop/.local/lib/python3.10/site-packages/airflow/example_dags/example_latest_only.py
[2024-01-28T13:13:15.333+0100] {logging_mixin.py:188} INFO - [2024-01-28T13:13:15.333+0100] {dag.py:3033} INFO - Sync 1 DAGs
[2024-01-28T13:13:15.347+0100] {logging_mixin.py:188} INFO - [2024-01-28T13:13:15.347+0100] {dag.py:3820} INFO - Setting next_dagrun for latest_only to 2024-01-28T08:00:00+00:00, run_after=2024-01-28T12:00:00+00:00
[2024-01-28T13:13:15.366+0100] {processor.py:183} INFO - Processing /home/hadoop/.local/lib/python3.10/site-packages/airflow/example_dags/example_latest_only.py took 0.056 seconds
[2024-01-28T13:14:14.400+0100] {processor.py:161} INFO - Started process (PID=5840) to work on /home/hadoop/.local/lib/python3.10/site-packages/airflow/example_dags/example_latest_only.py
[2024-01-28T13:14:14.403+0100] {processor.py:830} INFO - Processing file /home/hadoop/.local/lib/python3.10/site-packages/airflow/example_dags/example_latest_only.py for tasks to queue
[2024-01-28T13:14:14.404+0100] {logging_mixin.py:188} INFO - [2024-01-28T13:14:14.404+0100] {dagbag.py:538} INFO - Filling up the DagBag from /home/hadoop/.local/lib/python3.10/site-packages/airflow/example_dags/example_latest_only.py
[2024-01-28T13:14:14.410+0100] {processor.py:840} INFO - DAG(s) 'latest_only' retrieved from /home/hadoop/.local/lib/python3.10/site-packages/airflow/example_dags/example_latest_only.py
[2024-01-28T13:14:14.425+0100] {logging_mixin.py:188} INFO - [2024-01-28T13:14:14.425+0100] {dag.py:3033} INFO - Sync 1 DAGs
[2024-01-28T13:14:14.441+0100] {logging_mixin.py:188} INFO - [2024-01-28T13:14:14.441+0100] {dag.py:3820} INFO - Setting next_dagrun for latest_only to 2024-01-28T08:00:00+00:00, run_after=2024-01-28T12:00:00+00:00
[2024-01-28T13:14:14.464+0100] {processor.py:183} INFO - Processing /home/hadoop/.local/lib/python3.10/site-packages/airflow/example_dags/example_latest_only.py took 0.067 seconds
[2024-01-28T13:15:06.018+0100] {processor.py:161} INFO - Started process (PID=5939) to work on /home/hadoop/.local/lib/python3.10/site-packages/airflow/example_dags/example_latest_only.py
[2024-01-28T13:15:06.019+0100] {processor.py:830} INFO - Processing file /home/hadoop/.local/lib/python3.10/site-packages/airflow/example_dags/example_latest_only.py for tasks to queue
[2024-01-28T13:15:06.020+0100] {logging_mixin.py:188} INFO - [2024-01-28T13:15:06.019+0100] {dagbag.py:538} INFO - Filling up the DagBag from /home/hadoop/.local/lib/python3.10/site-packages/airflow/example_dags/example_latest_only.py
[2024-01-28T13:15:06.027+0100] {processor.py:840} INFO - DAG(s) 'latest_only' retrieved from /home/hadoop/.local/lib/python3.10/site-packages/airflow/example_dags/example_latest_only.py
[2024-01-28T13:15:06.045+0100] {logging_mixin.py:188} INFO - [2024-01-28T13:15:06.044+0100] {dag.py:3033} INFO - Sync 1 DAGs
[2024-01-28T13:15:06.062+0100] {logging_mixin.py:188} INFO - [2024-01-28T13:15:06.062+0100] {dag.py:3820} INFO - Setting next_dagrun for latest_only to 2024-01-28T08:00:00+00:00, run_after=2024-01-28T12:00:00+00:00
[2024-01-28T13:15:06.086+0100] {processor.py:183} INFO - Processing /home/hadoop/.local/lib/python3.10/site-packages/airflow/example_dags/example_latest_only.py took 0.071 seconds
