[2024-01-28T13:11:03.091+0100] {processor.py:161} INFO - Started process (PID=5329) to work on /home/hadoop/.local/lib/python3.10/site-packages/airflow/example_dags/example_params_trigger_ui.py
[2024-01-28T13:11:03.092+0100] {processor.py:830} INFO - Processing file /home/hadoop/.local/lib/python3.10/site-packages/airflow/example_dags/example_params_trigger_ui.py for tasks to queue
[2024-01-28T13:11:03.092+0100] {logging_mixin.py:188} INFO - [2024-01-28T13:11:03.092+0100] {dagbag.py:538} INFO - Filling up the DagBag from /home/hadoop/.local/lib/python3.10/site-packages/airflow/example_dags/example_params_trigger_ui.py
[2024-01-28T13:11:03.104+0100] {processor.py:840} INFO - DAG(s) 'example_params_trigger_ui' retrieved from /home/hadoop/.local/lib/python3.10/site-packages/airflow/example_dags/example_params_trigger_ui.py
[2024-01-28T13:11:03.197+0100] {logging_mixin.py:188} INFO - [2024-01-28T13:11:03.196+0100] {override.py:1769} INFO - Created Permission View: can edit on DAG:example_params_trigger_ui
[2024-01-28T13:11:03.207+0100] {logging_mixin.py:188} INFO - [2024-01-28T13:11:03.207+0100] {override.py:1769} INFO - Created Permission View: can delete on DAG:example_params_trigger_ui
[2024-01-28T13:11:03.216+0100] {logging_mixin.py:188} INFO - [2024-01-28T13:11:03.216+0100] {override.py:1769} INFO - Created Permission View: can read on DAG:example_params_trigger_ui
[2024-01-28T13:11:03.216+0100] {logging_mixin.py:188} INFO - [2024-01-28T13:11:03.216+0100] {dag.py:3033} INFO - Sync 1 DAGs
[2024-01-28T13:11:03.223+0100] {logging_mixin.py:188} INFO - [2024-01-28T13:11:03.223+0100] {dag.py:3055} INFO - Creating ORM DAG for example_params_trigger_ui
[2024-01-28T13:11:03.223+0100] {logging_mixin.py:188} INFO - [2024-01-28T13:11:03.223+0100] {dag.py:3820} INFO - Setting next_dagrun for example_params_trigger_ui to None, run_after=None
[2024-01-28T13:11:03.242+0100] {processor.py:183} INFO - Processing /home/hadoop/.local/lib/python3.10/site-packages/airflow/example_dags/example_params_trigger_ui.py took 0.153 seconds
[2024-01-28T13:11:56.271+0100] {processor.py:161} INFO - Started process (PID=5544) to work on /home/hadoop/.local/lib/python3.10/site-packages/airflow/example_dags/example_params_trigger_ui.py
[2024-01-28T13:11:56.275+0100] {processor.py:830} INFO - Processing file /home/hadoop/.local/lib/python3.10/site-packages/airflow/example_dags/example_params_trigger_ui.py for tasks to queue
[2024-01-28T13:11:56.275+0100] {logging_mixin.py:188} INFO - [2024-01-28T13:11:56.275+0100] {dagbag.py:538} INFO - Filling up the DagBag from /home/hadoop/.local/lib/python3.10/site-packages/airflow/example_dags/example_params_trigger_ui.py
[2024-01-28T13:11:56.293+0100] {processor.py:840} INFO - DAG(s) 'example_params_trigger_ui' retrieved from /home/hadoop/.local/lib/python3.10/site-packages/airflow/example_dags/example_params_trigger_ui.py
[2024-01-28T13:11:56.334+0100] {logging_mixin.py:188} INFO - [2024-01-28T13:11:56.333+0100] {dag.py:3033} INFO - Sync 1 DAGs
[2024-01-28T13:11:56.346+0100] {logging_mixin.py:188} INFO - [2024-01-28T13:11:56.346+0100] {dag.py:3820} INFO - Setting next_dagrun for example_params_trigger_ui to None, run_after=None
[2024-01-28T13:11:56.375+0100] {processor.py:183} INFO - Processing /home/hadoop/.local/lib/python3.10/site-packages/airflow/example_dags/example_params_trigger_ui.py took 0.110 seconds
[2024-01-28T13:12:48.453+0100] {processor.py:161} INFO - Started process (PID=5659) to work on /home/hadoop/.local/lib/python3.10/site-packages/airflow/example_dags/example_params_trigger_ui.py
[2024-01-28T13:12:48.455+0100] {processor.py:830} INFO - Processing file /home/hadoop/.local/lib/python3.10/site-packages/airflow/example_dags/example_params_trigger_ui.py for tasks to queue
[2024-01-28T13:12:48.456+0100] {logging_mixin.py:188} INFO - [2024-01-28T13:12:48.456+0100] {dagbag.py:538} INFO - Filling up the DagBag from /home/hadoop/.local/lib/python3.10/site-packages/airflow/example_dags/example_params_trigger_ui.py
[2024-01-28T13:12:48.467+0100] {processor.py:840} INFO - DAG(s) 'example_params_trigger_ui' retrieved from /home/hadoop/.local/lib/python3.10/site-packages/airflow/example_dags/example_params_trigger_ui.py
[2024-01-28T13:12:48.500+0100] {logging_mixin.py:188} INFO - [2024-01-28T13:12:48.500+0100] {dag.py:3033} INFO - Sync 1 DAGs
[2024-01-28T13:12:48.508+0100] {logging_mixin.py:188} INFO - [2024-01-28T13:12:48.508+0100] {dag.py:3820} INFO - Setting next_dagrun for example_params_trigger_ui to None, run_after=None
[2024-01-28T13:12:48.534+0100] {processor.py:183} INFO - Processing /home/hadoop/.local/lib/python3.10/site-packages/airflow/example_dags/example_params_trigger_ui.py took 0.083 seconds
[2024-01-28T13:13:48.990+0100] {processor.py:161} INFO - Started process (PID=5786) to work on /home/hadoop/.local/lib/python3.10/site-packages/airflow/example_dags/example_params_trigger_ui.py
[2024-01-28T13:13:48.992+0100] {processor.py:830} INFO - Processing file /home/hadoop/.local/lib/python3.10/site-packages/airflow/example_dags/example_params_trigger_ui.py for tasks to queue
[2024-01-28T13:13:48.993+0100] {logging_mixin.py:188} INFO - [2024-01-28T13:13:48.992+0100] {dagbag.py:538} INFO - Filling up the DagBag from /home/hadoop/.local/lib/python3.10/site-packages/airflow/example_dags/example_params_trigger_ui.py
[2024-01-28T13:13:49.007+0100] {processor.py:840} INFO - DAG(s) 'example_params_trigger_ui' retrieved from /home/hadoop/.local/lib/python3.10/site-packages/airflow/example_dags/example_params_trigger_ui.py
[2024-01-28T13:13:49.043+0100] {logging_mixin.py:188} INFO - [2024-01-28T13:13:49.043+0100] {dag.py:3033} INFO - Sync 1 DAGs
[2024-01-28T13:13:49.052+0100] {logging_mixin.py:188} INFO - [2024-01-28T13:13:49.051+0100] {dag.py:3820} INFO - Setting next_dagrun for example_params_trigger_ui to None, run_after=None
[2024-01-28T13:13:49.073+0100] {processor.py:183} INFO - Processing /home/hadoop/.local/lib/python3.10/site-packages/airflow/example_dags/example_params_trigger_ui.py took 0.087 seconds
[2024-01-28T13:14:41.087+0100] {processor.py:161} INFO - Started process (PID=5896) to work on /home/hadoop/.local/lib/python3.10/site-packages/airflow/example_dags/example_params_trigger_ui.py
[2024-01-28T13:14:41.088+0100] {processor.py:830} INFO - Processing file /home/hadoop/.local/lib/python3.10/site-packages/airflow/example_dags/example_params_trigger_ui.py for tasks to queue
[2024-01-28T13:14:41.089+0100] {logging_mixin.py:188} INFO - [2024-01-28T13:14:41.089+0100] {dagbag.py:538} INFO - Filling up the DagBag from /home/hadoop/.local/lib/python3.10/site-packages/airflow/example_dags/example_params_trigger_ui.py
[2024-01-28T13:14:41.102+0100] {processor.py:840} INFO - DAG(s) 'example_params_trigger_ui' retrieved from /home/hadoop/.local/lib/python3.10/site-packages/airflow/example_dags/example_params_trigger_ui.py
[2024-01-28T13:14:41.149+0100] {logging_mixin.py:188} INFO - [2024-01-28T13:14:41.149+0100] {dag.py:3033} INFO - Sync 1 DAGs
[2024-01-28T13:14:41.161+0100] {logging_mixin.py:188} INFO - [2024-01-28T13:14:41.160+0100] {dag.py:3820} INFO - Setting next_dagrun for example_params_trigger_ui to None, run_after=None
[2024-01-28T13:14:41.234+0100] {processor.py:183} INFO - Processing /home/hadoop/.local/lib/python3.10/site-packages/airflow/example_dags/example_params_trigger_ui.py took 0.149 seconds
