[2024-01-28T13:10:52.008+0100] {processor.py:161} INFO - Started process (PID=5242) to work on /home/hadoop/.local/lib/python3.10/site-packages/airflow/example_dags/example_trigger_controller_dag.py
[2024-01-28T13:10:52.009+0100] {processor.py:830} INFO - Processing file /home/hadoop/.local/lib/python3.10/site-packages/airflow/example_dags/example_trigger_controller_dag.py for tasks to queue
[2024-01-28T13:10:52.011+0100] {logging_mixin.py:188} INFO - [2024-01-28T13:10:52.010+0100] {dagbag.py:538} INFO - Filling up the DagBag from /home/hadoop/.local/lib/python3.10/site-packages/airflow/example_dags/example_trigger_controller_dag.py
[2024-01-28T13:10:52.018+0100] {processor.py:840} INFO - DAG(s) 'example_trigger_controller_dag' retrieved from /home/hadoop/.local/lib/python3.10/site-packages/airflow/example_dags/example_trigger_controller_dag.py
[2024-01-28T13:10:52.134+0100] {logging_mixin.py:188} INFO - [2024-01-28T13:10:52.133+0100] {override.py:1769} INFO - Created Permission View: can edit on DAG:example_trigger_controller_dag
[2024-01-28T13:10:52.173+0100] {logging_mixin.py:188} INFO - [2024-01-28T13:10:52.172+0100] {override.py:1769} INFO - Created Permission View: can delete on DAG:example_trigger_controller_dag
[2024-01-28T13:10:52.208+0100] {logging_mixin.py:188} INFO - [2024-01-28T13:10:52.208+0100] {override.py:1769} INFO - Created Permission View: can read on DAG:example_trigger_controller_dag
[2024-01-28T13:10:52.209+0100] {logging_mixin.py:188} INFO - [2024-01-28T13:10:52.208+0100] {dag.py:3033} INFO - Sync 1 DAGs
[2024-01-28T13:10:52.220+0100] {logging_mixin.py:188} INFO - [2024-01-28T13:10:52.220+0100] {dag.py:3055} INFO - Creating ORM DAG for example_trigger_controller_dag
[2024-01-28T13:10:52.232+0100] {logging_mixin.py:188} INFO - [2024-01-28T13:10:52.231+0100] {dag.py:3820} INFO - Setting next_dagrun for example_trigger_controller_dag to 2021-01-01T00:00:00+00:00, run_after=2021-01-01T00:00:00+00:00
[2024-01-28T13:10:52.258+0100] {processor.py:183} INFO - Processing /home/hadoop/.local/lib/python3.10/site-packages/airflow/example_dags/example_trigger_controller_dag.py took 0.252 seconds
[2024-01-28T13:11:47.133+0100] {processor.py:161} INFO - Started process (PID=5526) to work on /home/hadoop/.local/lib/python3.10/site-packages/airflow/example_dags/example_trigger_controller_dag.py
[2024-01-28T13:11:47.141+0100] {processor.py:830} INFO - Processing file /home/hadoop/.local/lib/python3.10/site-packages/airflow/example_dags/example_trigger_controller_dag.py for tasks to queue
[2024-01-28T13:11:47.142+0100] {logging_mixin.py:188} INFO - [2024-01-28T13:11:47.142+0100] {dagbag.py:538} INFO - Filling up the DagBag from /home/hadoop/.local/lib/python3.10/site-packages/airflow/example_dags/example_trigger_controller_dag.py
[2024-01-28T13:11:47.147+0100] {processor.py:840} INFO - DAG(s) 'example_trigger_controller_dag' retrieved from /home/hadoop/.local/lib/python3.10/site-packages/airflow/example_dags/example_trigger_controller_dag.py
[2024-01-28T13:11:47.172+0100] {logging_mixin.py:188} INFO - [2024-01-28T13:11:47.171+0100] {dag.py:3033} INFO - Sync 1 DAGs
[2024-01-28T13:11:47.199+0100] {logging_mixin.py:188} INFO - [2024-01-28T13:11:47.199+0100] {dag.py:3820} INFO - Setting next_dagrun for example_trigger_controller_dag to 2021-01-01T00:00:00+00:00, run_after=2021-01-01T00:00:00+00:00
[2024-01-28T13:11:47.227+0100] {processor.py:183} INFO - Processing /home/hadoop/.local/lib/python3.10/site-packages/airflow/example_dags/example_trigger_controller_dag.py took 0.098 seconds
[2024-01-28T13:12:39.338+0100] {processor.py:161} INFO - Started process (PID=5638) to work on /home/hadoop/.local/lib/python3.10/site-packages/airflow/example_dags/example_trigger_controller_dag.py
[2024-01-28T13:12:39.340+0100] {processor.py:830} INFO - Processing file /home/hadoop/.local/lib/python3.10/site-packages/airflow/example_dags/example_trigger_controller_dag.py for tasks to queue
[2024-01-28T13:12:39.341+0100] {logging_mixin.py:188} INFO - [2024-01-28T13:12:39.341+0100] {dagbag.py:538} INFO - Filling up the DagBag from /home/hadoop/.local/lib/python3.10/site-packages/airflow/example_dags/example_trigger_controller_dag.py
[2024-01-28T13:12:39.346+0100] {processor.py:840} INFO - DAG(s) 'example_trigger_controller_dag' retrieved from /home/hadoop/.local/lib/python3.10/site-packages/airflow/example_dags/example_trigger_controller_dag.py
[2024-01-28T13:12:39.359+0100] {logging_mixin.py:188} INFO - [2024-01-28T13:12:39.359+0100] {dag.py:3033} INFO - Sync 1 DAGs
[2024-01-28T13:12:39.373+0100] {logging_mixin.py:188} INFO - [2024-01-28T13:12:39.373+0100] {dag.py:3820} INFO - Setting next_dagrun for example_trigger_controller_dag to 2021-01-01T00:00:00+00:00, run_after=2021-01-01T00:00:00+00:00
[2024-01-28T13:12:39.393+0100] {processor.py:183} INFO - Processing /home/hadoop/.local/lib/python3.10/site-packages/airflow/example_dags/example_trigger_controller_dag.py took 0.057 seconds
[2024-01-28T13:13:24.515+0100] {processor.py:161} INFO - Started process (PID=5737) to work on /home/hadoop/.local/lib/python3.10/site-packages/airflow/example_dags/example_trigger_controller_dag.py
[2024-01-28T13:13:24.516+0100] {processor.py:830} INFO - Processing file /home/hadoop/.local/lib/python3.10/site-packages/airflow/example_dags/example_trigger_controller_dag.py for tasks to queue
[2024-01-28T13:13:24.517+0100] {logging_mixin.py:188} INFO - [2024-01-28T13:13:24.516+0100] {dagbag.py:538} INFO - Filling up the DagBag from /home/hadoop/.local/lib/python3.10/site-packages/airflow/example_dags/example_trigger_controller_dag.py
[2024-01-28T13:13:24.521+0100] {processor.py:840} INFO - DAG(s) 'example_trigger_controller_dag' retrieved from /home/hadoop/.local/lib/python3.10/site-packages/airflow/example_dags/example_trigger_controller_dag.py
[2024-01-28T13:13:24.534+0100] {logging_mixin.py:188} INFO - [2024-01-28T13:13:24.534+0100] {dag.py:3033} INFO - Sync 1 DAGs
[2024-01-28T13:13:24.550+0100] {logging_mixin.py:188} INFO - [2024-01-28T13:13:24.550+0100] {dag.py:3820} INFO - Setting next_dagrun for example_trigger_controller_dag to 2021-01-01T00:00:00+00:00, run_after=2021-01-01T00:00:00+00:00
[2024-01-28T13:13:24.570+0100] {processor.py:183} INFO - Processing /home/hadoop/.local/lib/python3.10/site-packages/airflow/example_dags/example_trigger_controller_dag.py took 0.058 seconds
[2024-01-28T13:14:06.722+0100] {processor.py:161} INFO - Started process (PID=5827) to work on /home/hadoop/.local/lib/python3.10/site-packages/airflow/example_dags/example_trigger_controller_dag.py
[2024-01-28T13:14:06.723+0100] {processor.py:830} INFO - Processing file /home/hadoop/.local/lib/python3.10/site-packages/airflow/example_dags/example_trigger_controller_dag.py for tasks to queue
[2024-01-28T13:14:06.723+0100] {logging_mixin.py:188} INFO - [2024-01-28T13:14:06.723+0100] {dagbag.py:538} INFO - Filling up the DagBag from /home/hadoop/.local/lib/python3.10/site-packages/airflow/example_dags/example_trigger_controller_dag.py
[2024-01-28T13:14:06.728+0100] {processor.py:840} INFO - DAG(s) 'example_trigger_controller_dag' retrieved from /home/hadoop/.local/lib/python3.10/site-packages/airflow/example_dags/example_trigger_controller_dag.py
[2024-01-28T13:14:06.740+0100] {logging_mixin.py:188} INFO - [2024-01-28T13:14:06.740+0100] {dag.py:3033} INFO - Sync 1 DAGs
[2024-01-28T13:14:06.753+0100] {logging_mixin.py:188} INFO - [2024-01-28T13:14:06.753+0100] {dag.py:3820} INFO - Setting next_dagrun for example_trigger_controller_dag to 2021-01-01T00:00:00+00:00, run_after=2021-01-01T00:00:00+00:00
[2024-01-28T13:14:06.775+0100] {processor.py:183} INFO - Processing /home/hadoop/.local/lib/python3.10/site-packages/airflow/example_dags/example_trigger_controller_dag.py took 0.056 seconds
[2024-01-28T13:14:58.494+0100] {processor.py:161} INFO - Started process (PID=5926) to work on /home/hadoop/.local/lib/python3.10/site-packages/airflow/example_dags/example_trigger_controller_dag.py
[2024-01-28T13:14:58.497+0100] {processor.py:830} INFO - Processing file /home/hadoop/.local/lib/python3.10/site-packages/airflow/example_dags/example_trigger_controller_dag.py for tasks to queue
[2024-01-28T13:14:58.500+0100] {logging_mixin.py:188} INFO - [2024-01-28T13:14:58.499+0100] {dagbag.py:538} INFO - Filling up the DagBag from /home/hadoop/.local/lib/python3.10/site-packages/airflow/example_dags/example_trigger_controller_dag.py
[2024-01-28T13:14:58.508+0100] {processor.py:840} INFO - DAG(s) 'example_trigger_controller_dag' retrieved from /home/hadoop/.local/lib/python3.10/site-packages/airflow/example_dags/example_trigger_controller_dag.py
[2024-01-28T13:14:58.542+0100] {logging_mixin.py:188} INFO - [2024-01-28T13:14:58.542+0100] {dag.py:3033} INFO - Sync 1 DAGs
[2024-01-28T13:14:58.564+0100] {logging_mixin.py:188} INFO - [2024-01-28T13:14:58.564+0100] {dag.py:3820} INFO - Setting next_dagrun for example_trigger_controller_dag to 2021-01-01T00:00:00+00:00, run_after=2021-01-01T00:00:00+00:00
[2024-01-28T13:14:58.606+0100] {processor.py:183} INFO - Processing /home/hadoop/.local/lib/python3.10/site-packages/airflow/example_dags/example_trigger_controller_dag.py took 0.116 seconds
