[2024-01-28T13:11:20.179+0100] {processor.py:161} INFO - Started process (PID=5446) to work on /home/hadoop/.local/lib/python3.10/site-packages/airflow/example_dags/example_kubernetes_executor.py
[2024-01-28T13:11:20.180+0100] {processor.py:830} INFO - Processing file /home/hadoop/.local/lib/python3.10/site-packages/airflow/example_dags/example_kubernetes_executor.py for tasks to queue
[2024-01-28T13:11:20.182+0100] {logging_mixin.py:188} INFO - [2024-01-28T13:11:20.181+0100] {dagbag.py:538} INFO - Filling up the DagBag from /home/hadoop/.local/lib/python3.10/site-packages/airflow/example_dags/example_kubernetes_executor.py
[2024-01-28T13:11:20.185+0100] {logging_mixin.py:188} INFO - [2024-01-28T13:11:20.185+0100] {example_kubernetes_executor.py:38} WARNING - The example_kubernetes_executor example DAG requires the kubernetes provider. Please install it with: pip install apache-airflow[cncf.kubernetes]
[2024-01-28T13:11:20.185+0100] {processor.py:842} WARNING - No viable dags retrieved from /home/hadoop/.local/lib/python3.10/site-packages/airflow/example_dags/example_kubernetes_executor.py
[2024-01-28T13:11:20.203+0100] {processor.py:183} INFO - Processing /home/hadoop/.local/lib/python3.10/site-packages/airflow/example_dags/example_kubernetes_executor.py took 0.029 seconds
[2024-01-28T13:12:29.886+0100] {processor.py:161} INFO - Started process (PID=5615) to work on /home/hadoop/.local/lib/python3.10/site-packages/airflow/example_dags/example_kubernetes_executor.py
[2024-01-28T13:12:29.887+0100] {processor.py:830} INFO - Processing file /home/hadoop/.local/lib/python3.10/site-packages/airflow/example_dags/example_kubernetes_executor.py for tasks to queue
[2024-01-28T13:12:29.889+0100] {logging_mixin.py:188} INFO - [2024-01-28T13:12:29.888+0100] {dagbag.py:538} INFO - Filling up the DagBag from /home/hadoop/.local/lib/python3.10/site-packages/airflow/example_dags/example_kubernetes_executor.py
[2024-01-28T13:12:29.893+0100] {logging_mixin.py:188} INFO - [2024-01-28T13:12:29.892+0100] {example_kubernetes_executor.py:38} WARNING - The example_kubernetes_executor example DAG requires the kubernetes provider. Please install it with: pip install apache-airflow[cncf.kubernetes]
[2024-01-28T13:12:29.893+0100] {processor.py:842} WARNING - No viable dags retrieved from /home/hadoop/.local/lib/python3.10/site-packages/airflow/example_dags/example_kubernetes_executor.py
[2024-01-28T13:12:29.903+0100] {processor.py:183} INFO - Processing /home/hadoop/.local/lib/python3.10/site-packages/airflow/example_dags/example_kubernetes_executor.py took 0.020 seconds
[2024-01-28T13:13:32.719+0100] {processor.py:161} INFO - Started process (PID=5755) to work on /home/hadoop/.local/lib/python3.10/site-packages/airflow/example_dags/example_kubernetes_executor.py
[2024-01-28T13:13:32.721+0100] {processor.py:830} INFO - Processing file /home/hadoop/.local/lib/python3.10/site-packages/airflow/example_dags/example_kubernetes_executor.py for tasks to queue
[2024-01-28T13:13:32.722+0100] {logging_mixin.py:188} INFO - [2024-01-28T13:13:32.721+0100] {dagbag.py:538} INFO - Filling up the DagBag from /home/hadoop/.local/lib/python3.10/site-packages/airflow/example_dags/example_kubernetes_executor.py
[2024-01-28T13:13:32.724+0100] {logging_mixin.py:188} INFO - [2024-01-28T13:13:32.724+0100] {example_kubernetes_executor.py:38} WARNING - The example_kubernetes_executor example DAG requires the kubernetes provider. Please install it with: pip install apache-airflow[cncf.kubernetes]
[2024-01-28T13:13:32.724+0100] {processor.py:842} WARNING - No viable dags retrieved from /home/hadoop/.local/lib/python3.10/site-packages/airflow/example_dags/example_kubernetes_executor.py
[2024-01-28T13:13:32.734+0100] {processor.py:183} INFO - Processing /home/hadoop/.local/lib/python3.10/site-packages/airflow/example_dags/example_kubernetes_executor.py took 0.017 seconds
[2024-01-28T13:14:29.208+0100] {processor.py:161} INFO - Started process (PID=5873) to work on /home/hadoop/.local/lib/python3.10/site-packages/airflow/example_dags/example_kubernetes_executor.py
[2024-01-28T13:14:29.210+0100] {processor.py:830} INFO - Processing file /home/hadoop/.local/lib/python3.10/site-packages/airflow/example_dags/example_kubernetes_executor.py for tasks to queue
[2024-01-28T13:14:29.210+0100] {logging_mixin.py:188} INFO - [2024-01-28T13:14:29.210+0100] {dagbag.py:538} INFO - Filling up the DagBag from /home/hadoop/.local/lib/python3.10/site-packages/airflow/example_dags/example_kubernetes_executor.py
[2024-01-28T13:14:29.213+0100] {logging_mixin.py:188} INFO - [2024-01-28T13:14:29.213+0100] {example_kubernetes_executor.py:38} WARNING - The example_kubernetes_executor example DAG requires the kubernetes provider. Please install it with: pip install apache-airflow[cncf.kubernetes]
[2024-01-28T13:14:29.214+0100] {processor.py:842} WARNING - No viable dags retrieved from /home/hadoop/.local/lib/python3.10/site-packages/airflow/example_dags/example_kubernetes_executor.py
[2024-01-28T13:14:29.223+0100] {processor.py:183} INFO - Processing /home/hadoop/.local/lib/python3.10/site-packages/airflow/example_dags/example_kubernetes_executor.py took 0.018 seconds
