[2024-01-28T13:11:04.625+0100] {processor.py:161} INFO - Started process (PID=5349) to work on /home/hadoop/.local/lib/python3.10/site-packages/airflow/example_dags/example_dynamic_task_mapping.py
[2024-01-28T13:11:04.626+0100] {processor.py:830} INFO - Processing file /home/hadoop/.local/lib/python3.10/site-packages/airflow/example_dags/example_dynamic_task_mapping.py for tasks to queue
[2024-01-28T13:11:04.626+0100] {logging_mixin.py:188} INFO - [2024-01-28T13:11:04.626+0100] {dagbag.py:538} INFO - Filling up the DagBag from /home/hadoop/.local/lib/python3.10/site-packages/airflow/example_dags/example_dynamic_task_mapping.py
[2024-01-28T13:11:04.634+0100] {processor.py:840} INFO - DAG(s) 'example_dynamic_task_mapping' retrieved from /home/hadoop/.local/lib/python3.10/site-packages/airflow/example_dags/example_dynamic_task_mapping.py
[2024-01-28T13:11:04.708+0100] {logging_mixin.py:188} INFO - [2024-01-28T13:11:04.707+0100] {override.py:1769} INFO - Created Permission View: can edit on DAG:example_dynamic_task_mapping
[2024-01-28T13:11:04.719+0100] {logging_mixin.py:188} INFO - [2024-01-28T13:11:04.719+0100] {override.py:1769} INFO - Created Permission View: can delete on DAG:example_dynamic_task_mapping
[2024-01-28T13:11:04.729+0100] {logging_mixin.py:188} INFO - [2024-01-28T13:11:04.729+0100] {override.py:1769} INFO - Created Permission View: can read on DAG:example_dynamic_task_mapping
[2024-01-28T13:11:04.729+0100] {logging_mixin.py:188} INFO - [2024-01-28T13:11:04.729+0100] {dag.py:3033} INFO - Sync 1 DAGs
[2024-01-28T13:11:04.736+0100] {logging_mixin.py:188} INFO - [2024-01-28T13:11:04.736+0100] {dag.py:3055} INFO - Creating ORM DAG for example_dynamic_task_mapping
[2024-01-28T13:11:04.741+0100] {logging_mixin.py:188} INFO - [2024-01-28T13:11:04.741+0100] {dag.py:3820} INFO - Setting next_dagrun for example_dynamic_task_mapping to 2022-03-04T00:00:00+00:00, run_after=2022-03-05T00:00:00+00:00
[2024-01-28T13:11:04.758+0100] {processor.py:183} INFO - Processing /home/hadoop/.local/lib/python3.10/site-packages/airflow/example_dags/example_dynamic_task_mapping.py took 0.135 seconds
[2024-01-28T13:11:58.664+0100] {processor.py:161} INFO - Started process (PID=5547) to work on /home/hadoop/.local/lib/python3.10/site-packages/airflow/example_dags/example_dynamic_task_mapping.py
[2024-01-28T13:11:58.667+0100] {processor.py:830} INFO - Processing file /home/hadoop/.local/lib/python3.10/site-packages/airflow/example_dags/example_dynamic_task_mapping.py for tasks to queue
[2024-01-28T13:11:58.667+0100] {logging_mixin.py:188} INFO - [2024-01-28T13:11:58.667+0100] {dagbag.py:538} INFO - Filling up the DagBag from /home/hadoop/.local/lib/python3.10/site-packages/airflow/example_dags/example_dynamic_task_mapping.py
[2024-01-28T13:11:58.674+0100] {processor.py:840} INFO - DAG(s) 'example_dynamic_task_mapping' retrieved from /home/hadoop/.local/lib/python3.10/site-packages/airflow/example_dags/example_dynamic_task_mapping.py
[2024-01-28T13:11:58.686+0100] {logging_mixin.py:188} INFO - [2024-01-28T13:11:58.685+0100] {dag.py:3033} INFO - Sync 1 DAGs
[2024-01-28T13:11:58.698+0100] {logging_mixin.py:188} INFO - [2024-01-28T13:11:58.698+0100] {dag.py:3820} INFO - Setting next_dagrun for example_dynamic_task_mapping to 2022-03-04T00:00:00+00:00, run_after=2022-03-05T00:00:00+00:00
[2024-01-28T13:11:58.719+0100] {processor.py:183} INFO - Processing /home/hadoop/.local/lib/python3.10/site-packages/airflow/example_dags/example_dynamic_task_mapping.py took 0.058 seconds
[2024-01-28T13:12:50.171+0100] {processor.py:161} INFO - Started process (PID=5666) to work on /home/hadoop/.local/lib/python3.10/site-packages/airflow/example_dags/example_dynamic_task_mapping.py
[2024-01-28T13:12:50.173+0100] {processor.py:830} INFO - Processing file /home/hadoop/.local/lib/python3.10/site-packages/airflow/example_dags/example_dynamic_task_mapping.py for tasks to queue
[2024-01-28T13:12:50.174+0100] {logging_mixin.py:188} INFO - [2024-01-28T13:12:50.174+0100] {dagbag.py:538} INFO - Filling up the DagBag from /home/hadoop/.local/lib/python3.10/site-packages/airflow/example_dags/example_dynamic_task_mapping.py
[2024-01-28T13:12:50.182+0100] {processor.py:840} INFO - DAG(s) 'example_dynamic_task_mapping' retrieved from /home/hadoop/.local/lib/python3.10/site-packages/airflow/example_dags/example_dynamic_task_mapping.py
[2024-01-28T13:12:50.194+0100] {logging_mixin.py:188} INFO - [2024-01-28T13:12:50.194+0100] {dag.py:3033} INFO - Sync 1 DAGs
[2024-01-28T13:12:50.208+0100] {logging_mixin.py:188} INFO - [2024-01-28T13:12:50.207+0100] {dag.py:3820} INFO - Setting next_dagrun for example_dynamic_task_mapping to 2022-03-04T00:00:00+00:00, run_after=2022-03-05T00:00:00+00:00
[2024-01-28T13:12:50.229+0100] {processor.py:183} INFO - Processing /home/hadoop/.local/lib/python3.10/site-packages/airflow/example_dags/example_dynamic_task_mapping.py took 0.061 seconds
[2024-01-28T13:13:50.721+0100] {processor.py:161} INFO - Started process (PID=5793) to work on /home/hadoop/.local/lib/python3.10/site-packages/airflow/example_dags/example_dynamic_task_mapping.py
[2024-01-28T13:13:50.725+0100] {processor.py:830} INFO - Processing file /home/hadoop/.local/lib/python3.10/site-packages/airflow/example_dags/example_dynamic_task_mapping.py for tasks to queue
[2024-01-28T13:13:50.726+0100] {logging_mixin.py:188} INFO - [2024-01-28T13:13:50.725+0100] {dagbag.py:538} INFO - Filling up the DagBag from /home/hadoop/.local/lib/python3.10/site-packages/airflow/example_dags/example_dynamic_task_mapping.py
[2024-01-28T13:13:50.733+0100] {processor.py:840} INFO - DAG(s) 'example_dynamic_task_mapping' retrieved from /home/hadoop/.local/lib/python3.10/site-packages/airflow/example_dags/example_dynamic_task_mapping.py
[2024-01-28T13:13:50.750+0100] {logging_mixin.py:188} INFO - [2024-01-28T13:13:50.750+0100] {dag.py:3033} INFO - Sync 1 DAGs
[2024-01-28T13:13:50.766+0100] {logging_mixin.py:188} INFO - [2024-01-28T13:13:50.766+0100] {dag.py:3820} INFO - Setting next_dagrun for example_dynamic_task_mapping to 2022-03-04T00:00:00+00:00, run_after=2022-03-05T00:00:00+00:00
[2024-01-28T13:13:50.788+0100] {processor.py:183} INFO - Processing /home/hadoop/.local/lib/python3.10/site-packages/airflow/example_dags/example_dynamic_task_mapping.py took 0.072 seconds
[2024-01-28T13:14:42.935+0100] {processor.py:161} INFO - Started process (PID=5899) to work on /home/hadoop/.local/lib/python3.10/site-packages/airflow/example_dags/example_dynamic_task_mapping.py
[2024-01-28T13:14:42.938+0100] {processor.py:830} INFO - Processing file /home/hadoop/.local/lib/python3.10/site-packages/airflow/example_dags/example_dynamic_task_mapping.py for tasks to queue
[2024-01-28T13:14:42.939+0100] {logging_mixin.py:188} INFO - [2024-01-28T13:14:42.939+0100] {dagbag.py:538} INFO - Filling up the DagBag from /home/hadoop/.local/lib/python3.10/site-packages/airflow/example_dags/example_dynamic_task_mapping.py
[2024-01-28T13:14:42.949+0100] {processor.py:840} INFO - DAG(s) 'example_dynamic_task_mapping' retrieved from /home/hadoop/.local/lib/python3.10/site-packages/airflow/example_dags/example_dynamic_task_mapping.py
[2024-01-28T13:14:42.962+0100] {logging_mixin.py:188} INFO - [2024-01-28T13:14:42.962+0100] {dag.py:3033} INFO - Sync 1 DAGs
[2024-01-28T13:14:42.981+0100] {logging_mixin.py:188} INFO - [2024-01-28T13:14:42.981+0100] {dag.py:3820} INFO - Setting next_dagrun for example_dynamic_task_mapping to 2022-03-04T00:00:00+00:00, run_after=2022-03-05T00:00:00+00:00
[2024-01-28T13:14:43.006+0100] {processor.py:183} INFO - Processing /home/hadoop/.local/lib/python3.10/site-packages/airflow/example_dags/example_dynamic_task_mapping.py took 0.074 seconds
