[2024-01-28T13:10:58.214+0100] {processor.py:161} INFO - Started process (PID=5291) to work on /home/hadoop/.local/lib/python3.10/site-packages/airflow/example_dags/example_branch_day_of_week_operator.py
[2024-01-28T13:10:58.215+0100] {processor.py:830} INFO - Processing file /home/hadoop/.local/lib/python3.10/site-packages/airflow/example_dags/example_branch_day_of_week_operator.py for tasks to queue
[2024-01-28T13:10:58.216+0100] {logging_mixin.py:188} INFO - [2024-01-28T13:10:58.215+0100] {dagbag.py:538} INFO - Filling up the DagBag from /home/hadoop/.local/lib/python3.10/site-packages/airflow/example_dags/example_branch_day_of_week_operator.py
[2024-01-28T13:10:58.221+0100] {processor.py:840} INFO - DAG(s) 'example_weekday_branch_operator' retrieved from /home/hadoop/.local/lib/python3.10/site-packages/airflow/example_dags/example_branch_day_of_week_operator.py
[2024-01-28T13:10:58.301+0100] {logging_mixin.py:188} INFO - [2024-01-28T13:10:58.299+0100] {override.py:1769} INFO - Created Permission View: can edit on DAG:example_weekday_branch_operator
[2024-01-28T13:10:58.319+0100] {logging_mixin.py:188} INFO - [2024-01-28T13:10:58.318+0100] {override.py:1769} INFO - Created Permission View: can delete on DAG:example_weekday_branch_operator
[2024-01-28T13:10:58.328+0100] {logging_mixin.py:188} INFO - [2024-01-28T13:10:58.328+0100] {override.py:1769} INFO - Created Permission View: can read on DAG:example_weekday_branch_operator
[2024-01-28T13:10:58.329+0100] {logging_mixin.py:188} INFO - [2024-01-28T13:10:58.329+0100] {dag.py:3033} INFO - Sync 1 DAGs
[2024-01-28T13:10:58.336+0100] {logging_mixin.py:188} INFO - [2024-01-28T13:10:58.336+0100] {dag.py:3055} INFO - Creating ORM DAG for example_weekday_branch_operator
[2024-01-28T13:10:58.342+0100] {logging_mixin.py:188} INFO - [2024-01-28T13:10:58.342+0100] {dag.py:3820} INFO - Setting next_dagrun for example_weekday_branch_operator to 2024-01-27T00:00:00+00:00, run_after=2024-01-28T00:00:00+00:00
[2024-01-28T13:10:58.361+0100] {processor.py:183} INFO - Processing /home/hadoop/.local/lib/python3.10/site-packages/airflow/example_dags/example_branch_day_of_week_operator.py took 0.149 seconds
[2024-01-28T13:11:52.265+0100] {processor.py:161} INFO - Started process (PID=5536) to work on /home/hadoop/.local/lib/python3.10/site-packages/airflow/example_dags/example_branch_day_of_week_operator.py
[2024-01-28T13:11:52.268+0100] {processor.py:830} INFO - Processing file /home/hadoop/.local/lib/python3.10/site-packages/airflow/example_dags/example_branch_day_of_week_operator.py for tasks to queue
[2024-01-28T13:11:52.269+0100] {logging_mixin.py:188} INFO - [2024-01-28T13:11:52.268+0100] {dagbag.py:538} INFO - Filling up the DagBag from /home/hadoop/.local/lib/python3.10/site-packages/airflow/example_dags/example_branch_day_of_week_operator.py
[2024-01-28T13:11:52.277+0100] {processor.py:840} INFO - DAG(s) 'example_weekday_branch_operator' retrieved from /home/hadoop/.local/lib/python3.10/site-packages/airflow/example_dags/example_branch_day_of_week_operator.py
[2024-01-28T13:11:52.298+0100] {logging_mixin.py:188} INFO - [2024-01-28T13:11:52.298+0100] {dag.py:3033} INFO - Sync 1 DAGs
[2024-01-28T13:11:52.319+0100] {logging_mixin.py:188} INFO - [2024-01-28T13:11:52.319+0100] {dag.py:3820} INFO - Setting next_dagrun for example_weekday_branch_operator to 2024-01-27T00:00:00+00:00, run_after=2024-01-28T00:00:00+00:00
[2024-01-28T13:11:52.379+0100] {processor.py:183} INFO - Processing /home/hadoop/.local/lib/python3.10/site-packages/airflow/example_dags/example_branch_day_of_week_operator.py took 0.116 seconds
[2024-01-28T13:12:44.489+0100] {processor.py:161} INFO - Started process (PID=5653) to work on /home/hadoop/.local/lib/python3.10/site-packages/airflow/example_dags/example_branch_day_of_week_operator.py
[2024-01-28T13:12:44.491+0100] {processor.py:830} INFO - Processing file /home/hadoop/.local/lib/python3.10/site-packages/airflow/example_dags/example_branch_day_of_week_operator.py for tasks to queue
[2024-01-28T13:12:44.491+0100] {logging_mixin.py:188} INFO - [2024-01-28T13:12:44.491+0100] {dagbag.py:538} INFO - Filling up the DagBag from /home/hadoop/.local/lib/python3.10/site-packages/airflow/example_dags/example_branch_day_of_week_operator.py
[2024-01-28T13:12:44.501+0100] {processor.py:840} INFO - DAG(s) 'example_weekday_branch_operator' retrieved from /home/hadoop/.local/lib/python3.10/site-packages/airflow/example_dags/example_branch_day_of_week_operator.py
[2024-01-28T13:12:44.515+0100] {logging_mixin.py:188} INFO - [2024-01-28T13:12:44.515+0100] {dag.py:3033} INFO - Sync 1 DAGs
[2024-01-28T13:12:44.528+0100] {logging_mixin.py:188} INFO - [2024-01-28T13:12:44.528+0100] {dag.py:3820} INFO - Setting next_dagrun for example_weekday_branch_operator to 2024-01-27T00:00:00+00:00, run_after=2024-01-28T00:00:00+00:00
[2024-01-28T13:12:44.551+0100] {processor.py:183} INFO - Processing /home/hadoop/.local/lib/python3.10/site-packages/airflow/example_dags/example_branch_day_of_week_operator.py took 0.065 seconds
[2024-01-28T13:13:29.664+0100] {processor.py:161} INFO - Started process (PID=5750) to work on /home/hadoop/.local/lib/python3.10/site-packages/airflow/example_dags/example_branch_day_of_week_operator.py
[2024-01-28T13:13:29.666+0100] {processor.py:830} INFO - Processing file /home/hadoop/.local/lib/python3.10/site-packages/airflow/example_dags/example_branch_day_of_week_operator.py for tasks to queue
[2024-01-28T13:13:29.667+0100] {logging_mixin.py:188} INFO - [2024-01-28T13:13:29.666+0100] {dagbag.py:538} INFO - Filling up the DagBag from /home/hadoop/.local/lib/python3.10/site-packages/airflow/example_dags/example_branch_day_of_week_operator.py
[2024-01-28T13:13:29.673+0100] {processor.py:840} INFO - DAG(s) 'example_weekday_branch_operator' retrieved from /home/hadoop/.local/lib/python3.10/site-packages/airflow/example_dags/example_branch_day_of_week_operator.py
[2024-01-28T13:13:29.686+0100] {logging_mixin.py:188} INFO - [2024-01-28T13:13:29.686+0100] {dag.py:3033} INFO - Sync 1 DAGs
[2024-01-28T13:13:29.700+0100] {logging_mixin.py:188} INFO - [2024-01-28T13:13:29.700+0100] {dag.py:3820} INFO - Setting next_dagrun for example_weekday_branch_operator to 2024-01-27T00:00:00+00:00, run_after=2024-01-28T00:00:00+00:00
[2024-01-28T13:13:29.724+0100] {processor.py:183} INFO - Processing /home/hadoop/.local/lib/python3.10/site-packages/airflow/example_dags/example_branch_day_of_week_operator.py took 0.063 seconds
[2024-01-28T13:14:26.168+0100] {processor.py:161} INFO - Started process (PID=5866) to work on /home/hadoop/.local/lib/python3.10/site-packages/airflow/example_dags/example_branch_day_of_week_operator.py
[2024-01-28T13:14:26.169+0100] {processor.py:830} INFO - Processing file /home/hadoop/.local/lib/python3.10/site-packages/airflow/example_dags/example_branch_day_of_week_operator.py for tasks to queue
[2024-01-28T13:14:26.170+0100] {logging_mixin.py:188} INFO - [2024-01-28T13:14:26.170+0100] {dagbag.py:538} INFO - Filling up the DagBag from /home/hadoop/.local/lib/python3.10/site-packages/airflow/example_dags/example_branch_day_of_week_operator.py
[2024-01-28T13:14:26.176+0100] {processor.py:840} INFO - DAG(s) 'example_weekday_branch_operator' retrieved from /home/hadoop/.local/lib/python3.10/site-packages/airflow/example_dags/example_branch_day_of_week_operator.py
[2024-01-28T13:14:26.190+0100] {logging_mixin.py:188} INFO - [2024-01-28T13:14:26.190+0100] {dag.py:3033} INFO - Sync 1 DAGs
[2024-01-28T13:14:26.211+0100] {logging_mixin.py:188} INFO - [2024-01-28T13:14:26.210+0100] {dag.py:3820} INFO - Setting next_dagrun for example_weekday_branch_operator to 2024-01-27T00:00:00+00:00, run_after=2024-01-28T00:00:00+00:00
[2024-01-28T13:14:26.233+0100] {processor.py:183} INFO - Processing /home/hadoop/.local/lib/python3.10/site-packages/airflow/example_dags/example_branch_day_of_week_operator.py took 0.068 seconds
