[2024-01-28T13:10:37.775+0100] {processor.py:161} INFO - Started process (PID=5139) to work on /home/hadoop/.local/lib/python3.10/site-packages/airflow/example_dags/example_xcomargs.py
[2024-01-28T13:10:37.776+0100] {processor.py:830} INFO - Processing file /home/hadoop/.local/lib/python3.10/site-packages/airflow/example_dags/example_xcomargs.py for tasks to queue
[2024-01-28T13:10:37.777+0100] {logging_mixin.py:188} INFO - [2024-01-28T13:10:37.777+0100] {dagbag.py:538} INFO - Filling up the DagBag from /home/hadoop/.local/lib/python3.10/site-packages/airflow/example_dags/example_xcomargs.py
[2024-01-28T13:10:37.785+0100] {processor.py:840} INFO - DAG(s) 'example_xcom_args', 'example_xcom_args_with_operators' retrieved from /home/hadoop/.local/lib/python3.10/site-packages/airflow/example_dags/example_xcomargs.py
[2024-01-28T13:10:37.872+0100] {logging_mixin.py:188} INFO - [2024-01-28T13:10:37.871+0100] {override.py:1769} INFO - Created Permission View: can edit on DAG:example_xcom_args
[2024-01-28T13:10:37.884+0100] {logging_mixin.py:188} INFO - [2024-01-28T13:10:37.884+0100] {override.py:1769} INFO - Created Permission View: can delete on DAG:example_xcom_args
[2024-01-28T13:10:37.894+0100] {logging_mixin.py:188} INFO - [2024-01-28T13:10:37.894+0100] {override.py:1769} INFO - Created Permission View: can read on DAG:example_xcom_args
[2024-01-28T13:10:37.915+0100] {logging_mixin.py:188} INFO - [2024-01-28T13:10:37.915+0100] {override.py:1769} INFO - Created Permission View: can edit on DAG:example_xcom_args_with_operators
[2024-01-28T13:10:37.924+0100] {logging_mixin.py:188} INFO - [2024-01-28T13:10:37.924+0100] {override.py:1769} INFO - Created Permission View: can delete on DAG:example_xcom_args_with_operators
[2024-01-28T13:10:37.933+0100] {logging_mixin.py:188} INFO - [2024-01-28T13:10:37.933+0100] {override.py:1769} INFO - Created Permission View: can read on DAG:example_xcom_args_with_operators
[2024-01-28T13:10:37.933+0100] {logging_mixin.py:188} INFO - [2024-01-28T13:10:37.933+0100] {dag.py:3033} INFO - Sync 2 DAGs
[2024-01-28T13:10:37.941+0100] {logging_mixin.py:188} INFO - [2024-01-28T13:10:37.940+0100] {dag.py:3055} INFO - Creating ORM DAG for example_xcom_args_with_operators
[2024-01-28T13:10:37.941+0100] {logging_mixin.py:188} INFO - [2024-01-28T13:10:37.941+0100] {dag.py:3055} INFO - Creating ORM DAG for example_xcom_args
[2024-01-28T13:10:37.941+0100] {logging_mixin.py:188} INFO - [2024-01-28T13:10:37.941+0100] {dag.py:3820} INFO - Setting next_dagrun for example_xcom_args to None, run_after=None
[2024-01-28T13:10:37.941+0100] {logging_mixin.py:188} INFO - [2024-01-28T13:10:37.941+0100] {dag.py:3820} INFO - Setting next_dagrun for example_xcom_args_with_operators to None, run_after=None
[2024-01-28T13:10:37.963+0100] {processor.py:183} INFO - Processing /home/hadoop/.local/lib/python3.10/site-packages/airflow/example_dags/example_xcomargs.py took 0.190 seconds
[2024-01-28T13:11:33.003+0100] {processor.py:161} INFO - Started process (PID=5497) to work on /home/hadoop/.local/lib/python3.10/site-packages/airflow/example_dags/example_xcomargs.py
[2024-01-28T13:11:33.007+0100] {processor.py:830} INFO - Processing file /home/hadoop/.local/lib/python3.10/site-packages/airflow/example_dags/example_xcomargs.py for tasks to queue
[2024-01-28T13:11:33.011+0100] {logging_mixin.py:188} INFO - [2024-01-28T13:11:33.008+0100] {dagbag.py:538} INFO - Filling up the DagBag from /home/hadoop/.local/lib/python3.10/site-packages/airflow/example_dags/example_xcomargs.py
[2024-01-28T13:11:33.025+0100] {processor.py:840} INFO - DAG(s) 'example_xcom_args', 'example_xcom_args_with_operators' retrieved from /home/hadoop/.local/lib/python3.10/site-packages/airflow/example_dags/example_xcomargs.py
[2024-01-28T13:11:33.054+0100] {logging_mixin.py:188} INFO - [2024-01-28T13:11:33.053+0100] {dag.py:3033} INFO - Sync 2 DAGs
[2024-01-28T13:11:33.063+0100] {logging_mixin.py:188} INFO - [2024-01-28T13:11:33.062+0100] {dag.py:3820} INFO - Setting next_dagrun for example_xcom_args to None, run_after=None
[2024-01-28T13:11:33.065+0100] {logging_mixin.py:188} INFO - [2024-01-28T13:11:33.065+0100] {dag.py:3820} INFO - Setting next_dagrun for example_xcom_args_with_operators to None, run_after=None
[2024-01-28T13:11:33.099+0100] {processor.py:183} INFO - Processing /home/hadoop/.local/lib/python3.10/site-packages/airflow/example_dags/example_xcomargs.py took 0.099 seconds
[2024-01-28T13:12:22.020+0100] {processor.py:161} INFO - Started process (PID=5600) to work on /home/hadoop/.local/lib/python3.10/site-packages/airflow/example_dags/example_xcomargs.py
[2024-01-28T13:12:22.022+0100] {processor.py:830} INFO - Processing file /home/hadoop/.local/lib/python3.10/site-packages/airflow/example_dags/example_xcomargs.py for tasks to queue
[2024-01-28T13:12:22.022+0100] {logging_mixin.py:188} INFO - [2024-01-28T13:12:22.022+0100] {dagbag.py:538} INFO - Filling up the DagBag from /home/hadoop/.local/lib/python3.10/site-packages/airflow/example_dags/example_xcomargs.py
[2024-01-28T13:12:22.030+0100] {processor.py:840} INFO - DAG(s) 'example_xcom_args', 'example_xcom_args_with_operators' retrieved from /home/hadoop/.local/lib/python3.10/site-packages/airflow/example_dags/example_xcomargs.py
[2024-01-28T13:12:22.044+0100] {logging_mixin.py:188} INFO - [2024-01-28T13:12:22.044+0100] {dag.py:3033} INFO - Sync 2 DAGs
[2024-01-28T13:12:22.051+0100] {logging_mixin.py:188} INFO - [2024-01-28T13:12:22.051+0100] {dag.py:3820} INFO - Setting next_dagrun for example_xcom_args to None, run_after=None
[2024-01-28T13:12:22.053+0100] {logging_mixin.py:188} INFO - [2024-01-28T13:12:22.053+0100] {dag.py:3820} INFO - Setting next_dagrun for example_xcom_args_with_operators to None, run_after=None
[2024-01-28T13:12:22.078+0100] {processor.py:183} INFO - Processing /home/hadoop/.local/lib/python3.10/site-packages/airflow/example_dags/example_xcomargs.py took 0.060 seconds
[2024-01-28T13:13:05.069+0100] {processor.py:161} INFO - Started process (PID=5697) to work on /home/hadoop/.local/lib/python3.10/site-packages/airflow/example_dags/example_xcomargs.py
[2024-01-28T13:13:05.070+0100] {processor.py:830} INFO - Processing file /home/hadoop/.local/lib/python3.10/site-packages/airflow/example_dags/example_xcomargs.py for tasks to queue
[2024-01-28T13:13:05.071+0100] {logging_mixin.py:188} INFO - [2024-01-28T13:13:05.070+0100] {dagbag.py:538} INFO - Filling up the DagBag from /home/hadoop/.local/lib/python3.10/site-packages/airflow/example_dags/example_xcomargs.py
[2024-01-28T13:13:05.078+0100] {processor.py:840} INFO - DAG(s) 'example_xcom_args', 'example_xcom_args_with_operators' retrieved from /home/hadoop/.local/lib/python3.10/site-packages/airflow/example_dags/example_xcomargs.py
[2024-01-28T13:13:05.100+0100] {logging_mixin.py:188} INFO - [2024-01-28T13:13:05.100+0100] {dag.py:3033} INFO - Sync 2 DAGs
[2024-01-28T13:13:05.109+0100] {logging_mixin.py:188} INFO - [2024-01-28T13:13:05.109+0100] {dag.py:3820} INFO - Setting next_dagrun for example_xcom_args to None, run_after=None
[2024-01-28T13:13:05.111+0100] {logging_mixin.py:188} INFO - [2024-01-28T13:13:05.111+0100] {dag.py:3820} INFO - Setting next_dagrun for example_xcom_args_with_operators to None, run_after=None
[2024-01-28T13:13:05.136+0100] {processor.py:183} INFO - Processing /home/hadoop/.local/lib/python3.10/site-packages/airflow/example_dags/example_xcomargs.py took 0.071 seconds
[2024-01-28T13:13:45.581+0100] {processor.py:161} INFO - Started process (PID=5781) to work on /home/hadoop/.local/lib/python3.10/site-packages/airflow/example_dags/example_xcomargs.py
[2024-01-28T13:13:45.582+0100] {processor.py:830} INFO - Processing file /home/hadoop/.local/lib/python3.10/site-packages/airflow/example_dags/example_xcomargs.py for tasks to queue
[2024-01-28T13:13:45.583+0100] {logging_mixin.py:188} INFO - [2024-01-28T13:13:45.582+0100] {dagbag.py:538} INFO - Filling up the DagBag from /home/hadoop/.local/lib/python3.10/site-packages/airflow/example_dags/example_xcomargs.py
[2024-01-28T13:13:45.589+0100] {processor.py:840} INFO - DAG(s) 'example_xcom_args', 'example_xcom_args_with_operators' retrieved from /home/hadoop/.local/lib/python3.10/site-packages/airflow/example_dags/example_xcomargs.py
[2024-01-28T13:13:45.604+0100] {logging_mixin.py:188} INFO - [2024-01-28T13:13:45.604+0100] {dag.py:3033} INFO - Sync 2 DAGs
[2024-01-28T13:13:45.612+0100] {logging_mixin.py:188} INFO - [2024-01-28T13:13:45.612+0100] {dag.py:3820} INFO - Setting next_dagrun for example_xcom_args to None, run_after=None
[2024-01-28T13:13:45.614+0100] {logging_mixin.py:188} INFO - [2024-01-28T13:13:45.614+0100] {dag.py:3820} INFO - Setting next_dagrun for example_xcom_args_with_operators to None, run_after=None
[2024-01-28T13:13:45.633+0100] {processor.py:183} INFO - Processing /home/hadoop/.local/lib/python3.10/site-packages/airflow/example_dags/example_xcomargs.py took 0.055 seconds
[2024-01-28T13:14:31.326+0100] {processor.py:161} INFO - Started process (PID=5878) to work on /home/hadoop/.local/lib/python3.10/site-packages/airflow/example_dags/example_xcomargs.py
[2024-01-28T13:14:31.327+0100] {processor.py:830} INFO - Processing file /home/hadoop/.local/lib/python3.10/site-packages/airflow/example_dags/example_xcomargs.py for tasks to queue
[2024-01-28T13:14:31.328+0100] {logging_mixin.py:188} INFO - [2024-01-28T13:14:31.328+0100] {dagbag.py:538} INFO - Filling up the DagBag from /home/hadoop/.local/lib/python3.10/site-packages/airflow/example_dags/example_xcomargs.py
[2024-01-28T13:14:31.340+0100] {processor.py:840} INFO - DAG(s) 'example_xcom_args_with_operators', 'example_xcom_args' retrieved from /home/hadoop/.local/lib/python3.10/site-packages/airflow/example_dags/example_xcomargs.py
[2024-01-28T13:14:31.360+0100] {logging_mixin.py:188} INFO - [2024-01-28T13:14:31.359+0100] {dag.py:3033} INFO - Sync 2 DAGs
[2024-01-28T13:14:31.369+0100] {logging_mixin.py:188} INFO - [2024-01-28T13:14:31.368+0100] {dag.py:3820} INFO - Setting next_dagrun for example_xcom_args to None, run_after=None
[2024-01-28T13:14:31.372+0100] {logging_mixin.py:188} INFO - [2024-01-28T13:14:31.371+0100] {dag.py:3820} INFO - Setting next_dagrun for example_xcom_args_with_operators to None, run_after=None
[2024-01-28T13:14:31.406+0100] {processor.py:183} INFO - Processing /home/hadoop/.local/lib/python3.10/site-packages/airflow/example_dags/example_xcomargs.py took 0.083 seconds
