[2024-01-28T13:10:45.510+0100] {processor.py:161} INFO - Started process (PID=5191) to work on /home/hadoop/.local/lib/python3.10/site-packages/airflow/example_dags/example_short_circuit_decorator.py
[2024-01-28T13:10:45.512+0100] {processor.py:830} INFO - Processing file /home/hadoop/.local/lib/python3.10/site-packages/airflow/example_dags/example_short_circuit_decorator.py for tasks to queue
[2024-01-28T13:10:45.513+0100] {logging_mixin.py:188} INFO - [2024-01-28T13:10:45.512+0100] {dagbag.py:538} INFO - Filling up the DagBag from /home/hadoop/.local/lib/python3.10/site-packages/airflow/example_dags/example_short_circuit_decorator.py
[2024-01-28T13:10:45.525+0100] {processor.py:840} INFO - DAG(s) 'example_short_circuit_decorator' retrieved from /home/hadoop/.local/lib/python3.10/site-packages/airflow/example_dags/example_short_circuit_decorator.py
[2024-01-28T13:10:45.620+0100] {logging_mixin.py:188} INFO - [2024-01-28T13:10:45.619+0100] {override.py:1769} INFO - Created Permission View: can edit on DAG:example_short_circuit_decorator
[2024-01-28T13:10:45.633+0100] {logging_mixin.py:188} INFO - [2024-01-28T13:10:45.633+0100] {override.py:1769} INFO - Created Permission View: can delete on DAG:example_short_circuit_decorator
[2024-01-28T13:10:45.642+0100] {logging_mixin.py:188} INFO - [2024-01-28T13:10:45.642+0100] {override.py:1769} INFO - Created Permission View: can read on DAG:example_short_circuit_decorator
[2024-01-28T13:10:45.643+0100] {logging_mixin.py:188} INFO - [2024-01-28T13:10:45.643+0100] {dag.py:3033} INFO - Sync 1 DAGs
[2024-01-28T13:10:45.651+0100] {logging_mixin.py:188} INFO - [2024-01-28T13:10:45.650+0100] {dag.py:3055} INFO - Creating ORM DAG for example_short_circuit_decorator
[2024-01-28T13:10:45.657+0100] {logging_mixin.py:188} INFO - [2024-01-28T13:10:45.657+0100] {dag.py:3820} INFO - Setting next_dagrun for example_short_circuit_decorator to 2024-01-27T00:00:00+00:00, run_after=2024-01-28T00:00:00+00:00
[2024-01-28T13:10:45.681+0100] {processor.py:183} INFO - Processing /home/hadoop/.local/lib/python3.10/site-packages/airflow/example_dags/example_short_circuit_decorator.py took 0.173 seconds
[2024-01-28T13:11:40.829+0100] {processor.py:161} INFO - Started process (PID=5510) to work on /home/hadoop/.local/lib/python3.10/site-packages/airflow/example_dags/example_short_circuit_decorator.py
[2024-01-28T13:11:40.833+0100] {processor.py:830} INFO - Processing file /home/hadoop/.local/lib/python3.10/site-packages/airflow/example_dags/example_short_circuit_decorator.py for tasks to queue
[2024-01-28T13:11:40.833+0100] {logging_mixin.py:188} INFO - [2024-01-28T13:11:40.833+0100] {dagbag.py:538} INFO - Filling up the DagBag from /home/hadoop/.local/lib/python3.10/site-packages/airflow/example_dags/example_short_circuit_decorator.py
[2024-01-28T13:11:40.843+0100] {processor.py:840} INFO - DAG(s) 'example_short_circuit_decorator' retrieved from /home/hadoop/.local/lib/python3.10/site-packages/airflow/example_dags/example_short_circuit_decorator.py
[2024-01-28T13:11:40.858+0100] {logging_mixin.py:188} INFO - [2024-01-28T13:11:40.858+0100] {dag.py:3033} INFO - Sync 1 DAGs
[2024-01-28T13:11:40.873+0100] {logging_mixin.py:188} INFO - [2024-01-28T13:11:40.873+0100] {dag.py:3820} INFO - Setting next_dagrun for example_short_circuit_decorator to 2024-01-27T00:00:00+00:00, run_after=2024-01-28T00:00:00+00:00
[2024-01-28T13:11:40.893+0100] {processor.py:183} INFO - Processing /home/hadoop/.local/lib/python3.10/site-packages/airflow/example_dags/example_short_circuit_decorator.py took 0.067 seconds
[2024-01-28T13:12:29.062+0100] {processor.py:161} INFO - Started process (PID=5614) to work on /home/hadoop/.local/lib/python3.10/site-packages/airflow/example_dags/example_short_circuit_decorator.py
[2024-01-28T13:12:29.066+0100] {processor.py:830} INFO - Processing file /home/hadoop/.local/lib/python3.10/site-packages/airflow/example_dags/example_short_circuit_decorator.py for tasks to queue
[2024-01-28T13:12:29.068+0100] {logging_mixin.py:188} INFO - [2024-01-28T13:12:29.067+0100] {dagbag.py:538} INFO - Filling up the DagBag from /home/hadoop/.local/lib/python3.10/site-packages/airflow/example_dags/example_short_circuit_decorator.py
[2024-01-28T13:12:29.086+0100] {processor.py:840} INFO - DAG(s) 'example_short_circuit_decorator' retrieved from /home/hadoop/.local/lib/python3.10/site-packages/airflow/example_dags/example_short_circuit_decorator.py
[2024-01-28T13:12:29.109+0100] {logging_mixin.py:188} INFO - [2024-01-28T13:12:29.109+0100] {dag.py:3033} INFO - Sync 1 DAGs
[2024-01-28T13:12:29.133+0100] {logging_mixin.py:188} INFO - [2024-01-28T13:12:29.132+0100] {dag.py:3820} INFO - Setting next_dagrun for example_short_circuit_decorator to 2024-01-27T00:00:00+00:00, run_after=2024-01-28T00:00:00+00:00
[2024-01-28T13:12:29.183+0100] {processor.py:183} INFO - Processing /home/hadoop/.local/lib/python3.10/site-packages/airflow/example_dags/example_short_circuit_decorator.py took 0.124 seconds
[2024-01-28T13:13:18.722+0100] {processor.py:161} INFO - Started process (PID=5725) to work on /home/hadoop/.local/lib/python3.10/site-packages/airflow/example_dags/example_short_circuit_decorator.py
[2024-01-28T13:13:18.724+0100] {processor.py:830} INFO - Processing file /home/hadoop/.local/lib/python3.10/site-packages/airflow/example_dags/example_short_circuit_decorator.py for tasks to queue
[2024-01-28T13:13:18.724+0100] {logging_mixin.py:188} INFO - [2024-01-28T13:13:18.724+0100] {dagbag.py:538} INFO - Filling up the DagBag from /home/hadoop/.local/lib/python3.10/site-packages/airflow/example_dags/example_short_circuit_decorator.py
[2024-01-28T13:13:18.733+0100] {processor.py:840} INFO - DAG(s) 'example_short_circuit_decorator' retrieved from /home/hadoop/.local/lib/python3.10/site-packages/airflow/example_dags/example_short_circuit_decorator.py
[2024-01-28T13:13:18.746+0100] {logging_mixin.py:188} INFO - [2024-01-28T13:13:18.746+0100] {dag.py:3033} INFO - Sync 1 DAGs
[2024-01-28T13:13:18.760+0100] {logging_mixin.py:188} INFO - [2024-01-28T13:13:18.760+0100] {dag.py:3820} INFO - Setting next_dagrun for example_short_circuit_decorator to 2024-01-27T00:00:00+00:00, run_after=2024-01-28T00:00:00+00:00
[2024-01-28T13:13:18.779+0100] {processor.py:183} INFO - Processing /home/hadoop/.local/lib/python3.10/site-packages/airflow/example_dags/example_short_circuit_decorator.py took 0.060 seconds
[2024-01-28T13:14:00.856+0100] {processor.py:161} INFO - Started process (PID=5819) to work on /home/hadoop/.local/lib/python3.10/site-packages/airflow/example_dags/example_short_circuit_decorator.py
[2024-01-28T13:14:00.857+0100] {processor.py:830} INFO - Processing file /home/hadoop/.local/lib/python3.10/site-packages/airflow/example_dags/example_short_circuit_decorator.py for tasks to queue
[2024-01-28T13:14:00.858+0100] {logging_mixin.py:188} INFO - [2024-01-28T13:14:00.858+0100] {dagbag.py:538} INFO - Filling up the DagBag from /home/hadoop/.local/lib/python3.10/site-packages/airflow/example_dags/example_short_circuit_decorator.py
[2024-01-28T13:14:00.866+0100] {processor.py:840} INFO - DAG(s) 'example_short_circuit_decorator' retrieved from /home/hadoop/.local/lib/python3.10/site-packages/airflow/example_dags/example_short_circuit_decorator.py
[2024-01-28T13:14:00.879+0100] {logging_mixin.py:188} INFO - [2024-01-28T13:14:00.879+0100] {dag.py:3033} INFO - Sync 1 DAGs
[2024-01-28T13:14:00.891+0100] {logging_mixin.py:188} INFO - [2024-01-28T13:14:00.891+0100] {dag.py:3820} INFO - Setting next_dagrun for example_short_circuit_decorator to 2024-01-27T00:00:00+00:00, run_after=2024-01-28T00:00:00+00:00
[2024-01-28T13:14:00.915+0100] {processor.py:183} INFO - Processing /home/hadoop/.local/lib/python3.10/site-packages/airflow/example_dags/example_short_circuit_decorator.py took 0.062 seconds
[2024-01-28T13:14:38.817+0100] {processor.py:161} INFO - Started process (PID=5893) to work on /home/hadoop/.local/lib/python3.10/site-packages/airflow/example_dags/example_short_circuit_decorator.py
[2024-01-28T13:14:38.818+0100] {processor.py:830} INFO - Processing file /home/hadoop/.local/lib/python3.10/site-packages/airflow/example_dags/example_short_circuit_decorator.py for tasks to queue
[2024-01-28T13:14:38.819+0100] {logging_mixin.py:188} INFO - [2024-01-28T13:14:38.818+0100] {dagbag.py:538} INFO - Filling up the DagBag from /home/hadoop/.local/lib/python3.10/site-packages/airflow/example_dags/example_short_circuit_decorator.py
[2024-01-28T13:14:38.827+0100] {processor.py:840} INFO - DAG(s) 'example_short_circuit_decorator' retrieved from /home/hadoop/.local/lib/python3.10/site-packages/airflow/example_dags/example_short_circuit_decorator.py
[2024-01-28T13:14:38.843+0100] {logging_mixin.py:188} INFO - [2024-01-28T13:14:38.843+0100] {dag.py:3033} INFO - Sync 1 DAGs
[2024-01-28T13:14:38.861+0100] {logging_mixin.py:188} INFO - [2024-01-28T13:14:38.861+0100] {dag.py:3820} INFO - Setting next_dagrun for example_short_circuit_decorator to 2024-01-27T00:00:00+00:00, run_after=2024-01-28T00:00:00+00:00
[2024-01-28T13:14:38.885+0100] {processor.py:183} INFO - Processing /home/hadoop/.local/lib/python3.10/site-packages/airflow/example_dags/example_short_circuit_decorator.py took 0.071 seconds
