[2024-01-28T13:10:43.033+0100] {processor.py:161} INFO - Started process (PID=5180) to work on /home/hadoop/.local/lib/python3.10/site-packages/airflow/example_dags/example_skip_dag.py
[2024-01-28T13:10:43.034+0100] {processor.py:830} INFO - Processing file /home/hadoop/.local/lib/python3.10/site-packages/airflow/example_dags/example_skip_dag.py for tasks to queue
[2024-01-28T13:10:43.035+0100] {logging_mixin.py:188} INFO - [2024-01-28T13:10:43.035+0100] {dagbag.py:538} INFO - Filling up the DagBag from /home/hadoop/.local/lib/python3.10/site-packages/airflow/example_dags/example_skip_dag.py
[2024-01-28T13:10:43.044+0100] {processor.py:840} INFO - DAG(s) 'example_skip_dag' retrieved from /home/hadoop/.local/lib/python3.10/site-packages/airflow/example_dags/example_skip_dag.py
[2024-01-28T13:10:43.131+0100] {logging_mixin.py:188} INFO - [2024-01-28T13:10:43.131+0100] {override.py:1769} INFO - Created Permission View: can edit on DAG:example_skip_dag
[2024-01-28T13:10:43.144+0100] {logging_mixin.py:188} INFO - [2024-01-28T13:10:43.144+0100] {override.py:1769} INFO - Created Permission View: can delete on DAG:example_skip_dag
[2024-01-28T13:10:43.153+0100] {logging_mixin.py:188} INFO - [2024-01-28T13:10:43.153+0100] {override.py:1769} INFO - Created Permission View: can read on DAG:example_skip_dag
[2024-01-28T13:10:43.153+0100] {logging_mixin.py:188} INFO - [2024-01-28T13:10:43.153+0100] {dag.py:3033} INFO - Sync 1 DAGs
[2024-01-28T13:10:43.161+0100] {logging_mixin.py:188} INFO - [2024-01-28T13:10:43.161+0100] {dag.py:3055} INFO - Creating ORM DAG for example_skip_dag
[2024-01-28T13:10:43.168+0100] {logging_mixin.py:188} INFO - [2024-01-28T13:10:43.168+0100] {dag.py:3820} INFO - Setting next_dagrun for example_skip_dag to 2024-01-27T00:00:00+00:00, run_after=2024-01-28T00:00:00+00:00
[2024-01-28T13:10:43.188+0100] {processor.py:183} INFO - Processing /home/hadoop/.local/lib/python3.10/site-packages/airflow/example_dags/example_skip_dag.py took 0.157 seconds
[2024-01-28T13:11:39.319+0100] {processor.py:161} INFO - Started process (PID=5506) to work on /home/hadoop/.local/lib/python3.10/site-packages/airflow/example_dags/example_skip_dag.py
[2024-01-28T13:11:39.322+0100] {processor.py:830} INFO - Processing file /home/hadoop/.local/lib/python3.10/site-packages/airflow/example_dags/example_skip_dag.py for tasks to queue
[2024-01-28T13:11:39.323+0100] {logging_mixin.py:188} INFO - [2024-01-28T13:11:39.322+0100] {dagbag.py:538} INFO - Filling up the DagBag from /home/hadoop/.local/lib/python3.10/site-packages/airflow/example_dags/example_skip_dag.py
[2024-01-28T13:11:39.331+0100] {processor.py:840} INFO - DAG(s) 'example_skip_dag' retrieved from /home/hadoop/.local/lib/python3.10/site-packages/airflow/example_dags/example_skip_dag.py
[2024-01-28T13:11:39.345+0100] {logging_mixin.py:188} INFO - [2024-01-28T13:11:39.345+0100] {dag.py:3033} INFO - Sync 1 DAGs
[2024-01-28T13:11:39.364+0100] {logging_mixin.py:188} INFO - [2024-01-28T13:11:39.364+0100] {dag.py:3820} INFO - Setting next_dagrun for example_skip_dag to 2024-01-27T00:00:00+00:00, run_after=2024-01-28T00:00:00+00:00
[2024-01-28T13:11:39.403+0100] {processor.py:183} INFO - Processing /home/hadoop/.local/lib/python3.10/site-packages/airflow/example_dags/example_skip_dag.py took 0.087 seconds
[2024-01-28T13:12:27.157+0100] {processor.py:161} INFO - Started process (PID=5610) to work on /home/hadoop/.local/lib/python3.10/site-packages/airflow/example_dags/example_skip_dag.py
[2024-01-28T13:12:27.158+0100] {processor.py:830} INFO - Processing file /home/hadoop/.local/lib/python3.10/site-packages/airflow/example_dags/example_skip_dag.py for tasks to queue
[2024-01-28T13:12:27.159+0100] {logging_mixin.py:188} INFO - [2024-01-28T13:12:27.159+0100] {dagbag.py:538} INFO - Filling up the DagBag from /home/hadoop/.local/lib/python3.10/site-packages/airflow/example_dags/example_skip_dag.py
[2024-01-28T13:12:27.167+0100] {processor.py:840} INFO - DAG(s) 'example_skip_dag' retrieved from /home/hadoop/.local/lib/python3.10/site-packages/airflow/example_dags/example_skip_dag.py
[2024-01-28T13:12:27.180+0100] {logging_mixin.py:188} INFO - [2024-01-28T13:12:27.180+0100] {dag.py:3033} INFO - Sync 1 DAGs
[2024-01-28T13:12:27.194+0100] {logging_mixin.py:188} INFO - [2024-01-28T13:12:27.194+0100] {dag.py:3820} INFO - Setting next_dagrun for example_skip_dag to 2024-01-27T00:00:00+00:00, run_after=2024-01-28T00:00:00+00:00
[2024-01-28T13:12:27.219+0100] {processor.py:183} INFO - Processing /home/hadoop/.local/lib/python3.10/site-packages/airflow/example_dags/example_skip_dag.py took 0.065 seconds
[2024-01-28T13:13:16.446+0100] {processor.py:161} INFO - Started process (PID=5722) to work on /home/hadoop/.local/lib/python3.10/site-packages/airflow/example_dags/example_skip_dag.py
[2024-01-28T13:13:16.449+0100] {processor.py:830} INFO - Processing file /home/hadoop/.local/lib/python3.10/site-packages/airflow/example_dags/example_skip_dag.py for tasks to queue
[2024-01-28T13:13:16.450+0100] {logging_mixin.py:188} INFO - [2024-01-28T13:13:16.450+0100] {dagbag.py:538} INFO - Filling up the DagBag from /home/hadoop/.local/lib/python3.10/site-packages/airflow/example_dags/example_skip_dag.py
[2024-01-28T13:13:16.456+0100] {processor.py:840} INFO - DAG(s) 'example_skip_dag' retrieved from /home/hadoop/.local/lib/python3.10/site-packages/airflow/example_dags/example_skip_dag.py
[2024-01-28T13:13:16.470+0100] {logging_mixin.py:188} INFO - [2024-01-28T13:13:16.469+0100] {dag.py:3033} INFO - Sync 1 DAGs
[2024-01-28T13:13:16.484+0100] {logging_mixin.py:188} INFO - [2024-01-28T13:13:16.484+0100] {dag.py:3820} INFO - Setting next_dagrun for example_skip_dag to 2024-01-27T00:00:00+00:00, run_after=2024-01-28T00:00:00+00:00
[2024-01-28T13:13:16.504+0100] {processor.py:183} INFO - Processing /home/hadoop/.local/lib/python3.10/site-packages/airflow/example_dags/example_skip_dag.py took 0.061 seconds
[2024-01-28T13:14:00.426+0100] {processor.py:161} INFO - Started process (PID=5814) to work on /home/hadoop/.local/lib/python3.10/site-packages/airflow/example_dags/example_skip_dag.py
[2024-01-28T13:14:00.427+0100] {processor.py:830} INFO - Processing file /home/hadoop/.local/lib/python3.10/site-packages/airflow/example_dags/example_skip_dag.py for tasks to queue
[2024-01-28T13:14:00.428+0100] {logging_mixin.py:188} INFO - [2024-01-28T13:14:00.428+0100] {dagbag.py:538} INFO - Filling up the DagBag from /home/hadoop/.local/lib/python3.10/site-packages/airflow/example_dags/example_skip_dag.py
[2024-01-28T13:14:00.434+0100] {processor.py:840} INFO - DAG(s) 'example_skip_dag' retrieved from /home/hadoop/.local/lib/python3.10/site-packages/airflow/example_dags/example_skip_dag.py
[2024-01-28T13:14:00.446+0100] {logging_mixin.py:188} INFO - [2024-01-28T13:14:00.446+0100] {dag.py:3033} INFO - Sync 1 DAGs
[2024-01-28T13:14:00.459+0100] {logging_mixin.py:188} INFO - [2024-01-28T13:14:00.459+0100] {dag.py:3820} INFO - Setting next_dagrun for example_skip_dag to 2024-01-27T00:00:00+00:00, run_after=2024-01-28T00:00:00+00:00
[2024-01-28T13:14:00.483+0100] {processor.py:183} INFO - Processing /home/hadoop/.local/lib/python3.10/site-packages/airflow/example_dags/example_skip_dag.py took 0.059 seconds
[2024-01-28T13:14:36.511+0100] {processor.py:161} INFO - Started process (PID=5890) to work on /home/hadoop/.local/lib/python3.10/site-packages/airflow/example_dags/example_skip_dag.py
[2024-01-28T13:14:36.513+0100] {processor.py:830} INFO - Processing file /home/hadoop/.local/lib/python3.10/site-packages/airflow/example_dags/example_skip_dag.py for tasks to queue
[2024-01-28T13:14:36.513+0100] {logging_mixin.py:188} INFO - [2024-01-28T13:14:36.513+0100] {dagbag.py:538} INFO - Filling up the DagBag from /home/hadoop/.local/lib/python3.10/site-packages/airflow/example_dags/example_skip_dag.py
[2024-01-28T13:14:36.522+0100] {processor.py:840} INFO - DAG(s) 'example_skip_dag' retrieved from /home/hadoop/.local/lib/python3.10/site-packages/airflow/example_dags/example_skip_dag.py
[2024-01-28T13:14:36.536+0100] {logging_mixin.py:188} INFO - [2024-01-28T13:14:36.536+0100] {dag.py:3033} INFO - Sync 1 DAGs
[2024-01-28T13:14:36.550+0100] {logging_mixin.py:188} INFO - [2024-01-28T13:14:36.550+0100] {dag.py:3820} INFO - Setting next_dagrun for example_skip_dag to 2024-01-27T00:00:00+00:00, run_after=2024-01-28T00:00:00+00:00
[2024-01-28T13:14:36.587+0100] {processor.py:183} INFO - Processing /home/hadoop/.local/lib/python3.10/site-packages/airflow/example_dags/example_skip_dag.py took 0.079 seconds
