[2024-01-28T13:10:56.731+0100] {processor.py:161} INFO - Started process (PID=5278) to work on /home/hadoop/.local/lib/python3.10/site-packages/airflow/example_dags/example_setup_teardown.py
[2024-01-28T13:10:56.732+0100] {processor.py:830} INFO - Processing file /home/hadoop/.local/lib/python3.10/site-packages/airflow/example_dags/example_setup_teardown.py for tasks to queue
[2024-01-28T13:10:56.732+0100] {logging_mixin.py:188} INFO - [2024-01-28T13:10:56.732+0100] {dagbag.py:538} INFO - Filling up the DagBag from /home/hadoop/.local/lib/python3.10/site-packages/airflow/example_dags/example_setup_teardown.py
[2024-01-28T13:10:56.738+0100] {processor.py:840} INFO - DAG(s) 'example_setup_teardown' retrieved from /home/hadoop/.local/lib/python3.10/site-packages/airflow/example_dags/example_setup_teardown.py
[2024-01-28T13:10:56.823+0100] {logging_mixin.py:188} INFO - [2024-01-28T13:10:56.822+0100] {override.py:1769} INFO - Created Permission View: can edit on DAG:example_setup_teardown
[2024-01-28T13:10:56.833+0100] {logging_mixin.py:188} INFO - [2024-01-28T13:10:56.833+0100] {override.py:1769} INFO - Created Permission View: can delete on DAG:example_setup_teardown
[2024-01-28T13:10:56.841+0100] {logging_mixin.py:188} INFO - [2024-01-28T13:10:56.841+0100] {override.py:1769} INFO - Created Permission View: can read on DAG:example_setup_teardown
[2024-01-28T13:10:56.841+0100] {logging_mixin.py:188} INFO - [2024-01-28T13:10:56.841+0100] {dag.py:3033} INFO - Sync 1 DAGs
[2024-01-28T13:10:56.848+0100] {logging_mixin.py:188} INFO - [2024-01-28T13:10:56.848+0100] {dag.py:3055} INFO - Creating ORM DAG for example_setup_teardown
[2024-01-28T13:10:56.854+0100] {logging_mixin.py:188} INFO - [2024-01-28T13:10:56.854+0100] {dag.py:3820} INFO - Setting next_dagrun for example_setup_teardown to 2024-01-27T00:00:00+00:00, run_after=2024-01-28T00:00:00+00:00
[2024-01-28T13:10:56.873+0100] {processor.py:183} INFO - Processing /home/hadoop/.local/lib/python3.10/site-packages/airflow/example_dags/example_setup_teardown.py took 0.144 seconds
[2024-01-28T13:11:50.626+0100] {processor.py:161} INFO - Started process (PID=5532) to work on /home/hadoop/.local/lib/python3.10/site-packages/airflow/example_dags/example_setup_teardown.py
[2024-01-28T13:11:50.627+0100] {processor.py:830} INFO - Processing file /home/hadoop/.local/lib/python3.10/site-packages/airflow/example_dags/example_setup_teardown.py for tasks to queue
[2024-01-28T13:11:50.628+0100] {logging_mixin.py:188} INFO - [2024-01-28T13:11:50.628+0100] {dagbag.py:538} INFO - Filling up the DagBag from /home/hadoop/.local/lib/python3.10/site-packages/airflow/example_dags/example_setup_teardown.py
[2024-01-28T13:11:50.638+0100] {processor.py:840} INFO - DAG(s) 'example_setup_teardown' retrieved from /home/hadoop/.local/lib/python3.10/site-packages/airflow/example_dags/example_setup_teardown.py
[2024-01-28T13:11:50.652+0100] {logging_mixin.py:188} INFO - [2024-01-28T13:11:50.652+0100] {dag.py:3033} INFO - Sync 1 DAGs
[2024-01-28T13:11:50.667+0100] {logging_mixin.py:188} INFO - [2024-01-28T13:11:50.667+0100] {dag.py:3820} INFO - Setting next_dagrun for example_setup_teardown to 2024-01-27T00:00:00+00:00, run_after=2024-01-28T00:00:00+00:00
[2024-01-28T13:11:50.687+0100] {processor.py:183} INFO - Processing /home/hadoop/.local/lib/python3.10/site-packages/airflow/example_dags/example_setup_teardown.py took 0.065 seconds
[2024-01-28T13:12:42.313+0100] {processor.py:161} INFO - Started process (PID=5646) to work on /home/hadoop/.local/lib/python3.10/site-packages/airflow/example_dags/example_setup_teardown.py
[2024-01-28T13:12:42.317+0100] {processor.py:830} INFO - Processing file /home/hadoop/.local/lib/python3.10/site-packages/airflow/example_dags/example_setup_teardown.py for tasks to queue
[2024-01-28T13:12:42.318+0100] {logging_mixin.py:188} INFO - [2024-01-28T13:12:42.318+0100] {dagbag.py:538} INFO - Filling up the DagBag from /home/hadoop/.local/lib/python3.10/site-packages/airflow/example_dags/example_setup_teardown.py
[2024-01-28T13:12:42.326+0100] {processor.py:840} INFO - DAG(s) 'example_setup_teardown' retrieved from /home/hadoop/.local/lib/python3.10/site-packages/airflow/example_dags/example_setup_teardown.py
[2024-01-28T13:12:42.343+0100] {logging_mixin.py:188} INFO - [2024-01-28T13:12:42.342+0100] {dag.py:3033} INFO - Sync 1 DAGs
[2024-01-28T13:12:42.358+0100] {logging_mixin.py:188} INFO - [2024-01-28T13:12:42.357+0100] {dag.py:3820} INFO - Setting next_dagrun for example_setup_teardown to 2024-01-27T00:00:00+00:00, run_after=2024-01-28T00:00:00+00:00
[2024-01-28T13:12:42.377+0100] {processor.py:183} INFO - Processing /home/hadoop/.local/lib/python3.10/site-packages/airflow/example_dags/example_setup_teardown.py took 0.068 seconds
[2024-01-28T13:13:27.933+0100] {processor.py:161} INFO - Started process (PID=5746) to work on /home/hadoop/.local/lib/python3.10/site-packages/airflow/example_dags/example_setup_teardown.py
[2024-01-28T13:13:27.935+0100] {processor.py:830} INFO - Processing file /home/hadoop/.local/lib/python3.10/site-packages/airflow/example_dags/example_setup_teardown.py for tasks to queue
[2024-01-28T13:13:27.935+0100] {logging_mixin.py:188} INFO - [2024-01-28T13:13:27.935+0100] {dagbag.py:538} INFO - Filling up the DagBag from /home/hadoop/.local/lib/python3.10/site-packages/airflow/example_dags/example_setup_teardown.py
[2024-01-28T13:13:27.944+0100] {processor.py:840} INFO - DAG(s) 'example_setup_teardown' retrieved from /home/hadoop/.local/lib/python3.10/site-packages/airflow/example_dags/example_setup_teardown.py
[2024-01-28T13:13:27.957+0100] {logging_mixin.py:188} INFO - [2024-01-28T13:13:27.957+0100] {dag.py:3033} INFO - Sync 1 DAGs
[2024-01-28T13:13:27.970+0100] {logging_mixin.py:188} INFO - [2024-01-28T13:13:27.970+0100] {dag.py:3820} INFO - Setting next_dagrun for example_setup_teardown to 2024-01-27T00:00:00+00:00, run_after=2024-01-28T00:00:00+00:00
[2024-01-28T13:13:27.999+0100] {processor.py:183} INFO - Processing /home/hadoop/.local/lib/python3.10/site-packages/airflow/example_dags/example_setup_teardown.py took 0.068 seconds
[2024-01-28T13:14:24.489+0100] {processor.py:161} INFO - Started process (PID=5861) to work on /home/hadoop/.local/lib/python3.10/site-packages/airflow/example_dags/example_setup_teardown.py
[2024-01-28T13:14:24.491+0100] {processor.py:830} INFO - Processing file /home/hadoop/.local/lib/python3.10/site-packages/airflow/example_dags/example_setup_teardown.py for tasks to queue
[2024-01-28T13:14:24.492+0100] {logging_mixin.py:188} INFO - [2024-01-28T13:14:24.492+0100] {dagbag.py:538} INFO - Filling up the DagBag from /home/hadoop/.local/lib/python3.10/site-packages/airflow/example_dags/example_setup_teardown.py
[2024-01-28T13:14:24.499+0100] {processor.py:840} INFO - DAG(s) 'example_setup_teardown' retrieved from /home/hadoop/.local/lib/python3.10/site-packages/airflow/example_dags/example_setup_teardown.py
[2024-01-28T13:14:24.516+0100] {logging_mixin.py:188} INFO - [2024-01-28T13:14:24.516+0100] {dag.py:3033} INFO - Sync 1 DAGs
[2024-01-28T13:14:24.535+0100] {logging_mixin.py:188} INFO - [2024-01-28T13:14:24.535+0100] {dag.py:3820} INFO - Setting next_dagrun for example_setup_teardown to 2024-01-27T00:00:00+00:00, run_after=2024-01-28T00:00:00+00:00
[2024-01-28T13:14:24.566+0100] {processor.py:183} INFO - Processing /home/hadoop/.local/lib/python3.10/site-packages/airflow/example_dags/example_setup_teardown.py took 0.082 seconds
