[2024-01-28T13:11:13.206+0100] {processor.py:161} INFO - Started process (PID=5404) to work on /home/hadoop/.local/lib/python3.10/site-packages/airflow/example_dags/example_datasets.py
[2024-01-28T13:11:13.207+0100] {processor.py:830} INFO - Processing file /home/hadoop/.local/lib/python3.10/site-packages/airflow/example_dags/example_datasets.py for tasks to queue
[2024-01-28T13:11:13.208+0100] {logging_mixin.py:188} INFO - [2024-01-28T13:11:13.207+0100] {dagbag.py:538} INFO - Filling up the DagBag from /home/hadoop/.local/lib/python3.10/site-packages/airflow/example_dags/example_datasets.py
[2024-01-28T13:11:13.224+0100] {processor.py:840} INFO - DAG(s) 'dataset_produces_2', 'dataset_consumes_1_never_scheduled', 'dataset_consumes_1_and_2', 'dataset_consumes_1', 'dataset_consumes_unknown_never_scheduled', 'dataset_produces_1' retrieved from /home/hadoop/.local/lib/python3.10/site-packages/airflow/example_dags/example_datasets.py
[2024-01-28T13:11:13.406+0100] {logging_mixin.py:188} INFO - [2024-01-28T13:11:13.405+0100] {override.py:1769} INFO - Created Permission View: can edit on DAG:dataset_produces_2
[2024-01-28T13:11:13.437+0100] {logging_mixin.py:188} INFO - [2024-01-28T13:11:13.437+0100] {override.py:1769} INFO - Created Permission View: can delete on DAG:dataset_produces_2
[2024-01-28T13:11:13.458+0100] {logging_mixin.py:188} INFO - [2024-01-28T13:11:13.456+0100] {override.py:1769} INFO - Created Permission View: can read on DAG:dataset_produces_2
[2024-01-28T13:11:13.529+0100] {logging_mixin.py:188} INFO - [2024-01-28T13:11:13.527+0100] {override.py:1769} INFO - Created Permission View: can edit on DAG:dataset_consumes_1_never_scheduled
[2024-01-28T13:11:13.554+0100] {logging_mixin.py:188} INFO - [2024-01-28T13:11:13.553+0100] {override.py:1769} INFO - Created Permission View: can delete on DAG:dataset_consumes_1_never_scheduled
[2024-01-28T13:11:13.582+0100] {logging_mixin.py:188} INFO - [2024-01-28T13:11:13.581+0100] {override.py:1769} INFO - Created Permission View: can read on DAG:dataset_consumes_1_never_scheduled
[2024-01-28T13:11:13.629+0100] {logging_mixin.py:188} INFO - [2024-01-28T13:11:13.628+0100] {override.py:1769} INFO - Created Permission View: can edit on DAG:dataset_consumes_1_and_2
[2024-01-28T13:11:13.656+0100] {logging_mixin.py:188} INFO - [2024-01-28T13:11:13.654+0100] {override.py:1769} INFO - Created Permission View: can delete on DAG:dataset_consumes_1_and_2
[2024-01-28T13:11:13.677+0100] {logging_mixin.py:188} INFO - [2024-01-28T13:11:13.676+0100] {override.py:1769} INFO - Created Permission View: can read on DAG:dataset_consumes_1_and_2
[2024-01-28T13:11:13.703+0100] {logging_mixin.py:188} INFO - [2024-01-28T13:11:13.703+0100] {override.py:1769} INFO - Created Permission View: can edit on DAG:dataset_consumes_1
[2024-01-28T13:11:13.712+0100] {logging_mixin.py:188} INFO - [2024-01-28T13:11:13.711+0100] {override.py:1769} INFO - Created Permission View: can delete on DAG:dataset_consumes_1
[2024-01-28T13:11:13.720+0100] {logging_mixin.py:188} INFO - [2024-01-28T13:11:13.720+0100] {override.py:1769} INFO - Created Permission View: can read on DAG:dataset_consumes_1
[2024-01-28T13:11:13.739+0100] {logging_mixin.py:188} INFO - [2024-01-28T13:11:13.739+0100] {override.py:1769} INFO - Created Permission View: can edit on DAG:dataset_consumes_unknown_never_scheduled
[2024-01-28T13:11:13.748+0100] {logging_mixin.py:188} INFO - [2024-01-28T13:11:13.748+0100] {override.py:1769} INFO - Created Permission View: can delete on DAG:dataset_consumes_unknown_never_scheduled
[2024-01-28T13:11:13.759+0100] {logging_mixin.py:188} INFO - [2024-01-28T13:11:13.758+0100] {override.py:1769} INFO - Created Permission View: can read on DAG:dataset_consumes_unknown_never_scheduled
[2024-01-28T13:11:13.791+0100] {logging_mixin.py:188} INFO - [2024-01-28T13:11:13.790+0100] {override.py:1769} INFO - Created Permission View: can edit on DAG:dataset_produces_1
[2024-01-28T13:11:13.800+0100] {logging_mixin.py:188} INFO - [2024-01-28T13:11:13.800+0100] {override.py:1769} INFO - Created Permission View: can delete on DAG:dataset_produces_1
[2024-01-28T13:11:13.811+0100] {logging_mixin.py:188} INFO - [2024-01-28T13:11:13.811+0100] {override.py:1769} INFO - Created Permission View: can read on DAG:dataset_produces_1
[2024-01-28T13:11:13.812+0100] {logging_mixin.py:188} INFO - [2024-01-28T13:11:13.812+0100] {dag.py:3033} INFO - Sync 6 DAGs
[2024-01-28T13:11:13.820+0100] {logging_mixin.py:188} INFO - [2024-01-28T13:11:13.820+0100] {dag.py:3055} INFO - Creating ORM DAG for dataset_consumes_unknown_never_scheduled
[2024-01-28T13:11:13.821+0100] {logging_mixin.py:188} INFO - [2024-01-28T13:11:13.821+0100] {dag.py:3055} INFO - Creating ORM DAG for dataset_consumes_1_never_scheduled
[2024-01-28T13:11:13.821+0100] {logging_mixin.py:188} INFO - [2024-01-28T13:11:13.821+0100] {dag.py:3055} INFO - Creating ORM DAG for dataset_consumes_1
[2024-01-28T13:11:13.821+0100] {logging_mixin.py:188} INFO - [2024-01-28T13:11:13.821+0100] {dag.py:3055} INFO - Creating ORM DAG for dataset_produces_2
[2024-01-28T13:11:13.821+0100] {logging_mixin.py:188} INFO - [2024-01-28T13:11:13.821+0100] {dag.py:3055} INFO - Creating ORM DAG for dataset_produces_1
[2024-01-28T13:11:13.822+0100] {logging_mixin.py:188} INFO - [2024-01-28T13:11:13.822+0100] {dag.py:3055} INFO - Creating ORM DAG for dataset_consumes_1_and_2
[2024-01-28T13:11:13.827+0100] {logging_mixin.py:188} INFO - [2024-01-28T13:11:13.827+0100] {dag.py:3820} INFO - Setting next_dagrun for dataset_consumes_1 to None, run_after=None
[2024-01-28T13:11:13.828+0100] {logging_mixin.py:188} INFO - [2024-01-28T13:11:13.828+0100] {dag.py:3820} INFO - Setting next_dagrun for dataset_consumes_1_and_2 to None, run_after=None
[2024-01-28T13:11:13.828+0100] {logging_mixin.py:188} INFO - [2024-01-28T13:11:13.828+0100] {dag.py:3820} INFO - Setting next_dagrun for dataset_consumes_1_never_scheduled to None, run_after=None
[2024-01-28T13:11:13.828+0100] {logging_mixin.py:188} INFO - [2024-01-28T13:11:13.828+0100] {dag.py:3820} INFO - Setting next_dagrun for dataset_consumes_unknown_never_scheduled to None, run_after=None
[2024-01-28T13:11:13.829+0100] {logging_mixin.py:188} INFO - [2024-01-28T13:11:13.829+0100] {dag.py:3820} INFO - Setting next_dagrun for dataset_produces_1 to 2024-01-27T00:00:00+00:00, run_after=2024-01-28T00:00:00+00:00
[2024-01-28T13:11:13.829+0100] {logging_mixin.py:188} INFO - [2024-01-28T13:11:13.829+0100] {dag.py:3820} INFO - Setting next_dagrun for dataset_produces_2 to None, run_after=None
[2024-01-28T13:11:13.864+0100] {processor.py:183} INFO - Processing /home/hadoop/.local/lib/python3.10/site-packages/airflow/example_dags/example_datasets.py took 0.665 seconds
[2024-01-28T13:12:06.804+0100] {processor.py:161} INFO - Started process (PID=5574) to work on /home/hadoop/.local/lib/python3.10/site-packages/airflow/example_dags/example_datasets.py
[2024-01-28T13:12:06.809+0100] {processor.py:830} INFO - Processing file /home/hadoop/.local/lib/python3.10/site-packages/airflow/example_dags/example_datasets.py for tasks to queue
[2024-01-28T13:12:06.810+0100] {logging_mixin.py:188} INFO - [2024-01-28T13:12:06.809+0100] {dagbag.py:538} INFO - Filling up the DagBag from /home/hadoop/.local/lib/python3.10/site-packages/airflow/example_dags/example_datasets.py
[2024-01-28T13:12:06.818+0100] {processor.py:840} INFO - DAG(s) 'dataset_produces_1', 'dataset_produces_2', 'dataset_consumes_1', 'dataset_consumes_unknown_never_scheduled', 'dataset_consumes_1_never_scheduled', 'dataset_consumes_1_and_2' retrieved from /home/hadoop/.local/lib/python3.10/site-packages/airflow/example_dags/example_datasets.py
[2024-01-28T13:12:06.860+0100] {logging_mixin.py:188} INFO - [2024-01-28T13:12:06.859+0100] {dag.py:3033} INFO - Sync 6 DAGs
[2024-01-28T13:12:06.878+0100] {logging_mixin.py:188} INFO - [2024-01-28T13:12:06.878+0100] {dag.py:3820} INFO - Setting next_dagrun for dataset_consumes_1 to None, run_after=None
[2024-01-28T13:12:06.881+0100] {logging_mixin.py:188} INFO - [2024-01-28T13:12:06.880+0100] {dag.py:3820} INFO - Setting next_dagrun for dataset_consumes_1_and_2 to None, run_after=None
[2024-01-28T13:12:06.881+0100] {logging_mixin.py:188} INFO - [2024-01-28T13:12:06.881+0100] {dag.py:3820} INFO - Setting next_dagrun for dataset_consumes_1_never_scheduled to None, run_after=None
[2024-01-28T13:12:06.882+0100] {logging_mixin.py:188} INFO - [2024-01-28T13:12:06.882+0100] {dag.py:3820} INFO - Setting next_dagrun for dataset_consumes_unknown_never_scheduled to None, run_after=None
[2024-01-28T13:12:06.883+0100] {logging_mixin.py:188} INFO - [2024-01-28T13:12:06.883+0100] {dag.py:3820} INFO - Setting next_dagrun for dataset_produces_1 to 2024-01-27T00:00:00+00:00, run_after=2024-01-28T00:00:00+00:00
[2024-01-28T13:12:06.884+0100] {logging_mixin.py:188} INFO - [2024-01-28T13:12:06.884+0100] {dag.py:3820} INFO - Setting next_dagrun for dataset_produces_2 to None, run_after=None
[2024-01-28T13:12:06.919+0100] {processor.py:183} INFO - Processing /home/hadoop/.local/lib/python3.10/site-packages/airflow/example_dags/example_datasets.py took 0.119 seconds
[2024-01-28T13:13:11.354+0100] {processor.py:161} INFO - Started process (PID=5712) to work on /home/hadoop/.local/lib/python3.10/site-packages/airflow/example_dags/example_datasets.py
[2024-01-28T13:13:11.356+0100] {processor.py:830} INFO - Processing file /home/hadoop/.local/lib/python3.10/site-packages/airflow/example_dags/example_datasets.py for tasks to queue
[2024-01-28T13:13:11.357+0100] {logging_mixin.py:188} INFO - [2024-01-28T13:13:11.357+0100] {dagbag.py:538} INFO - Filling up the DagBag from /home/hadoop/.local/lib/python3.10/site-packages/airflow/example_dags/example_datasets.py
[2024-01-28T13:13:11.365+0100] {processor.py:840} INFO - DAG(s) 'dataset_consumes_1', 'dataset_produces_2', 'dataset_consumes_1_and_2', 'dataset_consumes_unknown_never_scheduled', 'dataset_produces_1', 'dataset_consumes_1_never_scheduled' retrieved from /home/hadoop/.local/lib/python3.10/site-packages/airflow/example_dags/example_datasets.py
[2024-01-28T13:13:11.383+0100] {logging_mixin.py:188} INFO - [2024-01-28T13:13:11.383+0100] {dag.py:3033} INFO - Sync 6 DAGs
[2024-01-28T13:13:11.396+0100] {logging_mixin.py:188} INFO - [2024-01-28T13:13:11.396+0100] {dag.py:3820} INFO - Setting next_dagrun for dataset_consumes_1 to None, run_after=None
[2024-01-28T13:13:11.398+0100] {logging_mixin.py:188} INFO - [2024-01-28T13:13:11.398+0100] {dag.py:3820} INFO - Setting next_dagrun for dataset_consumes_1_and_2 to None, run_after=None
[2024-01-28T13:13:11.398+0100] {logging_mixin.py:188} INFO - [2024-01-28T13:13:11.398+0100] {dag.py:3820} INFO - Setting next_dagrun for dataset_consumes_1_never_scheduled to None, run_after=None
[2024-01-28T13:13:11.399+0100] {logging_mixin.py:188} INFO - [2024-01-28T13:13:11.399+0100] {dag.py:3820} INFO - Setting next_dagrun for dataset_consumes_unknown_never_scheduled to None, run_after=None
[2024-01-28T13:13:11.400+0100] {logging_mixin.py:188} INFO - [2024-01-28T13:13:11.400+0100] {dag.py:3820} INFO - Setting next_dagrun for dataset_produces_1 to 2024-01-27T00:00:00+00:00, run_after=2024-01-28T00:00:00+00:00
[2024-01-28T13:13:11.401+0100] {logging_mixin.py:188} INFO - [2024-01-28T13:13:11.401+0100] {dag.py:3820} INFO - Setting next_dagrun for dataset_produces_2 to None, run_after=None
[2024-01-28T13:13:11.428+0100] {processor.py:183} INFO - Processing /home/hadoop/.local/lib/python3.10/site-packages/airflow/example_dags/example_datasets.py took 0.076 seconds
[2024-01-28T13:14:10.723+0100] {processor.py:161} INFO - Started process (PID=5834) to work on /home/hadoop/.local/lib/python3.10/site-packages/airflow/example_dags/example_datasets.py
[2024-01-28T13:14:10.725+0100] {processor.py:830} INFO - Processing file /home/hadoop/.local/lib/python3.10/site-packages/airflow/example_dags/example_datasets.py for tasks to queue
[2024-01-28T13:14:10.726+0100] {logging_mixin.py:188} INFO - [2024-01-28T13:14:10.725+0100] {dagbag.py:538} INFO - Filling up the DagBag from /home/hadoop/.local/lib/python3.10/site-packages/airflow/example_dags/example_datasets.py
[2024-01-28T13:14:10.734+0100] {processor.py:840} INFO - DAG(s) 'dataset_consumes_1', 'dataset_consumes_unknown_never_scheduled', 'dataset_produces_2', 'dataset_produces_1', 'dataset_consumes_1_and_2', 'dataset_consumes_1_never_scheduled' retrieved from /home/hadoop/.local/lib/python3.10/site-packages/airflow/example_dags/example_datasets.py
[2024-01-28T13:14:10.752+0100] {logging_mixin.py:188} INFO - [2024-01-28T13:14:10.752+0100] {dag.py:3033} INFO - Sync 6 DAGs
[2024-01-28T13:14:10.766+0100] {logging_mixin.py:188} INFO - [2024-01-28T13:14:10.766+0100] {dag.py:3820} INFO - Setting next_dagrun for dataset_consumes_1 to None, run_after=None
[2024-01-28T13:14:10.768+0100] {logging_mixin.py:188} INFO - [2024-01-28T13:14:10.768+0100] {dag.py:3820} INFO - Setting next_dagrun for dataset_consumes_1_and_2 to None, run_after=None
[2024-01-28T13:14:10.769+0100] {logging_mixin.py:188} INFO - [2024-01-28T13:14:10.769+0100] {dag.py:3820} INFO - Setting next_dagrun for dataset_consumes_1_never_scheduled to None, run_after=None
[2024-01-28T13:14:10.770+0100] {logging_mixin.py:188} INFO - [2024-01-28T13:14:10.770+0100] {dag.py:3820} INFO - Setting next_dagrun for dataset_consumes_unknown_never_scheduled to None, run_after=None
[2024-01-28T13:14:10.772+0100] {logging_mixin.py:188} INFO - [2024-01-28T13:14:10.772+0100] {dag.py:3820} INFO - Setting next_dagrun for dataset_produces_1 to 2024-01-27T00:00:00+00:00, run_after=2024-01-28T00:00:00+00:00
[2024-01-28T13:14:10.776+0100] {logging_mixin.py:188} INFO - [2024-01-28T13:14:10.776+0100] {dag.py:3820} INFO - Setting next_dagrun for dataset_produces_2 to None, run_after=None
[2024-01-28T13:14:10.806+0100] {processor.py:183} INFO - Processing /home/hadoop/.local/lib/python3.10/site-packages/airflow/example_dags/example_datasets.py took 0.085 seconds
[2024-01-28T13:15:01.480+0100] {processor.py:161} INFO - Started process (PID=5933) to work on /home/hadoop/.local/lib/python3.10/site-packages/airflow/example_dags/example_datasets.py
[2024-01-28T13:15:01.481+0100] {processor.py:830} INFO - Processing file /home/hadoop/.local/lib/python3.10/site-packages/airflow/example_dags/example_datasets.py for tasks to queue
[2024-01-28T13:15:01.482+0100] {logging_mixin.py:188} INFO - [2024-01-28T13:15:01.481+0100] {dagbag.py:538} INFO - Filling up the DagBag from /home/hadoop/.local/lib/python3.10/site-packages/airflow/example_dags/example_datasets.py
[2024-01-28T13:15:01.489+0100] {processor.py:840} INFO - DAG(s) 'dataset_produces_1', 'dataset_consumes_unknown_never_scheduled', 'dataset_consumes_1', 'dataset_produces_2', 'dataset_consumes_1_and_2', 'dataset_consumes_1_never_scheduled' retrieved from /home/hadoop/.local/lib/python3.10/site-packages/airflow/example_dags/example_datasets.py
[2024-01-28T13:15:01.511+0100] {logging_mixin.py:188} INFO - [2024-01-28T13:15:01.511+0100] {dag.py:3033} INFO - Sync 6 DAGs
[2024-01-28T13:15:01.526+0100] {logging_mixin.py:188} INFO - [2024-01-28T13:15:01.526+0100] {dag.py:3820} INFO - Setting next_dagrun for dataset_consumes_1 to None, run_after=None
[2024-01-28T13:15:01.529+0100] {logging_mixin.py:188} INFO - [2024-01-28T13:15:01.529+0100] {dag.py:3820} INFO - Setting next_dagrun for dataset_consumes_1_and_2 to None, run_after=None
[2024-01-28T13:15:01.530+0100] {logging_mixin.py:188} INFO - [2024-01-28T13:15:01.530+0100] {dag.py:3820} INFO - Setting next_dagrun for dataset_consumes_1_never_scheduled to None, run_after=None
[2024-01-28T13:15:01.530+0100] {logging_mixin.py:188} INFO - [2024-01-28T13:15:01.530+0100] {dag.py:3820} INFO - Setting next_dagrun for dataset_consumes_unknown_never_scheduled to None, run_after=None
[2024-01-28T13:15:01.532+0100] {logging_mixin.py:188} INFO - [2024-01-28T13:15:01.532+0100] {dag.py:3820} INFO - Setting next_dagrun for dataset_produces_1 to 2024-01-27T00:00:00+00:00, run_after=2024-01-28T00:00:00+00:00
[2024-01-28T13:15:01.532+0100] {logging_mixin.py:188} INFO - [2024-01-28T13:15:01.532+0100] {dag.py:3820} INFO - Setting next_dagrun for dataset_produces_2 to None, run_after=None
[2024-01-28T13:15:01.559+0100] {processor.py:183} INFO - Processing /home/hadoop/.local/lib/python3.10/site-packages/airflow/example_dags/example_datasets.py took 0.082 seconds
