[2024-01-28T13:11:12.584+0100] {processor.py:161} INFO - Started process (PID=5394) to work on /home/hadoop/.local/lib/python3.10/site-packages/airflow/example_dags/example_nested_branch_dag.py
[2024-01-28T13:11:12.585+0100] {processor.py:830} INFO - Processing file /home/hadoop/.local/lib/python3.10/site-packages/airflow/example_dags/example_nested_branch_dag.py for tasks to queue
[2024-01-28T13:11:12.586+0100] {logging_mixin.py:188} INFO - [2024-01-28T13:11:12.585+0100] {dagbag.py:538} INFO - Filling up the DagBag from /home/hadoop/.local/lib/python3.10/site-packages/airflow/example_dags/example_nested_branch_dag.py
[2024-01-28T13:11:12.595+0100] {processor.py:840} INFO - DAG(s) 'example_nested_branch_dag' retrieved from /home/hadoop/.local/lib/python3.10/site-packages/airflow/example_dags/example_nested_branch_dag.py
[2024-01-28T13:11:12.691+0100] {logging_mixin.py:188} INFO - [2024-01-28T13:11:12.690+0100] {override.py:1769} INFO - Created Permission View: can edit on DAG:example_nested_branch_dag
[2024-01-28T13:11:12.705+0100] {logging_mixin.py:188} INFO - [2024-01-28T13:11:12.705+0100] {override.py:1769} INFO - Created Permission View: can delete on DAG:example_nested_branch_dag
[2024-01-28T13:11:12.717+0100] {logging_mixin.py:188} INFO - [2024-01-28T13:11:12.716+0100] {override.py:1769} INFO - Created Permission View: can read on DAG:example_nested_branch_dag
[2024-01-28T13:11:12.718+0100] {logging_mixin.py:188} INFO - [2024-01-28T13:11:12.718+0100] {dag.py:3033} INFO - Sync 1 DAGs
[2024-01-28T13:11:12.732+0100] {logging_mixin.py:188} INFO - [2024-01-28T13:11:12.728+0100] {dag.py:3055} INFO - Creating ORM DAG for example_nested_branch_dag
[2024-01-28T13:11:12.744+0100] {logging_mixin.py:188} INFO - [2024-01-28T13:11:12.744+0100] {dag.py:3820} INFO - Setting next_dagrun for example_nested_branch_dag to 2024-01-27T00:00:00+00:00, run_after=2024-01-28T00:00:00+00:00
[2024-01-28T13:11:12.771+0100] {processor.py:183} INFO - Processing /home/hadoop/.local/lib/python3.10/site-packages/airflow/example_dags/example_nested_branch_dag.py took 0.191 seconds
[2024-01-28T13:12:05.215+0100] {processor.py:161} INFO - Started process (PID=5564) to work on /home/hadoop/.local/lib/python3.10/site-packages/airflow/example_dags/example_nested_branch_dag.py
[2024-01-28T13:12:05.220+0100] {processor.py:830} INFO - Processing file /home/hadoop/.local/lib/python3.10/site-packages/airflow/example_dags/example_nested_branch_dag.py for tasks to queue
[2024-01-28T13:12:05.223+0100] {logging_mixin.py:188} INFO - [2024-01-28T13:12:05.222+0100] {dagbag.py:538} INFO - Filling up the DagBag from /home/hadoop/.local/lib/python3.10/site-packages/airflow/example_dags/example_nested_branch_dag.py
[2024-01-28T13:12:05.239+0100] {processor.py:840} INFO - DAG(s) 'example_nested_branch_dag' retrieved from /home/hadoop/.local/lib/python3.10/site-packages/airflow/example_dags/example_nested_branch_dag.py
[2024-01-28T13:12:05.456+0100] {logging_mixin.py:188} INFO - [2024-01-28T13:12:05.455+0100] {dag.py:3033} INFO - Sync 1 DAGs
[2024-01-28T13:12:05.548+0100] {logging_mixin.py:188} INFO - [2024-01-28T13:12:05.541+0100] {dag.py:3820} INFO - Setting next_dagrun for example_nested_branch_dag to 2024-01-27T00:00:00+00:00, run_after=2024-01-28T00:00:00+00:00
[2024-01-28T13:12:05.648+0100] {processor.py:183} INFO - Processing /home/hadoop/.local/lib/python3.10/site-packages/airflow/example_dags/example_nested_branch_dag.py took 0.437 seconds
[2024-01-28T13:13:10.217+0100] {processor.py:161} INFO - Started process (PID=5710) to work on /home/hadoop/.local/lib/python3.10/site-packages/airflow/example_dags/example_nested_branch_dag.py
[2024-01-28T13:13:10.218+0100] {processor.py:830} INFO - Processing file /home/hadoop/.local/lib/python3.10/site-packages/airflow/example_dags/example_nested_branch_dag.py for tasks to queue
[2024-01-28T13:13:10.219+0100] {logging_mixin.py:188} INFO - [2024-01-28T13:13:10.218+0100] {dagbag.py:538} INFO - Filling up the DagBag from /home/hadoop/.local/lib/python3.10/site-packages/airflow/example_dags/example_nested_branch_dag.py
[2024-01-28T13:13:10.228+0100] {processor.py:840} INFO - DAG(s) 'example_nested_branch_dag' retrieved from /home/hadoop/.local/lib/python3.10/site-packages/airflow/example_dags/example_nested_branch_dag.py
[2024-01-28T13:13:10.241+0100] {logging_mixin.py:188} INFO - [2024-01-28T13:13:10.240+0100] {dag.py:3033} INFO - Sync 1 DAGs
[2024-01-28T13:13:10.254+0100] {logging_mixin.py:188} INFO - [2024-01-28T13:13:10.254+0100] {dag.py:3820} INFO - Setting next_dagrun for example_nested_branch_dag to 2024-01-27T00:00:00+00:00, run_after=2024-01-28T00:00:00+00:00
[2024-01-28T13:13:10.275+0100] {processor.py:183} INFO - Processing /home/hadoop/.local/lib/python3.10/site-packages/airflow/example_dags/example_nested_branch_dag.py took 0.061 seconds
[2024-01-28T13:14:10.238+0100] {processor.py:161} INFO - Started process (PID=5833) to work on /home/hadoop/.local/lib/python3.10/site-packages/airflow/example_dags/example_nested_branch_dag.py
[2024-01-28T13:14:10.241+0100] {processor.py:830} INFO - Processing file /home/hadoop/.local/lib/python3.10/site-packages/airflow/example_dags/example_nested_branch_dag.py for tasks to queue
[2024-01-28T13:14:10.242+0100] {logging_mixin.py:188} INFO - [2024-01-28T13:14:10.242+0100] {dagbag.py:538} INFO - Filling up the DagBag from /home/hadoop/.local/lib/python3.10/site-packages/airflow/example_dags/example_nested_branch_dag.py
[2024-01-28T13:14:10.250+0100] {processor.py:840} INFO - DAG(s) 'example_nested_branch_dag' retrieved from /home/hadoop/.local/lib/python3.10/site-packages/airflow/example_dags/example_nested_branch_dag.py
[2024-01-28T13:14:10.265+0100] {logging_mixin.py:188} INFO - [2024-01-28T13:14:10.265+0100] {dag.py:3033} INFO - Sync 1 DAGs
[2024-01-28T13:14:10.280+0100] {logging_mixin.py:188} INFO - [2024-01-28T13:14:10.279+0100] {dag.py:3820} INFO - Setting next_dagrun for example_nested_branch_dag to 2024-01-27T00:00:00+00:00, run_after=2024-01-28T00:00:00+00:00
[2024-01-28T13:14:10.298+0100] {processor.py:183} INFO - Processing /home/hadoop/.local/lib/python3.10/site-packages/airflow/example_dags/example_nested_branch_dag.py took 0.063 seconds
[2024-01-28T13:15:01.278+0100] {processor.py:161} INFO - Started process (PID=5932) to work on /home/hadoop/.local/lib/python3.10/site-packages/airflow/example_dags/example_nested_branch_dag.py
[2024-01-28T13:15:01.279+0100] {processor.py:830} INFO - Processing file /home/hadoop/.local/lib/python3.10/site-packages/airflow/example_dags/example_nested_branch_dag.py for tasks to queue
[2024-01-28T13:15:01.280+0100] {logging_mixin.py:188} INFO - [2024-01-28T13:15:01.280+0100] {dagbag.py:538} INFO - Filling up the DagBag from /home/hadoop/.local/lib/python3.10/site-packages/airflow/example_dags/example_nested_branch_dag.py
[2024-01-28T13:15:01.290+0100] {processor.py:840} INFO - DAG(s) 'example_nested_branch_dag' retrieved from /home/hadoop/.local/lib/python3.10/site-packages/airflow/example_dags/example_nested_branch_dag.py
[2024-01-28T13:15:01.306+0100] {logging_mixin.py:188} INFO - [2024-01-28T13:15:01.305+0100] {dag.py:3033} INFO - Sync 1 DAGs
[2024-01-28T13:15:01.320+0100] {logging_mixin.py:188} INFO - [2024-01-28T13:15:01.320+0100] {dag.py:3820} INFO - Setting next_dagrun for example_nested_branch_dag to 2024-01-27T00:00:00+00:00, run_after=2024-01-28T00:00:00+00:00
[2024-01-28T13:15:01.340+0100] {processor.py:183} INFO - Processing /home/hadoop/.local/lib/python3.10/site-packages/airflow/example_dags/example_nested_branch_dag.py took 0.065 seconds
