[2024-01-28T13:11:16.332+0100] {processor.py:161} INFO - Started process (PID=5424) to work on /home/hadoop/.local/lib/python3.10/site-packages/airflow/example_dags/example_latest_only_with_trigger.py
[2024-01-28T13:11:16.333+0100] {processor.py:830} INFO - Processing file /home/hadoop/.local/lib/python3.10/site-packages/airflow/example_dags/example_latest_only_with_trigger.py for tasks to queue
[2024-01-28T13:11:16.333+0100] {logging_mixin.py:188} INFO - [2024-01-28T13:11:16.333+0100] {dagbag.py:538} INFO - Filling up the DagBag from /home/hadoop/.local/lib/python3.10/site-packages/airflow/example_dags/example_latest_only_with_trigger.py
[2024-01-28T13:11:16.339+0100] {processor.py:840} INFO - DAG(s) 'latest_only_with_trigger' retrieved from /home/hadoop/.local/lib/python3.10/site-packages/airflow/example_dags/example_latest_only_with_trigger.py
[2024-01-28T13:11:16.417+0100] {logging_mixin.py:188} INFO - [2024-01-28T13:11:16.417+0100] {override.py:1769} INFO - Created Permission View: can edit on DAG:latest_only_with_trigger
[2024-01-28T13:11:16.428+0100] {logging_mixin.py:188} INFO - [2024-01-28T13:11:16.428+0100] {override.py:1769} INFO - Created Permission View: can delete on DAG:latest_only_with_trigger
[2024-01-28T13:11:16.437+0100] {logging_mixin.py:188} INFO - [2024-01-28T13:11:16.437+0100] {override.py:1769} INFO - Created Permission View: can read on DAG:latest_only_with_trigger
[2024-01-28T13:11:16.437+0100] {logging_mixin.py:188} INFO - [2024-01-28T13:11:16.437+0100] {dag.py:3033} INFO - Sync 1 DAGs
[2024-01-28T13:11:16.445+0100] {logging_mixin.py:188} INFO - [2024-01-28T13:11:16.445+0100] {dag.py:3055} INFO - Creating ORM DAG for latest_only_with_trigger
[2024-01-28T13:11:16.451+0100] {logging_mixin.py:188} INFO - [2024-01-28T13:11:16.450+0100] {dag.py:3820} INFO - Setting next_dagrun for latest_only_with_trigger to 2024-01-28T08:00:00+00:00, run_after=2024-01-28T12:00:00+00:00
[2024-01-28T13:11:16.473+0100] {processor.py:183} INFO - Processing /home/hadoop/.local/lib/python3.10/site-packages/airflow/example_dags/example_latest_only_with_trigger.py took 0.143 seconds
[2024-01-28T13:12:09.344+0100] {processor.py:161} INFO - Started process (PID=5578) to work on /home/hadoop/.local/lib/python3.10/site-packages/airflow/example_dags/example_latest_only_with_trigger.py
[2024-01-28T13:12:09.345+0100] {processor.py:830} INFO - Processing file /home/hadoop/.local/lib/python3.10/site-packages/airflow/example_dags/example_latest_only_with_trigger.py for tasks to queue
[2024-01-28T13:12:09.346+0100] {logging_mixin.py:188} INFO - [2024-01-28T13:12:09.346+0100] {dagbag.py:538} INFO - Filling up the DagBag from /home/hadoop/.local/lib/python3.10/site-packages/airflow/example_dags/example_latest_only_with_trigger.py
[2024-01-28T13:12:09.354+0100] {processor.py:840} INFO - DAG(s) 'latest_only_with_trigger' retrieved from /home/hadoop/.local/lib/python3.10/site-packages/airflow/example_dags/example_latest_only_with_trigger.py
[2024-01-28T13:12:09.372+0100] {logging_mixin.py:188} INFO - [2024-01-28T13:12:09.371+0100] {dag.py:3033} INFO - Sync 1 DAGs
[2024-01-28T13:12:09.396+0100] {logging_mixin.py:188} INFO - [2024-01-28T13:12:09.395+0100] {dag.py:3820} INFO - Setting next_dagrun for latest_only_with_trigger to 2024-01-28T08:00:00+00:00, run_after=2024-01-28T12:00:00+00:00
[2024-01-28T13:12:09.445+0100] {processor.py:183} INFO - Processing /home/hadoop/.local/lib/python3.10/site-packages/airflow/example_dags/example_latest_only_with_trigger.py took 0.105 seconds
[2024-01-28T13:13:13.628+0100] {processor.py:161} INFO - Started process (PID=5716) to work on /home/hadoop/.local/lib/python3.10/site-packages/airflow/example_dags/example_latest_only_with_trigger.py
[2024-01-28T13:13:13.632+0100] {processor.py:830} INFO - Processing file /home/hadoop/.local/lib/python3.10/site-packages/airflow/example_dags/example_latest_only_with_trigger.py for tasks to queue
[2024-01-28T13:13:13.633+0100] {logging_mixin.py:188} INFO - [2024-01-28T13:13:13.633+0100] {dagbag.py:538} INFO - Filling up the DagBag from /home/hadoop/.local/lib/python3.10/site-packages/airflow/example_dags/example_latest_only_with_trigger.py
[2024-01-28T13:13:13.642+0100] {processor.py:840} INFO - DAG(s) 'latest_only_with_trigger' retrieved from /home/hadoop/.local/lib/python3.10/site-packages/airflow/example_dags/example_latest_only_with_trigger.py
[2024-01-28T13:13:13.654+0100] {logging_mixin.py:188} INFO - [2024-01-28T13:13:13.654+0100] {dag.py:3033} INFO - Sync 1 DAGs
[2024-01-28T13:13:13.667+0100] {logging_mixin.py:188} INFO - [2024-01-28T13:13:13.667+0100] {dag.py:3820} INFO - Setting next_dagrun for latest_only_with_trigger to 2024-01-28T08:00:00+00:00, run_after=2024-01-28T12:00:00+00:00
[2024-01-28T13:13:13.688+0100] {processor.py:183} INFO - Processing /home/hadoop/.local/lib/python3.10/site-packages/airflow/example_dags/example_latest_only_with_trigger.py took 0.062 seconds
[2024-01-28T13:14:12.127+0100] {processor.py:161} INFO - Started process (PID=5836) to work on /home/hadoop/.local/lib/python3.10/site-packages/airflow/example_dags/example_latest_only_with_trigger.py
[2024-01-28T13:14:12.131+0100] {processor.py:830} INFO - Processing file /home/hadoop/.local/lib/python3.10/site-packages/airflow/example_dags/example_latest_only_with_trigger.py for tasks to queue
[2024-01-28T13:14:12.132+0100] {logging_mixin.py:188} INFO - [2024-01-28T13:14:12.131+0100] {dagbag.py:538} INFO - Filling up the DagBag from /home/hadoop/.local/lib/python3.10/site-packages/airflow/example_dags/example_latest_only_with_trigger.py
[2024-01-28T13:14:12.138+0100] {processor.py:840} INFO - DAG(s) 'latest_only_with_trigger' retrieved from /home/hadoop/.local/lib/python3.10/site-packages/airflow/example_dags/example_latest_only_with_trigger.py
[2024-01-28T13:14:12.150+0100] {logging_mixin.py:188} INFO - [2024-01-28T13:14:12.150+0100] {dag.py:3033} INFO - Sync 1 DAGs
[2024-01-28T13:14:12.163+0100] {logging_mixin.py:188} INFO - [2024-01-28T13:14:12.163+0100] {dag.py:3820} INFO - Setting next_dagrun for latest_only_with_trigger to 2024-01-28T08:00:00+00:00, run_after=2024-01-28T12:00:00+00:00
[2024-01-28T13:14:12.185+0100] {processor.py:183} INFO - Processing /home/hadoop/.local/lib/python3.10/site-packages/airflow/example_dags/example_latest_only_with_trigger.py took 0.061 seconds
[2024-01-28T13:15:03.740+0100] {processor.py:161} INFO - Started process (PID=5936) to work on /home/hadoop/.local/lib/python3.10/site-packages/airflow/example_dags/example_latest_only_with_trigger.py
[2024-01-28T13:15:03.741+0100] {processor.py:830} INFO - Processing file /home/hadoop/.local/lib/python3.10/site-packages/airflow/example_dags/example_latest_only_with_trigger.py for tasks to queue
[2024-01-28T13:15:03.743+0100] {logging_mixin.py:188} INFO - [2024-01-28T13:15:03.742+0100] {dagbag.py:538} INFO - Filling up the DagBag from /home/hadoop/.local/lib/python3.10/site-packages/airflow/example_dags/example_latest_only_with_trigger.py
[2024-01-28T13:15:03.748+0100] {processor.py:840} INFO - DAG(s) 'latest_only_with_trigger' retrieved from /home/hadoop/.local/lib/python3.10/site-packages/airflow/example_dags/example_latest_only_with_trigger.py
[2024-01-28T13:15:03.763+0100] {logging_mixin.py:188} INFO - [2024-01-28T13:15:03.763+0100] {dag.py:3033} INFO - Sync 1 DAGs
[2024-01-28T13:15:03.779+0100] {logging_mixin.py:188} INFO - [2024-01-28T13:15:03.779+0100] {dag.py:3820} INFO - Setting next_dagrun for latest_only_with_trigger to 2024-01-28T08:00:00+00:00, run_after=2024-01-28T12:00:00+00:00
[2024-01-28T13:15:03.803+0100] {processor.py:183} INFO - Processing /home/hadoop/.local/lib/python3.10/site-packages/airflow/example_dags/example_latest_only_with_trigger.py took 0.066 seconds
