[2024-01-28T13:11:08.464+0100] {processor.py:161} INFO - Started process (PID=5363) to work on /home/hadoop/.local/lib/python3.10/site-packages/airflow/example_dags/example_branch_operator_decorator.py
[2024-01-28T13:11:08.465+0100] {processor.py:830} INFO - Processing file /home/hadoop/.local/lib/python3.10/site-packages/airflow/example_dags/example_branch_operator_decorator.py for tasks to queue
[2024-01-28T13:11:08.466+0100] {logging_mixin.py:188} INFO - [2024-01-28T13:11:08.465+0100] {dagbag.py:538} INFO - Filling up the DagBag from /home/hadoop/.local/lib/python3.10/site-packages/airflow/example_dags/example_branch_operator_decorator.py
[2024-01-28T13:11:08.486+0100] {processor.py:840} INFO - DAG(s) 'example_branch_python_operator_decorator' retrieved from /home/hadoop/.local/lib/python3.10/site-packages/airflow/example_dags/example_branch_operator_decorator.py
[2024-01-28T13:11:08.612+0100] {logging_mixin.py:188} INFO - [2024-01-28T13:11:08.611+0100] {override.py:1769} INFO - Created Permission View: can edit on DAG:example_branch_python_operator_decorator
[2024-01-28T13:11:08.622+0100] {logging_mixin.py:188} INFO - [2024-01-28T13:11:08.622+0100] {override.py:1769} INFO - Created Permission View: can delete on DAG:example_branch_python_operator_decorator
[2024-01-28T13:11:08.630+0100] {logging_mixin.py:188} INFO - [2024-01-28T13:11:08.630+0100] {override.py:1769} INFO - Created Permission View: can read on DAG:example_branch_python_operator_decorator
[2024-01-28T13:11:08.630+0100] {logging_mixin.py:188} INFO - [2024-01-28T13:11:08.630+0100] {dag.py:3033} INFO - Sync 1 DAGs
[2024-01-28T13:11:08.637+0100] {logging_mixin.py:188} INFO - [2024-01-28T13:11:08.637+0100] {dag.py:3055} INFO - Creating ORM DAG for example_branch_python_operator_decorator
[2024-01-28T13:11:08.645+0100] {logging_mixin.py:188} INFO - [2024-01-28T13:11:08.645+0100] {dag.py:3820} INFO - Setting next_dagrun for example_branch_python_operator_decorator to 2024-01-27T00:00:00+00:00, run_after=2024-01-28T00:00:00+00:00
[2024-01-28T13:11:08.838+0100] {processor.py:183} INFO - Processing /home/hadoop/.local/lib/python3.10/site-packages/airflow/example_dags/example_branch_operator_decorator.py took 0.377 seconds
[2024-01-28T13:12:01.531+0100] {processor.py:161} INFO - Started process (PID=5553) to work on /home/hadoop/.local/lib/python3.10/site-packages/airflow/example_dags/example_branch_operator_decorator.py
[2024-01-28T13:12:01.538+0100] {processor.py:830} INFO - Processing file /home/hadoop/.local/lib/python3.10/site-packages/airflow/example_dags/example_branch_operator_decorator.py for tasks to queue
[2024-01-28T13:12:01.540+0100] {logging_mixin.py:188} INFO - [2024-01-28T13:12:01.539+0100] {dagbag.py:538} INFO - Filling up the DagBag from /home/hadoop/.local/lib/python3.10/site-packages/airflow/example_dags/example_branch_operator_decorator.py
[2024-01-28T13:12:01.558+0100] {processor.py:840} INFO - DAG(s) 'example_branch_python_operator_decorator' retrieved from /home/hadoop/.local/lib/python3.10/site-packages/airflow/example_dags/example_branch_operator_decorator.py
[2024-01-28T13:12:01.585+0100] {logging_mixin.py:188} INFO - [2024-01-28T13:12:01.585+0100] {dag.py:3033} INFO - Sync 1 DAGs
[2024-01-28T13:12:01.614+0100] {logging_mixin.py:188} INFO - [2024-01-28T13:12:01.614+0100] {dag.py:3820} INFO - Setting next_dagrun for example_branch_python_operator_decorator to 2024-01-27T00:00:00+00:00, run_after=2024-01-28T00:00:00+00:00
[2024-01-28T13:12:01.647+0100] {processor.py:183} INFO - Processing /home/hadoop/.local/lib/python3.10/site-packages/airflow/example_dags/example_branch_operator_decorator.py took 0.119 seconds
[2024-01-28T13:12:53.614+0100] {processor.py:161} INFO - Started process (PID=5670) to work on /home/hadoop/.local/lib/python3.10/site-packages/airflow/example_dags/example_branch_operator_decorator.py
[2024-01-28T13:12:53.616+0100] {processor.py:830} INFO - Processing file /home/hadoop/.local/lib/python3.10/site-packages/airflow/example_dags/example_branch_operator_decorator.py for tasks to queue
[2024-01-28T13:12:53.616+0100] {logging_mixin.py:188} INFO - [2024-01-28T13:12:53.616+0100] {dagbag.py:538} INFO - Filling up the DagBag from /home/hadoop/.local/lib/python3.10/site-packages/airflow/example_dags/example_branch_operator_decorator.py
[2024-01-28T13:12:53.631+0100] {processor.py:840} INFO - DAG(s) 'example_branch_python_operator_decorator' retrieved from /home/hadoop/.local/lib/python3.10/site-packages/airflow/example_dags/example_branch_operator_decorator.py
[2024-01-28T13:12:53.648+0100] {logging_mixin.py:188} INFO - [2024-01-28T13:12:53.648+0100] {dag.py:3033} INFO - Sync 1 DAGs
[2024-01-28T13:12:53.663+0100] {logging_mixin.py:188} INFO - [2024-01-28T13:12:53.663+0100] {dag.py:3820} INFO - Setting next_dagrun for example_branch_python_operator_decorator to 2024-01-27T00:00:00+00:00, run_after=2024-01-28T00:00:00+00:00
[2024-01-28T13:12:53.687+0100] {processor.py:183} INFO - Processing /home/hadoop/.local/lib/python3.10/site-packages/airflow/example_dags/example_branch_operator_decorator.py took 0.075 seconds
[2024-01-28T13:13:54.230+0100] {processor.py:161} INFO - Started process (PID=5799) to work on /home/hadoop/.local/lib/python3.10/site-packages/airflow/example_dags/example_branch_operator_decorator.py
[2024-01-28T13:13:54.234+0100] {processor.py:830} INFO - Processing file /home/hadoop/.local/lib/python3.10/site-packages/airflow/example_dags/example_branch_operator_decorator.py for tasks to queue
[2024-01-28T13:13:54.234+0100] {logging_mixin.py:188} INFO - [2024-01-28T13:13:54.234+0100] {dagbag.py:538} INFO - Filling up the DagBag from /home/hadoop/.local/lib/python3.10/site-packages/airflow/example_dags/example_branch_operator_decorator.py
[2024-01-28T13:13:54.247+0100] {processor.py:840} INFO - DAG(s) 'example_branch_python_operator_decorator' retrieved from /home/hadoop/.local/lib/python3.10/site-packages/airflow/example_dags/example_branch_operator_decorator.py
[2024-01-28T13:13:54.262+0100] {logging_mixin.py:188} INFO - [2024-01-28T13:13:54.262+0100] {dag.py:3033} INFO - Sync 1 DAGs
[2024-01-28T13:13:54.275+0100] {logging_mixin.py:188} INFO - [2024-01-28T13:13:54.275+0100] {dag.py:3820} INFO - Setting next_dagrun for example_branch_python_operator_decorator to 2024-01-27T00:00:00+00:00, run_after=2024-01-28T00:00:00+00:00
[2024-01-28T13:13:54.297+0100] {processor.py:183} INFO - Processing /home/hadoop/.local/lib/python3.10/site-packages/airflow/example_dags/example_branch_operator_decorator.py took 0.070 seconds
[2024-01-28T13:14:46.143+0100] {processor.py:161} INFO - Started process (PID=5905) to work on /home/hadoop/.local/lib/python3.10/site-packages/airflow/example_dags/example_branch_operator_decorator.py
[2024-01-28T13:14:46.146+0100] {processor.py:830} INFO - Processing file /home/hadoop/.local/lib/python3.10/site-packages/airflow/example_dags/example_branch_operator_decorator.py for tasks to queue
[2024-01-28T13:14:46.147+0100] {logging_mixin.py:188} INFO - [2024-01-28T13:14:46.146+0100] {dagbag.py:538} INFO - Filling up the DagBag from /home/hadoop/.local/lib/python3.10/site-packages/airflow/example_dags/example_branch_operator_decorator.py
[2024-01-28T13:14:46.163+0100] {processor.py:840} INFO - DAG(s) 'example_branch_python_operator_decorator' retrieved from /home/hadoop/.local/lib/python3.10/site-packages/airflow/example_dags/example_branch_operator_decorator.py
[2024-01-28T13:14:46.181+0100] {logging_mixin.py:188} INFO - [2024-01-28T13:14:46.181+0100] {dag.py:3033} INFO - Sync 1 DAGs
[2024-01-28T13:14:46.196+0100] {logging_mixin.py:188} INFO - [2024-01-28T13:14:46.196+0100] {dag.py:3820} INFO - Setting next_dagrun for example_branch_python_operator_decorator to 2024-01-27T00:00:00+00:00, run_after=2024-01-28T00:00:00+00:00
[2024-01-28T13:14:46.219+0100] {processor.py:183} INFO - Processing /home/hadoop/.local/lib/python3.10/site-packages/airflow/example_dags/example_branch_operator_decorator.py took 0.079 seconds
