[2024-01-28T13:11:14.981+0100] {processor.py:161} INFO - Started process (PID=5414) to work on /home/hadoop/.local/lib/python3.10/site-packages/airflow/example_dags/example_branch_datetime_operator.py
[2024-01-28T13:11:14.982+0100] {processor.py:830} INFO - Processing file /home/hadoop/.local/lib/python3.10/site-packages/airflow/example_dags/example_branch_datetime_operator.py for tasks to queue
[2024-01-28T13:11:14.982+0100] {logging_mixin.py:188} INFO - [2024-01-28T13:11:14.982+0100] {dagbag.py:538} INFO - Filling up the DagBag from /home/hadoop/.local/lib/python3.10/site-packages/airflow/example_dags/example_branch_datetime_operator.py
[2024-01-28T13:11:14.991+0100] {processor.py:840} INFO - DAG(s) 'example_branch_datetime_operator_3', 'example_branch_datetime_operator_2', 'example_branch_datetime_operator' retrieved from /home/hadoop/.local/lib/python3.10/site-packages/airflow/example_dags/example_branch_datetime_operator.py
[2024-01-28T13:11:15.112+0100] {logging_mixin.py:188} INFO - [2024-01-28T13:11:15.111+0100] {override.py:1769} INFO - Created Permission View: can edit on DAG:example_branch_datetime_operator_3
[2024-01-28T13:11:15.125+0100] {logging_mixin.py:188} INFO - [2024-01-28T13:11:15.124+0100] {override.py:1769} INFO - Created Permission View: can delete on DAG:example_branch_datetime_operator_3
[2024-01-28T13:11:15.133+0100] {logging_mixin.py:188} INFO - [2024-01-28T13:11:15.133+0100] {override.py:1769} INFO - Created Permission View: can read on DAG:example_branch_datetime_operator_3
[2024-01-28T13:11:15.153+0100] {logging_mixin.py:188} INFO - [2024-01-28T13:11:15.152+0100] {override.py:1769} INFO - Created Permission View: can edit on DAG:example_branch_datetime_operator_2
[2024-01-28T13:11:15.162+0100] {logging_mixin.py:188} INFO - [2024-01-28T13:11:15.161+0100] {override.py:1769} INFO - Created Permission View: can delete on DAG:example_branch_datetime_operator_2
[2024-01-28T13:11:15.172+0100] {logging_mixin.py:188} INFO - [2024-01-28T13:11:15.172+0100] {override.py:1769} INFO - Created Permission View: can read on DAG:example_branch_datetime_operator_2
[2024-01-28T13:11:15.194+0100] {logging_mixin.py:188} INFO - [2024-01-28T13:11:15.193+0100] {override.py:1769} INFO - Created Permission View: can edit on DAG:example_branch_datetime_operator
[2024-01-28T13:11:15.203+0100] {logging_mixin.py:188} INFO - [2024-01-28T13:11:15.203+0100] {override.py:1769} INFO - Created Permission View: can delete on DAG:example_branch_datetime_operator
[2024-01-28T13:11:15.211+0100] {logging_mixin.py:188} INFO - [2024-01-28T13:11:15.211+0100] {override.py:1769} INFO - Created Permission View: can read on DAG:example_branch_datetime_operator
[2024-01-28T13:11:15.212+0100] {logging_mixin.py:188} INFO - [2024-01-28T13:11:15.212+0100] {dag.py:3033} INFO - Sync 3 DAGs
[2024-01-28T13:11:15.219+0100] {logging_mixin.py:188} INFO - [2024-01-28T13:11:15.219+0100] {dag.py:3055} INFO - Creating ORM DAG for example_branch_datetime_operator
[2024-01-28T13:11:15.220+0100] {logging_mixin.py:188} INFO - [2024-01-28T13:11:15.220+0100] {dag.py:3055} INFO - Creating ORM DAG for example_branch_datetime_operator_3
[2024-01-28T13:11:15.220+0100] {logging_mixin.py:188} INFO - [2024-01-28T13:11:15.220+0100] {dag.py:3055} INFO - Creating ORM DAG for example_branch_datetime_operator_2
[2024-01-28T13:11:15.227+0100] {logging_mixin.py:188} INFO - [2024-01-28T13:11:15.227+0100] {dag.py:3820} INFO - Setting next_dagrun for example_branch_datetime_operator to 2024-01-27T00:00:00+00:00, run_after=2024-01-28T00:00:00+00:00
[2024-01-28T13:11:15.228+0100] {logging_mixin.py:188} INFO - [2024-01-28T13:11:15.228+0100] {dag.py:3820} INFO - Setting next_dagrun for example_branch_datetime_operator_2 to 2024-01-27T00:00:00+00:00, run_after=2024-01-28T00:00:00+00:00
[2024-01-28T13:11:15.230+0100] {logging_mixin.py:188} INFO - [2024-01-28T13:11:15.229+0100] {dag.py:3820} INFO - Setting next_dagrun for example_branch_datetime_operator_3 to 2024-01-27T00:00:00+00:00, run_after=2024-01-28T00:00:00+00:00
[2024-01-28T13:11:15.251+0100] {processor.py:183} INFO - Processing /home/hadoop/.local/lib/python3.10/site-packages/airflow/example_dags/example_branch_datetime_operator.py took 0.273 seconds
[2024-01-28T13:12:08.083+0100] {processor.py:161} INFO - Started process (PID=5576) to work on /home/hadoop/.local/lib/python3.10/site-packages/airflow/example_dags/example_branch_datetime_operator.py
[2024-01-28T13:12:08.085+0100] {processor.py:830} INFO - Processing file /home/hadoop/.local/lib/python3.10/site-packages/airflow/example_dags/example_branch_datetime_operator.py for tasks to queue
[2024-01-28T13:12:08.086+0100] {logging_mixin.py:188} INFO - [2024-01-28T13:12:08.086+0100] {dagbag.py:538} INFO - Filling up the DagBag from /home/hadoop/.local/lib/python3.10/site-packages/airflow/example_dags/example_branch_datetime_operator.py
[2024-01-28T13:12:08.098+0100] {processor.py:840} INFO - DAG(s) 'example_branch_datetime_operator', 'example_branch_datetime_operator_3', 'example_branch_datetime_operator_2' retrieved from /home/hadoop/.local/lib/python3.10/site-packages/airflow/example_dags/example_branch_datetime_operator.py
[2024-01-28T13:12:08.145+0100] {logging_mixin.py:188} INFO - [2024-01-28T13:12:08.145+0100] {dag.py:3033} INFO - Sync 3 DAGs
[2024-01-28T13:12:08.164+0100] {logging_mixin.py:188} INFO - [2024-01-28T13:12:08.164+0100] {dag.py:3820} INFO - Setting next_dagrun for example_branch_datetime_operator to 2024-01-27T00:00:00+00:00, run_after=2024-01-28T00:00:00+00:00
[2024-01-28T13:12:08.168+0100] {logging_mixin.py:188} INFO - [2024-01-28T13:12:08.168+0100] {dag.py:3820} INFO - Setting next_dagrun for example_branch_datetime_operator_2 to 2024-01-27T00:00:00+00:00, run_after=2024-01-28T00:00:00+00:00
[2024-01-28T13:12:08.170+0100] {logging_mixin.py:188} INFO - [2024-01-28T13:12:08.170+0100] {dag.py:3820} INFO - Setting next_dagrun for example_branch_datetime_operator_3 to 2024-01-27T00:00:00+00:00, run_after=2024-01-28T00:00:00+00:00
[2024-01-28T13:12:08.195+0100] {processor.py:183} INFO - Processing /home/hadoop/.local/lib/python3.10/site-packages/airflow/example_dags/example_branch_datetime_operator.py took 0.115 seconds
[2024-01-28T13:13:12.490+0100] {processor.py:161} INFO - Started process (PID=5714) to work on /home/hadoop/.local/lib/python3.10/site-packages/airflow/example_dags/example_branch_datetime_operator.py
[2024-01-28T13:13:12.492+0100] {processor.py:830} INFO - Processing file /home/hadoop/.local/lib/python3.10/site-packages/airflow/example_dags/example_branch_datetime_operator.py for tasks to queue
[2024-01-28T13:13:12.493+0100] {logging_mixin.py:188} INFO - [2024-01-28T13:13:12.492+0100] {dagbag.py:538} INFO - Filling up the DagBag from /home/hadoop/.local/lib/python3.10/site-packages/airflow/example_dags/example_branch_datetime_operator.py
[2024-01-28T13:13:12.501+0100] {processor.py:840} INFO - DAG(s) 'example_branch_datetime_operator_2', 'example_branch_datetime_operator', 'example_branch_datetime_operator_3' retrieved from /home/hadoop/.local/lib/python3.10/site-packages/airflow/example_dags/example_branch_datetime_operator.py
[2024-01-28T13:13:12.517+0100] {logging_mixin.py:188} INFO - [2024-01-28T13:13:12.517+0100] {dag.py:3033} INFO - Sync 3 DAGs
[2024-01-28T13:13:12.531+0100] {logging_mixin.py:188} INFO - [2024-01-28T13:13:12.531+0100] {dag.py:3820} INFO - Setting next_dagrun for example_branch_datetime_operator to 2024-01-27T00:00:00+00:00, run_after=2024-01-28T00:00:00+00:00
[2024-01-28T13:13:12.534+0100] {logging_mixin.py:188} INFO - [2024-01-28T13:13:12.534+0100] {dag.py:3820} INFO - Setting next_dagrun for example_branch_datetime_operator_2 to 2024-01-27T00:00:00+00:00, run_after=2024-01-28T00:00:00+00:00
[2024-01-28T13:13:12.535+0100] {logging_mixin.py:188} INFO - [2024-01-28T13:13:12.535+0100] {dag.py:3820} INFO - Setting next_dagrun for example_branch_datetime_operator_3 to 2024-01-27T00:00:00+00:00, run_after=2024-01-28T00:00:00+00:00
[2024-01-28T13:13:12.556+0100] {processor.py:183} INFO - Processing /home/hadoop/.local/lib/python3.10/site-packages/airflow/example_dags/example_branch_datetime_operator.py took 0.069 seconds
[2024-01-28T13:14:10.989+0100] {processor.py:161} INFO - Started process (PID=5835) to work on /home/hadoop/.local/lib/python3.10/site-packages/airflow/example_dags/example_branch_datetime_operator.py
[2024-01-28T13:14:10.991+0100] {processor.py:830} INFO - Processing file /home/hadoop/.local/lib/python3.10/site-packages/airflow/example_dags/example_branch_datetime_operator.py for tasks to queue
[2024-01-28T13:14:10.991+0100] {logging_mixin.py:188} INFO - [2024-01-28T13:14:10.991+0100] {dagbag.py:538} INFO - Filling up the DagBag from /home/hadoop/.local/lib/python3.10/site-packages/airflow/example_dags/example_branch_datetime_operator.py
[2024-01-28T13:14:10.999+0100] {processor.py:840} INFO - DAG(s) 'example_branch_datetime_operator_3', 'example_branch_datetime_operator', 'example_branch_datetime_operator_2' retrieved from /home/hadoop/.local/lib/python3.10/site-packages/airflow/example_dags/example_branch_datetime_operator.py
[2024-01-28T13:14:11.016+0100] {logging_mixin.py:188} INFO - [2024-01-28T13:14:11.016+0100] {dag.py:3033} INFO - Sync 3 DAGs
[2024-01-28T13:14:11.031+0100] {logging_mixin.py:188} INFO - [2024-01-28T13:14:11.031+0100] {dag.py:3820} INFO - Setting next_dagrun for example_branch_datetime_operator to 2024-01-27T00:00:00+00:00, run_after=2024-01-28T00:00:00+00:00
[2024-01-28T13:14:11.034+0100] {logging_mixin.py:188} INFO - [2024-01-28T13:14:11.034+0100] {dag.py:3820} INFO - Setting next_dagrun for example_branch_datetime_operator_2 to 2024-01-27T00:00:00+00:00, run_after=2024-01-28T00:00:00+00:00
[2024-01-28T13:14:11.035+0100] {logging_mixin.py:188} INFO - [2024-01-28T13:14:11.035+0100] {dag.py:3820} INFO - Setting next_dagrun for example_branch_datetime_operator_3 to 2024-01-27T00:00:00+00:00, run_after=2024-01-28T00:00:00+00:00
[2024-01-28T13:14:11.054+0100] {processor.py:183} INFO - Processing /home/hadoop/.local/lib/python3.10/site-packages/airflow/example_dags/example_branch_datetime_operator.py took 0.067 seconds
[2024-01-28T13:15:02.486+0100] {processor.py:161} INFO - Started process (PID=5934) to work on /home/hadoop/.local/lib/python3.10/site-packages/airflow/example_dags/example_branch_datetime_operator.py
[2024-01-28T13:15:02.496+0100] {processor.py:830} INFO - Processing file /home/hadoop/.local/lib/python3.10/site-packages/airflow/example_dags/example_branch_datetime_operator.py for tasks to queue
[2024-01-28T13:15:02.510+0100] {logging_mixin.py:188} INFO - [2024-01-28T13:15:02.508+0100] {dagbag.py:538} INFO - Filling up the DagBag from /home/hadoop/.local/lib/python3.10/site-packages/airflow/example_dags/example_branch_datetime_operator.py
[2024-01-28T13:15:02.528+0100] {processor.py:840} INFO - DAG(s) 'example_branch_datetime_operator_2', 'example_branch_datetime_operator', 'example_branch_datetime_operator_3' retrieved from /home/hadoop/.local/lib/python3.10/site-packages/airflow/example_dags/example_branch_datetime_operator.py
[2024-01-28T13:15:02.553+0100] {logging_mixin.py:188} INFO - [2024-01-28T13:15:02.553+0100] {dag.py:3033} INFO - Sync 3 DAGs
[2024-01-28T13:15:02.578+0100] {logging_mixin.py:188} INFO - [2024-01-28T13:15:02.578+0100] {dag.py:3820} INFO - Setting next_dagrun for example_branch_datetime_operator to 2024-01-27T00:00:00+00:00, run_after=2024-01-28T00:00:00+00:00
[2024-01-28T13:15:02.586+0100] {logging_mixin.py:188} INFO - [2024-01-28T13:15:02.586+0100] {dag.py:3820} INFO - Setting next_dagrun for example_branch_datetime_operator_2 to 2024-01-27T00:00:00+00:00, run_after=2024-01-28T00:00:00+00:00
[2024-01-28T13:15:02.589+0100] {logging_mixin.py:188} INFO - [2024-01-28T13:15:02.589+0100] {dag.py:3820} INFO - Setting next_dagrun for example_branch_datetime_operator_3 to 2024-01-27T00:00:00+00:00, run_after=2024-01-28T00:00:00+00:00
[2024-01-28T13:15:02.625+0100] {processor.py:183} INFO - Processing /home/hadoop/.local/lib/python3.10/site-packages/airflow/example_dags/example_branch_datetime_operator.py took 0.143 seconds
