[2024-01-28T13:10:37.327+0100] {processor.py:161} INFO - Started process (PID=5129) to work on /home/hadoop/.local/lib/python3.10/site-packages/airflow/example_dags/example_short_circuit_operator.py
[2024-01-28T13:10:37.328+0100] {processor.py:830} INFO - Processing file /home/hadoop/.local/lib/python3.10/site-packages/airflow/example_dags/example_short_circuit_operator.py for tasks to queue
[2024-01-28T13:10:37.328+0100] {logging_mixin.py:188} INFO - [2024-01-28T13:10:37.328+0100] {dagbag.py:538} INFO - Filling up the DagBag from /home/hadoop/.local/lib/python3.10/site-packages/airflow/example_dags/example_short_circuit_operator.py
[2024-01-28T13:10:37.337+0100] {processor.py:840} INFO - DAG(s) 'example_short_circuit_operator' retrieved from /home/hadoop/.local/lib/python3.10/site-packages/airflow/example_dags/example_short_circuit_operator.py
[2024-01-28T13:10:37.421+0100] {logging_mixin.py:188} INFO - [2024-01-28T13:10:37.420+0100] {override.py:1769} INFO - Created Permission View: can edit on DAG:example_short_circuit_operator
[2024-01-28T13:10:37.433+0100] {logging_mixin.py:188} INFO - [2024-01-28T13:10:37.433+0100] {override.py:1769} INFO - Created Permission View: can delete on DAG:example_short_circuit_operator
[2024-01-28T13:10:37.442+0100] {logging_mixin.py:188} INFO - [2024-01-28T13:10:37.442+0100] {override.py:1769} INFO - Created Permission View: can read on DAG:example_short_circuit_operator
[2024-01-28T13:10:37.443+0100] {logging_mixin.py:188} INFO - [2024-01-28T13:10:37.442+0100] {dag.py:3033} INFO - Sync 1 DAGs
[2024-01-28T13:10:37.450+0100] {logging_mixin.py:188} INFO - [2024-01-28T13:10:37.450+0100] {dag.py:3055} INFO - Creating ORM DAG for example_short_circuit_operator
[2024-01-28T13:10:37.455+0100] {logging_mixin.py:188} INFO - [2024-01-28T13:10:37.455+0100] {dag.py:3820} INFO - Setting next_dagrun for example_short_circuit_operator to 2024-01-27T00:00:00+00:00, run_after=2024-01-28T00:00:00+00:00
[2024-01-28T13:10:37.472+0100] {processor.py:183} INFO - Processing /home/hadoop/.local/lib/python3.10/site-packages/airflow/example_dags/example_short_circuit_operator.py took 0.149 seconds
[2024-01-28T13:11:31.739+0100] {processor.py:161} INFO - Started process (PID=5495) to work on /home/hadoop/.local/lib/python3.10/site-packages/airflow/example_dags/example_short_circuit_operator.py
[2024-01-28T13:11:31.745+0100] {processor.py:830} INFO - Processing file /home/hadoop/.local/lib/python3.10/site-packages/airflow/example_dags/example_short_circuit_operator.py for tasks to queue
[2024-01-28T13:11:31.747+0100] {logging_mixin.py:188} INFO - [2024-01-28T13:11:31.746+0100] {dagbag.py:538} INFO - Filling up the DagBag from /home/hadoop/.local/lib/python3.10/site-packages/airflow/example_dags/example_short_circuit_operator.py
[2024-01-28T13:11:31.764+0100] {processor.py:840} INFO - DAG(s) 'example_short_circuit_operator' retrieved from /home/hadoop/.local/lib/python3.10/site-packages/airflow/example_dags/example_short_circuit_operator.py
[2024-01-28T13:11:31.784+0100] {logging_mixin.py:188} INFO - [2024-01-28T13:11:31.784+0100] {dag.py:3033} INFO - Sync 1 DAGs
[2024-01-28T13:11:31.808+0100] {logging_mixin.py:188} INFO - [2024-01-28T13:11:31.807+0100] {dag.py:3820} INFO - Setting next_dagrun for example_short_circuit_operator to 2024-01-27T00:00:00+00:00, run_after=2024-01-28T00:00:00+00:00
[2024-01-28T13:11:31.839+0100] {processor.py:183} INFO - Processing /home/hadoop/.local/lib/python3.10/site-packages/airflow/example_dags/example_short_circuit_operator.py took 0.104 seconds
[2024-01-28T13:12:20.884+0100] {processor.py:161} INFO - Started process (PID=5598) to work on /home/hadoop/.local/lib/python3.10/site-packages/airflow/example_dags/example_short_circuit_operator.py
[2024-01-28T13:12:20.886+0100] {processor.py:830} INFO - Processing file /home/hadoop/.local/lib/python3.10/site-packages/airflow/example_dags/example_short_circuit_operator.py for tasks to queue
[2024-01-28T13:12:20.886+0100] {logging_mixin.py:188} INFO - [2024-01-28T13:12:20.886+0100] {dagbag.py:538} INFO - Filling up the DagBag from /home/hadoop/.local/lib/python3.10/site-packages/airflow/example_dags/example_short_circuit_operator.py
[2024-01-28T13:12:20.894+0100] {processor.py:840} INFO - DAG(s) 'example_short_circuit_operator' retrieved from /home/hadoop/.local/lib/python3.10/site-packages/airflow/example_dags/example_short_circuit_operator.py
[2024-01-28T13:12:20.907+0100] {logging_mixin.py:188} INFO - [2024-01-28T13:12:20.907+0100] {dag.py:3033} INFO - Sync 1 DAGs
[2024-01-28T13:12:20.920+0100] {logging_mixin.py:188} INFO - [2024-01-28T13:12:20.920+0100] {dag.py:3820} INFO - Setting next_dagrun for example_short_circuit_operator to 2024-01-27T00:00:00+00:00, run_after=2024-01-28T00:00:00+00:00
[2024-01-28T13:12:20.945+0100] {processor.py:183} INFO - Processing /home/hadoop/.local/lib/python3.10/site-packages/airflow/example_dags/example_short_circuit_operator.py took 0.064 seconds
[2024-01-28T13:13:03.914+0100] {processor.py:161} INFO - Started process (PID=5692) to work on /home/hadoop/.local/lib/python3.10/site-packages/airflow/example_dags/example_short_circuit_operator.py
[2024-01-28T13:13:03.915+0100] {processor.py:830} INFO - Processing file /home/hadoop/.local/lib/python3.10/site-packages/airflow/example_dags/example_short_circuit_operator.py for tasks to queue
[2024-01-28T13:13:03.916+0100] {logging_mixin.py:188} INFO - [2024-01-28T13:13:03.915+0100] {dagbag.py:538} INFO - Filling up the DagBag from /home/hadoop/.local/lib/python3.10/site-packages/airflow/example_dags/example_short_circuit_operator.py
[2024-01-28T13:13:03.922+0100] {processor.py:840} INFO - DAG(s) 'example_short_circuit_operator' retrieved from /home/hadoop/.local/lib/python3.10/site-packages/airflow/example_dags/example_short_circuit_operator.py
[2024-01-28T13:13:03.937+0100] {logging_mixin.py:188} INFO - [2024-01-28T13:13:03.937+0100] {dag.py:3033} INFO - Sync 1 DAGs
[2024-01-28T13:13:03.951+0100] {logging_mixin.py:188} INFO - [2024-01-28T13:13:03.950+0100] {dag.py:3820} INFO - Setting next_dagrun for example_short_circuit_operator to 2024-01-27T00:00:00+00:00, run_after=2024-01-28T00:00:00+00:00
[2024-01-28T13:13:03.971+0100] {processor.py:183} INFO - Processing /home/hadoop/.local/lib/python3.10/site-packages/airflow/example_dags/example_short_circuit_operator.py took 0.060 seconds
[2024-01-28T13:13:45.123+0100] {processor.py:161} INFO - Started process (PID=5776) to work on /home/hadoop/.local/lib/python3.10/site-packages/airflow/example_dags/example_short_circuit_operator.py
[2024-01-28T13:13:45.125+0100] {processor.py:830} INFO - Processing file /home/hadoop/.local/lib/python3.10/site-packages/airflow/example_dags/example_short_circuit_operator.py for tasks to queue
[2024-01-28T13:13:45.126+0100] {logging_mixin.py:188} INFO - [2024-01-28T13:13:45.126+0100] {dagbag.py:538} INFO - Filling up the DagBag from /home/hadoop/.local/lib/python3.10/site-packages/airflow/example_dags/example_short_circuit_operator.py
[2024-01-28T13:13:45.136+0100] {processor.py:840} INFO - DAG(s) 'example_short_circuit_operator' retrieved from /home/hadoop/.local/lib/python3.10/site-packages/airflow/example_dags/example_short_circuit_operator.py
[2024-01-28T13:13:45.152+0100] {logging_mixin.py:188} INFO - [2024-01-28T13:13:45.152+0100] {dag.py:3033} INFO - Sync 1 DAGs
[2024-01-28T13:13:45.171+0100] {logging_mixin.py:188} INFO - [2024-01-28T13:13:45.170+0100] {dag.py:3820} INFO - Setting next_dagrun for example_short_circuit_operator to 2024-01-27T00:00:00+00:00, run_after=2024-01-28T00:00:00+00:00
[2024-01-28T13:13:45.198+0100] {processor.py:183} INFO - Processing /home/hadoop/.local/lib/python3.10/site-packages/airflow/example_dags/example_short_circuit_operator.py took 0.077 seconds
[2024-01-28T13:14:23.350+0100] {processor.py:161} INFO - Started process (PID=5859) to work on /home/hadoop/.local/lib/python3.10/site-packages/airflow/example_dags/example_short_circuit_operator.py
[2024-01-28T13:14:23.352+0100] {processor.py:830} INFO - Processing file /home/hadoop/.local/lib/python3.10/site-packages/airflow/example_dags/example_short_circuit_operator.py for tasks to queue
[2024-01-28T13:14:23.353+0100] {logging_mixin.py:188} INFO - [2024-01-28T13:14:23.352+0100] {dagbag.py:538} INFO - Filling up the DagBag from /home/hadoop/.local/lib/python3.10/site-packages/airflow/example_dags/example_short_circuit_operator.py
[2024-01-28T13:14:23.366+0100] {processor.py:840} INFO - DAG(s) 'example_short_circuit_operator' retrieved from /home/hadoop/.local/lib/python3.10/site-packages/airflow/example_dags/example_short_circuit_operator.py
[2024-01-28T13:14:23.394+0100] {logging_mixin.py:188} INFO - [2024-01-28T13:14:23.393+0100] {dag.py:3033} INFO - Sync 1 DAGs
[2024-01-28T13:14:23.416+0100] {logging_mixin.py:188} INFO - [2024-01-28T13:14:23.416+0100] {dag.py:3820} INFO - Setting next_dagrun for example_short_circuit_operator to 2024-01-27T00:00:00+00:00, run_after=2024-01-28T00:00:00+00:00
[2024-01-28T13:14:23.442+0100] {processor.py:183} INFO - Processing /home/hadoop/.local/lib/python3.10/site-packages/airflow/example_dags/example_short_circuit_operator.py took 0.095 seconds
