[2024-01-28T13:10:48.278+0100] {processor.py:161} INFO - Started process (PID=5219) to work on /home/hadoop/.local/lib/python3.10/site-packages/airflow/example_dags/example_xcom.py
[2024-01-28T13:10:48.278+0100] {processor.py:830} INFO - Processing file /home/hadoop/.local/lib/python3.10/site-packages/airflow/example_dags/example_xcom.py for tasks to queue
[2024-01-28T13:10:48.279+0100] {logging_mixin.py:188} INFO - [2024-01-28T13:10:48.279+0100] {dagbag.py:538} INFO - Filling up the DagBag from /home/hadoop/.local/lib/python3.10/site-packages/airflow/example_dags/example_xcom.py
[2024-01-28T13:10:48.288+0100] {processor.py:840} INFO - DAG(s) 'example_xcom' retrieved from /home/hadoop/.local/lib/python3.10/site-packages/airflow/example_dags/example_xcom.py
[2024-01-28T13:10:48.384+0100] {logging_mixin.py:188} INFO - [2024-01-28T13:10:48.382+0100] {override.py:1769} INFO - Created Permission View: can edit on DAG:example_xcom
[2024-01-28T13:10:48.397+0100] {logging_mixin.py:188} INFO - [2024-01-28T13:10:48.397+0100] {override.py:1769} INFO - Created Permission View: can delete on DAG:example_xcom
[2024-01-28T13:10:48.408+0100] {logging_mixin.py:188} INFO - [2024-01-28T13:10:48.408+0100] {override.py:1769} INFO - Created Permission View: can read on DAG:example_xcom
[2024-01-28T13:10:48.408+0100] {logging_mixin.py:188} INFO - [2024-01-28T13:10:48.408+0100] {dag.py:3033} INFO - Sync 1 DAGs
[2024-01-28T13:10:48.417+0100] {logging_mixin.py:188} INFO - [2024-01-28T13:10:48.417+0100] {dag.py:3055} INFO - Creating ORM DAG for example_xcom
[2024-01-28T13:10:48.423+0100] {logging_mixin.py:188} INFO - [2024-01-28T13:10:48.423+0100] {dag.py:3820} INFO - Setting next_dagrun for example_xcom to 2021-01-01T00:00:00+00:00, run_after=2021-01-01T00:00:00+00:00
[2024-01-28T13:10:48.446+0100] {processor.py:183} INFO - Processing /home/hadoop/.local/lib/python3.10/site-packages/airflow/example_dags/example_xcom.py took 0.171 seconds
[2024-01-28T13:11:44.150+0100] {processor.py:161} INFO - Started process (PID=5518) to work on /home/hadoop/.local/lib/python3.10/site-packages/airflow/example_dags/example_xcom.py
[2024-01-28T13:11:44.155+0100] {processor.py:830} INFO - Processing file /home/hadoop/.local/lib/python3.10/site-packages/airflow/example_dags/example_xcom.py for tasks to queue
[2024-01-28T13:11:44.156+0100] {logging_mixin.py:188} INFO - [2024-01-28T13:11:44.156+0100] {dagbag.py:538} INFO - Filling up the DagBag from /home/hadoop/.local/lib/python3.10/site-packages/airflow/example_dags/example_xcom.py
[2024-01-28T13:11:44.164+0100] {processor.py:840} INFO - DAG(s) 'example_xcom' retrieved from /home/hadoop/.local/lib/python3.10/site-packages/airflow/example_dags/example_xcom.py
[2024-01-28T13:11:44.196+0100] {logging_mixin.py:188} INFO - [2024-01-28T13:11:44.195+0100] {dag.py:3033} INFO - Sync 1 DAGs
[2024-01-28T13:11:44.220+0100] {logging_mixin.py:188} INFO - [2024-01-28T13:11:44.220+0100] {dag.py:3820} INFO - Setting next_dagrun for example_xcom to 2021-01-01T00:00:00+00:00, run_after=2021-01-01T00:00:00+00:00
[2024-01-28T13:11:44.252+0100] {processor.py:183} INFO - Processing /home/hadoop/.local/lib/python3.10/site-packages/airflow/example_dags/example_xcom.py took 0.109 seconds
[2024-01-28T13:12:36.464+0100] {processor.py:161} INFO - Started process (PID=5633) to work on /home/hadoop/.local/lib/python3.10/site-packages/airflow/example_dags/example_xcom.py
[2024-01-28T13:12:36.466+0100] {processor.py:830} INFO - Processing file /home/hadoop/.local/lib/python3.10/site-packages/airflow/example_dags/example_xcom.py for tasks to queue
[2024-01-28T13:12:36.467+0100] {logging_mixin.py:188} INFO - [2024-01-28T13:12:36.466+0100] {dagbag.py:538} INFO - Filling up the DagBag from /home/hadoop/.local/lib/python3.10/site-packages/airflow/example_dags/example_xcom.py
[2024-01-28T13:12:36.474+0100] {processor.py:840} INFO - DAG(s) 'example_xcom' retrieved from /home/hadoop/.local/lib/python3.10/site-packages/airflow/example_dags/example_xcom.py
[2024-01-28T13:12:36.488+0100] {logging_mixin.py:188} INFO - [2024-01-28T13:12:36.488+0100] {dag.py:3033} INFO - Sync 1 DAGs
[2024-01-28T13:12:36.501+0100] {logging_mixin.py:188} INFO - [2024-01-28T13:12:36.501+0100] {dag.py:3820} INFO - Setting next_dagrun for example_xcom to 2021-01-01T00:00:00+00:00, run_after=2021-01-01T00:00:00+00:00
[2024-01-28T13:12:36.522+0100] {processor.py:183} INFO - Processing /home/hadoop/.local/lib/python3.10/site-packages/airflow/example_dags/example_xcom.py took 0.060 seconds
[2024-01-28T13:13:21.501+0100] {processor.py:161} INFO - Started process (PID=5734) to work on /home/hadoop/.local/lib/python3.10/site-packages/airflow/example_dags/example_xcom.py
[2024-01-28T13:13:21.502+0100] {processor.py:830} INFO - Processing file /home/hadoop/.local/lib/python3.10/site-packages/airflow/example_dags/example_xcom.py for tasks to queue
[2024-01-28T13:13:21.503+0100] {logging_mixin.py:188} INFO - [2024-01-28T13:13:21.502+0100] {dagbag.py:538} INFO - Filling up the DagBag from /home/hadoop/.local/lib/python3.10/site-packages/airflow/example_dags/example_xcom.py
[2024-01-28T13:13:21.510+0100] {processor.py:840} INFO - DAG(s) 'example_xcom' retrieved from /home/hadoop/.local/lib/python3.10/site-packages/airflow/example_dags/example_xcom.py
[2024-01-28T13:13:21.526+0100] {logging_mixin.py:188} INFO - [2024-01-28T13:13:21.526+0100] {dag.py:3033} INFO - Sync 1 DAGs
[2024-01-28T13:13:21.541+0100] {logging_mixin.py:188} INFO - [2024-01-28T13:13:21.541+0100] {dag.py:3820} INFO - Setting next_dagrun for example_xcom to 2021-01-01T00:00:00+00:00, run_after=2021-01-01T00:00:00+00:00
[2024-01-28T13:13:21.564+0100] {processor.py:183} INFO - Processing /home/hadoop/.local/lib/python3.10/site-packages/airflow/example_dags/example_xcom.py took 0.066 seconds
[2024-01-28T13:14:04.279+0100] {processor.py:161} INFO - Started process (PID=5824) to work on /home/hadoop/.local/lib/python3.10/site-packages/airflow/example_dags/example_xcom.py
[2024-01-28T13:14:04.281+0100] {processor.py:830} INFO - Processing file /home/hadoop/.local/lib/python3.10/site-packages/airflow/example_dags/example_xcom.py for tasks to queue
[2024-01-28T13:14:04.282+0100] {logging_mixin.py:188} INFO - [2024-01-28T13:14:04.281+0100] {dagbag.py:538} INFO - Filling up the DagBag from /home/hadoop/.local/lib/python3.10/site-packages/airflow/example_dags/example_xcom.py
[2024-01-28T13:14:04.287+0100] {processor.py:840} INFO - DAG(s) 'example_xcom' retrieved from /home/hadoop/.local/lib/python3.10/site-packages/airflow/example_dags/example_xcom.py
[2024-01-28T13:14:04.300+0100] {logging_mixin.py:188} INFO - [2024-01-28T13:14:04.300+0100] {dag.py:3033} INFO - Sync 1 DAGs
[2024-01-28T13:14:04.312+0100] {logging_mixin.py:188} INFO - [2024-01-28T13:14:04.312+0100] {dag.py:3820} INFO - Setting next_dagrun for example_xcom to 2021-01-01T00:00:00+00:00, run_after=2021-01-01T00:00:00+00:00
[2024-01-28T13:14:04.334+0100] {processor.py:183} INFO - Processing /home/hadoop/.local/lib/python3.10/site-packages/airflow/example_dags/example_xcom.py took 0.057 seconds
[2024-01-28T13:14:55.506+0100] {processor.py:161} INFO - Started process (PID=5921) to work on /home/hadoop/.local/lib/python3.10/site-packages/airflow/example_dags/example_xcom.py
[2024-01-28T13:14:55.507+0100] {processor.py:830} INFO - Processing file /home/hadoop/.local/lib/python3.10/site-packages/airflow/example_dags/example_xcom.py for tasks to queue
[2024-01-28T13:14:55.508+0100] {logging_mixin.py:188} INFO - [2024-01-28T13:14:55.508+0100] {dagbag.py:538} INFO - Filling up the DagBag from /home/hadoop/.local/lib/python3.10/site-packages/airflow/example_dags/example_xcom.py
[2024-01-28T13:14:55.514+0100] {processor.py:840} INFO - DAG(s) 'example_xcom' retrieved from /home/hadoop/.local/lib/python3.10/site-packages/airflow/example_dags/example_xcom.py
[2024-01-28T13:14:55.529+0100] {logging_mixin.py:188} INFO - [2024-01-28T13:14:55.529+0100] {dag.py:3033} INFO - Sync 1 DAGs
[2024-01-28T13:14:55.543+0100] {logging_mixin.py:188} INFO - [2024-01-28T13:14:55.543+0100] {dag.py:3820} INFO - Setting next_dagrun for example_xcom to 2021-01-01T00:00:00+00:00, run_after=2021-01-01T00:00:00+00:00
[2024-01-28T13:14:55.566+0100] {processor.py:183} INFO - Processing /home/hadoop/.local/lib/python3.10/site-packages/airflow/example_dags/example_xcom.py took 0.062 seconds
