[2024-01-28T13:10:53.911+0100] {processor.py:161} INFO - Started process (PID=5263) to work on /home/hadoop/.local/lib/python3.10/site-packages/airflow/example_dags/example_python_operator.py
[2024-01-28T13:10:53.913+0100] {processor.py:830} INFO - Processing file /home/hadoop/.local/lib/python3.10/site-packages/airflow/example_dags/example_python_operator.py for tasks to queue
[2024-01-28T13:10:53.913+0100] {logging_mixin.py:188} INFO - [2024-01-28T13:10:53.913+0100] {dagbag.py:538} INFO - Filling up the DagBag from /home/hadoop/.local/lib/python3.10/site-packages/airflow/example_dags/example_python_operator.py
[2024-01-28T13:10:53.932+0100] {processor.py:840} INFO - DAG(s) 'example_python_operator' retrieved from /home/hadoop/.local/lib/python3.10/site-packages/airflow/example_dags/example_python_operator.py
[2024-01-28T13:10:54.090+0100] {logging_mixin.py:188} INFO - [2024-01-28T13:10:54.089+0100] {override.py:1769} INFO - Created Permission View: can edit on DAG:example_python_operator
[2024-01-28T13:10:54.114+0100] {logging_mixin.py:188} INFO - [2024-01-28T13:10:54.114+0100] {override.py:1769} INFO - Created Permission View: can delete on DAG:example_python_operator
[2024-01-28T13:10:54.146+0100] {logging_mixin.py:188} INFO - [2024-01-28T13:10:54.146+0100] {override.py:1769} INFO - Created Permission View: can read on DAG:example_python_operator
[2024-01-28T13:10:54.146+0100] {logging_mixin.py:188} INFO - [2024-01-28T13:10:54.146+0100] {dag.py:3033} INFO - Sync 1 DAGs
[2024-01-28T13:10:54.180+0100] {logging_mixin.py:188} INFO - [2024-01-28T13:10:54.179+0100] {dag.py:3055} INFO - Creating ORM DAG for example_python_operator
[2024-01-28T13:10:54.181+0100] {logging_mixin.py:188} INFO - [2024-01-28T13:10:54.181+0100] {dag.py:3820} INFO - Setting next_dagrun for example_python_operator to None, run_after=None
[2024-01-28T13:10:54.207+0100] {processor.py:183} INFO - Processing /home/hadoop/.local/lib/python3.10/site-packages/airflow/example_dags/example_python_operator.py took 0.300 seconds
[2024-01-28T13:11:48.367+0100] {processor.py:161} INFO - Started process (PID=5528) to work on /home/hadoop/.local/lib/python3.10/site-packages/airflow/example_dags/example_python_operator.py
[2024-01-28T13:11:48.371+0100] {processor.py:830} INFO - Processing file /home/hadoop/.local/lib/python3.10/site-packages/airflow/example_dags/example_python_operator.py for tasks to queue
[2024-01-28T13:11:48.372+0100] {logging_mixin.py:188} INFO - [2024-01-28T13:11:48.371+0100] {dagbag.py:538} INFO - Filling up the DagBag from /home/hadoop/.local/lib/python3.10/site-packages/airflow/example_dags/example_python_operator.py
[2024-01-28T13:11:48.388+0100] {processor.py:840} INFO - DAG(s) 'example_python_operator' retrieved from /home/hadoop/.local/lib/python3.10/site-packages/airflow/example_dags/example_python_operator.py
[2024-01-28T13:11:48.407+0100] {logging_mixin.py:188} INFO - [2024-01-28T13:11:48.406+0100] {dag.py:3033} INFO - Sync 1 DAGs
[2024-01-28T13:11:48.417+0100] {logging_mixin.py:188} INFO - [2024-01-28T13:11:48.417+0100] {dag.py:3820} INFO - Setting next_dagrun for example_python_operator to None, run_after=None
[2024-01-28T13:11:48.437+0100] {processor.py:183} INFO - Processing /home/hadoop/.local/lib/python3.10/site-packages/airflow/example_dags/example_python_operator.py took 0.073 seconds
[2024-01-28T13:12:40.030+0100] {processor.py:161} INFO - Started process (PID=5640) to work on /home/hadoop/.local/lib/python3.10/site-packages/airflow/example_dags/example_python_operator.py
[2024-01-28T13:12:40.031+0100] {processor.py:830} INFO - Processing file /home/hadoop/.local/lib/python3.10/site-packages/airflow/example_dags/example_python_operator.py for tasks to queue
[2024-01-28T13:12:40.032+0100] {logging_mixin.py:188} INFO - [2024-01-28T13:12:40.032+0100] {dagbag.py:538} INFO - Filling up the DagBag from /home/hadoop/.local/lib/python3.10/site-packages/airflow/example_dags/example_python_operator.py
[2024-01-28T13:12:40.041+0100] {processor.py:840} INFO - DAG(s) 'example_python_operator' retrieved from /home/hadoop/.local/lib/python3.10/site-packages/airflow/example_dags/example_python_operator.py
[2024-01-28T13:12:40.057+0100] {logging_mixin.py:188} INFO - [2024-01-28T13:12:40.057+0100] {dag.py:3033} INFO - Sync 1 DAGs
[2024-01-28T13:12:40.065+0100] {logging_mixin.py:188} INFO - [2024-01-28T13:12:40.065+0100] {dag.py:3820} INFO - Setting next_dagrun for example_python_operator to None, run_after=None
[2024-01-28T13:12:40.086+0100] {processor.py:183} INFO - Processing /home/hadoop/.local/lib/python3.10/site-packages/airflow/example_dags/example_python_operator.py took 0.059 seconds
[2024-01-28T13:13:25.667+0100] {processor.py:161} INFO - Started process (PID=5742) to work on /home/hadoop/.local/lib/python3.10/site-packages/airflow/example_dags/example_python_operator.py
[2024-01-28T13:13:25.669+0100] {processor.py:830} INFO - Processing file /home/hadoop/.local/lib/python3.10/site-packages/airflow/example_dags/example_python_operator.py for tasks to queue
[2024-01-28T13:13:25.669+0100] {logging_mixin.py:188} INFO - [2024-01-28T13:13:25.669+0100] {dagbag.py:538} INFO - Filling up the DagBag from /home/hadoop/.local/lib/python3.10/site-packages/airflow/example_dags/example_python_operator.py
[2024-01-28T13:13:25.678+0100] {processor.py:840} INFO - DAG(s) 'example_python_operator' retrieved from /home/hadoop/.local/lib/python3.10/site-packages/airflow/example_dags/example_python_operator.py
[2024-01-28T13:13:25.692+0100] {logging_mixin.py:188} INFO - [2024-01-28T13:13:25.692+0100] {dag.py:3033} INFO - Sync 1 DAGs
[2024-01-28T13:13:25.701+0100] {logging_mixin.py:188} INFO - [2024-01-28T13:13:25.700+0100] {dag.py:3820} INFO - Setting next_dagrun for example_python_operator to None, run_after=None
[2024-01-28T13:13:25.722+0100] {processor.py:183} INFO - Processing /home/hadoop/.local/lib/python3.10/site-packages/airflow/example_dags/example_python_operator.py took 0.057 seconds
[2024-01-28T13:14:07.863+0100] {processor.py:161} INFO - Started process (PID=5829) to work on /home/hadoop/.local/lib/python3.10/site-packages/airflow/example_dags/example_python_operator.py
[2024-01-28T13:14:07.865+0100] {processor.py:830} INFO - Processing file /home/hadoop/.local/lib/python3.10/site-packages/airflow/example_dags/example_python_operator.py for tasks to queue
[2024-01-28T13:14:07.866+0100] {logging_mixin.py:188} INFO - [2024-01-28T13:14:07.865+0100] {dagbag.py:538} INFO - Filling up the DagBag from /home/hadoop/.local/lib/python3.10/site-packages/airflow/example_dags/example_python_operator.py
[2024-01-28T13:14:07.875+0100] {processor.py:840} INFO - DAG(s) 'example_python_operator' retrieved from /home/hadoop/.local/lib/python3.10/site-packages/airflow/example_dags/example_python_operator.py
[2024-01-28T13:14:07.888+0100] {logging_mixin.py:188} INFO - [2024-01-28T13:14:07.888+0100] {dag.py:3033} INFO - Sync 1 DAGs
[2024-01-28T13:14:07.895+0100] {logging_mixin.py:188} INFO - [2024-01-28T13:14:07.895+0100] {dag.py:3820} INFO - Setting next_dagrun for example_python_operator to None, run_after=None
[2024-01-28T13:14:07.916+0100] {processor.py:183} INFO - Processing /home/hadoop/.local/lib/python3.10/site-packages/airflow/example_dags/example_python_operator.py took 0.055 seconds
[2024-01-28T13:14:59.743+0100] {processor.py:161} INFO - Started process (PID=5928) to work on /home/hadoop/.local/lib/python3.10/site-packages/airflow/example_dags/example_python_operator.py
[2024-01-28T13:14:59.744+0100] {processor.py:830} INFO - Processing file /home/hadoop/.local/lib/python3.10/site-packages/airflow/example_dags/example_python_operator.py for tasks to queue
[2024-01-28T13:14:59.745+0100] {logging_mixin.py:188} INFO - [2024-01-28T13:14:59.745+0100] {dagbag.py:538} INFO - Filling up the DagBag from /home/hadoop/.local/lib/python3.10/site-packages/airflow/example_dags/example_python_operator.py
[2024-01-28T13:14:59.760+0100] {processor.py:840} INFO - DAG(s) 'example_python_operator' retrieved from /home/hadoop/.local/lib/python3.10/site-packages/airflow/example_dags/example_python_operator.py
[2024-01-28T13:14:59.781+0100] {logging_mixin.py:188} INFO - [2024-01-28T13:14:59.781+0100] {dag.py:3033} INFO - Sync 1 DAGs
[2024-01-28T13:14:59.793+0100] {logging_mixin.py:188} INFO - [2024-01-28T13:14:59.793+0100] {dag.py:3820} INFO - Setting next_dagrun for example_python_operator to None, run_after=None
[2024-01-28T13:14:59.829+0100] {processor.py:183} INFO - Processing /home/hadoop/.local/lib/python3.10/site-packages/airflow/example_dags/example_python_operator.py took 0.097 seconds
