[2024-01-28T13:10:49.523+0100] {processor.py:161} INFO - Started process (PID=5222) to work on /home/hadoop/.local/lib/python3.10/site-packages/airflow/example_dags/example_subdag_operator.py
[2024-01-28T13:10:49.524+0100] {processor.py:830} INFO - Processing file /home/hadoop/.local/lib/python3.10/site-packages/airflow/example_dags/example_subdag_operator.py for tasks to queue
[2024-01-28T13:10:49.524+0100] {logging_mixin.py:188} INFO - [2024-01-28T13:10:49.524+0100] {dagbag.py:538} INFO - Filling up the DagBag from /home/hadoop/.local/lib/python3.10/site-packages/airflow/example_dags/example_subdag_operator.py
[2024-01-28T13:10:49.541+0100] {processor.py:840} INFO - DAG(s) 'example_subdag_operator.section-1', 'example_subdag_operator.section-2', 'example_subdag_operator' retrieved from /home/hadoop/.local/lib/python3.10/site-packages/airflow/example_dags/example_subdag_operator.py
[2024-01-28T13:10:49.627+0100] {logging_mixin.py:188} INFO - [2024-01-28T13:10:49.627+0100] {override.py:1769} INFO - Created Permission View: can edit on DAG:example_subdag_operator
[2024-01-28T13:10:49.639+0100] {logging_mixin.py:188} INFO - [2024-01-28T13:10:49.638+0100] {override.py:1769} INFO - Created Permission View: can delete on DAG:example_subdag_operator
[2024-01-28T13:10:49.647+0100] {logging_mixin.py:188} INFO - [2024-01-28T13:10:49.647+0100] {override.py:1769} INFO - Created Permission View: can read on DAG:example_subdag_operator
[2024-01-28T13:10:49.647+0100] {logging_mixin.py:188} INFO - [2024-01-28T13:10:49.647+0100] {dag.py:3033} INFO - Sync 3 DAGs
[2024-01-28T13:10:49.654+0100] {logging_mixin.py:188} INFO - [2024-01-28T13:10:49.654+0100] {dag.py:3055} INFO - Creating ORM DAG for example_subdag_operator.section-1
[2024-01-28T13:10:49.655+0100] {logging_mixin.py:188} INFO - [2024-01-28T13:10:49.655+0100] {dag.py:3055} INFO - Creating ORM DAG for example_subdag_operator
[2024-01-28T13:10:49.655+0100] {logging_mixin.py:188} INFO - [2024-01-28T13:10:49.655+0100] {dag.py:3055} INFO - Creating ORM DAG for example_subdag_operator.section-2
[2024-01-28T13:10:49.660+0100] {logging_mixin.py:188} INFO - [2024-01-28T13:10:49.660+0100] {dag.py:3820} INFO - Setting next_dagrun for example_subdag_operator to 2022-01-01T00:00:00+00:00, run_after=2022-01-01T00:00:00+00:00
[2024-01-28T13:10:49.661+0100] {logging_mixin.py:188} INFO - [2024-01-28T13:10:49.661+0100] {dag.py:3820} INFO - Setting next_dagrun for example_subdag_operator.section-1 to None, run_after=None
[2024-01-28T13:10:49.661+0100] {logging_mixin.py:188} INFO - [2024-01-28T13:10:49.661+0100] {dag.py:3820} INFO - Setting next_dagrun for example_subdag_operator.section-2 to None, run_after=None
[2024-01-28T13:10:49.665+0100] {logging_mixin.py:188} INFO - [2024-01-28T13:10:49.665+0100] {dag.py:3033} INFO - Sync 2 DAGs
[2024-01-28T13:10:49.667+0100] {logging_mixin.py:188} INFO - [2024-01-28T13:10:49.667+0100] {dag.py:3820} INFO - Setting next_dagrun for example_subdag_operator.section-1 to None, run_after=None
[2024-01-28T13:10:49.669+0100] {logging_mixin.py:188} INFO - [2024-01-28T13:10:49.669+0100] {dag.py:3820} INFO - Setting next_dagrun for example_subdag_operator.section-2 to None, run_after=None
[2024-01-28T13:10:49.689+0100] {processor.py:183} INFO - Processing /home/hadoop/.local/lib/python3.10/site-packages/airflow/example_dags/example_subdag_operator.py took 0.168 seconds
[2024-01-28T13:11:45.417+0100] {processor.py:161} INFO - Started process (PID=5520) to work on /home/hadoop/.local/lib/python3.10/site-packages/airflow/example_dags/example_subdag_operator.py
[2024-01-28T13:11:45.420+0100] {processor.py:830} INFO - Processing file /home/hadoop/.local/lib/python3.10/site-packages/airflow/example_dags/example_subdag_operator.py for tasks to queue
[2024-01-28T13:11:45.421+0100] {logging_mixin.py:188} INFO - [2024-01-28T13:11:45.421+0100] {dagbag.py:538} INFO - Filling up the DagBag from /home/hadoop/.local/lib/python3.10/site-packages/airflow/example_dags/example_subdag_operator.py
[2024-01-28T13:11:45.437+0100] {processor.py:840} INFO - DAG(s) 'example_subdag_operator.section-1', 'example_subdag_operator.section-2', 'example_subdag_operator' retrieved from /home/hadoop/.local/lib/python3.10/site-packages/airflow/example_dags/example_subdag_operator.py
[2024-01-28T13:11:45.448+0100] {logging_mixin.py:188} INFO - [2024-01-28T13:11:45.448+0100] {dag.py:3033} INFO - Sync 3 DAGs
[2024-01-28T13:11:45.461+0100] {logging_mixin.py:188} INFO - [2024-01-28T13:11:45.461+0100] {dag.py:3820} INFO - Setting next_dagrun for example_subdag_operator to 2022-01-01T00:00:00+00:00, run_after=2022-01-01T00:00:00+00:00
[2024-01-28T13:11:45.463+0100] {logging_mixin.py:188} INFO - [2024-01-28T13:11:45.463+0100] {dag.py:3820} INFO - Setting next_dagrun for example_subdag_operator.section-1 to None, run_after=None
[2024-01-28T13:11:45.464+0100] {logging_mixin.py:188} INFO - [2024-01-28T13:11:45.464+0100] {dag.py:3820} INFO - Setting next_dagrun for example_subdag_operator.section-2 to None, run_after=None
[2024-01-28T13:11:45.468+0100] {logging_mixin.py:188} INFO - [2024-01-28T13:11:45.468+0100] {dag.py:3033} INFO - Sync 2 DAGs
[2024-01-28T13:11:45.472+0100] {logging_mixin.py:188} INFO - [2024-01-28T13:11:45.471+0100] {dag.py:3820} INFO - Setting next_dagrun for example_subdag_operator.section-1 to None, run_after=None
[2024-01-28T13:11:45.472+0100] {logging_mixin.py:188} INFO - [2024-01-28T13:11:45.472+0100] {dag.py:3820} INFO - Setting next_dagrun for example_subdag_operator.section-2 to None, run_after=None
[2024-01-28T13:11:45.488+0100] {processor.py:183} INFO - Processing /home/hadoop/.local/lib/python3.10/site-packages/airflow/example_dags/example_subdag_operator.py took 0.074 seconds
[2024-01-28T13:12:37.606+0100] {processor.py:161} INFO - Started process (PID=5635) to work on /home/hadoop/.local/lib/python3.10/site-packages/airflow/example_dags/example_subdag_operator.py
[2024-01-28T13:12:37.608+0100] {processor.py:830} INFO - Processing file /home/hadoop/.local/lib/python3.10/site-packages/airflow/example_dags/example_subdag_operator.py for tasks to queue
[2024-01-28T13:12:37.608+0100] {logging_mixin.py:188} INFO - [2024-01-28T13:12:37.608+0100] {dagbag.py:538} INFO - Filling up the DagBag from /home/hadoop/.local/lib/python3.10/site-packages/airflow/example_dags/example_subdag_operator.py
[2024-01-28T13:12:37.627+0100] {processor.py:840} INFO - DAG(s) 'example_subdag_operator.section-1', 'example_subdag_operator.section-2', 'example_subdag_operator' retrieved from /home/hadoop/.local/lib/python3.10/site-packages/airflow/example_dags/example_subdag_operator.py
[2024-01-28T13:12:37.638+0100] {logging_mixin.py:188} INFO - [2024-01-28T13:12:37.637+0100] {dag.py:3033} INFO - Sync 3 DAGs
[2024-01-28T13:12:37.649+0100] {logging_mixin.py:188} INFO - [2024-01-28T13:12:37.649+0100] {dag.py:3820} INFO - Setting next_dagrun for example_subdag_operator to 2022-01-01T00:00:00+00:00, run_after=2022-01-01T00:00:00+00:00
[2024-01-28T13:12:37.651+0100] {logging_mixin.py:188} INFO - [2024-01-28T13:12:37.651+0100] {dag.py:3820} INFO - Setting next_dagrun for example_subdag_operator.section-1 to None, run_after=None
[2024-01-28T13:12:37.652+0100] {logging_mixin.py:188} INFO - [2024-01-28T13:12:37.652+0100] {dag.py:3820} INFO - Setting next_dagrun for example_subdag_operator.section-2 to None, run_after=None
[2024-01-28T13:12:37.657+0100] {logging_mixin.py:188} INFO - [2024-01-28T13:12:37.656+0100] {dag.py:3033} INFO - Sync 2 DAGs
[2024-01-28T13:12:37.662+0100] {logging_mixin.py:188} INFO - [2024-01-28T13:12:37.662+0100] {dag.py:3820} INFO - Setting next_dagrun for example_subdag_operator.section-1 to None, run_after=None
[2024-01-28T13:12:37.662+0100] {logging_mixin.py:188} INFO - [2024-01-28T13:12:37.662+0100] {dag.py:3820} INFO - Setting next_dagrun for example_subdag_operator.section-2 to None, run_after=None
[2024-01-28T13:12:37.679+0100] {processor.py:183} INFO - Processing /home/hadoop/.local/lib/python3.10/site-packages/airflow/example_dags/example_subdag_operator.py took 0.076 seconds
[2024-01-28T13:13:22.632+0100] {processor.py:161} INFO - Started process (PID=5735) to work on /home/hadoop/.local/lib/python3.10/site-packages/airflow/example_dags/example_subdag_operator.py
[2024-01-28T13:13:22.634+0100] {processor.py:830} INFO - Processing file /home/hadoop/.local/lib/python3.10/site-packages/airflow/example_dags/example_subdag_operator.py for tasks to queue
[2024-01-28T13:13:22.634+0100] {logging_mixin.py:188} INFO - [2024-01-28T13:13:22.634+0100] {dagbag.py:538} INFO - Filling up the DagBag from /home/hadoop/.local/lib/python3.10/site-packages/airflow/example_dags/example_subdag_operator.py
[2024-01-28T13:13:22.652+0100] {processor.py:840} INFO - DAG(s) 'example_subdag_operator.section-1', 'example_subdag_operator.section-2', 'example_subdag_operator' retrieved from /home/hadoop/.local/lib/python3.10/site-packages/airflow/example_dags/example_subdag_operator.py
[2024-01-28T13:13:22.663+0100] {logging_mixin.py:188} INFO - [2024-01-28T13:13:22.663+0100] {dag.py:3033} INFO - Sync 3 DAGs
[2024-01-28T13:13:22.676+0100] {logging_mixin.py:188} INFO - [2024-01-28T13:13:22.675+0100] {dag.py:3820} INFO - Setting next_dagrun for example_subdag_operator to 2022-01-01T00:00:00+00:00, run_after=2022-01-01T00:00:00+00:00
[2024-01-28T13:13:22.677+0100] {logging_mixin.py:188} INFO - [2024-01-28T13:13:22.677+0100] {dag.py:3820} INFO - Setting next_dagrun for example_subdag_operator.section-1 to None, run_after=None
[2024-01-28T13:13:22.678+0100] {logging_mixin.py:188} INFO - [2024-01-28T13:13:22.678+0100] {dag.py:3820} INFO - Setting next_dagrun for example_subdag_operator.section-2 to None, run_after=None
[2024-01-28T13:13:22.683+0100] {logging_mixin.py:188} INFO - [2024-01-28T13:13:22.683+0100] {dag.py:3033} INFO - Sync 2 DAGs
[2024-01-28T13:13:22.686+0100] {logging_mixin.py:188} INFO - [2024-01-28T13:13:22.686+0100] {dag.py:3820} INFO - Setting next_dagrun for example_subdag_operator.section-1 to None, run_after=None
[2024-01-28T13:13:22.686+0100] {logging_mixin.py:188} INFO - [2024-01-28T13:13:22.686+0100] {dag.py:3820} INFO - Setting next_dagrun for example_subdag_operator.section-2 to None, run_after=None
[2024-01-28T13:13:22.700+0100] {processor.py:183} INFO - Processing /home/hadoop/.local/lib/python3.10/site-packages/airflow/example_dags/example_subdag_operator.py took 0.070 seconds
[2024-01-28T13:14:05.413+0100] {processor.py:161} INFO - Started process (PID=5825) to work on /home/hadoop/.local/lib/python3.10/site-packages/airflow/example_dags/example_subdag_operator.py
[2024-01-28T13:14:05.414+0100] {processor.py:830} INFO - Processing file /home/hadoop/.local/lib/python3.10/site-packages/airflow/example_dags/example_subdag_operator.py for tasks to queue
[2024-01-28T13:14:05.415+0100] {logging_mixin.py:188} INFO - [2024-01-28T13:14:05.415+0100] {dagbag.py:538} INFO - Filling up the DagBag from /home/hadoop/.local/lib/python3.10/site-packages/airflow/example_dags/example_subdag_operator.py
[2024-01-28T13:14:05.431+0100] {processor.py:840} INFO - DAG(s) 'example_subdag_operator.section-1', 'example_subdag_operator.section-2', 'example_subdag_operator' retrieved from /home/hadoop/.local/lib/python3.10/site-packages/airflow/example_dags/example_subdag_operator.py
[2024-01-28T13:14:05.441+0100] {logging_mixin.py:188} INFO - [2024-01-28T13:14:05.441+0100] {dag.py:3033} INFO - Sync 3 DAGs
[2024-01-28T13:14:05.453+0100] {logging_mixin.py:188} INFO - [2024-01-28T13:14:05.453+0100] {dag.py:3820} INFO - Setting next_dagrun for example_subdag_operator to 2022-01-01T00:00:00+00:00, run_after=2022-01-01T00:00:00+00:00
[2024-01-28T13:14:05.455+0100] {logging_mixin.py:188} INFO - [2024-01-28T13:14:05.455+0100] {dag.py:3820} INFO - Setting next_dagrun for example_subdag_operator.section-1 to None, run_after=None
[2024-01-28T13:14:05.455+0100] {logging_mixin.py:188} INFO - [2024-01-28T13:14:05.455+0100] {dag.py:3820} INFO - Setting next_dagrun for example_subdag_operator.section-2 to None, run_after=None
[2024-01-28T13:14:05.461+0100] {logging_mixin.py:188} INFO - [2024-01-28T13:14:05.461+0100] {dag.py:3033} INFO - Sync 2 DAGs
[2024-01-28T13:14:05.464+0100] {logging_mixin.py:188} INFO - [2024-01-28T13:14:05.464+0100] {dag.py:3820} INFO - Setting next_dagrun for example_subdag_operator.section-1 to None, run_after=None
[2024-01-28T13:14:05.465+0100] {logging_mixin.py:188} INFO - [2024-01-28T13:14:05.464+0100] {dag.py:3820} INFO - Setting next_dagrun for example_subdag_operator.section-2 to None, run_after=None
[2024-01-28T13:14:05.481+0100] {processor.py:183} INFO - Processing /home/hadoop/.local/lib/python3.10/site-packages/airflow/example_dags/example_subdag_operator.py took 0.071 seconds
[2024-01-28T13:14:56.638+0100] {processor.py:161} INFO - Started process (PID=5923) to work on /home/hadoop/.local/lib/python3.10/site-packages/airflow/example_dags/example_subdag_operator.py
[2024-01-28T13:14:56.641+0100] {processor.py:830} INFO - Processing file /home/hadoop/.local/lib/python3.10/site-packages/airflow/example_dags/example_subdag_operator.py for tasks to queue
[2024-01-28T13:14:56.641+0100] {logging_mixin.py:188} INFO - [2024-01-28T13:14:56.641+0100] {dagbag.py:538} INFO - Filling up the DagBag from /home/hadoop/.local/lib/python3.10/site-packages/airflow/example_dags/example_subdag_operator.py
[2024-01-28T13:14:56.659+0100] {processor.py:840} INFO - DAG(s) 'example_subdag_operator.section-1', 'example_subdag_operator.section-2', 'example_subdag_operator' retrieved from /home/hadoop/.local/lib/python3.10/site-packages/airflow/example_dags/example_subdag_operator.py
[2024-01-28T13:14:56.670+0100] {logging_mixin.py:188} INFO - [2024-01-28T13:14:56.670+0100] {dag.py:3033} INFO - Sync 3 DAGs
[2024-01-28T13:14:56.684+0100] {logging_mixin.py:188} INFO - [2024-01-28T13:14:56.684+0100] {dag.py:3820} INFO - Setting next_dagrun for example_subdag_operator to 2022-01-01T00:00:00+00:00, run_after=2022-01-01T00:00:00+00:00
[2024-01-28T13:14:56.687+0100] {logging_mixin.py:188} INFO - [2024-01-28T13:14:56.686+0100] {dag.py:3820} INFO - Setting next_dagrun for example_subdag_operator.section-1 to None, run_after=None
[2024-01-28T13:14:56.687+0100] {logging_mixin.py:188} INFO - [2024-01-28T13:14:56.687+0100] {dag.py:3820} INFO - Setting next_dagrun for example_subdag_operator.section-2 to None, run_after=None
[2024-01-28T13:14:56.692+0100] {logging_mixin.py:188} INFO - [2024-01-28T13:14:56.691+0100] {dag.py:3033} INFO - Sync 2 DAGs
[2024-01-28T13:14:56.695+0100] {logging_mixin.py:188} INFO - [2024-01-28T13:14:56.695+0100] {dag.py:3820} INFO - Setting next_dagrun for example_subdag_operator.section-1 to None, run_after=None
[2024-01-28T13:14:56.695+0100] {logging_mixin.py:188} INFO - [2024-01-28T13:14:56.695+0100] {dag.py:3820} INFO - Setting next_dagrun for example_subdag_operator.section-2 to None, run_after=None
[2024-01-28T13:14:56.711+0100] {processor.py:183} INFO - Processing /home/hadoop/.local/lib/python3.10/site-packages/airflow/example_dags/example_subdag_operator.py took 0.076 seconds
