[2024-01-28T13:11:17.573+0100] {processor.py:161} INFO - Started process (PID=5435) to work on /home/hadoop/.local/lib/python3.10/site-packages/airflow/example_dags/example_dynamic_task_mapping_with_no_taskflow_operators.py
[2024-01-28T13:11:17.574+0100] {processor.py:830} INFO - Processing file /home/hadoop/.local/lib/python3.10/site-packages/airflow/example_dags/example_dynamic_task_mapping_with_no_taskflow_operators.py for tasks to queue
[2024-01-28T13:11:17.574+0100] {logging_mixin.py:188} INFO - [2024-01-28T13:11:17.574+0100] {dagbag.py:538} INFO - Filling up the DagBag from /home/hadoop/.local/lib/python3.10/site-packages/airflow/example_dags/example_dynamic_task_mapping_with_no_taskflow_operators.py
[2024-01-28T13:11:17.582+0100] {processor.py:840} INFO - DAG(s) 'example_dynamic_task_mapping_with_no_taskflow_operators' retrieved from /home/hadoop/.local/lib/python3.10/site-packages/airflow/example_dags/example_dynamic_task_mapping_with_no_taskflow_operators.py
[2024-01-28T13:11:17.665+0100] {logging_mixin.py:188} INFO - [2024-01-28T13:11:17.664+0100] {override.py:1769} INFO - Created Permission View: can edit on DAG:example_dynamic_task_mapping_with_no_taskflow_operators
[2024-01-28T13:11:17.679+0100] {logging_mixin.py:188} INFO - [2024-01-28T13:11:17.678+0100] {override.py:1769} INFO - Created Permission View: can delete on DAG:example_dynamic_task_mapping_with_no_taskflow_operators
[2024-01-28T13:11:17.688+0100] {logging_mixin.py:188} INFO - [2024-01-28T13:11:17.688+0100] {override.py:1769} INFO - Created Permission View: can read on DAG:example_dynamic_task_mapping_with_no_taskflow_operators
[2024-01-28T13:11:17.689+0100] {logging_mixin.py:188} INFO - [2024-01-28T13:11:17.689+0100] {dag.py:3033} INFO - Sync 1 DAGs
[2024-01-28T13:11:17.696+0100] {logging_mixin.py:188} INFO - [2024-01-28T13:11:17.696+0100] {dag.py:3055} INFO - Creating ORM DAG for example_dynamic_task_mapping_with_no_taskflow_operators
[2024-01-28T13:11:17.702+0100] {logging_mixin.py:188} INFO - [2024-01-28T13:11:17.701+0100] {dag.py:3820} INFO - Setting next_dagrun for example_dynamic_task_mapping_with_no_taskflow_operators to 2024-01-27T00:00:00+00:00, run_after=2024-01-28T00:00:00+00:00
[2024-01-28T13:11:17.722+0100] {processor.py:183} INFO - Processing /home/hadoop/.local/lib/python3.10/site-packages/airflow/example_dags/example_dynamic_task_mapping_with_no_taskflow_operators.py took 0.152 seconds
[2024-01-28T13:12:09.722+0100] {processor.py:161} INFO - Started process (PID=5580) to work on /home/hadoop/.local/lib/python3.10/site-packages/airflow/example_dags/example_dynamic_task_mapping_with_no_taskflow_operators.py
[2024-01-28T13:12:09.724+0100] {processor.py:830} INFO - Processing file /home/hadoop/.local/lib/python3.10/site-packages/airflow/example_dags/example_dynamic_task_mapping_with_no_taskflow_operators.py for tasks to queue
[2024-01-28T13:12:09.725+0100] {logging_mixin.py:188} INFO - [2024-01-28T13:12:09.725+0100] {dagbag.py:538} INFO - Filling up the DagBag from /home/hadoop/.local/lib/python3.10/site-packages/airflow/example_dags/example_dynamic_task_mapping_with_no_taskflow_operators.py
[2024-01-28T13:12:09.733+0100] {processor.py:840} INFO - DAG(s) 'example_dynamic_task_mapping_with_no_taskflow_operators' retrieved from /home/hadoop/.local/lib/python3.10/site-packages/airflow/example_dags/example_dynamic_task_mapping_with_no_taskflow_operators.py
[2024-01-28T13:12:09.745+0100] {logging_mixin.py:188} INFO - [2024-01-28T13:12:09.745+0100] {dag.py:3033} INFO - Sync 1 DAGs
[2024-01-28T13:12:09.759+0100] {logging_mixin.py:188} INFO - [2024-01-28T13:12:09.759+0100] {dag.py:3820} INFO - Setting next_dagrun for example_dynamic_task_mapping_with_no_taskflow_operators to 2024-01-27T00:00:00+00:00, run_after=2024-01-28T00:00:00+00:00
[2024-01-28T13:12:09.779+0100] {processor.py:183} INFO - Processing /home/hadoop/.local/lib/python3.10/site-packages/airflow/example_dags/example_dynamic_task_mapping_with_no_taskflow_operators.py took 0.060 seconds
[2024-01-28T13:13:14.213+0100] {processor.py:161} INFO - Started process (PID=5718) to work on /home/hadoop/.local/lib/python3.10/site-packages/airflow/example_dags/example_dynamic_task_mapping_with_no_taskflow_operators.py
[2024-01-28T13:13:14.215+0100] {processor.py:830} INFO - Processing file /home/hadoop/.local/lib/python3.10/site-packages/airflow/example_dags/example_dynamic_task_mapping_with_no_taskflow_operators.py for tasks to queue
[2024-01-28T13:13:14.216+0100] {logging_mixin.py:188} INFO - [2024-01-28T13:13:14.215+0100] {dagbag.py:538} INFO - Filling up the DagBag from /home/hadoop/.local/lib/python3.10/site-packages/airflow/example_dags/example_dynamic_task_mapping_with_no_taskflow_operators.py
[2024-01-28T13:13:14.223+0100] {processor.py:840} INFO - DAG(s) 'example_dynamic_task_mapping_with_no_taskflow_operators' retrieved from /home/hadoop/.local/lib/python3.10/site-packages/airflow/example_dags/example_dynamic_task_mapping_with_no_taskflow_operators.py
[2024-01-28T13:13:14.234+0100] {logging_mixin.py:188} INFO - [2024-01-28T13:13:14.234+0100] {dag.py:3033} INFO - Sync 1 DAGs
[2024-01-28T13:13:14.247+0100] {logging_mixin.py:188} INFO - [2024-01-28T13:13:14.247+0100] {dag.py:3820} INFO - Setting next_dagrun for example_dynamic_task_mapping_with_no_taskflow_operators to 2024-01-27T00:00:00+00:00, run_after=2024-01-28T00:00:00+00:00
[2024-01-28T13:13:14.268+0100] {processor.py:183} INFO - Processing /home/hadoop/.local/lib/python3.10/site-packages/airflow/example_dags/example_dynamic_task_mapping_with_no_taskflow_operators.py took 0.057 seconds
[2024-01-28T13:14:13.259+0100] {processor.py:161} INFO - Started process (PID=5838) to work on /home/hadoop/.local/lib/python3.10/site-packages/airflow/example_dags/example_dynamic_task_mapping_with_no_taskflow_operators.py
[2024-01-28T13:14:13.261+0100] {processor.py:830} INFO - Processing file /home/hadoop/.local/lib/python3.10/site-packages/airflow/example_dags/example_dynamic_task_mapping_with_no_taskflow_operators.py for tasks to queue
[2024-01-28T13:14:13.262+0100] {logging_mixin.py:188} INFO - [2024-01-28T13:14:13.261+0100] {dagbag.py:538} INFO - Filling up the DagBag from /home/hadoop/.local/lib/python3.10/site-packages/airflow/example_dags/example_dynamic_task_mapping_with_no_taskflow_operators.py
[2024-01-28T13:14:13.270+0100] {processor.py:840} INFO - DAG(s) 'example_dynamic_task_mapping_with_no_taskflow_operators' retrieved from /home/hadoop/.local/lib/python3.10/site-packages/airflow/example_dags/example_dynamic_task_mapping_with_no_taskflow_operators.py
[2024-01-28T13:14:13.282+0100] {logging_mixin.py:188} INFO - [2024-01-28T13:14:13.282+0100] {dag.py:3033} INFO - Sync 1 DAGs
[2024-01-28T13:14:13.301+0100] {logging_mixin.py:188} INFO - [2024-01-28T13:14:13.301+0100] {dag.py:3820} INFO - Setting next_dagrun for example_dynamic_task_mapping_with_no_taskflow_operators to 2024-01-27T00:00:00+00:00, run_after=2024-01-28T00:00:00+00:00
[2024-01-28T13:14:13.331+0100] {processor.py:183} INFO - Processing /home/hadoop/.local/lib/python3.10/site-packages/airflow/example_dags/example_dynamic_task_mapping_with_no_taskflow_operators.py took 0.074 seconds
[2024-01-28T13:15:04.884+0100] {processor.py:161} INFO - Started process (PID=5937) to work on /home/hadoop/.local/lib/python3.10/site-packages/airflow/example_dags/example_dynamic_task_mapping_with_no_taskflow_operators.py
[2024-01-28T13:15:04.885+0100] {processor.py:830} INFO - Processing file /home/hadoop/.local/lib/python3.10/site-packages/airflow/example_dags/example_dynamic_task_mapping_with_no_taskflow_operators.py for tasks to queue
[2024-01-28T13:15:04.887+0100] {logging_mixin.py:188} INFO - [2024-01-28T13:15:04.886+0100] {dagbag.py:538} INFO - Filling up the DagBag from /home/hadoop/.local/lib/python3.10/site-packages/airflow/example_dags/example_dynamic_task_mapping_with_no_taskflow_operators.py
[2024-01-28T13:15:04.897+0100] {processor.py:840} INFO - DAG(s) 'example_dynamic_task_mapping_with_no_taskflow_operators' retrieved from /home/hadoop/.local/lib/python3.10/site-packages/airflow/example_dags/example_dynamic_task_mapping_with_no_taskflow_operators.py
[2024-01-28T13:15:04.913+0100] {logging_mixin.py:188} INFO - [2024-01-28T13:15:04.913+0100] {dag.py:3033} INFO - Sync 1 DAGs
[2024-01-28T13:15:04.937+0100] {logging_mixin.py:188} INFO - [2024-01-28T13:15:04.936+0100] {dag.py:3820} INFO - Setting next_dagrun for example_dynamic_task_mapping_with_no_taskflow_operators to 2024-01-27T00:00:00+00:00, run_after=2024-01-28T00:00:00+00:00
[2024-01-28T13:15:04.962+0100] {processor.py:183} INFO - Processing /home/hadoop/.local/lib/python3.10/site-packages/airflow/example_dags/example_dynamic_task_mapping_with_no_taskflow_operators.py took 0.085 seconds
