[2024-01-28T13:11:00.623+0100] {processor.py:161} INFO - Started process (PID=5309) to work on /home/hadoop/.local/lib/python3.10/site-packages/airflow/example_dags/example_branch_python_dop_operator_3.py
[2024-01-28T13:11:00.623+0100] {processor.py:830} INFO - Processing file /home/hadoop/.local/lib/python3.10/site-packages/airflow/example_dags/example_branch_python_dop_operator_3.py for tasks to queue
[2024-01-28T13:11:00.624+0100] {logging_mixin.py:188} INFO - [2024-01-28T13:11:00.624+0100] {dagbag.py:538} INFO - Filling up the DagBag from /home/hadoop/.local/lib/python3.10/site-packages/airflow/example_dags/example_branch_python_dop_operator_3.py
[2024-01-28T13:11:00.631+0100] {processor.py:840} INFO - DAG(s) 'example_branch_dop_operator_v3' retrieved from /home/hadoop/.local/lib/python3.10/site-packages/airflow/example_dags/example_branch_python_dop_operator_3.py
[2024-01-28T13:11:00.706+0100] {logging_mixin.py:188} INFO - [2024-01-28T13:11:00.705+0100] {override.py:1769} INFO - Created Permission View: can edit on DAG:example_branch_dop_operator_v3
[2024-01-28T13:11:00.715+0100] {logging_mixin.py:188} INFO - [2024-01-28T13:11:00.715+0100] {override.py:1769} INFO - Created Permission View: can delete on DAG:example_branch_dop_operator_v3
[2024-01-28T13:11:00.723+0100] {logging_mixin.py:188} INFO - [2024-01-28T13:11:00.723+0100] {override.py:1769} INFO - Created Permission View: can read on DAG:example_branch_dop_operator_v3
[2024-01-28T13:11:00.724+0100] {logging_mixin.py:188} INFO - [2024-01-28T13:11:00.724+0100] {dag.py:3033} INFO - Sync 1 DAGs
[2024-01-28T13:11:00.731+0100] {logging_mixin.py:188} INFO - [2024-01-28T13:11:00.731+0100] {dag.py:3055} INFO - Creating ORM DAG for example_branch_dop_operator_v3
[2024-01-28T13:11:00.739+0100] {logging_mixin.py:188} INFO - [2024-01-28T13:11:00.739+0100] {dag.py:3820} INFO - Setting next_dagrun for example_branch_dop_operator_v3 to 2024-01-28T12:10:00+00:00, run_after=2024-01-28T12:11:00+00:00
[2024-01-28T13:11:00.756+0100] {processor.py:183} INFO - Processing /home/hadoop/.local/lib/python3.10/site-packages/airflow/example_dags/example_branch_python_dop_operator_3.py took 0.136 seconds
[2024-01-28T13:11:54.654+0100] {processor.py:161} INFO - Started process (PID=5540) to work on /home/hadoop/.local/lib/python3.10/site-packages/airflow/example_dags/example_branch_python_dop_operator_3.py
[2024-01-28T13:11:54.658+0100] {processor.py:830} INFO - Processing file /home/hadoop/.local/lib/python3.10/site-packages/airflow/example_dags/example_branch_python_dop_operator_3.py for tasks to queue
[2024-01-28T13:11:54.659+0100] {logging_mixin.py:188} INFO - [2024-01-28T13:11:54.659+0100] {dagbag.py:538} INFO - Filling up the DagBag from /home/hadoop/.local/lib/python3.10/site-packages/airflow/example_dags/example_branch_python_dop_operator_3.py
[2024-01-28T13:11:54.672+0100] {processor.py:840} INFO - DAG(s) 'example_branch_dop_operator_v3' retrieved from /home/hadoop/.local/lib/python3.10/site-packages/airflow/example_dags/example_branch_python_dop_operator_3.py
[2024-01-28T13:11:54.690+0100] {logging_mixin.py:188} INFO - [2024-01-28T13:11:54.689+0100] {dag.py:3033} INFO - Sync 1 DAGs
[2024-01-28T13:11:54.706+0100] {logging_mixin.py:188} INFO - [2024-01-28T13:11:54.706+0100] {dag.py:3820} INFO - Setting next_dagrun for example_branch_dop_operator_v3 to 2024-01-28T12:10:00+00:00, run_after=2024-01-28T12:11:00+00:00
[2024-01-28T13:11:54.736+0100] {processor.py:183} INFO - Processing /home/hadoop/.local/lib/python3.10/site-packages/airflow/example_dags/example_branch_python_dop_operator_3.py took 0.087 seconds
[2024-01-28T13:12:46.178+0100] {processor.py:161} INFO - Started process (PID=5656) to work on /home/hadoop/.local/lib/python3.10/site-packages/airflow/example_dags/example_branch_python_dop_operator_3.py
[2024-01-28T13:12:46.180+0100] {processor.py:830} INFO - Processing file /home/hadoop/.local/lib/python3.10/site-packages/airflow/example_dags/example_branch_python_dop_operator_3.py for tasks to queue
[2024-01-28T13:12:46.180+0100] {logging_mixin.py:188} INFO - [2024-01-28T13:12:46.180+0100] {dagbag.py:538} INFO - Filling up the DagBag from /home/hadoop/.local/lib/python3.10/site-packages/airflow/example_dags/example_branch_python_dop_operator_3.py
[2024-01-28T13:12:46.189+0100] {processor.py:840} INFO - DAG(s) 'example_branch_dop_operator_v3' retrieved from /home/hadoop/.local/lib/python3.10/site-packages/airflow/example_dags/example_branch_python_dop_operator_3.py
[2024-01-28T13:12:46.204+0100] {logging_mixin.py:188} INFO - [2024-01-28T13:12:46.204+0100] {dag.py:3033} INFO - Sync 1 DAGs
[2024-01-28T13:12:46.220+0100] {logging_mixin.py:188} INFO - [2024-01-28T13:12:46.220+0100] {dag.py:3820} INFO - Setting next_dagrun for example_branch_dop_operator_v3 to 2024-01-28T12:11:00+00:00, run_after=2024-01-28T12:12:00+00:00
[2024-01-28T13:12:46.242+0100] {processor.py:183} INFO - Processing /home/hadoop/.local/lib/python3.10/site-packages/airflow/example_dags/example_branch_python_dop_operator_3.py took 0.067 seconds
[2024-01-28T13:13:31.586+0100] {processor.py:161} INFO - Started process (PID=5753) to work on /home/hadoop/.local/lib/python3.10/site-packages/airflow/example_dags/example_branch_python_dop_operator_3.py
[2024-01-28T13:13:31.587+0100] {processor.py:830} INFO - Processing file /home/hadoop/.local/lib/python3.10/site-packages/airflow/example_dags/example_branch_python_dop_operator_3.py for tasks to queue
[2024-01-28T13:13:31.588+0100] {logging_mixin.py:188} INFO - [2024-01-28T13:13:31.588+0100] {dagbag.py:538} INFO - Filling up the DagBag from /home/hadoop/.local/lib/python3.10/site-packages/airflow/example_dags/example_branch_python_dop_operator_3.py
[2024-01-28T13:13:31.596+0100] {processor.py:840} INFO - DAG(s) 'example_branch_dop_operator_v3' retrieved from /home/hadoop/.local/lib/python3.10/site-packages/airflow/example_dags/example_branch_python_dop_operator_3.py
[2024-01-28T13:13:31.614+0100] {logging_mixin.py:188} INFO - [2024-01-28T13:13:31.614+0100] {dag.py:3033} INFO - Sync 1 DAGs
[2024-01-28T13:13:31.632+0100] {logging_mixin.py:188} INFO - [2024-01-28T13:13:31.632+0100] {dag.py:3820} INFO - Setting next_dagrun for example_branch_dop_operator_v3 to 2024-01-28T12:12:00+00:00, run_after=2024-01-28T12:13:00+00:00
[2024-01-28T13:13:31.655+0100] {processor.py:183} INFO - Processing /home/hadoop/.local/lib/python3.10/site-packages/airflow/example_dags/example_branch_python_dop_operator_3.py took 0.072 seconds
[2024-01-28T13:14:28.058+0100] {processor.py:161} INFO - Started process (PID=5872) to work on /home/hadoop/.local/lib/python3.10/site-packages/airflow/example_dags/example_branch_python_dop_operator_3.py
[2024-01-28T13:14:28.060+0100] {processor.py:830} INFO - Processing file /home/hadoop/.local/lib/python3.10/site-packages/airflow/example_dags/example_branch_python_dop_operator_3.py for tasks to queue
[2024-01-28T13:14:28.061+0100] {logging_mixin.py:188} INFO - [2024-01-28T13:14:28.061+0100] {dagbag.py:538} INFO - Filling up the DagBag from /home/hadoop/.local/lib/python3.10/site-packages/airflow/example_dags/example_branch_python_dop_operator_3.py
[2024-01-28T13:14:28.070+0100] {processor.py:840} INFO - DAG(s) 'example_branch_dop_operator_v3' retrieved from /home/hadoop/.local/lib/python3.10/site-packages/airflow/example_dags/example_branch_python_dop_operator_3.py
[2024-01-28T13:14:28.085+0100] {logging_mixin.py:188} INFO - [2024-01-28T13:14:28.084+0100] {dag.py:3033} INFO - Sync 1 DAGs
[2024-01-28T13:14:28.106+0100] {logging_mixin.py:188} INFO - [2024-01-28T13:14:28.106+0100] {dag.py:3820} INFO - Setting next_dagrun for example_branch_dop_operator_v3 to 2024-01-28T12:13:00+00:00, run_after=2024-01-28T12:14:00+00:00
[2024-01-28T13:14:28.130+0100] {processor.py:183} INFO - Processing /home/hadoop/.local/lib/python3.10/site-packages/airflow/example_dags/example_branch_python_dop_operator_3.py took 0.075 seconds
