[2024-01-28T13:10:41.513+0100] {processor.py:161} INFO - Started process (PID=5160) to work on /home/hadoop/.local/lib/python3.10/site-packages/airflow/example_dags/example_task_group.py
[2024-01-28T13:10:41.514+0100] {processor.py:830} INFO - Processing file /home/hadoop/.local/lib/python3.10/site-packages/airflow/example_dags/example_task_group.py for tasks to queue
[2024-01-28T13:10:41.514+0100] {logging_mixin.py:188} INFO - [2024-01-28T13:10:41.514+0100] {dagbag.py:538} INFO - Filling up the DagBag from /home/hadoop/.local/lib/python3.10/site-packages/airflow/example_dags/example_task_group.py
[2024-01-28T13:10:41.524+0100] {processor.py:840} INFO - DAG(s) 'example_task_group' retrieved from /home/hadoop/.local/lib/python3.10/site-packages/airflow/example_dags/example_task_group.py
[2024-01-28T13:10:41.611+0100] {logging_mixin.py:188} INFO - [2024-01-28T13:10:41.610+0100] {override.py:1769} INFO - Created Permission View: can edit on DAG:example_task_group
[2024-01-28T13:10:41.624+0100] {logging_mixin.py:188} INFO - [2024-01-28T13:10:41.623+0100] {override.py:1769} INFO - Created Permission View: can delete on DAG:example_task_group
[2024-01-28T13:10:41.633+0100] {logging_mixin.py:188} INFO - [2024-01-28T13:10:41.632+0100] {override.py:1769} INFO - Created Permission View: can read on DAG:example_task_group
[2024-01-28T13:10:41.633+0100] {logging_mixin.py:188} INFO - [2024-01-28T13:10:41.633+0100] {dag.py:3033} INFO - Sync 1 DAGs
[2024-01-28T13:10:41.641+0100] {logging_mixin.py:188} INFO - [2024-01-28T13:10:41.641+0100] {dag.py:3055} INFO - Creating ORM DAG for example_task_group
[2024-01-28T13:10:41.647+0100] {logging_mixin.py:188} INFO - [2024-01-28T13:10:41.647+0100] {dag.py:3820} INFO - Setting next_dagrun for example_task_group to 2024-01-27T00:00:00+00:00, run_after=2024-01-28T00:00:00+00:00
[2024-01-28T13:10:41.667+0100] {processor.py:183} INFO - Processing /home/hadoop/.local/lib/python3.10/site-packages/airflow/example_dags/example_task_group.py took 0.157 seconds
[2024-01-28T13:11:36.834+0100] {processor.py:161} INFO - Started process (PID=5503) to work on /home/hadoop/.local/lib/python3.10/site-packages/airflow/example_dags/example_task_group.py
[2024-01-28T13:11:36.841+0100] {processor.py:830} INFO - Processing file /home/hadoop/.local/lib/python3.10/site-packages/airflow/example_dags/example_task_group.py for tasks to queue
[2024-01-28T13:11:36.842+0100] {logging_mixin.py:188} INFO - [2024-01-28T13:11:36.841+0100] {dagbag.py:538} INFO - Filling up the DagBag from /home/hadoop/.local/lib/python3.10/site-packages/airflow/example_dags/example_task_group.py
[2024-01-28T13:11:36.861+0100] {processor.py:840} INFO - DAG(s) 'example_task_group' retrieved from /home/hadoop/.local/lib/python3.10/site-packages/airflow/example_dags/example_task_group.py
[2024-01-28T13:11:36.885+0100] {logging_mixin.py:188} INFO - [2024-01-28T13:11:36.884+0100] {dag.py:3033} INFO - Sync 1 DAGs
[2024-01-28T13:11:36.924+0100] {logging_mixin.py:188} INFO - [2024-01-28T13:11:36.924+0100] {dag.py:3820} INFO - Setting next_dagrun for example_task_group to 2024-01-27T00:00:00+00:00, run_after=2024-01-28T00:00:00+00:00
[2024-01-28T13:11:36.990+0100] {processor.py:183} INFO - Processing /home/hadoop/.local/lib/python3.10/site-packages/airflow/example_dags/example_task_group.py took 0.161 seconds
[2024-01-28T13:12:24.870+0100] {processor.py:161} INFO - Started process (PID=5606) to work on /home/hadoop/.local/lib/python3.10/site-packages/airflow/example_dags/example_task_group.py
[2024-01-28T13:12:24.873+0100] {processor.py:830} INFO - Processing file /home/hadoop/.local/lib/python3.10/site-packages/airflow/example_dags/example_task_group.py for tasks to queue
[2024-01-28T13:12:24.874+0100] {logging_mixin.py:188} INFO - [2024-01-28T13:12:24.874+0100] {dagbag.py:538} INFO - Filling up the DagBag from /home/hadoop/.local/lib/python3.10/site-packages/airflow/example_dags/example_task_group.py
[2024-01-28T13:12:24.885+0100] {processor.py:840} INFO - DAG(s) 'example_task_group' retrieved from /home/hadoop/.local/lib/python3.10/site-packages/airflow/example_dags/example_task_group.py
[2024-01-28T13:12:24.905+0100] {logging_mixin.py:188} INFO - [2024-01-28T13:12:24.905+0100] {dag.py:3033} INFO - Sync 1 DAGs
[2024-01-28T13:12:24.921+0100] {logging_mixin.py:188} INFO - [2024-01-28T13:12:24.921+0100] {dag.py:3820} INFO - Setting next_dagrun for example_task_group to 2024-01-27T00:00:00+00:00, run_after=2024-01-28T00:00:00+00:00
[2024-01-28T13:12:24.963+0100] {processor.py:183} INFO - Processing /home/hadoop/.local/lib/python3.10/site-packages/airflow/example_dags/example_task_group.py took 0.096 seconds
[2024-01-28T13:13:08.480+0100] {processor.py:161} INFO - Started process (PID=5702) to work on /home/hadoop/.local/lib/python3.10/site-packages/airflow/example_dags/example_task_group.py
[2024-01-28T13:13:08.482+0100] {processor.py:830} INFO - Processing file /home/hadoop/.local/lib/python3.10/site-packages/airflow/example_dags/example_task_group.py for tasks to queue
[2024-01-28T13:13:08.482+0100] {logging_mixin.py:188} INFO - [2024-01-28T13:13:08.482+0100] {dagbag.py:538} INFO - Filling up the DagBag from /home/hadoop/.local/lib/python3.10/site-packages/airflow/example_dags/example_task_group.py
[2024-01-28T13:13:08.489+0100] {processor.py:840} INFO - DAG(s) 'example_task_group' retrieved from /home/hadoop/.local/lib/python3.10/site-packages/airflow/example_dags/example_task_group.py
[2024-01-28T13:13:08.502+0100] {logging_mixin.py:188} INFO - [2024-01-28T13:13:08.502+0100] {dag.py:3033} INFO - Sync 1 DAGs
[2024-01-28T13:13:08.519+0100] {logging_mixin.py:188} INFO - [2024-01-28T13:13:08.518+0100] {dag.py:3820} INFO - Setting next_dagrun for example_task_group to 2024-01-27T00:00:00+00:00, run_after=2024-01-28T00:00:00+00:00
[2024-01-28T13:13:08.538+0100] {processor.py:183} INFO - Processing /home/hadoop/.local/lib/python3.10/site-packages/airflow/example_dags/example_task_group.py took 0.061 seconds
[2024-01-28T13:13:58.804+0100] {processor.py:161} INFO - Started process (PID=5810) to work on /home/hadoop/.local/lib/python3.10/site-packages/airflow/example_dags/example_task_group.py
[2024-01-28T13:13:58.806+0100] {processor.py:830} INFO - Processing file /home/hadoop/.local/lib/python3.10/site-packages/airflow/example_dags/example_task_group.py for tasks to queue
[2024-01-28T13:13:58.807+0100] {logging_mixin.py:188} INFO - [2024-01-28T13:13:58.806+0100] {dagbag.py:538} INFO - Filling up the DagBag from /home/hadoop/.local/lib/python3.10/site-packages/airflow/example_dags/example_task_group.py
[2024-01-28T13:13:58.813+0100] {processor.py:840} INFO - DAG(s) 'example_task_group' retrieved from /home/hadoop/.local/lib/python3.10/site-packages/airflow/example_dags/example_task_group.py
[2024-01-28T13:13:58.825+0100] {logging_mixin.py:188} INFO - [2024-01-28T13:13:58.825+0100] {dag.py:3033} INFO - Sync 1 DAGs
[2024-01-28T13:13:58.837+0100] {logging_mixin.py:188} INFO - [2024-01-28T13:13:58.837+0100] {dag.py:3820} INFO - Setting next_dagrun for example_task_group to 2024-01-27T00:00:00+00:00, run_after=2024-01-28T00:00:00+00:00
[2024-01-28T13:13:58.860+0100] {processor.py:183} INFO - Processing /home/hadoop/.local/lib/python3.10/site-packages/airflow/example_dags/example_task_group.py took 0.058 seconds
[2024-01-28T13:14:34.788+0100] {processor.py:161} INFO - Started process (PID=5886) to work on /home/hadoop/.local/lib/python3.10/site-packages/airflow/example_dags/example_task_group.py
[2024-01-28T13:14:34.789+0100] {processor.py:830} INFO - Processing file /home/hadoop/.local/lib/python3.10/site-packages/airflow/example_dags/example_task_group.py for tasks to queue
[2024-01-28T13:14:34.790+0100] {logging_mixin.py:188} INFO - [2024-01-28T13:14:34.790+0100] {dagbag.py:538} INFO - Filling up the DagBag from /home/hadoop/.local/lib/python3.10/site-packages/airflow/example_dags/example_task_group.py
[2024-01-28T13:14:34.798+0100] {processor.py:840} INFO - DAG(s) 'example_task_group' retrieved from /home/hadoop/.local/lib/python3.10/site-packages/airflow/example_dags/example_task_group.py
[2024-01-28T13:14:34.813+0100] {logging_mixin.py:188} INFO - [2024-01-28T13:14:34.813+0100] {dag.py:3033} INFO - Sync 1 DAGs
[2024-01-28T13:14:34.827+0100] {logging_mixin.py:188} INFO - [2024-01-28T13:14:34.826+0100] {dag.py:3820} INFO - Setting next_dagrun for example_task_group to 2024-01-27T00:00:00+00:00, run_after=2024-01-28T00:00:00+00:00
[2024-01-28T13:14:34.852+0100] {processor.py:183} INFO - Processing /home/hadoop/.local/lib/python3.10/site-packages/airflow/example_dags/example_task_group.py took 0.067 seconds
