[2024-01-28T13:11:07.214+0100] {processor.py:161} INFO - Started process (PID=5360) to work on /home/hadoop/.local/lib/python3.10/site-packages/airflow/example_dags/example_params_ui_tutorial.py
[2024-01-28T13:11:07.215+0100] {processor.py:830} INFO - Processing file /home/hadoop/.local/lib/python3.10/site-packages/airflow/example_dags/example_params_ui_tutorial.py for tasks to queue
[2024-01-28T13:11:07.216+0100] {logging_mixin.py:188} INFO - [2024-01-28T13:11:07.216+0100] {dagbag.py:538} INFO - Filling up the DagBag from /home/hadoop/.local/lib/python3.10/site-packages/airflow/example_dags/example_params_ui_tutorial.py
[2024-01-28T13:11:07.227+0100] {processor.py:840} INFO - DAG(s) 'example_params_ui_tutorial' retrieved from /home/hadoop/.local/lib/python3.10/site-packages/airflow/example_dags/example_params_ui_tutorial.py
[2024-01-28T13:11:07.327+0100] {logging_mixin.py:188} INFO - [2024-01-28T13:11:07.326+0100] {override.py:1769} INFO - Created Permission View: can edit on DAG:example_params_ui_tutorial
[2024-01-28T13:11:07.337+0100] {logging_mixin.py:188} INFO - [2024-01-28T13:11:07.337+0100] {override.py:1769} INFO - Created Permission View: can delete on DAG:example_params_ui_tutorial
[2024-01-28T13:11:07.347+0100] {logging_mixin.py:188} INFO - [2024-01-28T13:11:07.346+0100] {override.py:1769} INFO - Created Permission View: can read on DAG:example_params_ui_tutorial
[2024-01-28T13:11:07.347+0100] {logging_mixin.py:188} INFO - [2024-01-28T13:11:07.347+0100] {dag.py:3033} INFO - Sync 1 DAGs
[2024-01-28T13:11:07.354+0100] {logging_mixin.py:188} INFO - [2024-01-28T13:11:07.354+0100] {dag.py:3055} INFO - Creating ORM DAG for example_params_ui_tutorial
[2024-01-28T13:11:07.354+0100] {logging_mixin.py:188} INFO - [2024-01-28T13:11:07.354+0100] {dag.py:3820} INFO - Setting next_dagrun for example_params_ui_tutorial to None, run_after=None
[2024-01-28T13:11:07.373+0100] {processor.py:183} INFO - Processing /home/hadoop/.local/lib/python3.10/site-packages/airflow/example_dags/example_params_ui_tutorial.py took 0.162 seconds
[2024-01-28T13:12:00.725+0100] {processor.py:161} INFO - Started process (PID=5551) to work on /home/hadoop/.local/lib/python3.10/site-packages/airflow/example_dags/example_params_ui_tutorial.py
[2024-01-28T13:12:00.728+0100] {processor.py:830} INFO - Processing file /home/hadoop/.local/lib/python3.10/site-packages/airflow/example_dags/example_params_ui_tutorial.py for tasks to queue
[2024-01-28T13:12:00.729+0100] {logging_mixin.py:188} INFO - [2024-01-28T13:12:00.729+0100] {dagbag.py:538} INFO - Filling up the DagBag from /home/hadoop/.local/lib/python3.10/site-packages/airflow/example_dags/example_params_ui_tutorial.py
[2024-01-28T13:12:00.742+0100] {processor.py:840} INFO - DAG(s) 'example_params_ui_tutorial' retrieved from /home/hadoop/.local/lib/python3.10/site-packages/airflow/example_dags/example_params_ui_tutorial.py
[2024-01-28T13:12:00.771+0100] {logging_mixin.py:188} INFO - [2024-01-28T13:12:00.771+0100] {dag.py:3033} INFO - Sync 1 DAGs
[2024-01-28T13:12:00.779+0100] {logging_mixin.py:188} INFO - [2024-01-28T13:12:00.779+0100] {dag.py:3820} INFO - Setting next_dagrun for example_params_ui_tutorial to None, run_after=None
[2024-01-28T13:12:00.819+0100] {processor.py:183} INFO - Processing /home/hadoop/.local/lib/python3.10/site-packages/airflow/example_dags/example_params_ui_tutorial.py took 0.097 seconds
[2024-01-28T13:12:52.547+0100] {processor.py:161} INFO - Started process (PID=5668) to work on /home/hadoop/.local/lib/python3.10/site-packages/airflow/example_dags/example_params_ui_tutorial.py
[2024-01-28T13:12:52.549+0100] {processor.py:830} INFO - Processing file /home/hadoop/.local/lib/python3.10/site-packages/airflow/example_dags/example_params_ui_tutorial.py for tasks to queue
[2024-01-28T13:12:52.550+0100] {logging_mixin.py:188} INFO - [2024-01-28T13:12:52.550+0100] {dagbag.py:538} INFO - Filling up the DagBag from /home/hadoop/.local/lib/python3.10/site-packages/airflow/example_dags/example_params_ui_tutorial.py
[2024-01-28T13:12:52.561+0100] {processor.py:840} INFO - DAG(s) 'example_params_ui_tutorial' retrieved from /home/hadoop/.local/lib/python3.10/site-packages/airflow/example_dags/example_params_ui_tutorial.py
[2024-01-28T13:12:52.592+0100] {logging_mixin.py:188} INFO - [2024-01-28T13:12:52.592+0100] {dag.py:3033} INFO - Sync 1 DAGs
[2024-01-28T13:12:52.601+0100] {logging_mixin.py:188} INFO - [2024-01-28T13:12:52.601+0100] {dag.py:3820} INFO - Setting next_dagrun for example_params_ui_tutorial to None, run_after=None
[2024-01-28T13:12:52.622+0100] {processor.py:183} INFO - Processing /home/hadoop/.local/lib/python3.10/site-packages/airflow/example_dags/example_params_ui_tutorial.py took 0.077 seconds
[2024-01-28T13:13:53.098+0100] {processor.py:161} INFO - Started process (PID=5797) to work on /home/hadoop/.local/lib/python3.10/site-packages/airflow/example_dags/example_params_ui_tutorial.py
[2024-01-28T13:13:53.099+0100] {processor.py:830} INFO - Processing file /home/hadoop/.local/lib/python3.10/site-packages/airflow/example_dags/example_params_ui_tutorial.py for tasks to queue
[2024-01-28T13:13:53.100+0100] {logging_mixin.py:188} INFO - [2024-01-28T13:13:53.099+0100] {dagbag.py:538} INFO - Filling up the DagBag from /home/hadoop/.local/lib/python3.10/site-packages/airflow/example_dags/example_params_ui_tutorial.py
[2024-01-28T13:13:53.114+0100] {processor.py:840} INFO - DAG(s) 'example_params_ui_tutorial' retrieved from /home/hadoop/.local/lib/python3.10/site-packages/airflow/example_dags/example_params_ui_tutorial.py
[2024-01-28T13:13:53.151+0100] {logging_mixin.py:188} INFO - [2024-01-28T13:13:53.150+0100] {dag.py:3033} INFO - Sync 1 DAGs
[2024-01-28T13:13:53.162+0100] {logging_mixin.py:188} INFO - [2024-01-28T13:13:53.162+0100] {dag.py:3820} INFO - Setting next_dagrun for example_params_ui_tutorial to None, run_after=None
[2024-01-28T13:13:53.186+0100] {processor.py:183} INFO - Processing /home/hadoop/.local/lib/python3.10/site-packages/airflow/example_dags/example_params_ui_tutorial.py took 0.091 seconds
[2024-01-28T13:14:45.441+0100] {processor.py:161} INFO - Started process (PID=5903) to work on /home/hadoop/.local/lib/python3.10/site-packages/airflow/example_dags/example_params_ui_tutorial.py
[2024-01-28T13:14:45.447+0100] {processor.py:830} INFO - Processing file /home/hadoop/.local/lib/python3.10/site-packages/airflow/example_dags/example_params_ui_tutorial.py for tasks to queue
[2024-01-28T13:14:45.448+0100] {logging_mixin.py:188} INFO - [2024-01-28T13:14:45.448+0100] {dagbag.py:538} INFO - Filling up the DagBag from /home/hadoop/.local/lib/python3.10/site-packages/airflow/example_dags/example_params_ui_tutorial.py
[2024-01-28T13:14:45.459+0100] {processor.py:840} INFO - DAG(s) 'example_params_ui_tutorial' retrieved from /home/hadoop/.local/lib/python3.10/site-packages/airflow/example_dags/example_params_ui_tutorial.py
[2024-01-28T13:14:45.493+0100] {logging_mixin.py:188} INFO - [2024-01-28T13:14:45.493+0100] {dag.py:3033} INFO - Sync 1 DAGs
[2024-01-28T13:14:45.501+0100] {logging_mixin.py:188} INFO - [2024-01-28T13:14:45.501+0100] {dag.py:3820} INFO - Setting next_dagrun for example_params_ui_tutorial to None, run_after=None
[2024-01-28T13:14:45.522+0100] {processor.py:183} INFO - Processing /home/hadoop/.local/lib/python3.10/site-packages/airflow/example_dags/example_params_ui_tutorial.py took 0.086 seconds
