[2024-01-28T13:10:44.276+0100] {processor.py:161} INFO - Started process (PID=5181) to work on /home/hadoop/.local/lib/python3.10/site-packages/airflow/example_dags/example_sensor_decorator.py
[2024-01-28T13:10:44.277+0100] {processor.py:830} INFO - Processing file /home/hadoop/.local/lib/python3.10/site-packages/airflow/example_dags/example_sensor_decorator.py for tasks to queue
[2024-01-28T13:10:44.278+0100] {logging_mixin.py:188} INFO - [2024-01-28T13:10:44.277+0100] {dagbag.py:538} INFO - Filling up the DagBag from /home/hadoop/.local/lib/python3.10/site-packages/airflow/example_dags/example_sensor_decorator.py
[2024-01-28T13:10:44.285+0100] {processor.py:840} INFO - DAG(s) 'example_sensor_decorator' retrieved from /home/hadoop/.local/lib/python3.10/site-packages/airflow/example_dags/example_sensor_decorator.py
[2024-01-28T13:10:44.369+0100] {logging_mixin.py:188} INFO - [2024-01-28T13:10:44.368+0100] {override.py:1769} INFO - Created Permission View: can edit on DAG:example_sensor_decorator
[2024-01-28T13:10:44.382+0100] {logging_mixin.py:188} INFO - [2024-01-28T13:10:44.381+0100] {override.py:1769} INFO - Created Permission View: can delete on DAG:example_sensor_decorator
[2024-01-28T13:10:44.390+0100] {logging_mixin.py:188} INFO - [2024-01-28T13:10:44.390+0100] {override.py:1769} INFO - Created Permission View: can read on DAG:example_sensor_decorator
[2024-01-28T13:10:44.390+0100] {logging_mixin.py:188} INFO - [2024-01-28T13:10:44.390+0100] {dag.py:3033} INFO - Sync 1 DAGs
[2024-01-28T13:10:44.398+0100] {logging_mixin.py:188} INFO - [2024-01-28T13:10:44.398+0100] {dag.py:3055} INFO - Creating ORM DAG for example_sensor_decorator
[2024-01-28T13:10:44.398+0100] {logging_mixin.py:188} INFO - [2024-01-28T13:10:44.398+0100] {dag.py:3820} INFO - Setting next_dagrun for example_sensor_decorator to None, run_after=None
[2024-01-28T13:10:44.419+0100] {processor.py:183} INFO - Processing /home/hadoop/.local/lib/python3.10/site-packages/airflow/example_dags/example_sensor_decorator.py took 0.145 seconds
[2024-01-28T13:11:40.473+0100] {processor.py:161} INFO - Started process (PID=5508) to work on /home/hadoop/.local/lib/python3.10/site-packages/airflow/example_dags/example_sensor_decorator.py
[2024-01-28T13:11:40.476+0100] {processor.py:830} INFO - Processing file /home/hadoop/.local/lib/python3.10/site-packages/airflow/example_dags/example_sensor_decorator.py for tasks to queue
[2024-01-28T13:11:40.477+0100] {logging_mixin.py:188} INFO - [2024-01-28T13:11:40.477+0100] {dagbag.py:538} INFO - Filling up the DagBag from /home/hadoop/.local/lib/python3.10/site-packages/airflow/example_dags/example_sensor_decorator.py
[2024-01-28T13:11:40.483+0100] {processor.py:840} INFO - DAG(s) 'example_sensor_decorator' retrieved from /home/hadoop/.local/lib/python3.10/site-packages/airflow/example_dags/example_sensor_decorator.py
[2024-01-28T13:11:40.498+0100] {logging_mixin.py:188} INFO - [2024-01-28T13:11:40.497+0100] {dag.py:3033} INFO - Sync 1 DAGs
[2024-01-28T13:11:40.506+0100] {logging_mixin.py:188} INFO - [2024-01-28T13:11:40.506+0100] {dag.py:3820} INFO - Setting next_dagrun for example_sensor_decorator to None, run_after=None
[2024-01-28T13:11:40.525+0100] {processor.py:183} INFO - Processing /home/hadoop/.local/lib/python3.10/site-packages/airflow/example_dags/example_sensor_decorator.py took 0.054 seconds
[2024-01-28T13:12:27.754+0100] {processor.py:161} INFO - Started process (PID=5611) to work on /home/hadoop/.local/lib/python3.10/site-packages/airflow/example_dags/example_sensor_decorator.py
[2024-01-28T13:12:27.759+0100] {processor.py:830} INFO - Processing file /home/hadoop/.local/lib/python3.10/site-packages/airflow/example_dags/example_sensor_decorator.py for tasks to queue
[2024-01-28T13:12:27.760+0100] {logging_mixin.py:188} INFO - [2024-01-28T13:12:27.760+0100] {dagbag.py:538} INFO - Filling up the DagBag from /home/hadoop/.local/lib/python3.10/site-packages/airflow/example_dags/example_sensor_decorator.py
[2024-01-28T13:12:27.776+0100] {processor.py:840} INFO - DAG(s) 'example_sensor_decorator' retrieved from /home/hadoop/.local/lib/python3.10/site-packages/airflow/example_dags/example_sensor_decorator.py
[2024-01-28T13:12:27.799+0100] {logging_mixin.py:188} INFO - [2024-01-28T13:12:27.799+0100] {dag.py:3033} INFO - Sync 1 DAGs
[2024-01-28T13:12:27.818+0100] {logging_mixin.py:188} INFO - [2024-01-28T13:12:27.818+0100] {dag.py:3820} INFO - Setting next_dagrun for example_sensor_decorator to None, run_after=None
[2024-01-28T13:12:27.861+0100] {processor.py:183} INFO - Processing /home/hadoop/.local/lib/python3.10/site-packages/airflow/example_dags/example_sensor_decorator.py took 0.114 seconds
[2024-01-28T13:13:17.582+0100] {processor.py:161} INFO - Started process (PID=5723) to work on /home/hadoop/.local/lib/python3.10/site-packages/airflow/example_dags/example_sensor_decorator.py
[2024-01-28T13:13:17.583+0100] {processor.py:830} INFO - Processing file /home/hadoop/.local/lib/python3.10/site-packages/airflow/example_dags/example_sensor_decorator.py for tasks to queue
[2024-01-28T13:13:17.584+0100] {logging_mixin.py:188} INFO - [2024-01-28T13:13:17.584+0100] {dagbag.py:538} INFO - Filling up the DagBag from /home/hadoop/.local/lib/python3.10/site-packages/airflow/example_dags/example_sensor_decorator.py
[2024-01-28T13:13:17.589+0100] {processor.py:840} INFO - DAG(s) 'example_sensor_decorator' retrieved from /home/hadoop/.local/lib/python3.10/site-packages/airflow/example_dags/example_sensor_decorator.py
[2024-01-28T13:13:17.602+0100] {logging_mixin.py:188} INFO - [2024-01-28T13:13:17.601+0100] {dag.py:3033} INFO - Sync 1 DAGs
[2024-01-28T13:13:17.610+0100] {logging_mixin.py:188} INFO - [2024-01-28T13:13:17.609+0100] {dag.py:3820} INFO - Setting next_dagrun for example_sensor_decorator to None, run_after=None
[2024-01-28T13:13:17.633+0100] {processor.py:183} INFO - Processing /home/hadoop/.local/lib/python3.10/site-packages/airflow/example_dags/example_sensor_decorator.py took 0.054 seconds
[2024-01-28T13:14:00.716+0100] {processor.py:161} INFO - Started process (PID=5818) to work on /home/hadoop/.local/lib/python3.10/site-packages/airflow/example_dags/example_sensor_decorator.py
[2024-01-28T13:14:00.720+0100] {processor.py:830} INFO - Processing file /home/hadoop/.local/lib/python3.10/site-packages/airflow/example_dags/example_sensor_decorator.py for tasks to queue
[2024-01-28T13:14:00.721+0100] {logging_mixin.py:188} INFO - [2024-01-28T13:14:00.721+0100] {dagbag.py:538} INFO - Filling up the DagBag from /home/hadoop/.local/lib/python3.10/site-packages/airflow/example_dags/example_sensor_decorator.py
[2024-01-28T13:14:00.726+0100] {processor.py:840} INFO - DAG(s) 'example_sensor_decorator' retrieved from /home/hadoop/.local/lib/python3.10/site-packages/airflow/example_dags/example_sensor_decorator.py
[2024-01-28T13:14:00.738+0100] {logging_mixin.py:188} INFO - [2024-01-28T13:14:00.738+0100] {dag.py:3033} INFO - Sync 1 DAGs
[2024-01-28T13:14:00.746+0100] {logging_mixin.py:188} INFO - [2024-01-28T13:14:00.746+0100] {dag.py:3820} INFO - Setting next_dagrun for example_sensor_decorator to None, run_after=None
[2024-01-28T13:14:00.767+0100] {processor.py:183} INFO - Processing /home/hadoop/.local/lib/python3.10/site-packages/airflow/example_dags/example_sensor_decorator.py took 0.053 seconds
[2024-01-28T13:14:37.678+0100] {processor.py:161} INFO - Started process (PID=5891) to work on /home/hadoop/.local/lib/python3.10/site-packages/airflow/example_dags/example_sensor_decorator.py
[2024-01-28T13:14:37.679+0100] {processor.py:830} INFO - Processing file /home/hadoop/.local/lib/python3.10/site-packages/airflow/example_dags/example_sensor_decorator.py for tasks to queue
[2024-01-28T13:14:37.680+0100] {logging_mixin.py:188} INFO - [2024-01-28T13:14:37.680+0100] {dagbag.py:538} INFO - Filling up the DagBag from /home/hadoop/.local/lib/python3.10/site-packages/airflow/example_dags/example_sensor_decorator.py
[2024-01-28T13:14:37.688+0100] {processor.py:840} INFO - DAG(s) 'example_sensor_decorator' retrieved from /home/hadoop/.local/lib/python3.10/site-packages/airflow/example_dags/example_sensor_decorator.py
[2024-01-28T13:14:37.700+0100] {logging_mixin.py:188} INFO - [2024-01-28T13:14:37.700+0100] {dag.py:3033} INFO - Sync 1 DAGs
[2024-01-28T13:14:37.707+0100] {logging_mixin.py:188} INFO - [2024-01-28T13:14:37.707+0100] {dag.py:3820} INFO - Setting next_dagrun for example_sensor_decorator to None, run_after=None
[2024-01-28T13:14:37.731+0100] {processor.py:183} INFO - Processing /home/hadoop/.local/lib/python3.10/site-packages/airflow/example_dags/example_sensor_decorator.py took 0.055 seconds
