[2024-01-28T13:10:47.981+0100] {processor.py:161} INFO - Started process (PID=5211) to work on /home/hadoop/.local/lib/python3.10/site-packages/airflow/example_dags/example_setup_teardown_taskflow.py
[2024-01-28T13:10:47.982+0100] {processor.py:830} INFO - Processing file /home/hadoop/.local/lib/python3.10/site-packages/airflow/example_dags/example_setup_teardown_taskflow.py for tasks to queue
[2024-01-28T13:10:47.983+0100] {logging_mixin.py:188} INFO - [2024-01-28T13:10:47.982+0100] {dagbag.py:538} INFO - Filling up the DagBag from /home/hadoop/.local/lib/python3.10/site-packages/airflow/example_dags/example_setup_teardown_taskflow.py
[2024-01-28T13:10:47.993+0100] {processor.py:840} INFO - DAG(s) 'example_setup_teardown_taskflow' retrieved from /home/hadoop/.local/lib/python3.10/site-packages/airflow/example_dags/example_setup_teardown_taskflow.py
[2024-01-28T13:10:48.077+0100] {logging_mixin.py:188} INFO - [2024-01-28T13:10:48.075+0100] {override.py:1769} INFO - Created Permission View: can edit on DAG:example_setup_teardown_taskflow
[2024-01-28T13:10:48.087+0100] {logging_mixin.py:188} INFO - [2024-01-28T13:10:48.087+0100] {override.py:1769} INFO - Created Permission View: can delete on DAG:example_setup_teardown_taskflow
[2024-01-28T13:10:48.097+0100] {logging_mixin.py:188} INFO - [2024-01-28T13:10:48.097+0100] {override.py:1769} INFO - Created Permission View: can read on DAG:example_setup_teardown_taskflow
[2024-01-28T13:10:48.097+0100] {logging_mixin.py:188} INFO - [2024-01-28T13:10:48.097+0100] {dag.py:3033} INFO - Sync 1 DAGs
[2024-01-28T13:10:48.105+0100] {logging_mixin.py:188} INFO - [2024-01-28T13:10:48.105+0100] {dag.py:3055} INFO - Creating ORM DAG for example_setup_teardown_taskflow
[2024-01-28T13:10:48.111+0100] {logging_mixin.py:188} INFO - [2024-01-28T13:10:48.111+0100] {dag.py:3820} INFO - Setting next_dagrun for example_setup_teardown_taskflow to 2024-01-27T00:00:00+00:00, run_after=2024-01-28T00:00:00+00:00
[2024-01-28T13:10:48.131+0100] {processor.py:183} INFO - Processing /home/hadoop/.local/lib/python3.10/site-packages/airflow/example_dags/example_setup_teardown_taskflow.py took 0.153 seconds
[2024-01-28T13:11:43.114+0100] {processor.py:161} INFO - Started process (PID=5516) to work on /home/hadoop/.local/lib/python3.10/site-packages/airflow/example_dags/example_setup_teardown_taskflow.py
[2024-01-28T13:11:43.117+0100] {processor.py:830} INFO - Processing file /home/hadoop/.local/lib/python3.10/site-packages/airflow/example_dags/example_setup_teardown_taskflow.py for tasks to queue
[2024-01-28T13:11:43.117+0100] {logging_mixin.py:188} INFO - [2024-01-28T13:11:43.117+0100] {dagbag.py:538} INFO - Filling up the DagBag from /home/hadoop/.local/lib/python3.10/site-packages/airflow/example_dags/example_setup_teardown_taskflow.py
[2024-01-28T13:11:43.126+0100] {processor.py:840} INFO - DAG(s) 'example_setup_teardown_taskflow' retrieved from /home/hadoop/.local/lib/python3.10/site-packages/airflow/example_dags/example_setup_teardown_taskflow.py
[2024-01-28T13:11:43.139+0100] {logging_mixin.py:188} INFO - [2024-01-28T13:11:43.139+0100] {dag.py:3033} INFO - Sync 1 DAGs
[2024-01-28T13:11:43.154+0100] {logging_mixin.py:188} INFO - [2024-01-28T13:11:43.153+0100] {dag.py:3820} INFO - Setting next_dagrun for example_setup_teardown_taskflow to 2024-01-27T00:00:00+00:00, run_after=2024-01-28T00:00:00+00:00
[2024-01-28T13:11:43.172+0100] {processor.py:183} INFO - Processing /home/hadoop/.local/lib/python3.10/site-packages/airflow/example_dags/example_setup_teardown_taskflow.py took 0.061 seconds
[2024-01-28T13:12:35.328+0100] {processor.py:161} INFO - Started process (PID=5631) to work on /home/hadoop/.local/lib/python3.10/site-packages/airflow/example_dags/example_setup_teardown_taskflow.py
[2024-01-28T13:12:35.330+0100] {processor.py:830} INFO - Processing file /home/hadoop/.local/lib/python3.10/site-packages/airflow/example_dags/example_setup_teardown_taskflow.py for tasks to queue
[2024-01-28T13:12:35.331+0100] {logging_mixin.py:188} INFO - [2024-01-28T13:12:35.331+0100] {dagbag.py:538} INFO - Filling up the DagBag from /home/hadoop/.local/lib/python3.10/site-packages/airflow/example_dags/example_setup_teardown_taskflow.py
[2024-01-28T13:12:35.339+0100] {processor.py:840} INFO - DAG(s) 'example_setup_teardown_taskflow' retrieved from /home/hadoop/.local/lib/python3.10/site-packages/airflow/example_dags/example_setup_teardown_taskflow.py
[2024-01-28T13:12:35.353+0100] {logging_mixin.py:188} INFO - [2024-01-28T13:12:35.353+0100] {dag.py:3033} INFO - Sync 1 DAGs
[2024-01-28T13:12:35.373+0100] {logging_mixin.py:188} INFO - [2024-01-28T13:12:35.372+0100] {dag.py:3820} INFO - Setting next_dagrun for example_setup_teardown_taskflow to 2024-01-27T00:00:00+00:00, run_after=2024-01-28T00:00:00+00:00
[2024-01-28T13:12:35.408+0100] {processor.py:183} INFO - Processing /home/hadoop/.local/lib/python3.10/site-packages/airflow/example_dags/example_setup_teardown_taskflow.py took 0.082 seconds
[2024-01-28T13:13:20.365+0100] {processor.py:161} INFO - Started process (PID=5732) to work on /home/hadoop/.local/lib/python3.10/site-packages/airflow/example_dags/example_setup_teardown_taskflow.py
[2024-01-28T13:13:20.367+0100] {processor.py:830} INFO - Processing file /home/hadoop/.local/lib/python3.10/site-packages/airflow/example_dags/example_setup_teardown_taskflow.py for tasks to queue
[2024-01-28T13:13:20.367+0100] {logging_mixin.py:188} INFO - [2024-01-28T13:13:20.367+0100] {dagbag.py:538} INFO - Filling up the DagBag from /home/hadoop/.local/lib/python3.10/site-packages/airflow/example_dags/example_setup_teardown_taskflow.py
[2024-01-28T13:13:20.375+0100] {processor.py:840} INFO - DAG(s) 'example_setup_teardown_taskflow' retrieved from /home/hadoop/.local/lib/python3.10/site-packages/airflow/example_dags/example_setup_teardown_taskflow.py
[2024-01-28T13:13:20.387+0100] {logging_mixin.py:188} INFO - [2024-01-28T13:13:20.387+0100] {dag.py:3033} INFO - Sync 1 DAGs
[2024-01-28T13:13:20.400+0100] {logging_mixin.py:188} INFO - [2024-01-28T13:13:20.399+0100] {dag.py:3820} INFO - Setting next_dagrun for example_setup_teardown_taskflow to 2024-01-27T00:00:00+00:00, run_after=2024-01-28T00:00:00+00:00
[2024-01-28T13:13:20.422+0100] {processor.py:183} INFO - Processing /home/hadoop/.local/lib/python3.10/site-packages/airflow/example_dags/example_setup_teardown_taskflow.py took 0.059 seconds
[2024-01-28T13:14:03.139+0100] {processor.py:161} INFO - Started process (PID=5822) to work on /home/hadoop/.local/lib/python3.10/site-packages/airflow/example_dags/example_setup_teardown_taskflow.py
[2024-01-28T13:14:03.141+0100] {processor.py:830} INFO - Processing file /home/hadoop/.local/lib/python3.10/site-packages/airflow/example_dags/example_setup_teardown_taskflow.py for tasks to queue
[2024-01-28T13:14:03.141+0100] {logging_mixin.py:188} INFO - [2024-01-28T13:14:03.141+0100] {dagbag.py:538} INFO - Filling up the DagBag from /home/hadoop/.local/lib/python3.10/site-packages/airflow/example_dags/example_setup_teardown_taskflow.py
[2024-01-28T13:14:03.149+0100] {processor.py:840} INFO - DAG(s) 'example_setup_teardown_taskflow' retrieved from /home/hadoop/.local/lib/python3.10/site-packages/airflow/example_dags/example_setup_teardown_taskflow.py
[2024-01-28T13:14:03.161+0100] {logging_mixin.py:188} INFO - [2024-01-28T13:14:03.161+0100] {dag.py:3033} INFO - Sync 1 DAGs
[2024-01-28T13:14:03.173+0100] {logging_mixin.py:188} INFO - [2024-01-28T13:14:03.173+0100] {dag.py:3820} INFO - Setting next_dagrun for example_setup_teardown_taskflow to 2024-01-27T00:00:00+00:00, run_after=2024-01-28T00:00:00+00:00
[2024-01-28T13:14:03.199+0100] {processor.py:183} INFO - Processing /home/hadoop/.local/lib/python3.10/site-packages/airflow/example_dags/example_setup_teardown_taskflow.py took 0.062 seconds
[2024-01-28T13:14:54.353+0100] {processor.py:161} INFO - Started process (PID=5919) to work on /home/hadoop/.local/lib/python3.10/site-packages/airflow/example_dags/example_setup_teardown_taskflow.py
[2024-01-28T13:14:54.355+0100] {processor.py:830} INFO - Processing file /home/hadoop/.local/lib/python3.10/site-packages/airflow/example_dags/example_setup_teardown_taskflow.py for tasks to queue
[2024-01-28T13:14:54.355+0100] {logging_mixin.py:188} INFO - [2024-01-28T13:14:54.355+0100] {dagbag.py:538} INFO - Filling up the DagBag from /home/hadoop/.local/lib/python3.10/site-packages/airflow/example_dags/example_setup_teardown_taskflow.py
[2024-01-28T13:14:54.364+0100] {processor.py:840} INFO - DAG(s) 'example_setup_teardown_taskflow' retrieved from /home/hadoop/.local/lib/python3.10/site-packages/airflow/example_dags/example_setup_teardown_taskflow.py
[2024-01-28T13:14:54.377+0100] {logging_mixin.py:188} INFO - [2024-01-28T13:14:54.376+0100] {dag.py:3033} INFO - Sync 1 DAGs
[2024-01-28T13:14:54.390+0100] {logging_mixin.py:188} INFO - [2024-01-28T13:14:54.390+0100] {dag.py:3820} INFO - Setting next_dagrun for example_setup_teardown_taskflow to 2024-01-27T00:00:00+00:00, run_after=2024-01-28T00:00:00+00:00
[2024-01-28T13:14:54.410+0100] {processor.py:183} INFO - Processing /home/hadoop/.local/lib/python3.10/site-packages/airflow/example_dags/example_setup_teardown_taskflow.py took 0.060 seconds
