[2024-01-28T13:10:29.227+0100] {processor.py:161} INFO - Started process (PID=5094) to work on /home/hadoop/.local/lib/python3.10/site-packages/airflow/example_dags/tutorial_taskflow_api.py
[2024-01-28T13:10:29.228+0100] {processor.py:830} INFO - Processing file /home/hadoop/.local/lib/python3.10/site-packages/airflow/example_dags/tutorial_taskflow_api.py for tasks to queue
[2024-01-28T13:10:29.229+0100] {logging_mixin.py:188} INFO - [2024-01-28T13:10:29.228+0100] {dagbag.py:538} INFO - Filling up the DagBag from /home/hadoop/.local/lib/python3.10/site-packages/airflow/example_dags/tutorial_taskflow_api.py
[2024-01-28T13:10:29.236+0100] {processor.py:840} INFO - DAG(s) 'tutorial_taskflow_api' retrieved from /home/hadoop/.local/lib/python3.10/site-packages/airflow/example_dags/tutorial_taskflow_api.py
[2024-01-28T13:10:29.321+0100] {logging_mixin.py:188} INFO - [2024-01-28T13:10:29.321+0100] {override.py:1769} INFO - Created Permission View: can edit on DAG:tutorial_taskflow_api
[2024-01-28T13:10:29.332+0100] {logging_mixin.py:188} INFO - [2024-01-28T13:10:29.332+0100] {override.py:1769} INFO - Created Permission View: can delete on DAG:tutorial_taskflow_api
[2024-01-28T13:10:29.342+0100] {logging_mixin.py:188} INFO - [2024-01-28T13:10:29.342+0100] {override.py:1769} INFO - Created Permission View: can read on DAG:tutorial_taskflow_api
[2024-01-28T13:10:29.343+0100] {logging_mixin.py:188} INFO - [2024-01-28T13:10:29.342+0100] {dag.py:3033} INFO - Sync 1 DAGs
[2024-01-28T13:10:29.350+0100] {logging_mixin.py:188} INFO - [2024-01-28T13:10:29.350+0100] {dag.py:3055} INFO - Creating ORM DAG for tutorial_taskflow_api
[2024-01-28T13:10:29.350+0100] {logging_mixin.py:188} INFO - [2024-01-28T13:10:29.350+0100] {dag.py:3820} INFO - Setting next_dagrun for tutorial_taskflow_api to None, run_after=None
[2024-01-28T13:10:29.371+0100] {processor.py:183} INFO - Processing /home/hadoop/.local/lib/python3.10/site-packages/airflow/example_dags/tutorial_taskflow_api.py took 0.146 seconds
[2024-01-28T13:11:25.351+0100] {processor.py:161} INFO - Started process (PID=5470) to work on /home/hadoop/.local/lib/python3.10/site-packages/airflow/example_dags/tutorial_taskflow_api.py
[2024-01-28T13:11:25.355+0100] {processor.py:830} INFO - Processing file /home/hadoop/.local/lib/python3.10/site-packages/airflow/example_dags/tutorial_taskflow_api.py for tasks to queue
[2024-01-28T13:11:25.356+0100] {logging_mixin.py:188} INFO - [2024-01-28T13:11:25.356+0100] {dagbag.py:538} INFO - Filling up the DagBag from /home/hadoop/.local/lib/python3.10/site-packages/airflow/example_dags/tutorial_taskflow_api.py
[2024-01-28T13:11:25.364+0100] {processor.py:840} INFO - DAG(s) 'tutorial_taskflow_api' retrieved from /home/hadoop/.local/lib/python3.10/site-packages/airflow/example_dags/tutorial_taskflow_api.py
[2024-01-28T13:11:25.378+0100] {logging_mixin.py:188} INFO - [2024-01-28T13:11:25.377+0100] {dag.py:3033} INFO - Sync 1 DAGs
[2024-01-28T13:11:25.385+0100] {logging_mixin.py:188} INFO - [2024-01-28T13:11:25.385+0100] {dag.py:3820} INFO - Setting next_dagrun for tutorial_taskflow_api to None, run_after=None
[2024-01-28T13:11:25.413+0100] {processor.py:183} INFO - Processing /home/hadoop/.local/lib/python3.10/site-packages/airflow/example_dags/tutorial_taskflow_api.py took 0.066 seconds
[2024-01-28T13:12:13.431+0100] {processor.py:161} INFO - Started process (PID=5587) to work on /home/hadoop/.local/lib/python3.10/site-packages/airflow/example_dags/tutorial_taskflow_api.py
[2024-01-28T13:12:13.432+0100] {processor.py:830} INFO - Processing file /home/hadoop/.local/lib/python3.10/site-packages/airflow/example_dags/tutorial_taskflow_api.py for tasks to queue
[2024-01-28T13:12:13.434+0100] {logging_mixin.py:188} INFO - [2024-01-28T13:12:13.433+0100] {dagbag.py:538} INFO - Filling up the DagBag from /home/hadoop/.local/lib/python3.10/site-packages/airflow/example_dags/tutorial_taskflow_api.py
[2024-01-28T13:12:13.445+0100] {processor.py:840} INFO - DAG(s) 'tutorial_taskflow_api' retrieved from /home/hadoop/.local/lib/python3.10/site-packages/airflow/example_dags/tutorial_taskflow_api.py
[2024-01-28T13:12:13.485+0100] {logging_mixin.py:188} INFO - [2024-01-28T13:12:13.484+0100] {dag.py:3033} INFO - Sync 1 DAGs
[2024-01-28T13:12:13.501+0100] {logging_mixin.py:188} INFO - [2024-01-28T13:12:13.500+0100] {dag.py:3820} INFO - Setting next_dagrun for tutorial_taskflow_api to None, run_after=None
[2024-01-28T13:12:13.560+0100] {processor.py:183} INFO - Processing /home/hadoop/.local/lib/python3.10/site-packages/airflow/example_dags/tutorial_taskflow_api.py took 0.132 seconds
[2024-01-28T13:12:58.185+0100] {processor.py:161} INFO - Started process (PID=5681) to work on /home/hadoop/.local/lib/python3.10/site-packages/airflow/example_dags/tutorial_taskflow_api.py
[2024-01-28T13:12:58.186+0100] {processor.py:830} INFO - Processing file /home/hadoop/.local/lib/python3.10/site-packages/airflow/example_dags/tutorial_taskflow_api.py for tasks to queue
[2024-01-28T13:12:58.187+0100] {logging_mixin.py:188} INFO - [2024-01-28T13:12:58.186+0100] {dagbag.py:538} INFO - Filling up the DagBag from /home/hadoop/.local/lib/python3.10/site-packages/airflow/example_dags/tutorial_taskflow_api.py
[2024-01-28T13:12:58.192+0100] {processor.py:840} INFO - DAG(s) 'tutorial_taskflow_api' retrieved from /home/hadoop/.local/lib/python3.10/site-packages/airflow/example_dags/tutorial_taskflow_api.py
[2024-01-28T13:12:58.206+0100] {logging_mixin.py:188} INFO - [2024-01-28T13:12:58.206+0100] {dag.py:3033} INFO - Sync 1 DAGs
[2024-01-28T13:12:58.214+0100] {logging_mixin.py:188} INFO - [2024-01-28T13:12:58.214+0100] {dag.py:3820} INFO - Setting next_dagrun for tutorial_taskflow_api to None, run_after=None
[2024-01-28T13:12:58.235+0100] {processor.py:183} INFO - Processing /home/hadoop/.local/lib/python3.10/site-packages/airflow/example_dags/tutorial_taskflow_api.py took 0.053 seconds
[2024-01-28T13:13:38.241+0100] {processor.py:161} INFO - Started process (PID=5766) to work on /home/hadoop/.local/lib/python3.10/site-packages/airflow/example_dags/tutorial_taskflow_api.py
[2024-01-28T13:13:38.243+0100] {processor.py:830} INFO - Processing file /home/hadoop/.local/lib/python3.10/site-packages/airflow/example_dags/tutorial_taskflow_api.py for tasks to queue
[2024-01-28T13:13:38.243+0100] {logging_mixin.py:188} INFO - [2024-01-28T13:13:38.243+0100] {dagbag.py:538} INFO - Filling up the DagBag from /home/hadoop/.local/lib/python3.10/site-packages/airflow/example_dags/tutorial_taskflow_api.py
[2024-01-28T13:13:38.250+0100] {processor.py:840} INFO - DAG(s) 'tutorial_taskflow_api' retrieved from /home/hadoop/.local/lib/python3.10/site-packages/airflow/example_dags/tutorial_taskflow_api.py
[2024-01-28T13:13:38.274+0100] {logging_mixin.py:188} INFO - [2024-01-28T13:13:38.274+0100] {dag.py:3033} INFO - Sync 1 DAGs
[2024-01-28T13:13:38.287+0100] {logging_mixin.py:188} INFO - [2024-01-28T13:13:38.286+0100] {dag.py:3820} INFO - Setting next_dagrun for tutorial_taskflow_api to None, run_after=None
[2024-01-28T13:13:38.321+0100] {processor.py:183} INFO - Processing /home/hadoop/.local/lib/python3.10/site-packages/airflow/example_dags/tutorial_taskflow_api.py took 0.084 seconds
[2024-01-28T13:14:15.856+0100] {processor.py:161} INFO - Started process (PID=5844) to work on /home/hadoop/.local/lib/python3.10/site-packages/airflow/example_dags/tutorial_taskflow_api.py
[2024-01-28T13:14:15.858+0100] {processor.py:830} INFO - Processing file /home/hadoop/.local/lib/python3.10/site-packages/airflow/example_dags/tutorial_taskflow_api.py for tasks to queue
[2024-01-28T13:14:15.860+0100] {logging_mixin.py:188} INFO - [2024-01-28T13:14:15.859+0100] {dagbag.py:538} INFO - Filling up the DagBag from /home/hadoop/.local/lib/python3.10/site-packages/airflow/example_dags/tutorial_taskflow_api.py
[2024-01-28T13:14:15.869+0100] {processor.py:840} INFO - DAG(s) 'tutorial_taskflow_api' retrieved from /home/hadoop/.local/lib/python3.10/site-packages/airflow/example_dags/tutorial_taskflow_api.py
[2024-01-28T13:14:15.883+0100] {logging_mixin.py:188} INFO - [2024-01-28T13:14:15.883+0100] {dag.py:3033} INFO - Sync 1 DAGs
[2024-01-28T13:14:15.891+0100] {logging_mixin.py:188} INFO - [2024-01-28T13:14:15.891+0100] {dag.py:3820} INFO - Setting next_dagrun for tutorial_taskflow_api to None, run_after=None
[2024-01-28T13:14:15.921+0100] {processor.py:183} INFO - Processing /home/hadoop/.local/lib/python3.10/site-packages/airflow/example_dags/tutorial_taskflow_api.py took 0.069 seconds
[2024-01-28T13:14:50.350+0100] {processor.py:161} INFO - Started process (PID=5915) to work on /home/hadoop/.local/lib/python3.10/site-packages/airflow/example_dags/tutorial_taskflow_api.py
[2024-01-28T13:14:50.352+0100] {processor.py:830} INFO - Processing file /home/hadoop/.local/lib/python3.10/site-packages/airflow/example_dags/tutorial_taskflow_api.py for tasks to queue
[2024-01-28T13:14:50.353+0100] {logging_mixin.py:188} INFO - [2024-01-28T13:14:50.352+0100] {dagbag.py:538} INFO - Filling up the DagBag from /home/hadoop/.local/lib/python3.10/site-packages/airflow/example_dags/tutorial_taskflow_api.py
[2024-01-28T13:14:50.358+0100] {processor.py:840} INFO - DAG(s) 'tutorial_taskflow_api' retrieved from /home/hadoop/.local/lib/python3.10/site-packages/airflow/example_dags/tutorial_taskflow_api.py
[2024-01-28T13:14:50.371+0100] {logging_mixin.py:188} INFO - [2024-01-28T13:14:50.371+0100] {dag.py:3033} INFO - Sync 1 DAGs
[2024-01-28T13:14:50.379+0100] {logging_mixin.py:188} INFO - [2024-01-28T13:14:50.379+0100] {dag.py:3820} INFO - Setting next_dagrun for tutorial_taskflow_api to None, run_after=None
[2024-01-28T13:14:50.400+0100] {processor.py:183} INFO - Processing /home/hadoop/.local/lib/python3.10/site-packages/airflow/example_dags/tutorial_taskflow_api.py took 0.052 seconds
