[2024-01-28T13:10:31.759+0100] {processor.py:161} INFO - Started process (PID=5114) to work on /home/hadoop/.local/lib/python3.10/site-packages/airflow/example_dags/tutorial_objectstorage.py
[2024-01-28T13:10:31.760+0100] {processor.py:830} INFO - Processing file /home/hadoop/.local/lib/python3.10/site-packages/airflow/example_dags/tutorial_objectstorage.py for tasks to queue
[2024-01-28T13:10:31.761+0100] {logging_mixin.py:188} INFO - [2024-01-28T13:10:31.761+0100] {dagbag.py:538} INFO - Filling up the DagBag from /home/hadoop/.local/lib/python3.10/site-packages/airflow/example_dags/tutorial_objectstorage.py
[2024-01-28T13:10:31.768+0100] {processor.py:840} INFO - DAG(s) 'tutorial_objectstorage' retrieved from /home/hadoop/.local/lib/python3.10/site-packages/airflow/example_dags/tutorial_objectstorage.py
[2024-01-28T13:10:31.849+0100] {logging_mixin.py:188} INFO - [2024-01-28T13:10:31.848+0100] {override.py:1769} INFO - Created Permission View: can edit on DAG:tutorial_objectstorage
[2024-01-28T13:10:31.858+0100] {logging_mixin.py:188} INFO - [2024-01-28T13:10:31.858+0100] {override.py:1769} INFO - Created Permission View: can delete on DAG:tutorial_objectstorage
[2024-01-28T13:10:31.867+0100] {logging_mixin.py:188} INFO - [2024-01-28T13:10:31.866+0100] {override.py:1769} INFO - Created Permission View: can read on DAG:tutorial_objectstorage
[2024-01-28T13:10:31.867+0100] {logging_mixin.py:188} INFO - [2024-01-28T13:10:31.867+0100] {dag.py:3033} INFO - Sync 1 DAGs
[2024-01-28T13:10:31.875+0100] {logging_mixin.py:188} INFO - [2024-01-28T13:10:31.875+0100] {dag.py:3055} INFO - Creating ORM DAG for tutorial_objectstorage
[2024-01-28T13:10:31.875+0100] {logging_mixin.py:188} INFO - [2024-01-28T13:10:31.875+0100] {dag.py:3820} INFO - Setting next_dagrun for tutorial_objectstorage to None, run_after=None
[2024-01-28T13:10:31.893+0100] {processor.py:183} INFO - Processing /home/hadoop/.local/lib/python3.10/site-packages/airflow/example_dags/tutorial_objectstorage.py took 0.137 seconds
[2024-01-28T13:11:27.781+0100] {processor.py:161} INFO - Started process (PID=5484) to work on /home/hadoop/.local/lib/python3.10/site-packages/airflow/example_dags/tutorial_objectstorage.py
[2024-01-28T13:11:27.783+0100] {processor.py:830} INFO - Processing file /home/hadoop/.local/lib/python3.10/site-packages/airflow/example_dags/tutorial_objectstorage.py for tasks to queue
[2024-01-28T13:11:27.784+0100] {logging_mixin.py:188} INFO - [2024-01-28T13:11:27.784+0100] {dagbag.py:538} INFO - Filling up the DagBag from /home/hadoop/.local/lib/python3.10/site-packages/airflow/example_dags/tutorial_objectstorage.py
[2024-01-28T13:11:27.803+0100] {processor.py:840} INFO - DAG(s) 'tutorial_objectstorage' retrieved from /home/hadoop/.local/lib/python3.10/site-packages/airflow/example_dags/tutorial_objectstorage.py
[2024-01-28T13:11:27.820+0100] {logging_mixin.py:188} INFO - [2024-01-28T13:11:27.820+0100] {dag.py:3033} INFO - Sync 1 DAGs
[2024-01-28T13:11:27.833+0100] {logging_mixin.py:188} INFO - [2024-01-28T13:11:27.833+0100] {dag.py:3820} INFO - Setting next_dagrun for tutorial_objectstorage to None, run_after=None
[2024-01-28T13:11:27.861+0100] {processor.py:183} INFO - Processing /home/hadoop/.local/lib/python3.10/site-packages/airflow/example_dags/tutorial_objectstorage.py took 0.087 seconds
[2024-01-28T13:12:15.947+0100] {processor.py:161} INFO - Started process (PID=5591) to work on /home/hadoop/.local/lib/python3.10/site-packages/airflow/example_dags/tutorial_objectstorage.py
[2024-01-28T13:12:15.948+0100] {processor.py:830} INFO - Processing file /home/hadoop/.local/lib/python3.10/site-packages/airflow/example_dags/tutorial_objectstorage.py for tasks to queue
[2024-01-28T13:12:15.949+0100] {logging_mixin.py:188} INFO - [2024-01-28T13:12:15.949+0100] {dagbag.py:538} INFO - Filling up the DagBag from /home/hadoop/.local/lib/python3.10/site-packages/airflow/example_dags/tutorial_objectstorage.py
[2024-01-28T13:12:15.957+0100] {processor.py:840} INFO - DAG(s) 'tutorial_objectstorage' retrieved from /home/hadoop/.local/lib/python3.10/site-packages/airflow/example_dags/tutorial_objectstorage.py
[2024-01-28T13:12:15.971+0100] {logging_mixin.py:188} INFO - [2024-01-28T13:12:15.971+0100] {dag.py:3033} INFO - Sync 1 DAGs
[2024-01-28T13:12:15.981+0100] {logging_mixin.py:188} INFO - [2024-01-28T13:12:15.980+0100] {dag.py:3820} INFO - Setting next_dagrun for tutorial_objectstorage to None, run_after=None
[2024-01-28T13:12:16.002+0100] {processor.py:183} INFO - Processing /home/hadoop/.local/lib/python3.10/site-packages/airflow/example_dags/tutorial_objectstorage.py took 0.058 seconds
[2024-01-28T13:12:59.915+0100] {processor.py:161} INFO - Started process (PID=5687) to work on /home/hadoop/.local/lib/python3.10/site-packages/airflow/example_dags/tutorial_objectstorage.py
[2024-01-28T13:12:59.916+0100] {processor.py:830} INFO - Processing file /home/hadoop/.local/lib/python3.10/site-packages/airflow/example_dags/tutorial_objectstorage.py for tasks to queue
[2024-01-28T13:12:59.917+0100] {logging_mixin.py:188} INFO - [2024-01-28T13:12:59.916+0100] {dagbag.py:538} INFO - Filling up the DagBag from /home/hadoop/.local/lib/python3.10/site-packages/airflow/example_dags/tutorial_objectstorage.py
[2024-01-28T13:12:59.923+0100] {processor.py:840} INFO - DAG(s) 'tutorial_objectstorage' retrieved from /home/hadoop/.local/lib/python3.10/site-packages/airflow/example_dags/tutorial_objectstorage.py
[2024-01-28T13:12:59.935+0100] {logging_mixin.py:188} INFO - [2024-01-28T13:12:59.935+0100] {dag.py:3033} INFO - Sync 1 DAGs
[2024-01-28T13:12:59.943+0100] {logging_mixin.py:188} INFO - [2024-01-28T13:12:59.943+0100] {dag.py:3820} INFO - Setting next_dagrun for tutorial_objectstorage to None, run_after=None
[2024-01-28T13:12:59.969+0100] {processor.py:183} INFO - Processing /home/hadoop/.local/lib/python3.10/site-packages/airflow/example_dags/tutorial_objectstorage.py took 0.056 seconds
[2024-01-28T13:13:39.963+0100] {processor.py:161} INFO - Started process (PID=5770) to work on /home/hadoop/.local/lib/python3.10/site-packages/airflow/example_dags/tutorial_objectstorage.py
[2024-01-28T13:13:39.964+0100] {processor.py:830} INFO - Processing file /home/hadoop/.local/lib/python3.10/site-packages/airflow/example_dags/tutorial_objectstorage.py for tasks to queue
[2024-01-28T13:13:39.964+0100] {logging_mixin.py:188} INFO - [2024-01-28T13:13:39.964+0100] {dagbag.py:538} INFO - Filling up the DagBag from /home/hadoop/.local/lib/python3.10/site-packages/airflow/example_dags/tutorial_objectstorage.py
[2024-01-28T13:13:39.970+0100] {processor.py:840} INFO - DAG(s) 'tutorial_objectstorage' retrieved from /home/hadoop/.local/lib/python3.10/site-packages/airflow/example_dags/tutorial_objectstorage.py
[2024-01-28T13:13:39.982+0100] {logging_mixin.py:188} INFO - [2024-01-28T13:13:39.982+0100] {dag.py:3033} INFO - Sync 1 DAGs
[2024-01-28T13:13:39.991+0100] {logging_mixin.py:188} INFO - [2024-01-28T13:13:39.990+0100] {dag.py:3820} INFO - Setting next_dagrun for tutorial_objectstorage to None, run_after=None
[2024-01-28T13:13:40.012+0100] {processor.py:183} INFO - Processing /home/hadoop/.local/lib/python3.10/site-packages/airflow/example_dags/tutorial_objectstorage.py took 0.052 seconds
[2024-01-28T13:14:18.136+0100] {processor.py:161} INFO - Started process (PID=5850) to work on /home/hadoop/.local/lib/python3.10/site-packages/airflow/example_dags/tutorial_objectstorage.py
[2024-01-28T13:14:18.137+0100] {processor.py:830} INFO - Processing file /home/hadoop/.local/lib/python3.10/site-packages/airflow/example_dags/tutorial_objectstorage.py for tasks to queue
[2024-01-28T13:14:18.138+0100] {logging_mixin.py:188} INFO - [2024-01-28T13:14:18.138+0100] {dagbag.py:538} INFO - Filling up the DagBag from /home/hadoop/.local/lib/python3.10/site-packages/airflow/example_dags/tutorial_objectstorage.py
[2024-01-28T13:14:18.143+0100] {processor.py:840} INFO - DAG(s) 'tutorial_objectstorage' retrieved from /home/hadoop/.local/lib/python3.10/site-packages/airflow/example_dags/tutorial_objectstorage.py
[2024-01-28T13:14:18.154+0100] {logging_mixin.py:188} INFO - [2024-01-28T13:14:18.154+0100] {dag.py:3033} INFO - Sync 1 DAGs
[2024-01-28T13:14:18.162+0100] {logging_mixin.py:188} INFO - [2024-01-28T13:14:18.162+0100] {dag.py:3820} INFO - Setting next_dagrun for tutorial_objectstorage to None, run_after=None
[2024-01-28T13:14:18.185+0100] {processor.py:183} INFO - Processing /home/hadoop/.local/lib/python3.10/site-packages/airflow/example_dags/tutorial_objectstorage.py took 0.051 seconds
[2024-01-28T13:14:52.075+0100] {processor.py:161} INFO - Started process (PID=5917) to work on /home/hadoop/.local/lib/python3.10/site-packages/airflow/example_dags/tutorial_objectstorage.py
[2024-01-28T13:14:52.077+0100] {processor.py:830} INFO - Processing file /home/hadoop/.local/lib/python3.10/site-packages/airflow/example_dags/tutorial_objectstorage.py for tasks to queue
[2024-01-28T13:14:52.078+0100] {logging_mixin.py:188} INFO - [2024-01-28T13:14:52.077+0100] {dagbag.py:538} INFO - Filling up the DagBag from /home/hadoop/.local/lib/python3.10/site-packages/airflow/example_dags/tutorial_objectstorage.py
[2024-01-28T13:14:52.084+0100] {processor.py:840} INFO - DAG(s) 'tutorial_objectstorage' retrieved from /home/hadoop/.local/lib/python3.10/site-packages/airflow/example_dags/tutorial_objectstorage.py
[2024-01-28T13:14:52.097+0100] {logging_mixin.py:188} INFO - [2024-01-28T13:14:52.097+0100] {dag.py:3033} INFO - Sync 1 DAGs
[2024-01-28T13:14:52.105+0100] {logging_mixin.py:188} INFO - [2024-01-28T13:14:52.105+0100] {dag.py:3820} INFO - Setting next_dagrun for tutorial_objectstorage to None, run_after=None
[2024-01-28T13:14:52.125+0100] {processor.py:183} INFO - Processing /home/hadoop/.local/lib/python3.10/site-packages/airflow/example_dags/tutorial_objectstorage.py took 0.052 seconds
