[2024-01-28T13:10:30.459+0100] {processor.py:161} INFO - Started process (PID=5104) to work on /home/hadoop/.local/lib/python3.10/site-packages/airflow/example_dags/tutorial_dag.py
[2024-01-28T13:10:30.460+0100] {processor.py:830} INFO - Processing file /home/hadoop/.local/lib/python3.10/site-packages/airflow/example_dags/tutorial_dag.py for tasks to queue
[2024-01-28T13:10:30.460+0100] {logging_mixin.py:188} INFO - [2024-01-28T13:10:30.460+0100] {dagbag.py:538} INFO - Filling up the DagBag from /home/hadoop/.local/lib/python3.10/site-packages/airflow/example_dags/tutorial_dag.py
[2024-01-28T13:10:30.467+0100] {processor.py:840} INFO - DAG(s) 'tutorial_dag' retrieved from /home/hadoop/.local/lib/python3.10/site-packages/airflow/example_dags/tutorial_dag.py
[2024-01-28T13:10:30.550+0100] {logging_mixin.py:188} INFO - [2024-01-28T13:10:30.549+0100] {override.py:1769} INFO - Created Permission View: can edit on DAG:tutorial_dag
[2024-01-28T13:10:30.561+0100] {logging_mixin.py:188} INFO - [2024-01-28T13:10:30.561+0100] {override.py:1769} INFO - Created Permission View: can delete on DAG:tutorial_dag
[2024-01-28T13:10:30.571+0100] {logging_mixin.py:188} INFO - [2024-01-28T13:10:30.571+0100] {override.py:1769} INFO - Created Permission View: can read on DAG:tutorial_dag
[2024-01-28T13:10:30.571+0100] {logging_mixin.py:188} INFO - [2024-01-28T13:10:30.571+0100] {dag.py:3033} INFO - Sync 1 DAGs
[2024-01-28T13:10:30.578+0100] {logging_mixin.py:188} INFO - [2024-01-28T13:10:30.578+0100] {dag.py:3055} INFO - Creating ORM DAG for tutorial_dag
[2024-01-28T13:10:30.578+0100] {logging_mixin.py:188} INFO - [2024-01-28T13:10:30.578+0100] {dag.py:3820} INFO - Setting next_dagrun for tutorial_dag to None, run_after=None
[2024-01-28T13:10:30.598+0100] {processor.py:183} INFO - Processing /home/hadoop/.local/lib/python3.10/site-packages/airflow/example_dags/tutorial_dag.py took 0.142 seconds
[2024-01-28T13:11:27.213+0100] {processor.py:161} INFO - Started process (PID=5483) to work on /home/hadoop/.local/lib/python3.10/site-packages/airflow/example_dags/tutorial_dag.py
[2024-01-28T13:11:27.216+0100] {processor.py:830} INFO - Processing file /home/hadoop/.local/lib/python3.10/site-packages/airflow/example_dags/tutorial_dag.py for tasks to queue
[2024-01-28T13:11:27.217+0100] {logging_mixin.py:188} INFO - [2024-01-28T13:11:27.217+0100] {dagbag.py:538} INFO - Filling up the DagBag from /home/hadoop/.local/lib/python3.10/site-packages/airflow/example_dags/tutorial_dag.py
[2024-01-28T13:11:27.225+0100] {processor.py:840} INFO - DAG(s) 'tutorial_dag' retrieved from /home/hadoop/.local/lib/python3.10/site-packages/airflow/example_dags/tutorial_dag.py
[2024-01-28T13:11:27.292+0100] {logging_mixin.py:188} INFO - [2024-01-28T13:11:27.291+0100] {dag.py:3033} INFO - Sync 1 DAGs
[2024-01-28T13:11:27.347+0100] {logging_mixin.py:188} INFO - [2024-01-28T13:11:27.347+0100] {dag.py:3820} INFO - Setting next_dagrun for tutorial_dag to None, run_after=None
[2024-01-28T13:11:27.423+0100] {processor.py:183} INFO - Processing /home/hadoop/.local/lib/python3.10/site-packages/airflow/example_dags/tutorial_dag.py took 0.213 seconds
[2024-01-28T13:12:14.697+0100] {processor.py:161} INFO - Started process (PID=5589) to work on /home/hadoop/.local/lib/python3.10/site-packages/airflow/example_dags/tutorial_dag.py
[2024-01-28T13:12:14.698+0100] {processor.py:830} INFO - Processing file /home/hadoop/.local/lib/python3.10/site-packages/airflow/example_dags/tutorial_dag.py for tasks to queue
[2024-01-28T13:12:14.700+0100] {logging_mixin.py:188} INFO - [2024-01-28T13:12:14.699+0100] {dagbag.py:538} INFO - Filling up the DagBag from /home/hadoop/.local/lib/python3.10/site-packages/airflow/example_dags/tutorial_dag.py
[2024-01-28T13:12:14.714+0100] {processor.py:840} INFO - DAG(s) 'tutorial_dag' retrieved from /home/hadoop/.local/lib/python3.10/site-packages/airflow/example_dags/tutorial_dag.py
[2024-01-28T13:12:14.738+0100] {logging_mixin.py:188} INFO - [2024-01-28T13:12:14.738+0100] {dag.py:3033} INFO - Sync 1 DAGs
[2024-01-28T13:12:14.761+0100] {logging_mixin.py:188} INFO - [2024-01-28T13:12:14.761+0100] {dag.py:3820} INFO - Setting next_dagrun for tutorial_dag to None, run_after=None
[2024-01-28T13:12:14.822+0100] {processor.py:183} INFO - Processing /home/hadoop/.local/lib/python3.10/site-packages/airflow/example_dags/tutorial_dag.py took 0.130 seconds
[2024-01-28T13:12:58.771+0100] {processor.py:161} INFO - Started process (PID=5683) to work on /home/hadoop/.local/lib/python3.10/site-packages/airflow/example_dags/tutorial_dag.py
[2024-01-28T13:12:58.772+0100] {processor.py:830} INFO - Processing file /home/hadoop/.local/lib/python3.10/site-packages/airflow/example_dags/tutorial_dag.py for tasks to queue
[2024-01-28T13:12:58.773+0100] {logging_mixin.py:188} INFO - [2024-01-28T13:12:58.773+0100] {dagbag.py:538} INFO - Filling up the DagBag from /home/hadoop/.local/lib/python3.10/site-packages/airflow/example_dags/tutorial_dag.py
[2024-01-28T13:12:58.778+0100] {processor.py:840} INFO - DAG(s) 'tutorial_dag' retrieved from /home/hadoop/.local/lib/python3.10/site-packages/airflow/example_dags/tutorial_dag.py
[2024-01-28T13:12:58.791+0100] {logging_mixin.py:188} INFO - [2024-01-28T13:12:58.790+0100] {dag.py:3033} INFO - Sync 1 DAGs
[2024-01-28T13:12:58.799+0100] {logging_mixin.py:188} INFO - [2024-01-28T13:12:58.799+0100] {dag.py:3820} INFO - Setting next_dagrun for tutorial_dag to None, run_after=None
[2024-01-28T13:12:58.819+0100] {processor.py:183} INFO - Processing /home/hadoop/.local/lib/python3.10/site-packages/airflow/example_dags/tutorial_dag.py took 0.051 seconds
[2024-01-28T13:13:39.381+0100] {processor.py:161} INFO - Started process (PID=5768) to work on /home/hadoop/.local/lib/python3.10/site-packages/airflow/example_dags/tutorial_dag.py
[2024-01-28T13:13:39.382+0100] {processor.py:830} INFO - Processing file /home/hadoop/.local/lib/python3.10/site-packages/airflow/example_dags/tutorial_dag.py for tasks to queue
[2024-01-28T13:13:39.383+0100] {logging_mixin.py:188} INFO - [2024-01-28T13:13:39.383+0100] {dagbag.py:538} INFO - Filling up the DagBag from /home/hadoop/.local/lib/python3.10/site-packages/airflow/example_dags/tutorial_dag.py
[2024-01-28T13:13:39.389+0100] {processor.py:840} INFO - DAG(s) 'tutorial_dag' retrieved from /home/hadoop/.local/lib/python3.10/site-packages/airflow/example_dags/tutorial_dag.py
[2024-01-28T13:13:39.403+0100] {logging_mixin.py:188} INFO - [2024-01-28T13:13:39.402+0100] {dag.py:3033} INFO - Sync 1 DAGs
[2024-01-28T13:13:39.411+0100] {logging_mixin.py:188} INFO - [2024-01-28T13:13:39.411+0100] {dag.py:3820} INFO - Setting next_dagrun for tutorial_dag to None, run_after=None
[2024-01-28T13:13:39.431+0100] {processor.py:183} INFO - Processing /home/hadoop/.local/lib/python3.10/site-packages/airflow/example_dags/tutorial_dag.py took 0.053 seconds
[2024-01-28T13:14:17.001+0100] {processor.py:161} INFO - Started process (PID=5848) to work on /home/hadoop/.local/lib/python3.10/site-packages/airflow/example_dags/tutorial_dag.py
[2024-01-28T13:14:17.003+0100] {processor.py:830} INFO - Processing file /home/hadoop/.local/lib/python3.10/site-packages/airflow/example_dags/tutorial_dag.py for tasks to queue
[2024-01-28T13:14:17.004+0100] {logging_mixin.py:188} INFO - [2024-01-28T13:14:17.004+0100] {dagbag.py:538} INFO - Filling up the DagBag from /home/hadoop/.local/lib/python3.10/site-packages/airflow/example_dags/tutorial_dag.py
[2024-01-28T13:14:17.009+0100] {processor.py:840} INFO - DAG(s) 'tutorial_dag' retrieved from /home/hadoop/.local/lib/python3.10/site-packages/airflow/example_dags/tutorial_dag.py
[2024-01-28T13:14:17.021+0100] {logging_mixin.py:188} INFO - [2024-01-28T13:14:17.021+0100] {dag.py:3033} INFO - Sync 1 DAGs
[2024-01-28T13:14:17.030+0100] {logging_mixin.py:188} INFO - [2024-01-28T13:14:17.030+0100] {dag.py:3820} INFO - Setting next_dagrun for tutorial_dag to None, run_after=None
[2024-01-28T13:14:17.052+0100] {processor.py:183} INFO - Processing /home/hadoop/.local/lib/python3.10/site-packages/airflow/example_dags/tutorial_dag.py took 0.053 seconds
[2024-01-28T13:14:51.347+0100] {processor.py:161} INFO - Started process (PID=5916) to work on /home/hadoop/.local/lib/python3.10/site-packages/airflow/example_dags/tutorial_dag.py
[2024-01-28T13:14:51.348+0100] {processor.py:830} INFO - Processing file /home/hadoop/.local/lib/python3.10/site-packages/airflow/example_dags/tutorial_dag.py for tasks to queue
[2024-01-28T13:14:51.348+0100] {logging_mixin.py:188} INFO - [2024-01-28T13:14:51.348+0100] {dagbag.py:538} INFO - Filling up the DagBag from /home/hadoop/.local/lib/python3.10/site-packages/airflow/example_dags/tutorial_dag.py
[2024-01-28T13:14:51.353+0100] {processor.py:840} INFO - DAG(s) 'tutorial_dag' retrieved from /home/hadoop/.local/lib/python3.10/site-packages/airflow/example_dags/tutorial_dag.py
[2024-01-28T13:14:51.367+0100] {logging_mixin.py:188} INFO - [2024-01-28T13:14:51.367+0100] {dag.py:3033} INFO - Sync 1 DAGs
[2024-01-28T13:14:51.375+0100] {logging_mixin.py:188} INFO - [2024-01-28T13:14:51.375+0100] {dag.py:3820} INFO - Setting next_dagrun for tutorial_dag to None, run_after=None
[2024-01-28T13:14:51.396+0100] {processor.py:183} INFO - Processing /home/hadoop/.local/lib/python3.10/site-packages/airflow/example_dags/tutorial_dag.py took 0.052 seconds
