[2024-01-28T13:10:39.035+0100] {processor.py:161} INFO - Started process (PID=5140) to work on /home/hadoop/.local/lib/python3.10/site-packages/airflow/example_dags/tutorial.py
[2024-01-28T13:10:39.036+0100] {processor.py:830} INFO - Processing file /home/hadoop/.local/lib/python3.10/site-packages/airflow/example_dags/tutorial.py for tasks to queue
[2024-01-28T13:10:39.037+0100] {logging_mixin.py:188} INFO - [2024-01-28T13:10:39.037+0100] {dagbag.py:538} INFO - Filling up the DagBag from /home/hadoop/.local/lib/python3.10/site-packages/airflow/example_dags/tutorial.py
[2024-01-28T13:10:39.046+0100] {processor.py:840} INFO - DAG(s) 'tutorial' retrieved from /home/hadoop/.local/lib/python3.10/site-packages/airflow/example_dags/tutorial.py
[2024-01-28T13:10:39.126+0100] {logging_mixin.py:188} INFO - [2024-01-28T13:10:39.125+0100] {override.py:1769} INFO - Created Permission View: can edit on DAG:tutorial
[2024-01-28T13:10:39.137+0100] {logging_mixin.py:188} INFO - [2024-01-28T13:10:39.137+0100] {override.py:1769} INFO - Created Permission View: can delete on DAG:tutorial
[2024-01-28T13:10:39.145+0100] {logging_mixin.py:188} INFO - [2024-01-28T13:10:39.145+0100] {override.py:1769} INFO - Created Permission View: can read on DAG:tutorial
[2024-01-28T13:10:39.146+0100] {logging_mixin.py:188} INFO - [2024-01-28T13:10:39.146+0100] {dag.py:3033} INFO - Sync 1 DAGs
[2024-01-28T13:10:39.153+0100] {logging_mixin.py:188} INFO - [2024-01-28T13:10:39.153+0100] {dag.py:3055} INFO - Creating ORM DAG for tutorial
[2024-01-28T13:10:39.159+0100] {logging_mixin.py:188} INFO - [2024-01-28T13:10:39.158+0100] {dag.py:3820} INFO - Setting next_dagrun for tutorial to 2024-01-27T00:00:00+00:00, run_after=2024-01-28T00:00:00+00:00
[2024-01-28T13:10:39.178+0100] {processor.py:183} INFO - Processing /home/hadoop/.local/lib/python3.10/site-packages/airflow/example_dags/tutorial.py took 0.146 seconds
[2024-01-28T13:11:34.266+0100] {processor.py:161} INFO - Started process (PID=5499) to work on /home/hadoop/.local/lib/python3.10/site-packages/airflow/example_dags/tutorial.py
[2024-01-28T13:11:34.269+0100] {processor.py:830} INFO - Processing file /home/hadoop/.local/lib/python3.10/site-packages/airflow/example_dags/tutorial.py for tasks to queue
[2024-01-28T13:11:34.270+0100] {logging_mixin.py:188} INFO - [2024-01-28T13:11:34.270+0100] {dagbag.py:538} INFO - Filling up the DagBag from /home/hadoop/.local/lib/python3.10/site-packages/airflow/example_dags/tutorial.py
[2024-01-28T13:11:34.284+0100] {processor.py:840} INFO - DAG(s) 'tutorial' retrieved from /home/hadoop/.local/lib/python3.10/site-packages/airflow/example_dags/tutorial.py
[2024-01-28T13:11:34.310+0100] {logging_mixin.py:188} INFO - [2024-01-28T13:11:34.310+0100] {dag.py:3033} INFO - Sync 1 DAGs
[2024-01-28T13:11:34.333+0100] {logging_mixin.py:188} INFO - [2024-01-28T13:11:34.332+0100] {dag.py:3820} INFO - Setting next_dagrun for tutorial to 2024-01-27T00:00:00+00:00, run_after=2024-01-28T00:00:00+00:00
[2024-01-28T13:11:34.414+0100] {processor.py:183} INFO - Processing /home/hadoop/.local/lib/python3.10/site-packages/airflow/example_dags/tutorial.py took 0.152 seconds
[2024-01-28T13:12:22.583+0100] {processor.py:161} INFO - Started process (PID=5602) to work on /home/hadoop/.local/lib/python3.10/site-packages/airflow/example_dags/tutorial.py
[2024-01-28T13:12:22.584+0100] {processor.py:830} INFO - Processing file /home/hadoop/.local/lib/python3.10/site-packages/airflow/example_dags/tutorial.py for tasks to queue
[2024-01-28T13:12:22.585+0100] {logging_mixin.py:188} INFO - [2024-01-28T13:12:22.585+0100] {dagbag.py:538} INFO - Filling up the DagBag from /home/hadoop/.local/lib/python3.10/site-packages/airflow/example_dags/tutorial.py
[2024-01-28T13:12:22.592+0100] {processor.py:840} INFO - DAG(s) 'tutorial' retrieved from /home/hadoop/.local/lib/python3.10/site-packages/airflow/example_dags/tutorial.py
[2024-01-28T13:12:22.606+0100] {logging_mixin.py:188} INFO - [2024-01-28T13:12:22.605+0100] {dag.py:3033} INFO - Sync 1 DAGs
[2024-01-28T13:12:22.621+0100] {logging_mixin.py:188} INFO - [2024-01-28T13:12:22.621+0100] {dag.py:3820} INFO - Setting next_dagrun for tutorial to 2024-01-27T00:00:00+00:00, run_after=2024-01-28T00:00:00+00:00
[2024-01-28T13:12:22.642+0100] {processor.py:183} INFO - Processing /home/hadoop/.local/lib/python3.10/site-packages/airflow/example_dags/tutorial.py took 0.063 seconds
[2024-01-28T13:13:06.207+0100] {processor.py:161} INFO - Started process (PID=5699) to work on /home/hadoop/.local/lib/python3.10/site-packages/airflow/example_dags/tutorial.py
[2024-01-28T13:13:06.208+0100] {processor.py:830} INFO - Processing file /home/hadoop/.local/lib/python3.10/site-packages/airflow/example_dags/tutorial.py for tasks to queue
[2024-01-28T13:13:06.208+0100] {logging_mixin.py:188} INFO - [2024-01-28T13:13:06.208+0100] {dagbag.py:538} INFO - Filling up the DagBag from /home/hadoop/.local/lib/python3.10/site-packages/airflow/example_dags/tutorial.py
[2024-01-28T13:13:06.215+0100] {processor.py:840} INFO - DAG(s) 'tutorial' retrieved from /home/hadoop/.local/lib/python3.10/site-packages/airflow/example_dags/tutorial.py
[2024-01-28T13:13:06.227+0100] {logging_mixin.py:188} INFO - [2024-01-28T13:13:06.227+0100] {dag.py:3033} INFO - Sync 1 DAGs
[2024-01-28T13:13:06.241+0100] {logging_mixin.py:188} INFO - [2024-01-28T13:13:06.241+0100] {dag.py:3820} INFO - Setting next_dagrun for tutorial to 2024-01-27T00:00:00+00:00, run_after=2024-01-28T00:00:00+00:00
[2024-01-28T13:13:06.260+0100] {processor.py:183} INFO - Processing /home/hadoop/.local/lib/python3.10/site-packages/airflow/example_dags/tutorial.py took 0.057 seconds
[2024-01-28T13:13:46.715+0100] {processor.py:161} INFO - Started process (PID=5782) to work on /home/hadoop/.local/lib/python3.10/site-packages/airflow/example_dags/tutorial.py
[2024-01-28T13:13:46.716+0100] {processor.py:830} INFO - Processing file /home/hadoop/.local/lib/python3.10/site-packages/airflow/example_dags/tutorial.py for tasks to queue
[2024-01-28T13:13:46.717+0100] {logging_mixin.py:188} INFO - [2024-01-28T13:13:46.716+0100] {dagbag.py:538} INFO - Filling up the DagBag from /home/hadoop/.local/lib/python3.10/site-packages/airflow/example_dags/tutorial.py
[2024-01-28T13:13:46.723+0100] {processor.py:840} INFO - DAG(s) 'tutorial' retrieved from /home/hadoop/.local/lib/python3.10/site-packages/airflow/example_dags/tutorial.py
[2024-01-28T13:13:46.735+0100] {logging_mixin.py:188} INFO - [2024-01-28T13:13:46.734+0100] {dag.py:3033} INFO - Sync 1 DAGs
[2024-01-28T13:13:46.748+0100] {logging_mixin.py:188} INFO - [2024-01-28T13:13:46.748+0100] {dag.py:3820} INFO - Setting next_dagrun for tutorial to 2024-01-27T00:00:00+00:00, run_after=2024-01-28T00:00:00+00:00
[2024-01-28T13:13:46.774+0100] {processor.py:183} INFO - Processing /home/hadoop/.local/lib/python3.10/site-packages/airflow/example_dags/tutorial.py took 0.062 seconds
[2024-01-28T13:14:32.506+0100] {processor.py:161} INFO - Started process (PID=5882) to work on /home/hadoop/.local/lib/python3.10/site-packages/airflow/example_dags/tutorial.py
[2024-01-28T13:14:32.509+0100] {processor.py:830} INFO - Processing file /home/hadoop/.local/lib/python3.10/site-packages/airflow/example_dags/tutorial.py for tasks to queue
[2024-01-28T13:14:32.509+0100] {logging_mixin.py:188} INFO - [2024-01-28T13:14:32.509+0100] {dagbag.py:538} INFO - Filling up the DagBag from /home/hadoop/.local/lib/python3.10/site-packages/airflow/example_dags/tutorial.py
[2024-01-28T13:14:32.516+0100] {processor.py:840} INFO - DAG(s) 'tutorial' retrieved from /home/hadoop/.local/lib/python3.10/site-packages/airflow/example_dags/tutorial.py
[2024-01-28T13:14:32.532+0100] {logging_mixin.py:188} INFO - [2024-01-28T13:14:32.532+0100] {dag.py:3033} INFO - Sync 1 DAGs
[2024-01-28T13:14:32.548+0100] {logging_mixin.py:188} INFO - [2024-01-28T13:14:32.548+0100] {dag.py:3820} INFO - Setting next_dagrun for tutorial to 2024-01-27T00:00:00+00:00, run_after=2024-01-28T00:00:00+00:00
[2024-01-28T13:14:32.579+0100] {processor.py:183} INFO - Processing /home/hadoop/.local/lib/python3.10/site-packages/airflow/example_dags/tutorial.py took 0.077 seconds
