[2024-01-29T01:29:06.890+0100] {taskinstance.py:1957} INFO - Dependencies all met for dep_context=non-requeueable deps ti=<TaskInstance: match_id_dag.fetch_match_ids manual__2024-01-29T00:29:04.382261+00:00 [queued]>
[2024-01-29T01:29:06.906+0100] {taskinstance.py:1957} INFO - Dependencies all met for dep_context=requeueable deps ti=<TaskInstance: match_id_dag.fetch_match_ids manual__2024-01-29T00:29:04.382261+00:00 [queued]>
[2024-01-29T01:29:06.906+0100] {taskinstance.py:2171} INFO - Starting attempt 1 of 1
[2024-01-29T01:29:06.938+0100] {taskinstance.py:2192} INFO - Executing <Task(BashOperator): fetch_match_ids> on 2024-01-29 00:29:04.382261+00:00
[2024-01-29T01:29:06.943+0100] {standard_task_runner.py:60} INFO - Started process 27161 to run task
[2024-01-29T01:29:06.945+0100] {standard_task_runner.py:87} INFO - Running: ['airflow', 'tasks', 'run', 'match_id_dag', 'fetch_match_ids', 'manual__2024-01-29T00:29:04.382261+00:00', '--job-id', '65', '--raw', '--subdir', 'DAGS_FOLDER/match_id_dag.py', '--cfg-path', '/tmp/tmpgie6pvb8']
[2024-01-29T01:29:06.947+0100] {standard_task_runner.py:88} INFO - Job 65: Subtask fetch_match_ids
[2024-01-29T01:29:06.994+0100] {task_command.py:423} INFO - Running <TaskInstance: match_id_dag.fetch_match_ids manual__2024-01-29T00:29:04.382261+00:00 [running]> on host ubuntu.ubuntu.virtualbox.org
[2024-01-29T01:29:07.068+0100] {taskinstance.py:2481} INFO - Exporting env vars: AIRFLOW_CTX_DAG_EMAIL='irachide1@gmail.com' AIRFLOW_CTX_DAG_OWNER='hadoop' AIRFLOW_CTX_DAG_ID='match_id_dag' AIRFLOW_CTX_TASK_ID='fetch_match_ids' AIRFLOW_CTX_EXECUTION_DATE='2024-01-29T00:29:04.382261+00:00' AIRFLOW_CTX_TRY_NUMBER='1' AIRFLOW_CTX_DAG_RUN_ID='manual__2024-01-29T00:29:04.382261+00:00'
[2024-01-29T01:29:07.069+0100] {subprocess.py:63} INFO - Tmp dir root location: /tmp
[2024-01-29T01:29:07.069+0100] {subprocess.py:75} INFO - Running command: ['/usr/bin/bash', '-c', 'python3 /home/hadoop/Desktop/projectBD/scripts/fetch_match_ids.py ']
[2024-01-29T01:29:07.077+0100] {subprocess.py:86} INFO - Output:
[2024-01-29T01:29:18.786+0100] {subprocess.py:93} INFO - Successfully uploaded /home/hadoop/Desktop/projectBD/scripts/../output/Tarelcat_match_ids.json to /user/hadoop/lol/raw/match_ids
[2024-01-29T01:29:18.786+0100] {subprocess.py:93} INFO - Match IDs for Tarelcat saved locally and uploaded to HDFS.
[2024-01-29T01:29:18.786+0100] {subprocess.py:93} INFO - Successfully uploaded /home/hadoop/Desktop/projectBD/scripts/../output/Kawozz_match_ids.json to /user/hadoop/lol/raw/match_ids
[2024-01-29T01:29:18.786+0100] {subprocess.py:93} INFO - Match IDs for Kawozz saved locally and uploaded to HDFS.
[2024-01-29T01:29:18.786+0100] {subprocess.py:93} INFO - Successfully uploaded /home/hadoop/Desktop/projectBD/scripts/../output/Saken_match_ids.json to /user/hadoop/lol/raw/match_ids
[2024-01-29T01:29:18.786+0100] {subprocess.py:93} INFO - Match IDs for Saken saved locally and uploaded to HDFS.
[2024-01-29T01:29:18.800+0100] {subprocess.py:97} INFO - Command exited with return code 0
[2024-01-29T01:29:18.832+0100] {taskinstance.py:1138} INFO - Marking task as SUCCESS. dag_id=match_id_dag, task_id=fetch_match_ids, execution_date=20240129T002904, start_date=20240129T002906, end_date=20240129T002918
[2024-01-29T01:29:18.899+0100] {local_task_job_runner.py:234} INFO - Task exited with return code 0
[2024-01-29T01:29:18.923+0100] {taskinstance.py:3281} INFO - 1 downstream tasks scheduled from follow-on schedule check
