[2024-01-29T00:55:41.804+0100] {processor.py:161} INFO - Started process (PID=16913) to work on /home/hadoop/Desktop/projectBD/airflow/dags/match_histories_dag.py
[2024-01-29T00:55:41.805+0100] {processor.py:830} INFO - Processing file /home/hadoop/Desktop/projectBD/airflow/dags/match_histories_dag.py for tasks to queue
[2024-01-29T00:55:41.806+0100] {logging_mixin.py:188} INFO - [2024-01-29T00:55:41.805+0100] {dagbag.py:538} INFO - Filling up the DagBag from /home/hadoop/Desktop/projectBD/airflow/dags/match_histories_dag.py
[2024-01-29T00:55:41.842+0100] {processor.py:840} INFO - DAG(s) 'match_histories_dag' retrieved from /home/hadoop/Desktop/projectBD/airflow/dags/match_histories_dag.py
[2024-01-29T00:55:42.138+0100] {logging_mixin.py:188} INFO - [2024-01-29T00:55:42.138+0100] {override.py:1769} INFO - Created Permission View: can edit on DAG:match_histories_dag
[2024-01-29T00:55:42.150+0100] {logging_mixin.py:188} INFO - [2024-01-29T00:55:42.150+0100] {override.py:1769} INFO - Created Permission View: can delete on DAG:match_histories_dag
[2024-01-29T00:55:42.159+0100] {logging_mixin.py:188} INFO - [2024-01-29T00:55:42.159+0100] {override.py:1769} INFO - Created Permission View: can read on DAG:match_histories_dag
[2024-01-29T00:55:42.159+0100] {logging_mixin.py:188} INFO - [2024-01-29T00:55:42.159+0100] {dag.py:3033} INFO - Sync 1 DAGs
[2024-01-29T00:55:42.166+0100] {logging_mixin.py:188} INFO - [2024-01-29T00:55:42.166+0100] {dag.py:3055} INFO - Creating ORM DAG for match_histories_dag
[2024-01-29T00:55:42.167+0100] {logging_mixin.py:188} INFO - [2024-01-29T00:55:42.167+0100] {dag.py:3820} INFO - Setting next_dagrun for match_histories_dag to None, run_after=None
[2024-01-29T00:55:42.188+0100] {processor.py:183} INFO - Processing /home/hadoop/Desktop/projectBD/airflow/dags/match_histories_dag.py took 0.387 seconds
[2024-01-29T00:56:13.028+0100] {processor.py:161} INFO - Started process (PID=16943) to work on /home/hadoop/Desktop/projectBD/airflow/dags/match_histories_dag.py
[2024-01-29T00:56:13.032+0100] {processor.py:830} INFO - Processing file /home/hadoop/Desktop/projectBD/airflow/dags/match_histories_dag.py for tasks to queue
[2024-01-29T00:56:13.044+0100] {logging_mixin.py:188} INFO - [2024-01-29T00:56:13.034+0100] {dagbag.py:538} INFO - Filling up the DagBag from /home/hadoop/Desktop/projectBD/airflow/dags/match_histories_dag.py
[2024-01-29T00:56:13.065+0100] {processor.py:840} INFO - DAG(s) 'match_histories_dag' retrieved from /home/hadoop/Desktop/projectBD/airflow/dags/match_histories_dag.py
[2024-01-29T00:56:13.111+0100] {logging_mixin.py:188} INFO - [2024-01-29T00:56:13.110+0100] {dag.py:3033} INFO - Sync 1 DAGs
[2024-01-29T00:56:13.128+0100] {logging_mixin.py:188} INFO - [2024-01-29T00:56:13.127+0100] {dag.py:3820} INFO - Setting next_dagrun for match_histories_dag to None, run_after=None
[2024-01-29T00:56:13.166+0100] {processor.py:183} INFO - Processing /home/hadoop/Desktop/projectBD/airflow/dags/match_histories_dag.py took 0.145 seconds
[2024-01-29T00:56:43.389+0100] {processor.py:161} INFO - Started process (PID=17304) to work on /home/hadoop/Desktop/projectBD/airflow/dags/match_histories_dag.py
[2024-01-29T00:56:43.391+0100] {processor.py:830} INFO - Processing file /home/hadoop/Desktop/projectBD/airflow/dags/match_histories_dag.py for tasks to queue
[2024-01-29T00:56:43.392+0100] {logging_mixin.py:188} INFO - [2024-01-29T00:56:43.391+0100] {dagbag.py:538} INFO - Filling up the DagBag from /home/hadoop/Desktop/projectBD/airflow/dags/match_histories_dag.py
[2024-01-29T00:56:43.403+0100] {processor.py:840} INFO - DAG(s) 'match_histories_dag' retrieved from /home/hadoop/Desktop/projectBD/airflow/dags/match_histories_dag.py
[2024-01-29T00:56:43.420+0100] {logging_mixin.py:188} INFO - [2024-01-29T00:56:43.420+0100] {dag.py:3033} INFO - Sync 1 DAGs
[2024-01-29T00:56:43.433+0100] {logging_mixin.py:188} INFO - [2024-01-29T00:56:43.433+0100] {dag.py:3820} INFO - Setting next_dagrun for match_histories_dag to None, run_after=None
[2024-01-29T00:56:43.473+0100] {processor.py:183} INFO - Processing /home/hadoop/Desktop/projectBD/airflow/dags/match_histories_dag.py took 0.087 seconds
[2024-01-29T00:57:13.507+0100] {processor.py:161} INFO - Started process (PID=17313) to work on /home/hadoop/Desktop/projectBD/airflow/dags/match_histories_dag.py
[2024-01-29T00:57:13.508+0100] {processor.py:830} INFO - Processing file /home/hadoop/Desktop/projectBD/airflow/dags/match_histories_dag.py for tasks to queue
[2024-01-29T00:57:13.509+0100] {logging_mixin.py:188} INFO - [2024-01-29T00:57:13.508+0100] {dagbag.py:538} INFO - Filling up the DagBag from /home/hadoop/Desktop/projectBD/airflow/dags/match_histories_dag.py
[2024-01-29T00:57:13.517+0100] {processor.py:840} INFO - DAG(s) 'match_histories_dag' retrieved from /home/hadoop/Desktop/projectBD/airflow/dags/match_histories_dag.py
[2024-01-29T00:57:13.537+0100] {logging_mixin.py:188} INFO - [2024-01-29T00:57:13.537+0100] {dag.py:3033} INFO - Sync 1 DAGs
[2024-01-29T00:57:13.547+0100] {logging_mixin.py:188} INFO - [2024-01-29T00:57:13.547+0100] {dag.py:3820} INFO - Setting next_dagrun for match_histories_dag to None, run_after=None
[2024-01-29T00:57:13.568+0100] {processor.py:183} INFO - Processing /home/hadoop/Desktop/projectBD/airflow/dags/match_histories_dag.py took 0.064 seconds
[2024-01-29T00:57:45.222+0100] {processor.py:161} INFO - Started process (PID=17677) to work on /home/hadoop/Desktop/projectBD/airflow/dags/match_histories_dag.py
[2024-01-29T00:57:45.223+0100] {processor.py:830} INFO - Processing file /home/hadoop/Desktop/projectBD/airflow/dags/match_histories_dag.py for tasks to queue
[2024-01-29T00:57:45.224+0100] {logging_mixin.py:188} INFO - [2024-01-29T00:57:45.224+0100] {dagbag.py:538} INFO - Filling up the DagBag from /home/hadoop/Desktop/projectBD/airflow/dags/match_histories_dag.py
[2024-01-29T00:57:45.233+0100] {processor.py:840} INFO - DAG(s) 'match_histories_dag' retrieved from /home/hadoop/Desktop/projectBD/airflow/dags/match_histories_dag.py
[2024-01-29T00:57:45.246+0100] {logging_mixin.py:188} INFO - [2024-01-29T00:57:45.246+0100] {dag.py:3033} INFO - Sync 1 DAGs
[2024-01-29T00:57:45.255+0100] {logging_mixin.py:188} INFO - [2024-01-29T00:57:45.255+0100] {dag.py:3820} INFO - Setting next_dagrun for match_histories_dag to None, run_after=None
[2024-01-29T00:57:45.273+0100] {processor.py:183} INFO - Processing /home/hadoop/Desktop/projectBD/airflow/dags/match_histories_dag.py took 0.054 seconds
[2024-01-29T00:58:15.541+0100] {processor.py:161} INFO - Started process (PID=17706) to work on /home/hadoop/Desktop/projectBD/airflow/dags/match_histories_dag.py
[2024-01-29T00:58:15.543+0100] {processor.py:830} INFO - Processing file /home/hadoop/Desktop/projectBD/airflow/dags/match_histories_dag.py for tasks to queue
[2024-01-29T00:58:15.544+0100] {logging_mixin.py:188} INFO - [2024-01-29T00:58:15.543+0100] {dagbag.py:538} INFO - Filling up the DagBag from /home/hadoop/Desktop/projectBD/airflow/dags/match_histories_dag.py
[2024-01-29T00:58:15.551+0100] {processor.py:840} INFO - DAG(s) 'match_histories_dag' retrieved from /home/hadoop/Desktop/projectBD/airflow/dags/match_histories_dag.py
[2024-01-29T00:58:15.564+0100] {logging_mixin.py:188} INFO - [2024-01-29T00:58:15.564+0100] {dag.py:3033} INFO - Sync 1 DAGs
[2024-01-29T00:58:15.572+0100] {logging_mixin.py:188} INFO - [2024-01-29T00:58:15.572+0100] {dag.py:3820} INFO - Setting next_dagrun for match_histories_dag to None, run_after=None
[2024-01-29T00:58:15.593+0100] {processor.py:183} INFO - Processing /home/hadoop/Desktop/projectBD/airflow/dags/match_histories_dag.py took 0.055 seconds
[2024-01-29T00:58:46.458+0100] {processor.py:161} INFO - Started process (PID=17738) to work on /home/hadoop/Desktop/projectBD/airflow/dags/match_histories_dag.py
[2024-01-29T00:58:46.474+0100] {processor.py:830} INFO - Processing file /home/hadoop/Desktop/projectBD/airflow/dags/match_histories_dag.py for tasks to queue
[2024-01-29T00:58:46.476+0100] {logging_mixin.py:188} INFO - [2024-01-29T00:58:46.476+0100] {dagbag.py:538} INFO - Filling up the DagBag from /home/hadoop/Desktop/projectBD/airflow/dags/match_histories_dag.py
[2024-01-29T00:58:46.488+0100] {processor.py:840} INFO - DAG(s) 'match_histories_dag' retrieved from /home/hadoop/Desktop/projectBD/airflow/dags/match_histories_dag.py
[2024-01-29T00:58:46.510+0100] {logging_mixin.py:188} INFO - [2024-01-29T00:58:46.510+0100] {dag.py:3033} INFO - Sync 1 DAGs
[2024-01-29T00:58:46.519+0100] {logging_mixin.py:188} INFO - [2024-01-29T00:58:46.519+0100] {dag.py:3820} INFO - Setting next_dagrun for match_histories_dag to None, run_after=None
[2024-01-29T00:58:46.575+0100] {processor.py:183} INFO - Processing /home/hadoop/Desktop/projectBD/airflow/dags/match_histories_dag.py took 0.126 seconds
[2024-01-29T00:59:17.299+0100] {processor.py:161} INFO - Started process (PID=17743) to work on /home/hadoop/Desktop/projectBD/airflow/dags/match_histories_dag.py
[2024-01-29T00:59:17.300+0100] {processor.py:830} INFO - Processing file /home/hadoop/Desktop/projectBD/airflow/dags/match_histories_dag.py for tasks to queue
[2024-01-29T00:59:17.302+0100] {logging_mixin.py:188} INFO - [2024-01-29T00:59:17.301+0100] {dagbag.py:538} INFO - Filling up the DagBag from /home/hadoop/Desktop/projectBD/airflow/dags/match_histories_dag.py
[2024-01-29T00:59:17.323+0100] {processor.py:840} INFO - DAG(s) 'match_histories_dag' retrieved from /home/hadoop/Desktop/projectBD/airflow/dags/match_histories_dag.py
[2024-01-29T00:59:17.351+0100] {logging_mixin.py:188} INFO - [2024-01-29T00:59:17.350+0100] {dag.py:3033} INFO - Sync 1 DAGs
[2024-01-29T00:59:17.369+0100] {logging_mixin.py:188} INFO - [2024-01-29T00:59:17.368+0100] {dag.py:3820} INFO - Setting next_dagrun for match_histories_dag to None, run_after=None
[2024-01-29T00:59:17.420+0100] {processor.py:183} INFO - Processing /home/hadoop/Desktop/projectBD/airflow/dags/match_histories_dag.py took 0.128 seconds
[2024-01-29T00:59:47.779+0100] {processor.py:161} INFO - Started process (PID=17749) to work on /home/hadoop/Desktop/projectBD/airflow/dags/match_histories_dag.py
[2024-01-29T00:59:47.781+0100] {processor.py:830} INFO - Processing file /home/hadoop/Desktop/projectBD/airflow/dags/match_histories_dag.py for tasks to queue
[2024-01-29T00:59:47.782+0100] {logging_mixin.py:188} INFO - [2024-01-29T00:59:47.782+0100] {dagbag.py:538} INFO - Filling up the DagBag from /home/hadoop/Desktop/projectBD/airflow/dags/match_histories_dag.py
[2024-01-29T00:59:47.804+0100] {processor.py:840} INFO - DAG(s) 'match_histories_dag' retrieved from /home/hadoop/Desktop/projectBD/airflow/dags/match_histories_dag.py
[2024-01-29T00:59:47.833+0100] {logging_mixin.py:188} INFO - [2024-01-29T00:59:47.833+0100] {dag.py:3033} INFO - Sync 1 DAGs
[2024-01-29T00:59:47.851+0100] {logging_mixin.py:188} INFO - [2024-01-29T00:59:47.850+0100] {dag.py:3820} INFO - Setting next_dagrun for match_histories_dag to None, run_after=None
[2024-01-29T00:59:47.887+0100] {processor.py:183} INFO - Processing /home/hadoop/Desktop/projectBD/airflow/dags/match_histories_dag.py took 0.110 seconds
