[2024-01-28T13:10:35.059+0100] {processor.py:161} INFO - Started process (PID=5127) to work on /home/hadoop/.local/lib/python3.10/site-packages/airflow/example_dags/plugins/listener_plugin.py
[2024-01-28T13:10:35.060+0100] {processor.py:830} INFO - Processing file /home/hadoop/.local/lib/python3.10/site-packages/airflow/example_dags/plugins/listener_plugin.py for tasks to queue
[2024-01-28T13:10:35.061+0100] {logging_mixin.py:188} INFO - [2024-01-28T13:10:35.060+0100] {dagbag.py:538} INFO - Filling up the DagBag from /home/hadoop/.local/lib/python3.10/site-packages/airflow/example_dags/plugins/listener_plugin.py
[2024-01-28T13:10:35.063+0100] {processor.py:842} WARNING - No viable dags retrieved from /home/hadoop/.local/lib/python3.10/site-packages/airflow/example_dags/plugins/listener_plugin.py
[2024-01-28T13:10:35.071+0100] {processor.py:183} INFO - Processing /home/hadoop/.local/lib/python3.10/site-packages/airflow/example_dags/plugins/listener_plugin.py took 0.014 seconds
[2024-01-28T13:11:30.344+0100] {processor.py:161} INFO - Started process (PID=5492) to work on /home/hadoop/.local/lib/python3.10/site-packages/airflow/example_dags/plugins/listener_plugin.py
[2024-01-28T13:11:30.351+0100] {processor.py:830} INFO - Processing file /home/hadoop/.local/lib/python3.10/site-packages/airflow/example_dags/plugins/listener_plugin.py for tasks to queue
[2024-01-28T13:11:30.353+0100] {logging_mixin.py:188} INFO - [2024-01-28T13:11:30.352+0100] {dagbag.py:538} INFO - Filling up the DagBag from /home/hadoop/.local/lib/python3.10/site-packages/airflow/example_dags/plugins/listener_plugin.py
[2024-01-28T13:11:30.357+0100] {processor.py:842} WARNING - No viable dags retrieved from /home/hadoop/.local/lib/python3.10/site-packages/airflow/example_dags/plugins/listener_plugin.py
[2024-01-28T13:11:30.373+0100] {processor.py:183} INFO - Processing /home/hadoop/.local/lib/python3.10/site-packages/airflow/example_dags/plugins/listener_plugin.py took 0.032 seconds
[2024-01-28T13:12:18.585+0100] {processor.py:161} INFO - Started process (PID=5596) to work on /home/hadoop/.local/lib/python3.10/site-packages/airflow/example_dags/plugins/listener_plugin.py
[2024-01-28T13:12:18.586+0100] {processor.py:830} INFO - Processing file /home/hadoop/.local/lib/python3.10/site-packages/airflow/example_dags/plugins/listener_plugin.py for tasks to queue
[2024-01-28T13:12:18.587+0100] {logging_mixin.py:188} INFO - [2024-01-28T13:12:18.587+0100] {dagbag.py:538} INFO - Filling up the DagBag from /home/hadoop/.local/lib/python3.10/site-packages/airflow/example_dags/plugins/listener_plugin.py
[2024-01-28T13:12:18.591+0100] {processor.py:842} WARNING - No viable dags retrieved from /home/hadoop/.local/lib/python3.10/site-packages/airflow/example_dags/plugins/listener_plugin.py
[2024-01-28T13:12:18.601+0100] {processor.py:183} INFO - Processing /home/hadoop/.local/lib/python3.10/site-packages/airflow/example_dags/plugins/listener_plugin.py took 0.019 seconds
[2024-01-28T13:13:02.447+0100] {processor.py:161} INFO - Started process (PID=5690) to work on /home/hadoop/.local/lib/python3.10/site-packages/airflow/example_dags/plugins/listener_plugin.py
[2024-01-28T13:13:02.448+0100] {processor.py:830} INFO - Processing file /home/hadoop/.local/lib/python3.10/site-packages/airflow/example_dags/plugins/listener_plugin.py for tasks to queue
[2024-01-28T13:13:02.448+0100] {logging_mixin.py:188} INFO - [2024-01-28T13:13:02.448+0100] {dagbag.py:538} INFO - Filling up the DagBag from /home/hadoop/.local/lib/python3.10/site-packages/airflow/example_dags/plugins/listener_plugin.py
[2024-01-28T13:13:02.451+0100] {processor.py:842} WARNING - No viable dags retrieved from /home/hadoop/.local/lib/python3.10/site-packages/airflow/example_dags/plugins/listener_plugin.py
[2024-01-28T13:13:02.460+0100] {processor.py:183} INFO - Processing /home/hadoop/.local/lib/python3.10/site-packages/airflow/example_dags/plugins/listener_plugin.py took 0.016 seconds
[2024-01-28T13:13:42.851+0100] {processor.py:161} INFO - Started process (PID=5774) to work on /home/hadoop/.local/lib/python3.10/site-packages/airflow/example_dags/plugins/listener_plugin.py
[2024-01-28T13:13:42.854+0100] {processor.py:830} INFO - Processing file /home/hadoop/.local/lib/python3.10/site-packages/airflow/example_dags/plugins/listener_plugin.py for tasks to queue
[2024-01-28T13:13:42.855+0100] {logging_mixin.py:188} INFO - [2024-01-28T13:13:42.854+0100] {dagbag.py:538} INFO - Filling up the DagBag from /home/hadoop/.local/lib/python3.10/site-packages/airflow/example_dags/plugins/listener_plugin.py
[2024-01-28T13:13:42.857+0100] {processor.py:842} WARNING - No viable dags retrieved from /home/hadoop/.local/lib/python3.10/site-packages/airflow/example_dags/plugins/listener_plugin.py
[2024-01-28T13:13:42.865+0100] {processor.py:183} INFO - Processing /home/hadoop/.local/lib/python3.10/site-packages/airflow/example_dags/plugins/listener_plugin.py took 0.016 seconds
[2024-01-28T13:14:21.003+0100] {processor.py:161} INFO - Started process (PID=5856) to work on /home/hadoop/.local/lib/python3.10/site-packages/airflow/example_dags/plugins/listener_plugin.py
[2024-01-28T13:14:21.006+0100] {processor.py:830} INFO - Processing file /home/hadoop/.local/lib/python3.10/site-packages/airflow/example_dags/plugins/listener_plugin.py for tasks to queue
[2024-01-28T13:14:21.009+0100] {logging_mixin.py:188} INFO - [2024-01-28T13:14:21.007+0100] {dagbag.py:538} INFO - Filling up the DagBag from /home/hadoop/.local/lib/python3.10/site-packages/airflow/example_dags/plugins/listener_plugin.py
[2024-01-28T13:14:21.012+0100] {processor.py:842} WARNING - No viable dags retrieved from /home/hadoop/.local/lib/python3.10/site-packages/airflow/example_dags/plugins/listener_plugin.py
[2024-01-28T13:14:21.035+0100] {processor.py:183} INFO - Processing /home/hadoop/.local/lib/python3.10/site-packages/airflow/example_dags/plugins/listener_plugin.py took 0.034 seconds
