[2024-01-29T01:00:10.774+0100] {processor.py:161} INFO - Started process (PID=17859) to work on /home/hadoop/Desktop/projectBD/airflow/dags/match_id_dag.py
[2024-01-29T01:00:10.775+0100] {processor.py:830} INFO - Processing file /home/hadoop/Desktop/projectBD/airflow/dags/match_id_dag.py for tasks to queue
[2024-01-29T01:00:10.776+0100] {logging_mixin.py:188} INFO - [2024-01-29T01:00:10.776+0100] {dagbag.py:538} INFO - Filling up the DagBag from /home/hadoop/Desktop/projectBD/airflow/dags/match_id_dag.py
[2024-01-29T01:00:10.821+0100] {processor.py:840} INFO - DAG(s) 'match_id_dag' retrieved from /home/hadoop/Desktop/projectBD/airflow/dags/match_id_dag.py
[2024-01-29T01:00:10.850+0100] {logging_mixin.py:188} INFO - [2024-01-29T01:00:10.850+0100] {dag.py:3033} INFO - Sync 1 DAGs
[2024-01-29T01:00:10.874+0100] {logging_mixin.py:188} INFO - [2024-01-29T01:00:10.874+0100] {dag.py:3820} INFO - Setting next_dagrun for match_id_dag to None, run_after=None
[2024-01-29T01:00:10.910+0100] {processor.py:183} INFO - Processing /home/hadoop/Desktop/projectBD/airflow/dags/match_id_dag.py took 0.138 seconds
[2024-01-29T01:02:26.159+0100] {processor.py:161} INFO - Started process (PID=18622) to work on /home/hadoop/Desktop/projectBD/airflow/dags/match_id_dag.py
[2024-01-29T01:02:26.162+0100] {processor.py:830} INFO - Processing file /home/hadoop/Desktop/projectBD/airflow/dags/match_id_dag.py for tasks to queue
[2024-01-29T01:02:26.163+0100] {logging_mixin.py:188} INFO - [2024-01-29T01:02:26.163+0100] {dagbag.py:538} INFO - Filling up the DagBag from /home/hadoop/Desktop/projectBD/airflow/dags/match_id_dag.py
[2024-01-29T01:02:26.172+0100] {processor.py:840} INFO - DAG(s) 'match_id_dag' retrieved from /home/hadoop/Desktop/projectBD/airflow/dags/match_id_dag.py
[2024-01-29T01:02:26.186+0100] {logging_mixin.py:188} INFO - [2024-01-29T01:02:26.186+0100] {dag.py:3033} INFO - Sync 1 DAGs
[2024-01-29T01:02:26.194+0100] {logging_mixin.py:188} INFO - [2024-01-29T01:02:26.194+0100] {dag.py:3820} INFO - Setting next_dagrun for match_id_dag to None, run_after=None
[2024-01-29T01:02:26.211+0100] {processor.py:183} INFO - Processing /home/hadoop/Desktop/projectBD/airflow/dags/match_id_dag.py took 0.055 seconds
[2024-01-29T01:03:03.989+0100] {processor.py:161} INFO - Started process (PID=18741) to work on /home/hadoop/Desktop/projectBD/airflow/dags/match_id_dag.py
[2024-01-29T01:03:03.995+0100] {processor.py:830} INFO - Processing file /home/hadoop/Desktop/projectBD/airflow/dags/match_id_dag.py for tasks to queue
[2024-01-29T01:03:03.999+0100] {logging_mixin.py:188} INFO - [2024-01-29T01:03:03.998+0100] {dagbag.py:538} INFO - Filling up the DagBag from /home/hadoop/Desktop/projectBD/airflow/dags/match_id_dag.py
[2024-01-29T01:03:04.022+0100] {processor.py:840} INFO - DAG(s) 'match_id_dag' retrieved from /home/hadoop/Desktop/projectBD/airflow/dags/match_id_dag.py
[2024-01-29T01:03:04.052+0100] {logging_mixin.py:188} INFO - [2024-01-29T01:03:04.051+0100] {dag.py:3033} INFO - Sync 1 DAGs
[2024-01-29T01:03:04.060+0100] {logging_mixin.py:188} INFO - [2024-01-29T01:03:04.060+0100] {dag.py:3820} INFO - Setting next_dagrun for match_id_dag to None, run_after=None
[2024-01-29T01:03:04.091+0100] {processor.py:183} INFO - Processing /home/hadoop/Desktop/projectBD/airflow/dags/match_id_dag.py took 0.110 seconds
[2024-01-29T01:05:14.437+0100] {processor.py:161} INFO - Started process (PID=20609) to work on /home/hadoop/Desktop/projectBD/airflow/dags/match_id_dag.py
[2024-01-29T01:05:14.443+0100] {processor.py:830} INFO - Processing file /home/hadoop/Desktop/projectBD/airflow/dags/match_id_dag.py for tasks to queue
[2024-01-29T01:05:14.447+0100] {logging_mixin.py:188} INFO - [2024-01-29T01:05:14.446+0100] {dagbag.py:538} INFO - Filling up the DagBag from /home/hadoop/Desktop/projectBD/airflow/dags/match_id_dag.py
[2024-01-29T01:05:14.453+0100] {processor.py:840} INFO - DAG(s) 'match_id_dag' retrieved from /home/hadoop/Desktop/projectBD/airflow/dags/match_id_dag.py
[2024-01-29T01:05:14.478+0100] {logging_mixin.py:188} INFO - [2024-01-29T01:05:14.478+0100] {dag.py:3033} INFO - Sync 1 DAGs
[2024-01-29T01:05:14.501+0100] {logging_mixin.py:188} INFO - [2024-01-29T01:05:14.501+0100] {dag.py:3820} INFO - Setting next_dagrun for match_id_dag to None, run_after=None
[2024-01-29T01:05:14.546+0100] {processor.py:183} INFO - Processing /home/hadoop/Desktop/projectBD/airflow/dags/match_id_dag.py took 0.114 seconds
[2024-01-29T01:05:45.543+0100] {processor.py:161} INFO - Started process (PID=20634) to work on /home/hadoop/Desktop/projectBD/airflow/dags/match_id_dag.py
[2024-01-29T01:05:45.548+0100] {processor.py:830} INFO - Processing file /home/hadoop/Desktop/projectBD/airflow/dags/match_id_dag.py for tasks to queue
[2024-01-29T01:05:45.551+0100] {logging_mixin.py:188} INFO - [2024-01-29T01:05:45.549+0100] {dagbag.py:538} INFO - Filling up the DagBag from /home/hadoop/Desktop/projectBD/airflow/dags/match_id_dag.py
[2024-01-29T01:05:45.562+0100] {processor.py:840} INFO - DAG(s) 'match_id_dag' retrieved from /home/hadoop/Desktop/projectBD/airflow/dags/match_id_dag.py
[2024-01-29T01:05:45.612+0100] {logging_mixin.py:188} INFO - [2024-01-29T01:05:45.612+0100] {dag.py:3033} INFO - Sync 1 DAGs
[2024-01-29T01:05:45.631+0100] {logging_mixin.py:188} INFO - [2024-01-29T01:05:45.630+0100] {dag.py:3820} INFO - Setting next_dagrun for match_id_dag to None, run_after=None
[2024-01-29T01:05:45.675+0100] {processor.py:183} INFO - Processing /home/hadoop/Desktop/projectBD/airflow/dags/match_id_dag.py took 0.137 seconds
[2024-01-29T01:06:37.745+0100] {processor.py:161} INFO - Started process (PID=21040) to work on /home/hadoop/Desktop/projectBD/airflow/dags/match_id_dag.py
[2024-01-29T01:06:37.747+0100] {processor.py:830} INFO - Processing file /home/hadoop/Desktop/projectBD/airflow/dags/match_id_dag.py for tasks to queue
[2024-01-29T01:06:37.753+0100] {logging_mixin.py:188} INFO - [2024-01-29T01:06:37.752+0100] {dagbag.py:538} INFO - Filling up the DagBag from /home/hadoop/Desktop/projectBD/airflow/dags/match_id_dag.py
[2024-01-29T01:06:37.764+0100] {processor.py:840} INFO - DAG(s) 'match_id_dag' retrieved from /home/hadoop/Desktop/projectBD/airflow/dags/match_id_dag.py
[2024-01-29T01:06:37.798+0100] {logging_mixin.py:188} INFO - [2024-01-29T01:06:37.797+0100] {dag.py:3033} INFO - Sync 1 DAGs
[2024-01-29T01:06:37.816+0100] {logging_mixin.py:188} INFO - [2024-01-29T01:06:37.816+0100] {dag.py:3820} INFO - Setting next_dagrun for match_id_dag to None, run_after=None
[2024-01-29T01:06:37.856+0100] {processor.py:183} INFO - Processing /home/hadoop/Desktop/projectBD/airflow/dags/match_id_dag.py took 0.116 seconds
[2024-01-29T01:07:08.852+0100] {processor.py:161} INFO - Started process (PID=21205) to work on /home/hadoop/Desktop/projectBD/airflow/dags/match_id_dag.py
[2024-01-29T01:07:08.862+0100] {processor.py:830} INFO - Processing file /home/hadoop/Desktop/projectBD/airflow/dags/match_id_dag.py for tasks to queue
[2024-01-29T01:07:08.867+0100] {logging_mixin.py:188} INFO - [2024-01-29T01:07:08.866+0100] {dagbag.py:538} INFO - Filling up the DagBag from /home/hadoop/Desktop/projectBD/airflow/dags/match_id_dag.py
[2024-01-29T01:07:08.887+0100] {processor.py:840} INFO - DAG(s) 'match_id_dag' retrieved from /home/hadoop/Desktop/projectBD/airflow/dags/match_id_dag.py
[2024-01-29T01:07:08.930+0100] {logging_mixin.py:188} INFO - [2024-01-29T01:07:08.930+0100] {dag.py:3033} INFO - Sync 1 DAGs
[2024-01-29T01:07:08.956+0100] {logging_mixin.py:188} INFO - [2024-01-29T01:07:08.951+0100] {dag.py:3820} INFO - Setting next_dagrun for match_id_dag to None, run_after=None
[2024-01-29T01:07:09.027+0100] {processor.py:183} INFO - Processing /home/hadoop/Desktop/projectBD/airflow/dags/match_id_dag.py took 0.180 seconds
[2024-01-29T01:07:39.970+0100] {processor.py:161} INFO - Started process (PID=21248) to work on /home/hadoop/Desktop/projectBD/airflow/dags/match_id_dag.py
[2024-01-29T01:07:39.973+0100] {processor.py:830} INFO - Processing file /home/hadoop/Desktop/projectBD/airflow/dags/match_id_dag.py for tasks to queue
[2024-01-29T01:07:39.976+0100] {logging_mixin.py:188} INFO - [2024-01-29T01:07:39.975+0100] {dagbag.py:538} INFO - Filling up the DagBag from /home/hadoop/Desktop/projectBD/airflow/dags/match_id_dag.py
[2024-01-29T01:07:39.983+0100] {processor.py:840} INFO - DAG(s) 'match_id_dag' retrieved from /home/hadoop/Desktop/projectBD/airflow/dags/match_id_dag.py
[2024-01-29T01:07:39.999+0100] {logging_mixin.py:188} INFO - [2024-01-29T01:07:39.999+0100] {dag.py:3033} INFO - Sync 1 DAGs
[2024-01-29T01:07:40.015+0100] {logging_mixin.py:188} INFO - [2024-01-29T01:07:40.014+0100] {dag.py:3820} INFO - Setting next_dagrun for match_id_dag to None, run_after=None
[2024-01-29T01:07:40.071+0100] {processor.py:183} INFO - Processing /home/hadoop/Desktop/projectBD/airflow/dags/match_id_dag.py took 0.107 seconds
[2024-01-29T01:08:11.144+0100] {processor.py:161} INFO - Started process (PID=21270) to work on /home/hadoop/Desktop/projectBD/airflow/dags/match_id_dag.py
[2024-01-29T01:08:11.148+0100] {processor.py:830} INFO - Processing file /home/hadoop/Desktop/projectBD/airflow/dags/match_id_dag.py for tasks to queue
[2024-01-29T01:08:11.151+0100] {logging_mixin.py:188} INFO - [2024-01-29T01:08:11.151+0100] {dagbag.py:538} INFO - Filling up the DagBag from /home/hadoop/Desktop/projectBD/airflow/dags/match_id_dag.py
[2024-01-29T01:08:11.161+0100] {processor.py:840} INFO - DAG(s) 'match_id_dag' retrieved from /home/hadoop/Desktop/projectBD/airflow/dags/match_id_dag.py
[2024-01-29T01:08:11.194+0100] {logging_mixin.py:188} INFO - [2024-01-29T01:08:11.193+0100] {dag.py:3033} INFO - Sync 1 DAGs
[2024-01-29T01:08:11.207+0100] {logging_mixin.py:188} INFO - [2024-01-29T01:08:11.207+0100] {dag.py:3820} INFO - Setting next_dagrun for match_id_dag to None, run_after=None
[2024-01-29T01:08:11.254+0100] {processor.py:183} INFO - Processing /home/hadoop/Desktop/projectBD/airflow/dags/match_id_dag.py took 0.115 seconds
[2024-01-29T01:08:42.316+0100] {processor.py:161} INFO - Started process (PID=21297) to work on /home/hadoop/Desktop/projectBD/airflow/dags/match_id_dag.py
[2024-01-29T01:08:42.318+0100] {processor.py:830} INFO - Processing file /home/hadoop/Desktop/projectBD/airflow/dags/match_id_dag.py for tasks to queue
[2024-01-29T01:08:42.319+0100] {logging_mixin.py:188} INFO - [2024-01-29T01:08:42.318+0100] {dagbag.py:538} INFO - Filling up the DagBag from /home/hadoop/Desktop/projectBD/airflow/dags/match_id_dag.py
[2024-01-29T01:08:42.329+0100] {processor.py:840} INFO - DAG(s) 'match_id_dag' retrieved from /home/hadoop/Desktop/projectBD/airflow/dags/match_id_dag.py
[2024-01-29T01:08:42.367+0100] {logging_mixin.py:188} INFO - [2024-01-29T01:08:42.366+0100] {dag.py:3033} INFO - Sync 1 DAGs
[2024-01-29T01:08:42.377+0100] {logging_mixin.py:188} INFO - [2024-01-29T01:08:42.377+0100] {dag.py:3820} INFO - Setting next_dagrun for match_id_dag to None, run_after=None
[2024-01-29T01:08:42.428+0100] {processor.py:183} INFO - Processing /home/hadoop/Desktop/projectBD/airflow/dags/match_id_dag.py took 0.120 seconds
[2024-01-29T01:09:12.984+0100] {processor.py:161} INFO - Started process (PID=21362) to work on /home/hadoop/Desktop/projectBD/airflow/dags/match_id_dag.py
[2024-01-29T01:09:12.991+0100] {processor.py:830} INFO - Processing file /home/hadoop/Desktop/projectBD/airflow/dags/match_id_dag.py for tasks to queue
[2024-01-29T01:09:12.993+0100] {logging_mixin.py:188} INFO - [2024-01-29T01:09:12.992+0100] {dagbag.py:538} INFO - Filling up the DagBag from /home/hadoop/Desktop/projectBD/airflow/dags/match_id_dag.py
[2024-01-29T01:09:13.005+0100] {processor.py:840} INFO - DAG(s) 'match_id_dag' retrieved from /home/hadoop/Desktop/projectBD/airflow/dags/match_id_dag.py
[2024-01-29T01:09:13.167+0100] {logging_mixin.py:188} INFO - [2024-01-29T01:09:13.166+0100] {dag.py:3033} INFO - Sync 1 DAGs
[2024-01-29T01:09:13.187+0100] {logging_mixin.py:188} INFO - [2024-01-29T01:09:13.187+0100] {dag.py:3820} INFO - Setting next_dagrun for match_id_dag to None, run_after=None
[2024-01-29T01:09:13.306+0100] {processor.py:183} INFO - Processing /home/hadoop/Desktop/projectBD/airflow/dags/match_id_dag.py took 0.340 seconds
[2024-01-29T01:09:44.013+0100] {processor.py:161} INFO - Started process (PID=21375) to work on /home/hadoop/Desktop/projectBD/airflow/dags/match_id_dag.py
[2024-01-29T01:09:44.014+0100] {processor.py:830} INFO - Processing file /home/hadoop/Desktop/projectBD/airflow/dags/match_id_dag.py for tasks to queue
[2024-01-29T01:09:44.016+0100] {logging_mixin.py:188} INFO - [2024-01-29T01:09:44.015+0100] {dagbag.py:538} INFO - Filling up the DagBag from /home/hadoop/Desktop/projectBD/airflow/dags/match_id_dag.py
[2024-01-29T01:09:44.038+0100] {processor.py:840} INFO - DAG(s) 'match_id_dag' retrieved from /home/hadoop/Desktop/projectBD/airflow/dags/match_id_dag.py
[2024-01-29T01:09:44.077+0100] {logging_mixin.py:188} INFO - [2024-01-29T01:09:44.077+0100] {dag.py:3033} INFO - Sync 1 DAGs
[2024-01-29T01:09:44.094+0100] {logging_mixin.py:188} INFO - [2024-01-29T01:09:44.094+0100] {dag.py:3820} INFO - Setting next_dagrun for match_id_dag to None, run_after=None
[2024-01-29T01:09:44.133+0100] {processor.py:183} INFO - Processing /home/hadoop/Desktop/projectBD/airflow/dags/match_id_dag.py took 0.126 seconds
[2024-01-29T01:10:38.076+0100] {processor.py:161} INFO - Started process (PID=21500) to work on /home/hadoop/Desktop/projectBD/airflow/dags/match_id_dag.py
[2024-01-29T01:10:38.079+0100] {processor.py:830} INFO - Processing file /home/hadoop/Desktop/projectBD/airflow/dags/match_id_dag.py for tasks to queue
[2024-01-29T01:10:38.084+0100] {logging_mixin.py:188} INFO - [2024-01-29T01:10:38.083+0100] {dagbag.py:538} INFO - Filling up the DagBag from /home/hadoop/Desktop/projectBD/airflow/dags/match_id_dag.py
[2024-01-29T01:10:38.090+0100] {processor.py:840} INFO - DAG(s) 'match_id_dag' retrieved from /home/hadoop/Desktop/projectBD/airflow/dags/match_id_dag.py
[2024-01-29T01:10:38.128+0100] {logging_mixin.py:188} INFO - [2024-01-29T01:10:38.127+0100] {dag.py:3033} INFO - Sync 1 DAGs
[2024-01-29T01:10:38.144+0100] {logging_mixin.py:188} INFO - [2024-01-29T01:10:38.144+0100] {dag.py:3820} INFO - Setting next_dagrun for match_id_dag to None, run_after=None
[2024-01-29T01:10:38.200+0100] {processor.py:183} INFO - Processing /home/hadoop/Desktop/projectBD/airflow/dags/match_id_dag.py took 0.129 seconds
[2024-01-29T01:12:48.750+0100] {processor.py:161} INFO - Started process (PID=23355) to work on /home/hadoop/Desktop/projectBD/airflow/dags/match_id_dag.py
[2024-01-29T01:12:48.755+0100] {processor.py:830} INFO - Processing file /home/hadoop/Desktop/projectBD/airflow/dags/match_id_dag.py for tasks to queue
[2024-01-29T01:12:48.760+0100] {logging_mixin.py:188} INFO - [2024-01-29T01:12:48.756+0100] {dagbag.py:538} INFO - Filling up the DagBag from /home/hadoop/Desktop/projectBD/airflow/dags/match_id_dag.py
[2024-01-29T01:12:48.769+0100] {processor.py:840} INFO - DAG(s) 'match_id_dag' retrieved from /home/hadoop/Desktop/projectBD/airflow/dags/match_id_dag.py
[2024-01-29T01:12:48.814+0100] {logging_mixin.py:188} INFO - [2024-01-29T01:12:48.813+0100] {dag.py:3033} INFO - Sync 1 DAGs
[2024-01-29T01:12:48.834+0100] {logging_mixin.py:188} INFO - [2024-01-29T01:12:48.833+0100] {dag.py:3820} INFO - Setting next_dagrun for match_id_dag to None, run_after=None
[2024-01-29T01:12:48.892+0100] {processor.py:183} INFO - Processing /home/hadoop/Desktop/projectBD/airflow/dags/match_id_dag.py took 0.155 seconds
[2024-01-29T01:13:20.382+0100] {processor.py:161} INFO - Started process (PID=23384) to work on /home/hadoop/Desktop/projectBD/airflow/dags/match_id_dag.py
[2024-01-29T01:13:20.392+0100] {processor.py:830} INFO - Processing file /home/hadoop/Desktop/projectBD/airflow/dags/match_id_dag.py for tasks to queue
[2024-01-29T01:13:20.395+0100] {logging_mixin.py:188} INFO - [2024-01-29T01:13:20.394+0100] {dagbag.py:538} INFO - Filling up the DagBag from /home/hadoop/Desktop/projectBD/airflow/dags/match_id_dag.py
[2024-01-29T01:13:20.400+0100] {processor.py:840} INFO - DAG(s) 'match_id_dag' retrieved from /home/hadoop/Desktop/projectBD/airflow/dags/match_id_dag.py
[2024-01-29T01:13:20.423+0100] {logging_mixin.py:188} INFO - [2024-01-29T01:13:20.423+0100] {dag.py:3033} INFO - Sync 1 DAGs
[2024-01-29T01:13:20.462+0100] {logging_mixin.py:188} INFO - [2024-01-29T01:13:20.461+0100] {dag.py:3820} INFO - Setting next_dagrun for match_id_dag to None, run_after=None
[2024-01-29T01:13:20.485+0100] {processor.py:183} INFO - Processing /home/hadoop/Desktop/projectBD/airflow/dags/match_id_dag.py took 0.107 seconds
[2024-01-29T01:13:51.254+0100] {processor.py:161} INFO - Started process (PID=23445) to work on /home/hadoop/Desktop/projectBD/airflow/dags/match_id_dag.py
[2024-01-29T01:13:51.258+0100] {processor.py:830} INFO - Processing file /home/hadoop/Desktop/projectBD/airflow/dags/match_id_dag.py for tasks to queue
[2024-01-29T01:13:51.260+0100] {logging_mixin.py:188} INFO - [2024-01-29T01:13:51.259+0100] {dagbag.py:538} INFO - Filling up the DagBag from /home/hadoop/Desktop/projectBD/airflow/dags/match_id_dag.py
[2024-01-29T01:13:51.274+0100] {processor.py:840} INFO - DAG(s) 'match_id_dag' retrieved from /home/hadoop/Desktop/projectBD/airflow/dags/match_id_dag.py
[2024-01-29T01:13:51.304+0100] {logging_mixin.py:188} INFO - [2024-01-29T01:13:51.303+0100] {dag.py:3033} INFO - Sync 1 DAGs
[2024-01-29T01:13:51.319+0100] {logging_mixin.py:188} INFO - [2024-01-29T01:13:51.319+0100] {dag.py:3820} INFO - Setting next_dagrun for match_id_dag to None, run_after=None
[2024-01-29T01:13:51.361+0100] {processor.py:183} INFO - Processing /home/hadoop/Desktop/projectBD/airflow/dags/match_id_dag.py took 0.114 seconds
[2024-01-29T01:14:22.385+0100] {processor.py:161} INFO - Started process (PID=23488) to work on /home/hadoop/Desktop/projectBD/airflow/dags/match_id_dag.py
[2024-01-29T01:14:22.419+0100] {processor.py:830} INFO - Processing file /home/hadoop/Desktop/projectBD/airflow/dags/match_id_dag.py for tasks to queue
[2024-01-29T01:14:22.421+0100] {logging_mixin.py:188} INFO - [2024-01-29T01:14:22.420+0100] {dagbag.py:538} INFO - Filling up the DagBag from /home/hadoop/Desktop/projectBD/airflow/dags/match_id_dag.py
[2024-01-29T01:14:22.468+0100] {processor.py:840} INFO - DAG(s) 'match_id_dag' retrieved from /home/hadoop/Desktop/projectBD/airflow/dags/match_id_dag.py
[2024-01-29T01:14:22.606+0100] {logging_mixin.py:188} INFO - [2024-01-29T01:14:22.606+0100] {dag.py:3033} INFO - Sync 1 DAGs
[2024-01-29T01:14:22.633+0100] {logging_mixin.py:188} INFO - [2024-01-29T01:14:22.632+0100] {dag.py:3820} INFO - Setting next_dagrun for match_id_dag to None, run_after=None
[2024-01-29T01:14:22.783+0100] {processor.py:183} INFO - Processing /home/hadoop/Desktop/projectBD/airflow/dags/match_id_dag.py took 0.434 seconds
[2024-01-29T01:14:53.266+0100] {processor.py:161} INFO - Started process (PID=23561) to work on /home/hadoop/Desktop/projectBD/airflow/dags/match_id_dag.py
[2024-01-29T01:14:53.273+0100] {processor.py:830} INFO - Processing file /home/hadoop/Desktop/projectBD/airflow/dags/match_id_dag.py for tasks to queue
[2024-01-29T01:14:53.275+0100] {logging_mixin.py:188} INFO - [2024-01-29T01:14:53.274+0100] {dagbag.py:538} INFO - Filling up the DagBag from /home/hadoop/Desktop/projectBD/airflow/dags/match_id_dag.py
[2024-01-29T01:14:53.290+0100] {processor.py:840} INFO - DAG(s) 'match_id_dag' retrieved from /home/hadoop/Desktop/projectBD/airflow/dags/match_id_dag.py
[2024-01-29T01:14:53.331+0100] {logging_mixin.py:188} INFO - [2024-01-29T01:14:53.329+0100] {dag.py:3033} INFO - Sync 1 DAGs
[2024-01-29T01:14:53.350+0100] {logging_mixin.py:188} INFO - [2024-01-29T01:14:53.349+0100] {dag.py:3820} INFO - Setting next_dagrun for match_id_dag to None, run_after=None
[2024-01-29T01:14:53.409+0100] {processor.py:183} INFO - Processing /home/hadoop/Desktop/projectBD/airflow/dags/match_id_dag.py took 0.152 seconds
[2024-01-29T01:15:23.498+0100] {processor.py:161} INFO - Started process (PID=23921) to work on /home/hadoop/Desktop/projectBD/airflow/dags/match_id_dag.py
[2024-01-29T01:15:23.500+0100] {processor.py:830} INFO - Processing file /home/hadoop/Desktop/projectBD/airflow/dags/match_id_dag.py for tasks to queue
[2024-01-29T01:15:23.505+0100] {logging_mixin.py:188} INFO - [2024-01-29T01:15:23.505+0100] {dagbag.py:538} INFO - Filling up the DagBag from /home/hadoop/Desktop/projectBD/airflow/dags/match_id_dag.py
[2024-01-29T01:15:23.519+0100] {processor.py:840} INFO - DAG(s) 'match_id_dag' retrieved from /home/hadoop/Desktop/projectBD/airflow/dags/match_id_dag.py
[2024-01-29T01:15:23.541+0100] {logging_mixin.py:188} INFO - [2024-01-29T01:15:23.541+0100] {dag.py:3033} INFO - Sync 1 DAGs
[2024-01-29T01:15:23.553+0100] {logging_mixin.py:188} INFO - [2024-01-29T01:15:23.552+0100] {dag.py:3820} INFO - Setting next_dagrun for match_id_dag to None, run_after=None
[2024-01-29T01:15:23.617+0100] {processor.py:183} INFO - Processing /home/hadoop/Desktop/projectBD/airflow/dags/match_id_dag.py took 0.123 seconds
[2024-01-29T01:15:53.760+0100] {processor.py:161} INFO - Started process (PID=23957) to work on /home/hadoop/Desktop/projectBD/airflow/dags/match_id_dag.py
[2024-01-29T01:15:53.763+0100] {processor.py:830} INFO - Processing file /home/hadoop/Desktop/projectBD/airflow/dags/match_id_dag.py for tasks to queue
[2024-01-29T01:15:53.765+0100] {logging_mixin.py:188} INFO - [2024-01-29T01:15:53.764+0100] {dagbag.py:538} INFO - Filling up the DagBag from /home/hadoop/Desktop/projectBD/airflow/dags/match_id_dag.py
[2024-01-29T01:15:53.774+0100] {processor.py:840} INFO - DAG(s) 'match_id_dag' retrieved from /home/hadoop/Desktop/projectBD/airflow/dags/match_id_dag.py
[2024-01-29T01:15:53.806+0100] {logging_mixin.py:188} INFO - [2024-01-29T01:15:53.805+0100] {dag.py:3033} INFO - Sync 1 DAGs
[2024-01-29T01:15:53.816+0100] {logging_mixin.py:188} INFO - [2024-01-29T01:15:53.816+0100] {dag.py:3820} INFO - Setting next_dagrun for match_id_dag to None, run_after=None
[2024-01-29T01:15:53.857+0100] {processor.py:183} INFO - Processing /home/hadoop/Desktop/projectBD/airflow/dags/match_id_dag.py took 0.099 seconds
[2024-01-29T01:16:24.365+0100] {processor.py:161} INFO - Started process (PID=23975) to work on /home/hadoop/Desktop/projectBD/airflow/dags/match_id_dag.py
[2024-01-29T01:16:24.368+0100] {processor.py:830} INFO - Processing file /home/hadoop/Desktop/projectBD/airflow/dags/match_id_dag.py for tasks to queue
[2024-01-29T01:16:24.369+0100] {logging_mixin.py:188} INFO - [2024-01-29T01:16:24.369+0100] {dagbag.py:538} INFO - Filling up the DagBag from /home/hadoop/Desktop/projectBD/airflow/dags/match_id_dag.py
[2024-01-29T01:16:24.380+0100] {processor.py:840} INFO - DAG(s) 'match_id_dag' retrieved from /home/hadoop/Desktop/projectBD/airflow/dags/match_id_dag.py
[2024-01-29T01:16:24.412+0100] {logging_mixin.py:188} INFO - [2024-01-29T01:16:24.412+0100] {dag.py:3033} INFO - Sync 1 DAGs
[2024-01-29T01:16:24.429+0100] {logging_mixin.py:188} INFO - [2024-01-29T01:16:24.428+0100] {dag.py:3820} INFO - Setting next_dagrun for match_id_dag to None, run_after=None
[2024-01-29T01:16:24.490+0100] {processor.py:183} INFO - Processing /home/hadoop/Desktop/projectBD/airflow/dags/match_id_dag.py took 0.129 seconds
[2024-01-29T01:16:55.088+0100] {processor.py:161} INFO - Started process (PID=24006) to work on /home/hadoop/Desktop/projectBD/airflow/dags/match_id_dag.py
[2024-01-29T01:16:55.096+0100] {processor.py:830} INFO - Processing file /home/hadoop/Desktop/projectBD/airflow/dags/match_id_dag.py for tasks to queue
[2024-01-29T01:16:55.097+0100] {logging_mixin.py:188} INFO - [2024-01-29T01:16:55.096+0100] {dagbag.py:538} INFO - Filling up the DagBag from /home/hadoop/Desktop/projectBD/airflow/dags/match_id_dag.py
[2024-01-29T01:16:55.104+0100] {processor.py:840} INFO - DAG(s) 'match_id_dag' retrieved from /home/hadoop/Desktop/projectBD/airflow/dags/match_id_dag.py
[2024-01-29T01:16:55.154+0100] {logging_mixin.py:188} INFO - [2024-01-29T01:16:55.153+0100] {dag.py:3033} INFO - Sync 1 DAGs
[2024-01-29T01:16:55.176+0100] {logging_mixin.py:188} INFO - [2024-01-29T01:16:55.176+0100] {dag.py:3820} INFO - Setting next_dagrun for match_id_dag to None, run_after=None
[2024-01-29T01:16:55.259+0100] {processor.py:183} INFO - Processing /home/hadoop/Desktop/projectBD/airflow/dags/match_id_dag.py took 0.176 seconds
[2024-01-29T01:17:25.791+0100] {processor.py:161} INFO - Started process (PID=24045) to work on /home/hadoop/Desktop/projectBD/airflow/dags/match_id_dag.py
[2024-01-29T01:17:25.796+0100] {processor.py:830} INFO - Processing file /home/hadoop/Desktop/projectBD/airflow/dags/match_id_dag.py for tasks to queue
[2024-01-29T01:17:25.797+0100] {logging_mixin.py:188} INFO - [2024-01-29T01:17:25.797+0100] {dagbag.py:538} INFO - Filling up the DagBag from /home/hadoop/Desktop/projectBD/airflow/dags/match_id_dag.py
[2024-01-29T01:17:25.837+0100] {processor.py:840} INFO - DAG(s) 'match_id_dag' retrieved from /home/hadoop/Desktop/projectBD/airflow/dags/match_id_dag.py
[2024-01-29T01:17:25.907+0100] {logging_mixin.py:188} INFO - [2024-01-29T01:17:25.906+0100] {dag.py:3033} INFO - Sync 1 DAGs
[2024-01-29T01:17:25.930+0100] {logging_mixin.py:188} INFO - [2024-01-29T01:17:25.930+0100] {dag.py:3820} INFO - Setting next_dagrun for match_id_dag to None, run_after=None
[2024-01-29T01:17:26.002+0100] {processor.py:183} INFO - Processing /home/hadoop/Desktop/projectBD/airflow/dags/match_id_dag.py took 0.214 seconds
[2024-01-29T01:17:57.098+0100] {processor.py:161} INFO - Started process (PID=24072) to work on /home/hadoop/Desktop/projectBD/airflow/dags/match_id_dag.py
[2024-01-29T01:17:57.104+0100] {processor.py:830} INFO - Processing file /home/hadoop/Desktop/projectBD/airflow/dags/match_id_dag.py for tasks to queue
[2024-01-29T01:17:57.108+0100] {logging_mixin.py:188} INFO - [2024-01-29T01:17:57.106+0100] {dagbag.py:538} INFO - Filling up the DagBag from /home/hadoop/Desktop/projectBD/airflow/dags/match_id_dag.py
[2024-01-29T01:17:57.115+0100] {processor.py:840} INFO - DAG(s) 'match_id_dag' retrieved from /home/hadoop/Desktop/projectBD/airflow/dags/match_id_dag.py
[2024-01-29T01:17:57.152+0100] {logging_mixin.py:188} INFO - [2024-01-29T01:17:57.146+0100] {dag.py:3033} INFO - Sync 1 DAGs
[2024-01-29T01:17:57.167+0100] {logging_mixin.py:188} INFO - [2024-01-29T01:17:57.167+0100] {dag.py:3820} INFO - Setting next_dagrun for match_id_dag to None, run_after=None
[2024-01-29T01:17:57.209+0100] {processor.py:183} INFO - Processing /home/hadoop/Desktop/projectBD/airflow/dags/match_id_dag.py took 0.114 seconds
[2024-01-29T01:18:28.050+0100] {processor.py:161} INFO - Started process (PID=24083) to work on /home/hadoop/Desktop/projectBD/airflow/dags/match_id_dag.py
[2024-01-29T01:18:28.056+0100] {processor.py:830} INFO - Processing file /home/hadoop/Desktop/projectBD/airflow/dags/match_id_dag.py for tasks to queue
[2024-01-29T01:18:28.061+0100] {logging_mixin.py:188} INFO - [2024-01-29T01:18:28.058+0100] {dagbag.py:538} INFO - Filling up the DagBag from /home/hadoop/Desktop/projectBD/airflow/dags/match_id_dag.py
[2024-01-29T01:18:28.073+0100] {processor.py:840} INFO - DAG(s) 'match_id_dag' retrieved from /home/hadoop/Desktop/projectBD/airflow/dags/match_id_dag.py
[2024-01-29T01:18:28.108+0100] {logging_mixin.py:188} INFO - [2024-01-29T01:18:28.108+0100] {dag.py:3033} INFO - Sync 1 DAGs
[2024-01-29T01:18:28.120+0100] {logging_mixin.py:188} INFO - [2024-01-29T01:18:28.120+0100] {dag.py:3820} INFO - Setting next_dagrun for match_id_dag to None, run_after=None
[2024-01-29T01:18:28.181+0100] {processor.py:183} INFO - Processing /home/hadoop/Desktop/projectBD/airflow/dags/match_id_dag.py took 0.137 seconds
[2024-01-29T01:18:58.441+0100] {processor.py:161} INFO - Started process (PID=24090) to work on /home/hadoop/Desktop/projectBD/airflow/dags/match_id_dag.py
[2024-01-29T01:18:58.444+0100] {processor.py:830} INFO - Processing file /home/hadoop/Desktop/projectBD/airflow/dags/match_id_dag.py for tasks to queue
[2024-01-29T01:18:58.447+0100] {logging_mixin.py:188} INFO - [2024-01-29T01:18:58.445+0100] {dagbag.py:538} INFO - Filling up the DagBag from /home/hadoop/Desktop/projectBD/airflow/dags/match_id_dag.py
[2024-01-29T01:18:58.456+0100] {processor.py:840} INFO - DAG(s) 'match_id_dag' retrieved from /home/hadoop/Desktop/projectBD/airflow/dags/match_id_dag.py
[2024-01-29T01:18:58.485+0100] {logging_mixin.py:188} INFO - [2024-01-29T01:18:58.485+0100] {dag.py:3033} INFO - Sync 1 DAGs
[2024-01-29T01:18:58.495+0100] {logging_mixin.py:188} INFO - [2024-01-29T01:18:58.494+0100] {dag.py:3820} INFO - Setting next_dagrun for match_id_dag to None, run_after=None
[2024-01-29T01:18:58.533+0100] {processor.py:183} INFO - Processing /home/hadoop/Desktop/projectBD/airflow/dags/match_id_dag.py took 0.098 seconds
[2024-01-29T01:19:28.703+0100] {processor.py:161} INFO - Started process (PID=24136) to work on /home/hadoop/Desktop/projectBD/airflow/dags/match_id_dag.py
[2024-01-29T01:19:28.706+0100] {processor.py:830} INFO - Processing file /home/hadoop/Desktop/projectBD/airflow/dags/match_id_dag.py for tasks to queue
[2024-01-29T01:19:28.708+0100] {logging_mixin.py:188} INFO - [2024-01-29T01:19:28.708+0100] {dagbag.py:538} INFO - Filling up the DagBag from /home/hadoop/Desktop/projectBD/airflow/dags/match_id_dag.py
[2024-01-29T01:19:28.712+0100] {processor.py:840} INFO - DAG(s) 'match_id_dag' retrieved from /home/hadoop/Desktop/projectBD/airflow/dags/match_id_dag.py
[2024-01-29T01:19:28.728+0100] {logging_mixin.py:188} INFO - [2024-01-29T01:19:28.728+0100] {dag.py:3033} INFO - Sync 1 DAGs
[2024-01-29T01:19:28.738+0100] {logging_mixin.py:188} INFO - [2024-01-29T01:19:28.737+0100] {dag.py:3820} INFO - Setting next_dagrun for match_id_dag to None, run_after=None
[2024-01-29T01:19:28.758+0100] {processor.py:183} INFO - Processing /home/hadoop/Desktop/projectBD/airflow/dags/match_id_dag.py took 0.058 seconds
[2024-01-29T01:19:58.967+0100] {processor.py:161} INFO - Started process (PID=24175) to work on /home/hadoop/Desktop/projectBD/airflow/dags/match_id_dag.py
[2024-01-29T01:19:58.969+0100] {processor.py:830} INFO - Processing file /home/hadoop/Desktop/projectBD/airflow/dags/match_id_dag.py for tasks to queue
[2024-01-29T01:19:58.970+0100] {logging_mixin.py:188} INFO - [2024-01-29T01:19:58.970+0100] {dagbag.py:538} INFO - Filling up the DagBag from /home/hadoop/Desktop/projectBD/airflow/dags/match_id_dag.py
[2024-01-29T01:19:58.974+0100] {processor.py:840} INFO - DAG(s) 'match_id_dag' retrieved from /home/hadoop/Desktop/projectBD/airflow/dags/match_id_dag.py
[2024-01-29T01:19:58.990+0100] {logging_mixin.py:188} INFO - [2024-01-29T01:19:58.990+0100] {dag.py:3033} INFO - Sync 1 DAGs
[2024-01-29T01:19:58.998+0100] {logging_mixin.py:188} INFO - [2024-01-29T01:19:58.998+0100] {dag.py:3820} INFO - Setting next_dagrun for match_id_dag to None, run_after=None
[2024-01-29T01:19:59.018+0100] {processor.py:183} INFO - Processing /home/hadoop/Desktop/projectBD/airflow/dags/match_id_dag.py took 0.053 seconds
[2024-01-29T01:20:29.903+0100] {processor.py:161} INFO - Started process (PID=24568) to work on /home/hadoop/Desktop/projectBD/airflow/dags/match_id_dag.py
[2024-01-29T01:20:29.904+0100] {processor.py:830} INFO - Processing file /home/hadoop/Desktop/projectBD/airflow/dags/match_id_dag.py for tasks to queue
[2024-01-29T01:20:29.905+0100] {logging_mixin.py:188} INFO - [2024-01-29T01:20:29.905+0100] {dagbag.py:538} INFO - Filling up the DagBag from /home/hadoop/Desktop/projectBD/airflow/dags/match_id_dag.py
[2024-01-29T01:20:29.968+0100] {processor.py:840} INFO - DAG(s) 'match_id_dag' retrieved from /home/hadoop/Desktop/projectBD/airflow/dags/match_id_dag.py
[2024-01-29T01:20:30.008+0100] {logging_mixin.py:188} INFO - [2024-01-29T01:20:30.008+0100] {dag.py:3033} INFO - Sync 1 DAGs
[2024-01-29T01:20:30.023+0100] {logging_mixin.py:188} INFO - [2024-01-29T01:20:30.023+0100] {dag.py:3820} INFO - Setting next_dagrun for match_id_dag to None, run_after=None
[2024-01-29T01:20:30.092+0100] {processor.py:183} INFO - Processing /home/hadoop/Desktop/projectBD/airflow/dags/match_id_dag.py took 0.195 seconds
[2024-01-29T01:21:00.639+0100] {processor.py:161} INFO - Started process (PID=24598) to work on /home/hadoop/Desktop/projectBD/airflow/dags/match_id_dag.py
[2024-01-29T01:21:00.643+0100] {processor.py:830} INFO - Processing file /home/hadoop/Desktop/projectBD/airflow/dags/match_id_dag.py for tasks to queue
[2024-01-29T01:21:00.644+0100] {logging_mixin.py:188} INFO - [2024-01-29T01:21:00.644+0100] {dagbag.py:538} INFO - Filling up the DagBag from /home/hadoop/Desktop/projectBD/airflow/dags/match_id_dag.py
[2024-01-29T01:21:00.652+0100] {processor.py:840} INFO - DAG(s) 'match_id_dag' retrieved from /home/hadoop/Desktop/projectBD/airflow/dags/match_id_dag.py
[2024-01-29T01:21:00.667+0100] {logging_mixin.py:188} INFO - [2024-01-29T01:21:00.667+0100] {dag.py:3033} INFO - Sync 1 DAGs
[2024-01-29T01:21:00.675+0100] {logging_mixin.py:188} INFO - [2024-01-29T01:21:00.675+0100] {dag.py:3820} INFO - Setting next_dagrun for match_id_dag to None, run_after=None
[2024-01-29T01:21:00.692+0100] {processor.py:183} INFO - Processing /home/hadoop/Desktop/projectBD/airflow/dags/match_id_dag.py took 0.055 seconds
[2024-01-29T01:21:30.855+0100] {processor.py:161} INFO - Started process (PID=24632) to work on /home/hadoop/Desktop/projectBD/airflow/dags/match_id_dag.py
[2024-01-29T01:21:30.856+0100] {processor.py:830} INFO - Processing file /home/hadoop/Desktop/projectBD/airflow/dags/match_id_dag.py for tasks to queue
[2024-01-29T01:21:30.857+0100] {logging_mixin.py:188} INFO - [2024-01-29T01:21:30.857+0100] {dagbag.py:538} INFO - Filling up the DagBag from /home/hadoop/Desktop/projectBD/airflow/dags/match_id_dag.py
[2024-01-29T01:21:30.867+0100] {processor.py:840} INFO - DAG(s) 'match_id_dag' retrieved from /home/hadoop/Desktop/projectBD/airflow/dags/match_id_dag.py
[2024-01-29T01:21:30.888+0100] {logging_mixin.py:188} INFO - [2024-01-29T01:21:30.888+0100] {dag.py:3033} INFO - Sync 1 DAGs
[2024-01-29T01:21:30.900+0100] {logging_mixin.py:188} INFO - [2024-01-29T01:21:30.900+0100] {dag.py:3820} INFO - Setting next_dagrun for match_id_dag to None, run_after=None
[2024-01-29T01:21:30.931+0100] {processor.py:183} INFO - Processing /home/hadoop/Desktop/projectBD/airflow/dags/match_id_dag.py took 0.080 seconds
[2024-01-29T01:22:01.056+0100] {processor.py:161} INFO - Started process (PID=24657) to work on /home/hadoop/Desktop/projectBD/airflow/dags/match_id_dag.py
[2024-01-29T01:22:01.059+0100] {processor.py:830} INFO - Processing file /home/hadoop/Desktop/projectBD/airflow/dags/match_id_dag.py for tasks to queue
[2024-01-29T01:22:01.060+0100] {logging_mixin.py:188} INFO - [2024-01-29T01:22:01.060+0100] {dagbag.py:538} INFO - Filling up the DagBag from /home/hadoop/Desktop/projectBD/airflow/dags/match_id_dag.py
[2024-01-29T01:22:01.065+0100] {processor.py:840} INFO - DAG(s) 'match_id_dag' retrieved from /home/hadoop/Desktop/projectBD/airflow/dags/match_id_dag.py
[2024-01-29T01:22:01.084+0100] {logging_mixin.py:188} INFO - [2024-01-29T01:22:01.084+0100] {dag.py:3033} INFO - Sync 1 DAGs
[2024-01-29T01:22:01.093+0100] {logging_mixin.py:188} INFO - [2024-01-29T01:22:01.093+0100] {dag.py:3820} INFO - Setting next_dagrun for match_id_dag to None, run_after=None
[2024-01-29T01:22:01.112+0100] {processor.py:183} INFO - Processing /home/hadoop/Desktop/projectBD/airflow/dags/match_id_dag.py took 0.058 seconds
[2024-01-29T01:22:31.298+0100] {processor.py:161} INFO - Started process (PID=24704) to work on /home/hadoop/Desktop/projectBD/airflow/dags/match_id_dag.py
[2024-01-29T01:22:31.300+0100] {processor.py:830} INFO - Processing file /home/hadoop/Desktop/projectBD/airflow/dags/match_id_dag.py for tasks to queue
[2024-01-29T01:22:31.301+0100] {logging_mixin.py:188} INFO - [2024-01-29T01:22:31.300+0100] {dagbag.py:538} INFO - Filling up the DagBag from /home/hadoop/Desktop/projectBD/airflow/dags/match_id_dag.py
[2024-01-29T01:22:31.307+0100] {processor.py:840} INFO - DAG(s) 'match_id_dag' retrieved from /home/hadoop/Desktop/projectBD/airflow/dags/match_id_dag.py
[2024-01-29T01:22:31.323+0100] {logging_mixin.py:188} INFO - [2024-01-29T01:22:31.322+0100] {dag.py:3033} INFO - Sync 1 DAGs
[2024-01-29T01:22:31.333+0100] {logging_mixin.py:188} INFO - [2024-01-29T01:22:31.332+0100] {dag.py:3820} INFO - Setting next_dagrun for match_id_dag to None, run_after=None
[2024-01-29T01:22:31.359+0100] {processor.py:183} INFO - Processing /home/hadoop/Desktop/projectBD/airflow/dags/match_id_dag.py took 0.064 seconds
[2024-01-29T01:23:01.497+0100] {processor.py:161} INFO - Started process (PID=24825) to work on /home/hadoop/Desktop/projectBD/airflow/dags/match_id_dag.py
[2024-01-29T01:23:01.499+0100] {processor.py:830} INFO - Processing file /home/hadoop/Desktop/projectBD/airflow/dags/match_id_dag.py for tasks to queue
[2024-01-29T01:23:01.500+0100] {logging_mixin.py:188} INFO - [2024-01-29T01:23:01.499+0100] {dagbag.py:538} INFO - Filling up the DagBag from /home/hadoop/Desktop/projectBD/airflow/dags/match_id_dag.py
[2024-01-29T01:23:01.505+0100] {processor.py:840} INFO - DAG(s) 'match_id_dag' retrieved from /home/hadoop/Desktop/projectBD/airflow/dags/match_id_dag.py
[2024-01-29T01:23:01.522+0100] {logging_mixin.py:188} INFO - [2024-01-29T01:23:01.522+0100] {dag.py:3033} INFO - Sync 1 DAGs
[2024-01-29T01:23:01.530+0100] {logging_mixin.py:188} INFO - [2024-01-29T01:23:01.530+0100] {dag.py:3820} INFO - Setting next_dagrun for match_id_dag to None, run_after=None
[2024-01-29T01:23:01.550+0100] {processor.py:183} INFO - Processing /home/hadoop/Desktop/projectBD/airflow/dags/match_id_dag.py took 0.056 seconds
[2024-01-29T01:23:31.718+0100] {processor.py:161} INFO - Started process (PID=24860) to work on /home/hadoop/Desktop/projectBD/airflow/dags/match_id_dag.py
[2024-01-29T01:23:31.725+0100] {processor.py:830} INFO - Processing file /home/hadoop/Desktop/projectBD/airflow/dags/match_id_dag.py for tasks to queue
[2024-01-29T01:23:31.727+0100] {logging_mixin.py:188} INFO - [2024-01-29T01:23:31.726+0100] {dagbag.py:538} INFO - Filling up the DagBag from /home/hadoop/Desktop/projectBD/airflow/dags/match_id_dag.py
[2024-01-29T01:23:31.741+0100] {processor.py:840} INFO - DAG(s) 'match_id_dag' retrieved from /home/hadoop/Desktop/projectBD/airflow/dags/match_id_dag.py
[2024-01-29T01:23:31.792+0100] {logging_mixin.py:188} INFO - [2024-01-29T01:23:31.791+0100] {dag.py:3033} INFO - Sync 1 DAGs
[2024-01-29T01:23:31.841+0100] {logging_mixin.py:188} INFO - [2024-01-29T01:23:31.840+0100] {dag.py:3820} INFO - Setting next_dagrun for match_id_dag to None, run_after=None
[2024-01-29T01:23:31.941+0100] {processor.py:183} INFO - Processing /home/hadoop/Desktop/projectBD/airflow/dags/match_id_dag.py took 0.235 seconds
[2024-01-29T01:24:02.143+0100] {processor.py:161} INFO - Started process (PID=24904) to work on /home/hadoop/Desktop/projectBD/airflow/dags/match_id_dag.py
[2024-01-29T01:24:02.144+0100] {processor.py:830} INFO - Processing file /home/hadoop/Desktop/projectBD/airflow/dags/match_id_dag.py for tasks to queue
[2024-01-29T01:24:02.145+0100] {logging_mixin.py:188} INFO - [2024-01-29T01:24:02.145+0100] {dagbag.py:538} INFO - Filling up the DagBag from /home/hadoop/Desktop/projectBD/airflow/dags/match_id_dag.py
[2024-01-29T01:24:02.151+0100] {processor.py:840} INFO - DAG(s) 'match_id_dag' retrieved from /home/hadoop/Desktop/projectBD/airflow/dags/match_id_dag.py
[2024-01-29T01:24:02.169+0100] {logging_mixin.py:188} INFO - [2024-01-29T01:24:02.168+0100] {dag.py:3033} INFO - Sync 1 DAGs
[2024-01-29T01:24:02.179+0100] {logging_mixin.py:188} INFO - [2024-01-29T01:24:02.179+0100] {dag.py:3820} INFO - Setting next_dagrun for match_id_dag to None, run_after=None
[2024-01-29T01:24:02.204+0100] {processor.py:183} INFO - Processing /home/hadoop/Desktop/projectBD/airflow/dags/match_id_dag.py took 0.064 seconds
[2024-01-29T01:24:32.274+0100] {processor.py:161} INFO - Started process (PID=24936) to work on /home/hadoop/Desktop/projectBD/airflow/dags/match_id_dag.py
[2024-01-29T01:24:32.280+0100] {processor.py:830} INFO - Processing file /home/hadoop/Desktop/projectBD/airflow/dags/match_id_dag.py for tasks to queue
[2024-01-29T01:24:32.281+0100] {logging_mixin.py:188} INFO - [2024-01-29T01:24:32.280+0100] {dagbag.py:538} INFO - Filling up the DagBag from /home/hadoop/Desktop/projectBD/airflow/dags/match_id_dag.py
[2024-01-29T01:24:32.295+0100] {processor.py:840} INFO - DAG(s) 'match_id_dag' retrieved from /home/hadoop/Desktop/projectBD/airflow/dags/match_id_dag.py
[2024-01-29T01:24:32.327+0100] {logging_mixin.py:188} INFO - [2024-01-29T01:24:32.327+0100] {dag.py:3033} INFO - Sync 1 DAGs
[2024-01-29T01:24:32.340+0100] {logging_mixin.py:188} INFO - [2024-01-29T01:24:32.340+0100] {dag.py:3820} INFO - Setting next_dagrun for match_id_dag to None, run_after=None
[2024-01-29T01:24:32.368+0100] {processor.py:183} INFO - Processing /home/hadoop/Desktop/projectBD/airflow/dags/match_id_dag.py took 0.098 seconds
[2024-01-29T01:25:03.794+0100] {processor.py:161} INFO - Started process (PID=25061) to work on /home/hadoop/Desktop/projectBD/airflow/dags/match_id_dag.py
[2024-01-29T01:25:03.796+0100] {processor.py:830} INFO - Processing file /home/hadoop/Desktop/projectBD/airflow/dags/match_id_dag.py for tasks to queue
[2024-01-29T01:25:03.797+0100] {logging_mixin.py:188} INFO - [2024-01-29T01:25:03.797+0100] {dagbag.py:538} INFO - Filling up the DagBag from /home/hadoop/Desktop/projectBD/airflow/dags/match_id_dag.py
[2024-01-29T01:25:03.803+0100] {processor.py:840} INFO - DAG(s) 'match_id_dag' retrieved from /home/hadoop/Desktop/projectBD/airflow/dags/match_id_dag.py
[2024-01-29T01:25:03.818+0100] {logging_mixin.py:188} INFO - [2024-01-29T01:25:03.818+0100] {dag.py:3033} INFO - Sync 1 DAGs
[2024-01-29T01:25:03.832+0100] {logging_mixin.py:188} INFO - [2024-01-29T01:25:03.832+0100] {dag.py:3820} INFO - Setting next_dagrun for match_id_dag to None, run_after=None
[2024-01-29T01:25:03.850+0100] {processor.py:183} INFO - Processing /home/hadoop/Desktop/projectBD/airflow/dags/match_id_dag.py took 0.060 seconds
[2024-01-29T01:26:28.514+0100] {processor.py:161} INFO - Started process (PID=26908) to work on /home/hadoop/Desktop/projectBD/airflow/dags/match_id_dag.py
[2024-01-29T01:26:28.516+0100] {processor.py:830} INFO - Processing file /home/hadoop/Desktop/projectBD/airflow/dags/match_id_dag.py for tasks to queue
[2024-01-29T01:26:28.517+0100] {logging_mixin.py:188} INFO - [2024-01-29T01:26:28.516+0100] {dagbag.py:538} INFO - Filling up the DagBag from /home/hadoop/Desktop/projectBD/airflow/dags/match_id_dag.py
[2024-01-29T01:26:28.521+0100] {processor.py:840} INFO - DAG(s) 'match_id_dag' retrieved from /home/hadoop/Desktop/projectBD/airflow/dags/match_id_dag.py
[2024-01-29T01:26:28.536+0100] {logging_mixin.py:188} INFO - [2024-01-29T01:26:28.536+0100] {dag.py:3033} INFO - Sync 1 DAGs
[2024-01-29T01:26:28.546+0100] {logging_mixin.py:188} INFO - [2024-01-29T01:26:28.546+0100] {dag.py:3820} INFO - Setting next_dagrun for match_id_dag to None, run_after=None
[2024-01-29T01:26:28.563+0100] {processor.py:183} INFO - Processing /home/hadoop/Desktop/projectBD/airflow/dags/match_id_dag.py took 0.052 seconds
[2024-01-29T01:26:58.921+0100] {processor.py:161} INFO - Started process (PID=26927) to work on /home/hadoop/Desktop/projectBD/airflow/dags/match_id_dag.py
[2024-01-29T01:26:58.922+0100] {processor.py:830} INFO - Processing file /home/hadoop/Desktop/projectBD/airflow/dags/match_id_dag.py for tasks to queue
[2024-01-29T01:26:58.925+0100] {logging_mixin.py:188} INFO - [2024-01-29T01:26:58.924+0100] {dagbag.py:538} INFO - Filling up the DagBag from /home/hadoop/Desktop/projectBD/airflow/dags/match_id_dag.py
[2024-01-29T01:26:58.937+0100] {processor.py:840} INFO - DAG(s) 'match_id_dag' retrieved from /home/hadoop/Desktop/projectBD/airflow/dags/match_id_dag.py
[2024-01-29T01:26:58.955+0100] {logging_mixin.py:188} INFO - [2024-01-29T01:26:58.955+0100] {dag.py:3033} INFO - Sync 1 DAGs
[2024-01-29T01:26:58.963+0100] {logging_mixin.py:188} INFO - [2024-01-29T01:26:58.963+0100] {dag.py:3820} INFO - Setting next_dagrun for match_id_dag to None, run_after=None
[2024-01-29T01:26:58.984+0100] {processor.py:183} INFO - Processing /home/hadoop/Desktop/projectBD/airflow/dags/match_id_dag.py took 0.068 seconds
[2024-01-29T01:27:29.159+0100] {processor.py:161} INFO - Started process (PID=26952) to work on /home/hadoop/Desktop/projectBD/airflow/dags/match_id_dag.py
[2024-01-29T01:27:29.161+0100] {processor.py:830} INFO - Processing file /home/hadoop/Desktop/projectBD/airflow/dags/match_id_dag.py for tasks to queue
[2024-01-29T01:27:29.162+0100] {logging_mixin.py:188} INFO - [2024-01-29T01:27:29.161+0100] {dagbag.py:538} INFO - Filling up the DagBag from /home/hadoop/Desktop/projectBD/airflow/dags/match_id_dag.py
[2024-01-29T01:27:29.167+0100] {processor.py:840} INFO - DAG(s) 'match_id_dag' retrieved from /home/hadoop/Desktop/projectBD/airflow/dags/match_id_dag.py
[2024-01-29T01:27:29.184+0100] {logging_mixin.py:188} INFO - [2024-01-29T01:27:29.184+0100] {dag.py:3033} INFO - Sync 1 DAGs
[2024-01-29T01:27:29.192+0100] {logging_mixin.py:188} INFO - [2024-01-29T01:27:29.192+0100] {dag.py:3820} INFO - Setting next_dagrun for match_id_dag to None, run_after=None
[2024-01-29T01:27:29.210+0100] {processor.py:183} INFO - Processing /home/hadoop/Desktop/projectBD/airflow/dags/match_id_dag.py took 0.053 seconds
[2024-01-29T01:27:59.505+0100] {processor.py:161} INFO - Started process (PID=27001) to work on /home/hadoop/Desktop/projectBD/airflow/dags/match_id_dag.py
[2024-01-29T01:27:59.506+0100] {processor.py:830} INFO - Processing file /home/hadoop/Desktop/projectBD/airflow/dags/match_id_dag.py for tasks to queue
[2024-01-29T01:27:59.507+0100] {logging_mixin.py:188} INFO - [2024-01-29T01:27:59.506+0100] {dagbag.py:538} INFO - Filling up the DagBag from /home/hadoop/Desktop/projectBD/airflow/dags/match_id_dag.py
[2024-01-29T01:27:59.513+0100] {processor.py:840} INFO - DAG(s) 'match_id_dag' retrieved from /home/hadoop/Desktop/projectBD/airflow/dags/match_id_dag.py
[2024-01-29T01:27:59.545+0100] {logging_mixin.py:188} INFO - [2024-01-29T01:27:59.545+0100] {dag.py:3033} INFO - Sync 1 DAGs
[2024-01-29T01:27:59.559+0100] {logging_mixin.py:188} INFO - [2024-01-29T01:27:59.558+0100] {dag.py:3820} INFO - Setting next_dagrun for match_id_dag to None, run_after=None
[2024-01-29T01:27:59.587+0100] {processor.py:183} INFO - Processing /home/hadoop/Desktop/projectBD/airflow/dags/match_id_dag.py took 0.084 seconds
[2024-01-29T01:28:29.788+0100] {processor.py:161} INFO - Started process (PID=27029) to work on /home/hadoop/Desktop/projectBD/airflow/dags/match_id_dag.py
[2024-01-29T01:28:29.791+0100] {processor.py:830} INFO - Processing file /home/hadoop/Desktop/projectBD/airflow/dags/match_id_dag.py for tasks to queue
[2024-01-29T01:28:29.792+0100] {logging_mixin.py:188} INFO - [2024-01-29T01:28:29.791+0100] {dagbag.py:538} INFO - Filling up the DagBag from /home/hadoop/Desktop/projectBD/airflow/dags/match_id_dag.py
[2024-01-29T01:28:29.797+0100] {processor.py:840} INFO - DAG(s) 'match_id_dag' retrieved from /home/hadoop/Desktop/projectBD/airflow/dags/match_id_dag.py
[2024-01-29T01:28:29.811+0100] {logging_mixin.py:188} INFO - [2024-01-29T01:28:29.811+0100] {dag.py:3033} INFO - Sync 1 DAGs
[2024-01-29T01:28:29.819+0100] {logging_mixin.py:188} INFO - [2024-01-29T01:28:29.818+0100] {dag.py:3820} INFO - Setting next_dagrun for match_id_dag to None, run_after=None
[2024-01-29T01:28:29.837+0100] {processor.py:183} INFO - Processing /home/hadoop/Desktop/projectBD/airflow/dags/match_id_dag.py took 0.052 seconds
[2024-01-29T01:29:04.872+0100] {processor.py:161} INFO - Started process (PID=27158) to work on /home/hadoop/Desktop/projectBD/airflow/dags/match_id_dag.py
[2024-01-29T01:29:04.874+0100] {processor.py:830} INFO - Processing file /home/hadoop/Desktop/projectBD/airflow/dags/match_id_dag.py for tasks to queue
[2024-01-29T01:29:04.875+0100] {logging_mixin.py:188} INFO - [2024-01-29T01:29:04.875+0100] {dagbag.py:538} INFO - Filling up the DagBag from /home/hadoop/Desktop/projectBD/airflow/dags/match_id_dag.py
[2024-01-29T01:29:04.880+0100] {processor.py:840} INFO - DAG(s) 'match_id_dag' retrieved from /home/hadoop/Desktop/projectBD/airflow/dags/match_id_dag.py
[2024-01-29T01:29:04.896+0100] {logging_mixin.py:188} INFO - [2024-01-29T01:29:04.896+0100] {dag.py:3033} INFO - Sync 1 DAGs
[2024-01-29T01:29:04.904+0100] {logging_mixin.py:188} INFO - [2024-01-29T01:29:04.904+0100] {dag.py:3820} INFO - Setting next_dagrun for match_id_dag to None, run_after=None
[2024-01-29T01:29:04.923+0100] {processor.py:183} INFO - Processing /home/hadoop/Desktop/projectBD/airflow/dags/match_id_dag.py took 0.053 seconds
[2024-01-29T01:47:57.329+0100] {processor.py:161} INFO - Started process (PID=55602) to work on /home/hadoop/Desktop/projectBD/airflow/dags/match_id_dag.py
[2024-01-29T01:47:57.334+0100] {processor.py:830} INFO - Processing file /home/hadoop/Desktop/projectBD/airflow/dags/match_id_dag.py for tasks to queue
[2024-01-29T01:47:57.337+0100] {logging_mixin.py:188} INFO - [2024-01-29T01:47:57.336+0100] {dagbag.py:538} INFO - Filling up the DagBag from /home/hadoop/Desktop/projectBD/airflow/dags/match_id_dag.py
[2024-01-29T01:47:57.344+0100] {processor.py:840} INFO - DAG(s) 'match_id_dag' retrieved from /home/hadoop/Desktop/projectBD/airflow/dags/match_id_dag.py
[2024-01-29T01:47:57.364+0100] {logging_mixin.py:188} INFO - [2024-01-29T01:47:57.364+0100] {dag.py:3033} INFO - Sync 1 DAGs
[2024-01-29T01:47:57.375+0100] {logging_mixin.py:188} INFO - [2024-01-29T01:47:57.375+0100] {dag.py:3820} INFO - Setting next_dagrun for match_id_dag to None, run_after=None
[2024-01-29T01:48:00.387+0100] {processor.py:183} INFO - Processing /home/hadoop/Desktop/projectBD/airflow/dags/match_id_dag.py took 3.062 seconds
[2024-01-29T01:48:30.766+0100] {processor.py:161} INFO - Started process (PID=55609) to work on /home/hadoop/Desktop/projectBD/airflow/dags/match_id_dag.py
[2024-01-29T01:48:30.769+0100] {processor.py:830} INFO - Processing file /home/hadoop/Desktop/projectBD/airflow/dags/match_id_dag.py for tasks to queue
[2024-01-29T01:48:30.770+0100] {logging_mixin.py:188} INFO - [2024-01-29T01:48:30.770+0100] {dagbag.py:538} INFO - Filling up the DagBag from /home/hadoop/Desktop/projectBD/airflow/dags/match_id_dag.py
[2024-01-29T01:48:30.775+0100] {processor.py:840} INFO - DAG(s) 'match_id_dag' retrieved from /home/hadoop/Desktop/projectBD/airflow/dags/match_id_dag.py
[2024-01-29T01:48:30.793+0100] {logging_mixin.py:188} INFO - [2024-01-29T01:48:30.793+0100] {dag.py:3033} INFO - Sync 1 DAGs
[2024-01-29T01:48:30.801+0100] {logging_mixin.py:188} INFO - [2024-01-29T01:48:30.801+0100] {dag.py:3820} INFO - Setting next_dagrun for match_id_dag to None, run_after=None
[2024-01-29T01:48:30.819+0100] {processor.py:183} INFO - Processing /home/hadoop/Desktop/projectBD/airflow/dags/match_id_dag.py took 0.056 seconds
[2024-01-29T01:49:01.123+0100] {processor.py:161} INFO - Started process (PID=55625) to work on /home/hadoop/Desktop/projectBD/airflow/dags/match_id_dag.py
[2024-01-29T01:49:01.126+0100] {processor.py:830} INFO - Processing file /home/hadoop/Desktop/projectBD/airflow/dags/match_id_dag.py for tasks to queue
[2024-01-29T01:49:01.127+0100] {logging_mixin.py:188} INFO - [2024-01-29T01:49:01.127+0100] {dagbag.py:538} INFO - Filling up the DagBag from /home/hadoop/Desktop/projectBD/airflow/dags/match_id_dag.py
[2024-01-29T01:49:01.133+0100] {processor.py:840} INFO - DAG(s) 'match_id_dag' retrieved from /home/hadoop/Desktop/projectBD/airflow/dags/match_id_dag.py
[2024-01-29T01:49:01.148+0100] {logging_mixin.py:188} INFO - [2024-01-29T01:49:01.148+0100] {dag.py:3033} INFO - Sync 1 DAGs
[2024-01-29T01:49:01.157+0100] {logging_mixin.py:188} INFO - [2024-01-29T01:49:01.156+0100] {dag.py:3820} INFO - Setting next_dagrun for match_id_dag to None, run_after=None
[2024-01-29T01:49:01.182+0100] {processor.py:183} INFO - Processing /home/hadoop/Desktop/projectBD/airflow/dags/match_id_dag.py took 0.062 seconds
[2024-01-29T01:49:31.362+0100] {processor.py:161} INFO - Started process (PID=55676) to work on /home/hadoop/Desktop/projectBD/airflow/dags/match_id_dag.py
[2024-01-29T01:49:31.368+0100] {processor.py:830} INFO - Processing file /home/hadoop/Desktop/projectBD/airflow/dags/match_id_dag.py for tasks to queue
[2024-01-29T01:49:31.369+0100] {logging_mixin.py:188} INFO - [2024-01-29T01:49:31.369+0100] {dagbag.py:538} INFO - Filling up the DagBag from /home/hadoop/Desktop/projectBD/airflow/dags/match_id_dag.py
[2024-01-29T01:49:31.387+0100] {processor.py:840} INFO - DAG(s) 'match_id_dag' retrieved from /home/hadoop/Desktop/projectBD/airflow/dags/match_id_dag.py
[2024-01-29T01:49:31.422+0100] {logging_mixin.py:188} INFO - [2024-01-29T01:49:31.422+0100] {dag.py:3033} INFO - Sync 1 DAGs
[2024-01-29T01:49:31.444+0100] {logging_mixin.py:188} INFO - [2024-01-29T01:49:31.444+0100] {dag.py:3820} INFO - Setting next_dagrun for match_id_dag to None, run_after=None
[2024-01-29T01:49:31.519+0100] {processor.py:183} INFO - Processing /home/hadoop/Desktop/projectBD/airflow/dags/match_id_dag.py took 0.161 seconds
[2024-01-29T01:50:02.148+0100] {processor.py:161} INFO - Started process (PID=55699) to work on /home/hadoop/Desktop/projectBD/airflow/dags/match_id_dag.py
[2024-01-29T01:50:02.162+0100] {processor.py:830} INFO - Processing file /home/hadoop/Desktop/projectBD/airflow/dags/match_id_dag.py for tasks to queue
[2024-01-29T01:50:02.164+0100] {logging_mixin.py:188} INFO - [2024-01-29T01:50:02.163+0100] {dagbag.py:538} INFO - Filling up the DagBag from /home/hadoop/Desktop/projectBD/airflow/dags/match_id_dag.py
[2024-01-29T01:50:02.183+0100] {processor.py:840} INFO - DAG(s) 'match_id_dag' retrieved from /home/hadoop/Desktop/projectBD/airflow/dags/match_id_dag.py
[2024-01-29T01:50:02.222+0100] {logging_mixin.py:188} INFO - [2024-01-29T01:50:02.222+0100] {dag.py:3033} INFO - Sync 1 DAGs
[2024-01-29T01:50:02.249+0100] {logging_mixin.py:188} INFO - [2024-01-29T01:50:02.248+0100] {dag.py:3820} INFO - Setting next_dagrun for match_id_dag to None, run_after=None
[2024-01-29T01:50:02.302+0100] {processor.py:183} INFO - Processing /home/hadoop/Desktop/projectBD/airflow/dags/match_id_dag.py took 0.156 seconds
[2024-01-29T01:50:32.529+0100] {processor.py:161} INFO - Started process (PID=55776) to work on /home/hadoop/Desktop/projectBD/airflow/dags/match_id_dag.py
[2024-01-29T01:50:32.531+0100] {processor.py:830} INFO - Processing file /home/hadoop/Desktop/projectBD/airflow/dags/match_id_dag.py for tasks to queue
[2024-01-29T01:50:32.532+0100] {logging_mixin.py:188} INFO - [2024-01-29T01:50:32.531+0100] {dagbag.py:538} INFO - Filling up the DagBag from /home/hadoop/Desktop/projectBD/airflow/dags/match_id_dag.py
[2024-01-29T01:50:32.545+0100] {processor.py:840} INFO - DAG(s) 'match_id_dag' retrieved from /home/hadoop/Desktop/projectBD/airflow/dags/match_id_dag.py
[2024-01-29T01:50:32.583+0100] {logging_mixin.py:188} INFO - [2024-01-29T01:50:32.583+0100] {dag.py:3033} INFO - Sync 1 DAGs
[2024-01-29T01:50:32.601+0100] {logging_mixin.py:188} INFO - [2024-01-29T01:50:32.601+0100] {dag.py:3820} INFO - Setting next_dagrun for match_id_dag to None, run_after=None
[2024-01-29T01:50:32.641+0100] {processor.py:183} INFO - Processing /home/hadoop/Desktop/projectBD/airflow/dags/match_id_dag.py took 0.119 seconds
[2024-01-29T01:51:02.806+0100] {processor.py:161} INFO - Started process (PID=55856) to work on /home/hadoop/Desktop/projectBD/airflow/dags/match_id_dag.py
[2024-01-29T01:51:02.811+0100] {processor.py:830} INFO - Processing file /home/hadoop/Desktop/projectBD/airflow/dags/match_id_dag.py for tasks to queue
[2024-01-29T01:51:02.816+0100] {logging_mixin.py:188} INFO - [2024-01-29T01:51:02.815+0100] {dagbag.py:538} INFO - Filling up the DagBag from /home/hadoop/Desktop/projectBD/airflow/dags/match_id_dag.py
[2024-01-29T01:51:02.824+0100] {processor.py:840} INFO - DAG(s) 'match_id_dag' retrieved from /home/hadoop/Desktop/projectBD/airflow/dags/match_id_dag.py
[2024-01-29T01:51:02.862+0100] {logging_mixin.py:188} INFO - [2024-01-29T01:51:02.862+0100] {dag.py:3033} INFO - Sync 1 DAGs
[2024-01-29T01:51:02.884+0100] {logging_mixin.py:188} INFO - [2024-01-29T01:51:02.883+0100] {dag.py:3820} INFO - Setting next_dagrun for match_id_dag to None, run_after=None
[2024-01-29T01:51:02.960+0100] {processor.py:183} INFO - Processing /home/hadoop/Desktop/projectBD/airflow/dags/match_id_dag.py took 0.165 seconds
[2024-01-29T01:51:33.760+0100] {processor.py:161} INFO - Started process (PID=55890) to work on /home/hadoop/Desktop/projectBD/airflow/dags/match_id_dag.py
[2024-01-29T01:51:33.762+0100] {processor.py:830} INFO - Processing file /home/hadoop/Desktop/projectBD/airflow/dags/match_id_dag.py for tasks to queue
[2024-01-29T01:51:33.763+0100] {logging_mixin.py:188} INFO - [2024-01-29T01:51:33.762+0100] {dagbag.py:538} INFO - Filling up the DagBag from /home/hadoop/Desktop/projectBD/airflow/dags/match_id_dag.py
[2024-01-29T01:51:33.767+0100] {processor.py:840} INFO - DAG(s) 'match_id_dag' retrieved from /home/hadoop/Desktop/projectBD/airflow/dags/match_id_dag.py
[2024-01-29T01:51:33.781+0100] {logging_mixin.py:188} INFO - [2024-01-29T01:51:33.780+0100] {dag.py:3033} INFO - Sync 1 DAGs
[2024-01-29T01:51:33.793+0100] {logging_mixin.py:188} INFO - [2024-01-29T01:51:33.792+0100] {dag.py:3820} INFO - Setting next_dagrun for match_id_dag to None, run_after=None
[2024-01-29T01:51:33.815+0100] {processor.py:183} INFO - Processing /home/hadoop/Desktop/projectBD/airflow/dags/match_id_dag.py took 0.058 seconds
[2024-01-29T01:52:04.162+0100] {processor.py:161} INFO - Started process (PID=55923) to work on /home/hadoop/Desktop/projectBD/airflow/dags/match_id_dag.py
[2024-01-29T01:52:04.163+0100] {processor.py:830} INFO - Processing file /home/hadoop/Desktop/projectBD/airflow/dags/match_id_dag.py for tasks to queue
[2024-01-29T01:52:04.164+0100] {logging_mixin.py:188} INFO - [2024-01-29T01:52:04.164+0100] {dagbag.py:538} INFO - Filling up the DagBag from /home/hadoop/Desktop/projectBD/airflow/dags/match_id_dag.py
[2024-01-29T01:52:04.172+0100] {processor.py:840} INFO - DAG(s) 'match_id_dag' retrieved from /home/hadoop/Desktop/projectBD/airflow/dags/match_id_dag.py
[2024-01-29T01:52:04.190+0100] {logging_mixin.py:188} INFO - [2024-01-29T01:52:04.190+0100] {dag.py:3033} INFO - Sync 1 DAGs
[2024-01-29T01:52:04.203+0100] {logging_mixin.py:188} INFO - [2024-01-29T01:52:04.203+0100] {dag.py:3820} INFO - Setting next_dagrun for match_id_dag to None, run_after=None
[2024-01-29T01:52:04.383+0100] {processor.py:183} INFO - Processing /home/hadoop/Desktop/projectBD/airflow/dags/match_id_dag.py took 0.226 seconds
