[2024-01-29T00:57:33.967+0100] {taskinstance.py:1957} INFO - Dependencies all met for dep_context=non-requeueable deps ti=<TaskInstance: match_id_dag.fetch_match_ids manual__2024-01-28T23:57:31.346834+00:00 [queued]>
[2024-01-29T00:57:33.970+0100] {taskinstance.py:1957} INFO - Dependencies all met for dep_context=requeueable deps ti=<TaskInstance: match_id_dag.fetch_match_ids manual__2024-01-28T23:57:31.346834+00:00 [queued]>
[2024-01-29T00:57:33.971+0100] {taskinstance.py:2171} INFO - Starting attempt 1 of 1
[2024-01-29T00:57:33.985+0100] {taskinstance.py:2192} INFO - Executing <Task(BashOperator): fetch_match_ids> on 2024-01-28 23:57:31.346834+00:00
[2024-01-29T00:57:33.989+0100] {standard_task_runner.py:60} INFO - Started process 17423 to run task
[2024-01-29T00:57:33.992+0100] {standard_task_runner.py:87} INFO - Running: ['airflow', 'tasks', 'run', 'match_id_dag', 'fetch_match_ids', 'manual__2024-01-28T23:57:31.346834+00:00', '--job-id', '34', '--raw', '--subdir', 'DAGS_FOLDER/match_id_dag.py', '--cfg-path', '/tmp/tmpn9p0pqhz']
[2024-01-29T00:57:33.994+0100] {standard_task_runner.py:88} INFO - Job 34: Subtask fetch_match_ids
[2024-01-29T00:57:34.026+0100] {task_command.py:423} INFO - Running <TaskInstance: match_id_dag.fetch_match_ids manual__2024-01-28T23:57:31.346834+00:00 [running]> on host ubuntu.ubuntu.virtualbox.org
[2024-01-29T00:57:34.077+0100] {taskinstance.py:2481} INFO - Exporting env vars: AIRFLOW_CTX_DAG_EMAIL='irachide1@gmail.com' AIRFLOW_CTX_DAG_OWNER='hadoop' AIRFLOW_CTX_DAG_ID='match_id_dag' AIRFLOW_CTX_TASK_ID='fetch_match_ids' AIRFLOW_CTX_EXECUTION_DATE='2024-01-28T23:57:31.346834+00:00' AIRFLOW_CTX_TRY_NUMBER='1' AIRFLOW_CTX_DAG_RUN_ID='manual__2024-01-28T23:57:31.346834+00:00'
[2024-01-29T00:57:34.078+0100] {subprocess.py:63} INFO - Tmp dir root location: /tmp
[2024-01-29T00:57:34.079+0100] {subprocess.py:75} INFO - Running command: ['/usr/bin/bash', '-c', 'python3 /home/hadoop/Desktop/projectBD/scripts/fetch_match_ids.py ']
[2024-01-29T00:57:34.086+0100] {subprocess.py:86} INFO - Output:
[2024-01-29T00:57:44.744+0100] {subprocess.py:93} INFO - Successfully uploaded ..//Tarelcat_match_ids.json to /user/hadoop/lol/raw/match_ids
[2024-01-29T00:57:44.745+0100] {subprocess.py:93} INFO - Match IDs for Tarelcat saved locally and uploaded to HDFS.
[2024-01-29T00:57:44.745+0100] {subprocess.py:93} INFO - Successfully uploaded ..//Kawozz_match_ids.json to /user/hadoop/lol/raw/match_ids
[2024-01-29T00:57:44.745+0100] {subprocess.py:93} INFO - Match IDs for Kawozz saved locally and uploaded to HDFS.
[2024-01-29T00:57:44.745+0100] {subprocess.py:93} INFO - Successfully uploaded ..//Saken_match_ids.json to /user/hadoop/lol/raw/match_ids
[2024-01-29T00:57:44.745+0100] {subprocess.py:93} INFO - Match IDs for Saken saved locally and uploaded to HDFS.
[2024-01-29T00:57:44.760+0100] {subprocess.py:97} INFO - Command exited with return code 0
[2024-01-29T00:57:44.781+0100] {taskinstance.py:1138} INFO - Marking task as SUCCESS. dag_id=match_id_dag, task_id=fetch_match_ids, execution_date=20240128T235731, start_date=20240128T235733, end_date=20240128T235744
[2024-01-29T00:57:44.829+0100] {local_task_job_runner.py:234} INFO - Task exited with return code 0
[2024-01-29T00:57:44.838+0100] {taskinstance.py:3281} INFO - 1 downstream tasks scheduled from follow-on schedule check
